\BOOKMARK [1][-]{section.1}{\376\377\137\025\212\000}{}% 1
\BOOKMARK [2][-]{subsection.1.1}{\376\377\117\115\177\156\177\026\170\001\377\032\116\316\176\337\213\241\232\161\122\250\122\060\162\151\164\006\232\161\122\250}{section.1}% 2
\BOOKMARK [2][-]{subsection.1.2}{\376\377\000S\000i\000t\000u\000s\166\204\150\070\137\303\140\035\140\363}{section.1}% 3
\BOOKMARK [2][-]{subsection.1.3}{\376\377\164\006\213\272\200\314\146\157\377\032\000S\000C\000X\150\106\147\266\116\016\000C\000C\133\241\213\241}{section.1}% 4
\BOOKMARK [1][-]{section.2}{\376\377\177\026\170\001\121\375\145\160\166\204\116\045\133\306\145\160\133\146\127\372\170\100}{}% 5
\BOOKMARK [2][-]{subsection.2.1}{\376\377\116\011\171\315\162\151\164\006\117\115\177\156\127\337\166\204\137\142\137\017\123\026\133\232\116\111}{section.2}% 6
\BOOKMARK [2][-]{subsection.2.2}{\376\377\150\007\221\317\153\143\137\046\177\026\170\001\116\016\147\000\117\030\230\221\163\207\214\061}{section.2}% 7
\BOOKMARK [3][-]{subsubsection.2.2.1}{\376\377\177\026\170\001\133\232\116\111\116\016\150\070\210\150\171\072}{subsection.2.2}% 8
\BOOKMARK [3][-]{subsubsection.2.2.2}{\376\377\147\000\117\030\230\221\163\207\214\061\166\204\162\151\164\006\143\250\133\374}{subsection.2.2}% 9
\BOOKMARK [2][-]{subsection.2.3}{\376\377\153\143\137\046\177\026\170\001\166\204\000L\000i\000p\000s\000c\000h\000i\000t\000z\217\336\176\355\140\047}{section.2}% 10
\BOOKMARK [2][-]{subsection.2.4}{\376\377\116\011\176\364\145\313\217\154\177\026\170\001\116\016\177\244\213\272\127\372\170\100}{section.2}% 11
\BOOKMARK [3][-]{subsubsection.2.4.1}{\376\377\177\026\170\001\133\232\116\111}{subsection.2.4}% 12
\BOOKMARK [3][-]{subsubsection.2.4.2}{\376\377\177\244\213\272\176\323\147\204}{subsection.2.4}% 13
\BOOKMARK [3][-]{subsubsection.2.4.3}{\376\377\136\163\171\373\116\015\123\330\121\205\171\357}{subsection.2.4}% 14
\BOOKMARK [3][-]{subsubsection.2.4.4}{\376\377\145\313\217\154\177\026\170\001\166\204\000L\000i\000p\000s\000c\000h\000i\000t\000z\217\336\176\355\140\047}{subsection.2.4}% 15
\BOOKMARK [2][-]{subsection.2.5}{\376\377\176\337\116\000\000L\000i\000p\000s\000c\000h\000i\000t\000z\217\336\176\355\140\047\133\232\164\006}{section.2}% 16
\BOOKMARK [1][-]{section.3}{\376\377\000T\000h\000e\000o\000r\000e\000m\000\040\0001\166\204\116\045\150\074\117\356\153\143\377\032\162\151\164\006\117\115\177\156\133\371\150\300\155\113\217\271\226\105\166\204\137\161\124\315}{}% 17
\BOOKMARK [2][-]{subsection.3.1}{\376\377\117\356\153\143\166\204\150\300\155\113\217\271\226\105\040\024\040\024\174\276\170\156\210\150\217\276\137\017}{section.3}% 18
\BOOKMARK [2][-]{subsection.3.2}{\376\377\000s\000`\0003\003\001\0009\000`\0004\0002\000`\000"\003\007\0006\0001\0003\000A\000`\000`\0004\0005\000`\0004\0007\000`\000"\0006\0000\0003\000A\000P\000E\000\040\000>\000\040\0000\166\204\117\341\140\157\213\272\147\141\116\366}{section.3}% 19
\BOOKMARK [2][-]{subsection.3.3}{\376\377\000s\000`\0003\003\001\0009\000`\0004\0002\000`\000"\003\007\0006\0001\0003\000A\000`\000`\0004\0005\000`\0004\0007\000`\000"\0006\0000\0003\000A\000P\000E\166\204\117\341\140\157\213\272\116\012\165\114\377\032\145\160\143\156\131\004\164\006\116\015\173\111\137\017}{section.3}% 20
\BOOKMARK [2][-]{subsection.3.4}{\376\377\000s\000`\0003\003\001\0009\000`\0004\0002\000`\000"\003\007\0006\0001\0003\000A\000`\000`\0004\0005\000`\0004\0007\000`\000"\0006\0000\0003\000A\000P\000E\166\204\117\341\140\157\213\272\116\013\165\114\377\032\000F\000a\000n\000o\220\006\116\015\173\111\137\017}{section.3}% 21
\BOOKMARK [2][-]{subsection.3.5}{\376\377\172\172\225\364\134\100\220\350\140\047\153\143\122\031\123\026}{section.3}% 22
\BOOKMARK [1][-]{section.4}{\376\377\000T\000h\000e\000o\000r\000e\000m\000\040\0002\166\204\174\276\170\156\117\356\153\143\377\032\177\026\170\001\116\015\133\214\177\216\136\246\116\016\137\061\162\171\137\201\126\360\130\203}{}% 23
\BOOKMARK [2][-]{subsection.4.1}{\376\377\177\026\170\001\116\015\133\214\177\216\136\246\000`\0003\003\001\0009\000`\0004\0002\000`\000"\003\007\0006\0001\0003\000A\000`\000`\0004\0005\000`\0004\0007\000`\000"\0006\0000\0003\000A\000P\000E\166\204\117\341\140\157\213\272\133\232\116\111}{section.4}% 24
\BOOKMARK [2][-]{subsection.4.2}{\376\377\117\356\153\143\166\204\000T\000h\000e\000o\000r\000e\000m\000\040\0002\040\024\040\024\174\276\170\156\226\110\217\360\124\214\213\301\146\016}{section.4}% 25
\BOOKMARK [2][-]{subsection.4.3}{\376\377\000`\0003\003\001\0009\000`\0004\0002\000`\000"\003\007\0006\0001\0003\000A\000`\000`\0004\0005\000`\0004\0007\000`\000"\0006\0000\0003\000A\000P\000E\166\204\123\357\117\060\213\241\137\142\137\017}{section.4}% 26
\BOOKMARK [1][-]{section.5}{\376\377\000T\000h\000e\000o\000r\000e\000m\000\040\0003\000'\377\032\133\146\116\140\127\213\117\115\177\156\177\026\170\001\116\016\116\015\123\357\123\072\122\006\140\047\166\204\147\141\116\366\123\026}{}% 27
\BOOKMARK [2][-]{subsection.5.1}{\376\377\123\237\131\313\000T\000h\000e\000o\000r\000e\000m\000\040\0003\166\204\174\276\170\156\133\232\164\006\226\110\217\360}{section.5}% 28
\BOOKMARK [2][-]{subsection.5.2}{\376\377\126\372\133\232\000P\000E\117\335\143\001\116\015\123\357\123\072\122\006\140\047}{section.5}% 29
\BOOKMARK [2][-]{subsection.5.3}{\376\377\133\146\116\140\127\213\000P\000E\166\204\170\064\127\117\147\072\122\066\040\024\040\024\174\276\170\156\147\141\116\366}{section.5}% 30
\BOOKMARK [2][-]{subsection.5.4}{\376\377\117\356\153\143\124\016\166\204\000T\000h\000e\000o\000r\000e\000m\000\040\0003\000'\040\024\040\024\133\214\145\164\226\110\217\360}{section.5}% 31
\BOOKMARK [2][-]{subsection.5.5}{\376\377\147\204\220\040\140\047\147\000\134\017\171\072\117\213}{section.5}% 32
\BOOKMARK [3][-]{subsubsection.5.5.1}{\376\377\147\204\220\040}{subsection.5.5}% 33
\BOOKMARK [3][-]{subsubsection.5.5.2}{\376\377\133\146\116\140\127\213\000P\000E\166\204\123\357\123\072\122\006\140\047\147\141\116\366}{subsection.5.5}% 34
\BOOKMARK [3][-]{subsubsection.5.5.3}{\376\377\133\371\133\236\215\365\166\204\124\057\171\072}{subsection.5.5}% 35
\BOOKMARK [1][-]{section.6}{\376\377\213\250\213\272\116\016\137\000\145\076\225\356\230\230}{}% 36
\BOOKMARK [2][-]{subsection.6.1}{\376\377\116\016\163\260\147\011\117\115\177\156\177\026\170\001\166\204\121\163\174\373}{section.6}% 37
\BOOKMARK [3][-]{subsubsection.6.1.1}{\376\377\116\016\000R\000o\000P\000E\000/\153\143\137\046\177\026\170\001\166\204\176\323\147\204\140\047\135\356\137\002}{subsection.6.1}% 38
\BOOKMARK [3][-]{subsubsection.6.1.2}{\376\377\145\313\217\154\173\111\123\330\140\047\177\072\131\061\040\024\040\024\116\000\116\052\150\071\147\054\177\072\226\167}{subsection.6.1}% 39
\BOOKMARK [2][-]{subsection.6.2}{\376\377\143\222\122\027\133\371\171\360\140\047\225\356\230\230}{section.6}% 40
\BOOKMARK [2][-]{subsection.6.3}{\376\377\000S\000i\000t\000u\000s\166\204\220\002\165\050\217\271\165\114\040\024\040\024\116\000\171\150\124\046\121\263\147\141\116\366}{section.6}% 41
\BOOKMARK [2][-]{subsection.6.4}{\376\377\164\006\213\272\213\332\133\236\136\246\140\073\213\304}{section.6}% 42
\BOOKMARK [2][-]{subsection.6.5}{\376\377\137\000\145\076\225\356\230\230}{section.6}% 43
