\BOOKMARK [1][-]{section.1}{\376\377\137\025\212\000\377\032\137\123\145\160\133\146\150\106\147\266\220\107\211\301\145\131\200\262\124\362\133\146}{}% 1
\BOOKMARK [2][-]{subsection.1.1}{\376\377\000S\000C\000X\150\106\147\266\166\204\150\070\137\303\176\323\147\204}{section.1}% 2
\BOOKMARK [2][-]{subsection.1.2}{\376\377\116\316\145\160\133\146\176\323\147\204\122\060\145\131\200\262\124\362\133\146}{section.1}% 3
\BOOKMARK [2][-]{subsection.1.3}{\376\377\147\054\145\207\166\204\213\272\213\301\176\323\147\204}{section.1}% 4
\BOOKMARK [1][-]{section.2}{\376\377\167\001\133\232\164\006\116\016\225\364\226\224\221\315\131\015\166\204\137\305\211\201\140\047}{}% 5
\BOOKMARK [2][-]{subsection.2.1}{\376\377\167\001\133\232\164\006\166\204\123\237\131\313\137\142\137\017}{section.2}% 6
\BOOKMARK [2][-]{subsection.2.2}{\376\377\167\001\133\232\164\006\166\204\137\142\137\017\123\026\213\301\146\016}{section.2}% 7
\BOOKMARK [2][-]{subsection.2.3}{\376\377\145\131\200\262\143\250\213\272\116\000\377\032\225\364\226\224\221\315\131\015\146\057\137\305\211\201\147\141\116\366\377\014\116\015\146\057\136\372\213\256}{section.2}% 8
\BOOKMARK [1][-]{section.3}{\376\377\000S\000p\000r\000i\000n\000g\145\066\145\133\116\016\133\146\116\140\166\204\215\050\123\330\160\271}{}% 9
\BOOKMARK [2][-]{subsection.3.1}{\376\377\000S\000p\000r\000i\000n\000g\000\040\000S\000E\000-\0001\145\066\145\133\166\204\116\044\226\066\153\265\122\250\122\233\133\146}{section.3}% 10
\BOOKMARK [2][-]{subsection.3.2}{\376\377\215\050\123\330\160\271\133\232\164\006}{section.3}% 11
\BOOKMARK [2][-]{subsection.3.3}{\376\377\145\131\200\262\143\250\213\272\116\214\377\032\215\263\131\037\166\204\217\355\116\343\133\374\201\364\215\050\123\330}{section.3}% 12
\BOOKMARK [1][-]{section.4}{\376\377\131\032\116\023\133\266\232\214\213\301\117\134\116\072\145\131\200\262\213\304\117\060}{}% 13
\BOOKMARK [2][-]{subsection.4.1}{\376\377\000S\000C\000X\000\040\000T\000h\000e\000o\000r\000e\000m\000\040\0001\166\204\131\032\116\023\133\266\000F\0001\145\066\145\133}{section.4}% 14
\BOOKMARK [2][-]{subsection.4.2}{\376\377\145\131\200\262\143\250\213\272\116\011\377\032\200\003\213\325\142\020\176\351\116\015\146\057\125\057\116\000\150\007\121\306}{section.4}% 15
\BOOKMARK [1][-]{section.5}{\376\377\126\340\147\120\145\275\145\131\166\204\137\142\137\017\123\026\040\024\040\024\162\266\140\001\172\172\225\364\166\204\137\002\147\204\140\047}{}% 16
\BOOKMARK [2][-]{subsection.5.1}{\376\377\162\266\140\001\172\172\225\364\137\002\147\204\140\047\166\204\145\160\133\146\133\232\116\111}{section.5}% 17
\BOOKMARK [2][-]{subsection.5.2}{\376\377\116\000\122\000\122\007\166\204\220\127\141\276\116\013\165\114}{section.5}% 18
\BOOKMARK [2][-]{subsection.5.3}{\376\377\145\131\200\262\143\250\213\272\126\333\377\032\133\146\116\140\215\357\137\204\116\015\123\357\116\000\122\000\122\007}{section.5}% 19
\BOOKMARK [1][-]{section.6}{\376\377\213\332\133\236\146\264\121\373\377\032\116\316\145\160\133\146\122\060\145\131\200\262\166\204\146\040\134\004\157\017\155\036}{}% 20
\BOOKMARK [2][-]{subsection.6.1}{\376\377\167\001\133\232\164\006\041\222\225\364\226\224\221\315\131\015\377\032\220\127\137\330\120\107\213\276\166\204\201\006\137\061\140\047}{section.6}% 21
\BOOKMARK [2][-]{subsection.6.2}{\376\377\215\050\123\330\160\271\133\232\164\006\041\222\137\000\140\237\377\032\000P\000L\147\141\116\366\166\204\145\131\200\262\116\015\123\357\232\214\213\301\140\047}{section.6}% 22
\BOOKMARK [2][-]{subsection.6.3}{\376\377\131\032\116\023\133\266\213\304\117\060\041\222\145\131\200\262\213\304\117\060\377\032\162\354\172\313\140\047\166\204\116\015\123\357\200\375}{section.6}% 23
\BOOKMARK [2][-]{subsection.6.4}{\376\377\126\340\147\120\145\275\145\131\041\222\116\052\140\047\123\026\133\146\116\140\377\032\162\266\140\001\172\172\225\364\166\204\116\015\123\357\211\302\155\113\140\047}{section.6}% 24
\BOOKMARK [2][-]{subsection.6.5}{\376\377\121\150\134\100\213\332\133\236\136\246\140\073\213\304}{section.6}% 25
\BOOKMARK [1][-]{section.7}{\376\377\213\250\213\272\377\032\145\160\133\146\150\106\147\266\116\113\116\216\145\131\200\262\124\362\133\146\166\204\217\271\165\114}{}% 26
\BOOKMARK [2][-]{subsection.7.1}{\376\377\116\300\116\110\146\057\000S\000C\000X\150\106\147\266\200\375\213\364\166\204\377\014\116\300\116\110\146\057\116\015\200\375\213\364\166\204}{section.7}% 27
\BOOKMARK [2][-]{subsection.7.2}{\376\377\116\016\163\260\147\011\145\131\200\262\164\006\213\272\166\204\133\371\213\335}{section.7}% 28
\BOOKMARK [2][-]{subsection.7.3}{\376\377\137\000\145\076\225\356\230\230}{section.7}% 29
\BOOKMARK [2][-]{subsection.7.4}{\376\377\176\323\213\355\377\032\145\131\200\262\123\237\122\031\166\204\145\160\133\146\123\026\040\024\040\024\142\177\213\372\116\016\226\167\226\061}{section.7}% 30
