This is XeTeX, Version 3.141592653-2.6-0.999997 (MiKTeX 25.12) (preloaded format=xelatex 2026.6.30)  30 JUN 2026 19:11
entering extended mode
 restricted \write18 enabled.
 %&-line parsing enabled.
**./main.tex
(main.tex
LaTeX2e <2025-11-01>
L3 programming layer <2025-12-24>
(C:\Users\admin\AppData\Local\Programs\MiKTeX\tex/latex/base\article.cls
Document Class: article 2025/01/22 v1.4n Standard LaTeX document class
(C:\Users\admin\AppData\Local\Programs\MiKTeX\tex/latex/base\size11.clo
File: size11.clo 2025/01/22 v1.4n Standard LaTeX file (size option)
)
\c@part=\count271
\c@section=\count272
\c@subsection=\count273
\c@subsubsection=\count274
\c@paragraph=\count275
\c@subparagraph=\count276
\c@figure=\count277
\c@table=\count278
\abovecaptionskip=\skip49
\belowcaptionskip=\skip50
\bibindent=\dimen148
)
(C:\Users\admin\AppData\Local\Programs\MiKTeX\tex/latex/base\inputenc.sty
Package: inputenc 2024/02/08 v1.3d Input encoding file
\inpenc@prehook=\toks17
\inpenc@posthook=\toks18


Package inputenc Warning: inputenc package ignored with utf8 based engines.

) (C:\Users\admin\AppData\Local\Programs\MiKTeX\tex/latex/base\fontenc.sty
Package: fontenc 2025/07/18 v2.1d Standard LaTeX package
LaTeX Font Info:    Trying to load font information for T1+lmr on input line 11
6.

(C:\Users\admin\AppData\Local\Programs\MiKTeX\tex/latex/lm\t1lmr.fd
File: t1lmr.fd 2015/05/01 v1.6.1 Font defs for Latin Modern
))
(C:\Users\admin\AppData\Local\Programs\MiKTeX\tex/latex/amsmath\amsmath.sty
Package: amsmath 2025/07/09 v2.17z AMS math features
\@mathmargin=\skip51

For additional information on amsmath, use the `?' option.
(C:\Users\admin\AppData\Local\Programs\MiKTeX\tex/latex/amsmath\amstext.sty
Package: amstext 2024/11/17 v2.01 AMS text

(C:\Users\admin\AppData\Local\Programs\MiKTeX\tex/latex/amsmath\amsgen.sty
File: amsgen.sty 1999/11/30 v2.0 generic functions
\@emptytoks=\toks19
\ex@=\dimen149
))
(C:\Users\admin\AppData\Local\Programs\MiKTeX\tex/latex/amsmath\amsbsy.sty
Package: amsbsy 1999/11/29 v1.2d Bold Symbols
\pmbraise@=\dimen150
)
(C:\Users\admin\AppData\Local\Programs\MiKTeX\tex/latex/amsmath\amsopn.sty
Package: amsopn 2022/04/08 v2.04 operator names
)
\inf@bad=\count279
LaTeX Info: Redefining \frac on input line 233.
\uproot@=\count280
\leftroot@=\count281
LaTeX Info: Redefining \overline on input line 398.
LaTeX Info: Redefining \colon on input line 409.
\classnum@=\count282
\DOTSCASE@=\count283
LaTeX Info: Redefining \ldots on input line 495.
LaTeX Info: Redefining \dots on input line 498.
LaTeX Info: Redefining \cdots on input line 619.
\Mathstrutbox@=\box53
\strutbox@=\box54
LaTeX Info: Redefining \big on input line 721.
LaTeX Info: Redefining \Big on input line 722.
LaTeX Info: Redefining \bigg on input line 723.
LaTeX Info: Redefining \Bigg on input line 724.
\big@size=\dimen151
LaTeX Font Info:    Redeclaring font encoding OML on input line 742.
LaTeX Font Info:    Redeclaring font encoding OMS on input line 743.
\macc@depth=\count284
LaTeX Info: Redefining \bmod on input line 904.
LaTeX Info: Redefining \pmod on input line 909.
LaTeX Info: Redefining \smash on input line 939.
LaTeX Info: Redefining \relbar on input line 969.
LaTeX Info: Redefining \Relbar on input line 970.
\c@MaxMatrixCols=\count285
\dotsspace@=\muskip17
\c@parentequation=\count286
\dspbrk@lvl=\count287
\tag@help=\toks20
\row@=\count288
\column@=\count289
\maxfields@=\count290
\andhelp@=\toks21
\eqnshift@=\dimen152
\alignsep@=\dimen153
\tagshift@=\dimen154
\tagwidth@=\dimen155
\totwidth@=\dimen156
\lineht@=\dimen157
\@envbody=\toks22
\multlinegap=\skip52
\multlinetaggap=\skip53
\mathdisplay@stack=\toks23
LaTeX Info: Redefining \[ on input line 2950.
LaTeX Info: Redefining \] on input line 2951.
)
(C:\Users\admin\AppData\Local\Programs\MiKTeX\tex/latex/amsfonts\amssymb.sty
Package: amssymb 2013/01/14 v3.01 AMS font symbols

(C:\Users\admin\AppData\Local\Programs\MiKTeX\tex/latex/amsfonts\amsfonts.sty
Package: amsfonts 2013/01/14 v3.01 Basic AMSFonts support
\symAMSa=\mathgroup4
\symAMSb=\mathgroup5
LaTeX Font Info:    Redeclaring math symbol \hbar on input line 98.
LaTeX Font Info:    Overwriting math alphabet `\mathfrak' in version `bold'
(Font)                  U/euf/m/n --> U/euf/b/n on input line 106.
)) (C:\Users\admin\AppData\Local\Programs\MiKTeX\tex/latex/amscls\amsthm.sty
Package: amsthm 2020/05/29 v2.20.6
\thm@style=\toks24
\thm@bodyfont=\toks25
\thm@headfont=\toks26
\thm@notefont=\toks27
\thm@headpunct=\toks28
\thm@preskip=\skip54
\thm@postskip=\skip55
\thm@headsep=\skip56
\dth@everypar=\toks29
)
(C:\Users\admin\AppData\Local\Programs\MiKTeX\tex/latex/mathtools\mathtools.sty
Package: mathtools 2024/10/04 v1.31 mathematical typesetting tools
(C:\Users\admin\AppData\Local\Programs\MiKTeX\tex/latex/graphics\keyval.sty
Package: keyval 2022/05/29 v1.15 key=value parser (DPC)
\KV@toks@=\toks30
)
(C:\Users\admin\AppData\Local\Programs\MiKTeX\tex/latex/tools\calc.sty
Package: calc 2025/03/01 v4.3b Infix arithmetic (KKT,FJ)
\calc@Acount=\count291
\calc@Bcount=\count292
\calc@Adimen=\dimen158
\calc@Bdimen=\dimen159
\calc@Askip=\skip57
\calc@Bskip=\skip58
LaTeX Info: Redefining \setlength on input line 86.
LaTeX Info: Redefining \addtolength on input line 87.
\calc@Ccount=\count293
\calc@Cskip=\skip59
)
(C:\Users\admin\AppData\Local\Programs\MiKTeX\tex/latex/mathtools\mhsetup.sty
Package: mhsetup 2021/03/18 v1.4 programming setup (MH)
)
\g_MT_multlinerow_int=\count294
\l_MT_multwidth_dim=\dimen160
\origjot=\skip60
\l_MT_shortvdotswithinadjustabove_dim=\dimen161
\l_MT_shortvdotswithinadjustbelow_dim=\dimen162
\l_MT_above_intertext_sep=\dimen163
\l_MT_below_intertext_sep=\dimen164
\l_MT_above_shortintertext_sep=\dimen165
\l_MT_below_shortintertext_sep=\dimen166
\xmathstrut@box=\box55
\xmathstrut@dim=\dimen167
) (C:\Users\admin\AppData\Local\Programs\MiKTeX\tex/latex/tools\bm.sty
Package: bm 2025/10/21 v1.2g Bold Symbol Support (DPC/FMi)
\symboldoperators=\mathgroup6
\symboldletters=\mathgroup7
\symboldsymbols=\mathgroup8
Package bm Info: No bold for \OMX/cmex/m/n, using \pmb.
Package bm Info: No bold for \U/msa/m/n, using \pmb.
Package bm Info: No bold for \U/msb/m/n, using \pmb.
LaTeX Font Info:    Redeclaring math alphabet \mathbf on input line 149.
)
(C:\Users\admin\AppData\Local\Programs\MiKTeX\tex/latex/booktabs\booktabs.sty
Package: booktabs 2020/01/12 v1.61803398 Publication quality tables
\heavyrulewidth=\dimen168
\lightrulewidth=\dimen169
\cmidrulewidth=\dimen170
\belowrulesep=\dimen171
\belowbottomsep=\dimen172
\aboverulesep=\dimen173
\abovetopsep=\dimen174
\cmidrulesep=\dimen175
\cmidrulekern=\dimen176
\defaultaddspace=\dimen177
\@cmidla=\count295
\@cmidlb=\count296
\@aboverulesep=\dimen178
\@belowrulesep=\dimen179
\@thisruleclass=\count297
\@lastruleclass=\count298
\@thisrulewidth=\dimen180
)
(C:\Users\admin\AppData\Local\Programs\MiKTeX\tex/latex/graphics\graphicx.sty
Package: graphicx 2024/12/31 v1.2e Enhanced LaTeX Graphics (DPC,SPQR)

(C:\Users\admin\AppData\Local\Programs\MiKTeX\tex/latex/graphics\graphics.sty
Package: graphics 2024/08/06 v1.4g Standard LaTeX Graphics (DPC,SPQR)

(C:\Users\admin\AppData\Local\Programs\MiKTeX\tex/latex/graphics\trig.sty
Package: trig 2023/12/02 v1.11 sin cos tan (DPC)
)
(C:\Users\admin\AppData\Local\Programs\MiKTeX\tex/latex/graphics-cfg\graphics.c
fg
File: graphics.cfg 2016/06/04 v1.11 sample graphics configuration
)
Package graphics Info: Driver file: xetex.def on input line 106.

(C:\Users\admin\AppData\Local\Programs\MiKTeX\tex/latex/graphics-def\xetex.def
File: xetex.def 2025/11/01 v5.0p Graphics/color driver for xetex
))
\Gin@req@height=\dimen181
\Gin@req@width=\dimen182
) (C:\Users\admin\AppData\Local\Programs\MiKTeX\tex/latex/xcolor\xcolor.sty
Package: xcolor 2024/09/29 v3.02 LaTeX color extensions (UK)

(C:\Users\admin\AppData\Local\Programs\MiKTeX\tex/latex/graphics-cfg\color.cfg
File: color.cfg 2016/01/02 v1.6 sample color configuration
)
Package xcolor Info: Driver file: xetex.def on input line 274.
(C:\Users\admin\AppData\Local\Programs\MiKTeX\tex/latex/graphics\mathcolor.ltx)
Package xcolor Info: Model `cmy' substituted by `cmy0' on input line 1349.
Package xcolor Info: Model `RGB' extended on input line 1365.
Package xcolor Info: Model `HTML' substituted by `rgb' on input line 1367.
Package xcolor Info: Model `Hsb' substituted by `hsb' on input line 1368.
Package xcolor Info: Model `tHsb' substituted by `hsb' on input line 1369.
Package xcolor Info: Model `HSB' substituted by `hsb' on input line 1370.
Package xcolor Info: Model `Gray' substituted by `gray' on input line 1371.
Package xcolor Info: Model `wave' substituted by `hsb' on input line 1372.
) (C:\Users\admin\AppData\Local\Programs\MiKTeX\tex/latex/hyperref\hyperref.sty
Package: hyperref 2025-07-12 v7.01o Hypertext links for LaTeX
(C:\Users\admin\AppData\Local\Programs\MiKTeX\tex/generic/iftex\iftex.sty
Package: iftex 2024/12/12 v1.0g TeX engine tests
)
(C:\Users\admin\AppData\Local\Programs\MiKTeX\tex/latex/kvsetkeys\kvsetkeys.sty
Package: kvsetkeys 2022-10-05 v1.19 Key value parser (HO)
)
(C:\Users\admin\AppData\Local\Programs\MiKTeX\tex/generic/kvdefinekeys\kvdefine
keys.sty
Package: kvdefinekeys 2019-12-19 v1.6 Define keys (HO)
)
(C:\Users\admin\AppData\Local\Programs\MiKTeX\tex/generic/pdfescape\pdfescape.s
ty
Package: pdfescape 2019/12/09 v1.15 Implements pdfTeX's escape features (HO)

(C:\Users\admin\AppData\Local\Programs\MiKTeX\tex/generic/ltxcmds\ltxcmds.sty
Package: ltxcmds 2023-12-04 v1.26 LaTeX kernel commands for general use (HO)
)
(C:\Users\admin\AppData\Local\Programs\MiKTeX\tex/generic/pdftexcmds\pdftexcmds
.sty
Package: pdftexcmds 2020-06-27 v0.33 Utility functions of pdfTeX for LuaTeX (HO
)

(C:\Users\admin\AppData\Local\Programs\MiKTeX\tex/generic/infwarerr\infwarerr.s
ty
Package: infwarerr 2019/12/03 v1.5 Providing info/warning/error messages (HO)
)
Package pdftexcmds Info: \pdf@primitive is available.
Package pdftexcmds Info: \pdf@ifprimitive is available.
Package pdftexcmds Info: \pdfdraftmode not found.
))
(C:\Users\admin\AppData\Local\Programs\MiKTeX\tex/latex/hycolor\hycolor.sty
Package: hycolor 2020-01-27 v1.10 Color options for hyperref/bookmark (HO)
)
(C:\Users\admin\AppData\Local\Programs\MiKTeX\tex/latex/hyperref\nameref.sty
Package: nameref 2025-06-21 v2.57 Cross-referencing by name of section

(C:\Users\admin\AppData\Local\Programs\MiKTeX\tex/latex/refcount\refcount.sty
Package: refcount 2019/12/15 v3.6 Data extraction from label references (HO)
)
(C:\Users\admin\AppData\Local\Programs\MiKTeX\tex/generic/gettitlestring\gettit
lestring.sty
Package: gettitlestring 2019/12/15 v1.6 Cleanup title references (HO)

(C:\Users\admin\AppData\Local\Programs\MiKTeX\tex/latex/kvoptions\kvoptions.sty
Package: kvoptions 2022-06-15 v3.15 Key value format for package options (HO)
))
\c@section@level=\count299
)
(C:\Users\admin\AppData\Local\Programs\MiKTeX\tex/latex/etoolbox\etoolbox.sty
Package: etoolbox 2025/10/02 v2.5m e-TeX tools for LaTeX (JAW)
\etb@tempcnta=\count300
)
(C:\Users\admin\AppData\Local\Programs\MiKTeX\tex/generic/stringenc\stringenc.s
ty
Package: stringenc 2019/11/29 v1.12 Convert strings between diff. encodings (HO
)
)
\@linkdim=\dimen183
\Hy@linkcounter=\count301
\Hy@pagecounter=\count302
 (C:\Users\admin\AppData\Local\Programs\MiKTeX\tex/latex/hyperref\pd1enc.def
File: pd1enc.def 2025-07-12 v7.01o Hyperref: PDFDocEncoding definition (HO)
) (C:\Users\admin\AppData\Local\Programs\MiKTeX\tex/generic/intcalc\intcalc.sty
Package: intcalc 2019/12/15 v1.3 Expandable calculations with integers (HO)
)
\Hy@SavedSpaceFactor=\count303
 (C:\Users\admin\AppData\Local\Programs\MiKTeX\tex/latex/hyperref\puenc.def
File: puenc.def 2025-07-12 v7.01o Hyperref: PDF Unicode definition (HO)
)
Package hyperref Info: Hyper figures OFF on input line 4195.
Package hyperref Info: Link nesting OFF on input line 4200.
Package hyperref Info: Hyper index ON on input line 4203.
Package hyperref Info: Plain pages OFF on input line 4210.
Package hyperref Info: Backreferencing OFF on input line 4215.
Package hyperref Info: Implicit mode ON; LaTeX internals redefined.
Package hyperref Info: Bookmarks ON on input line 4462.
\c@Hy@tempcnt=\count304

(C:\Users\admin\AppData\Local\Programs\MiKTeX\tex/latex/url\url.sty
\Urlmuskip=\muskip18
Package: url 2013/09/16  ver 3.4  Verb mode for urls, etc.
)
LaTeX Info: Redefining \url on input line 4801.
\XeTeXLinkMargin=\dimen184

(C:\Users\admin\AppData\Local\Programs\MiKTeX\tex/generic/bitset\bitset.sty
Package: bitset 2019/12/09 v1.3 Handle bit-vector datatype (HO)

(C:\Users\admin\AppData\Local\Programs\MiKTeX\tex/generic/bigintcalc\bigintcalc
.sty
Package: bigintcalc 2019/12/15 v1.5 Expandable calculations on big integers (HO
)
))
\Fld@menulength=\count305
\Field@Width=\dimen185
\Fld@charsize=\dimen186
Package hyperref Info: Hyper figures OFF on input line 6078.
Package hyperref Info: Link nesting OFF on input line 6083.
Package hyperref Info: Hyper index ON on input line 6086.
Package hyperref Info: backreferencing OFF on input line 6093.
Package hyperref Info: Link coloring OFF on input line 6098.
Package hyperref Info: Link coloring with OCG OFF on input line 6103.
Package hyperref Info: PDF/A mode OFF on input line 6108.
\Hy@abspage=\count306
\c@Item=\count307
\c@Hfootnote=\count308
)
Package hyperref Info: Driver (autodetected): hxetex.

(C:\Users\admin\AppData\Local\Programs\MiKTeX\tex/latex/hyperref\hxetex.def
File: hxetex.def 2025-07-12 v7.01o Hyperref driver for XeTeX
\pdfm@box=\box56
\c@Hy@AnnotLevel=\count309
\HyField@AnnotCount=\count310
\Fld@listcount=\count311
\c@bookmark@seq@number=\count312

(C:\Users\admin\AppData\Local\Programs\MiKTeX\tex/latex/rerunfilecheck\rerunfil
echeck.sty
Package: rerunfilecheck 2025-06-21 v1.11 Rerun checks for auxiliary files (HO)

(C:\Users\admin\AppData\Local\Programs\MiKTeX\tex/generic/uniquecounter\uniquec
ounter.sty
Package: uniquecounter 2019/12/15 v1.4 Provide unlimited unique counter (HO)
)
Package uniquecounter Info: New unique counter `rerunfilecheck' on input line 2
84.
)
\Hy@SectionHShift=\skip61
)
(C:\Users\admin\AppData\Local\Programs\MiKTeX\tex/latex/enumitem\enumitem.sty
Package: enumitem 2025/02/06 v3.11 Customized lists
\labelindent=\skip62
\enit@outerparindent=\dimen187
\enit@toks=\toks31
\enit@inbox=\box57
\enit@count@id=\count313
\enitdp@description=\count314
)
(C:\Users\admin\AppData\Local\Programs\MiKTeX\tex/latex/geometry\geometry.sty
Package: geometry 2026/03/07 v6.0 Page Geometry

(C:\Users\admin\AppData\Local\Programs\MiKTeX\tex/generic/iftex\ifvtex.sty
Package: ifvtex 2019/10/25 v1.7 ifvtex legacy package. Use iftex instead.
)
\Gm@cnth=\count315
\Gm@cntv=\count316
\c@Gm@tempcnt=\count317
\Gm@bindingoffset=\dimen188
\Gm@wd@mp=\dimen189
\Gm@odd@mp=\dimen190
\Gm@even@mp=\dimen191
\Gm@layoutwidth=\dimen192
\Gm@layoutheight=\dimen193
\Gm@layouthoffset=\dimen194
\Gm@layoutvoffset=\dimen195
\Gm@dimlist=\toks32

(C:\Users\admin\AppData\Local\Programs\MiKTeX\tex/latex/geometry\geometry.cfg))
(C:\Users\admin\AppData\Local\Programs\MiKTeX\tex/latex/setspace\setspace.sty
Package: setspace 2022/12/04 v6.7b set line spacing
)
(C:\Users\admin\AppData\Local\Programs\MiKTeX\tex/latex/cjk\CJKutf8.sty
Package: CJKutf8 2021/10/16 4.8.5

(C:\Users\admin\AppData\Local\Programs\MiKTeX\tex/generic/iftex\ifpdf.sty
Package: ifpdf 2019/10/25 v3.4 ifpdf legacy package. Use iftex instead.
)
(C:\Users\admin\AppData\Local\Programs\MiKTeX\tex/latex/cjk\CJK.sty
Package: CJK 2021/10/16 4.8.5

(C:\Users\admin\AppData\Local\Programs\MiKTeX\tex/latex/cjk/mule\MULEenc.sty
Package: MULEenc 2021/10/16 4.8.5
)
(C:\Users\admin\AppData\Local\Programs\MiKTeX\tex/latex/cjk\CJK.enc
File: CJK.enc 2021/10/16 4.8.5
)
\CJK@indent=\box58
)
(C:\Users\admin\AppData\Local\Programs\MiKTeX\tex/latex/base\fontenc.sty
Package: fontenc 2025/07/18 v2.1d Standard LaTeX package
))
(C:\Users\admin\AppData\Local\Programs\MiKTeX\tex/latex/algorithms\algorithm.st
y
Invalid UTF-8 byte or sequence at line 11 replaced by U+FFFD.
Package: algorithm 2009/08/24 v0.1 Document Style `algorithm' - floating enviro
nment
 (C:\Users\admin\AppData\Local\Programs\MiKTeX\tex/latex/float\float.sty
Package: float 2001/11/08 v1.3d Float enhancements (AL)
\c@float@type=\count318
\float@exts=\toks33
\float@box=\box59
\@float@everytoks=\toks34
\@floatcapt=\box60
)
(C:\Users\admin\AppData\Local\Programs\MiKTeX\tex/latex/base\ifthen.sty
Package: ifthen 2024/03/16 v1.1e Standard LaTeX ifthen package (DPC)
)
\@float@every@algorithm=\toks35
\c@algorithm=\count319
)
(C:\Users\admin\AppData\Local\Programs\MiKTeX\tex/latex/algorithmicx\algpseudoc
ode.sty
Package: algpseudocode 

(C:\Users\admin\AppData\Local\Programs\MiKTeX\tex/latex/algorithmicx\algorithmi
cx.sty
Package: algorithmicx 2005/04/27 v1.2 Algorithmicx

Document Style algorithmicx 1.2 - a greatly improved `algorithmic' style
\c@ALG@line=\count320
\c@ALG@rem=\count321
\c@ALG@nested=\count322
\ALG@tlm=\skip63
\ALG@thistlm=\skip64
\c@ALG@Lnr=\count323
\c@ALG@blocknr=\count324
\c@ALG@storecount=\count325
\c@ALG@tmpcounter=\count326
\ALG@tmplength=\skip65
)
Document Style - pseudocode environments for use with the `algorithmicx' style
) (C:\Users\admin\AppData\Local\Programs\MiKTeX\tex/latex/multirow\multirow.sty
Package: multirow 2024/11/12 v2.9 Span multiple rows of a table
\multirow@colwidth=\skip66
\multirow@cntb=\count327
\multirow@dima=\skip67
\bigstrutjot=\dimen196
) (C:\Users\admin\AppData\Local\Programs\MiKTeX\tex/latex/cleveref\cleveref.sty
Package: cleveref 2018/03/27 v0.21.4 Intelligent cross-referencing
Package cleveref Info: `hyperref' support loaded on input line 2370.
LaTeX Info: Redefining \cref on input line 2370.
LaTeX Info: Redefining \Cref on input line 2370.
LaTeX Info: Redefining \crefrange on input line 2370.
LaTeX Info: Redefining \Crefrange on input line 2370.
LaTeX Info: Redefining \cpageref on input line 2370.
LaTeX Info: Redefining \Cpageref on input line 2370.
LaTeX Info: Redefining \cpagerefrange on input line 2370.
LaTeX Info: Redefining \Cpagerefrange on input line 2370.
LaTeX Info: Redefining \labelcref on input line 2370.
LaTeX Info: Redefining \labelcpageref on input line 2370.
Package cleveref Info: `amsthm' support loaded on input line 3026.
Package cleveref Info: `algorithmicx' support loaded on input line 3120.
)
==> First Aid for cleveref.sty applied!
(C:\Users\admin\AppData\Local\Programs\MiKTeX\tex/latex/natbib\natbib.sty
Package: natbib 2010/09/13 8.31b (PWD, AO)
\bibhang=\skip68
\bibsep=\skip69
LaTeX Info: Redefining \cite on input line 694.
\c@NAT@ctr=\count328
)
\c@theorem=\count329

(C:\Users\admin\AppData\Local\Programs\MiKTeX\tex/latex/l3backend\l3backend-xet
ex.def
File: l3backend-xetex.def 2025-10-09 L3 backend support: XeTeX
\g__graphics_track_int=\count330
\g__pdfannot_backend_int=\count331
\g__pdfannot_backend_link_int=\count332
) (main.aux)
\openout1 = `main.aux'.

LaTeX Font Info:    Checking defaults for OML/cmm/m/it on input line 80.
LaTeX Font Info:    ... okay on input line 80.
LaTeX Font Info:    Checking defaults for OMS/cmsy/m/n on input line 80.
LaTeX Font Info:    ... okay on input line 80.
LaTeX Font Info:    Checking defaults for OT1/cmr/m/n on input line 80.
LaTeX Font Info:    ... okay on input line 80.
LaTeX Font Info:    Checking defaults for T1/cmr/m/n on input line 80.
LaTeX Font Info:    ... okay on input line 80.
LaTeX Font Info:    Checking defaults for TS1/cmr/m/n on input line 80.
LaTeX Font Info:    ... okay on input line 80.
LaTeX Font Info:    Checking defaults for TU/lmr/m/n on input line 80.
LaTeX Font Info:    ... okay on input line 80.
LaTeX Font Info:    Checking defaults for OMX/cmex/m/n on input line 80.
LaTeX Font Info:    ... okay on input line 80.
LaTeX Font Info:    Checking defaults for U/cmr/m/n on input line 80.
LaTeX Font Info:    ... okay on input line 80.
LaTeX Font Info:    Checking defaults for PD1/pdf/m/n on input line 80.
LaTeX Font Info:    ... okay on input line 80.
LaTeX Font Info:    Checking defaults for PU/pdf/m/n on input line 80.
LaTeX Font Info:    ... okay on input line 80.
LaTeX Font Info:    Checking defaults for C00/song/m/n on input line 80.
LaTeX Font Info:    ... okay on input line 80.
LaTeX Font Info:    Checking defaults for C05/song/m/n on input line 80.
LaTeX Font Info:    ... okay on input line 80.
LaTeX Font Info:    Checking defaults for C09/song/m/n on input line 80.
LaTeX Font Info:    ... okay on input line 80.
LaTeX Font Info:    Checking defaults for C10/song/m/n on input line 80.
LaTeX Font Info:    ... okay on input line 80.
LaTeX Font Info:    Checking defaults for C20/song/m/n on input line 80.
LaTeX Font Info:    ... okay on input line 80.
LaTeX Font Info:    Checking defaults for C19/song/m/n on input line 80.
LaTeX Font Info:    ... okay on input line 80.
LaTeX Font Info:    Checking defaults for C40/song/m/n on input line 80.
LaTeX Font Info:    ... okay on input line 80.
LaTeX Font Info:    Checking defaults for C42/song/m/n on input line 80.
LaTeX Font Info:    ... okay on input line 80.
LaTeX Font Info:    Checking defaults for C43/song/m/n on input line 80.
LaTeX Font Info:    ... okay on input line 80.
LaTeX Font Info:    Checking defaults for C50/song/m/n on input line 80.
LaTeX Font Info:    ... okay on input line 80.
LaTeX Font Info:    Checking defaults for C52/song/m/n on input line 80.
LaTeX Font Info:    ... okay on input line 80.
LaTeX Font Info:    Checking defaults for C49/song/m/n on input line 80.
LaTeX Font Info:    ... okay on input line 80.
LaTeX Font Info:    Checking defaults for C60/mj/m/n on input line 80.
LaTeX Font Info:    ... okay on input line 80.
LaTeX Font Info:    Checking defaults for C61/mj/m/n on input line 80.
LaTeX Font Info:    ... okay on input line 80.
LaTeX Font Info:    Checking defaults for C63/mj/m/n on input line 80.
LaTeX Font Info:    ... okay on input line 80.
LaTeX Font Info:    Checking defaults for C64/mj/m/n on input line 80.
LaTeX Font Info:    ... okay on input line 80.
LaTeX Font Info:    Checking defaults for C65/mj/m/n on input line 80.
LaTeX Font Info:    ... okay on input line 80.
LaTeX Font Info:    Checking defaults for C70/song/m/n on input line 80.
LaTeX Font Info:    ... okay on input line 80.
LaTeX Font Info:    Checking defaults for C31/song/m/n on input line 80.
LaTeX Font Info:    ... okay on input line 80.
LaTeX Font Info:    Checking defaults for C32/song/m/n on input line 80.
LaTeX Font Info:    ... okay on input line 80.
LaTeX Font Info:    Checking defaults for C33/song/m/n on input line 80.
LaTeX Font Info:    ... okay on input line 80.
LaTeX Font Info:    Checking defaults for C34/song/m/n on input line 80.
LaTeX Font Info:    ... okay on input line 80.
LaTeX Font Info:    Checking defaults for C35/song/m/n on input line 80.
LaTeX Font Info:    ... okay on input line 80.
LaTeX Font Info:    Checking defaults for C36/song/m/n on input line 80.
LaTeX Font Info:    ... okay on input line 80.
LaTeX Font Info:    Checking defaults for C37/song/m/n on input line 80.
LaTeX Font Info:    ... okay on input line 80.
LaTeX Font Info:    Checking defaults for C80/song/m/n on input line 80.
LaTeX Font Info:    ... okay on input line 80.
LaTeX Font Info:    Checking defaults for C81/song/m/n on input line 80.
LaTeX Font Info:    ... okay on input line 80.
LaTeX Font Info:    Checking defaults for C01/song/m/n on input line 80.
LaTeX Font Info:    ... okay on input line 80.
LaTeX Font Info:    Checking defaults for C11/song/m/n on input line 80.
LaTeX Font Info:    ... okay on input line 80.
LaTeX Font Info:    Checking defaults for C21/song/m/n on input line 80.
LaTeX Font Info:    ... okay on input line 80.
LaTeX Font Info:    Checking defaults for C41/song/m/n on input line 80.
LaTeX Font Info:    ... okay on input line 80.
LaTeX Font Info:    Checking defaults for C62/song/m/n on input line 80.
LaTeX Font Info:    ... okay on input line 80.
Package hyperref Info: Link coloring OFF on input line 80.
 (main.out) (main.out)
\@outlinefile=\write3
\openout3 = `main.out'.



Package hyperref Warning: Rerun to get /PageLabels entry.

*geometry* driver: auto-detecting
*geometry* detected driver: xetex
*geometry* verbose mode - [ preamble ] result:
* driver: xetex
* paper: a4paper
* layout: <same size as paper>
* layoutoffset:(h,v)=(0.0pt,0.0pt)
* modes: 
* h-part:(L,W,R)=(71.13188pt, 455.24411pt, 71.13188pt)
* v-part:(T,H,B)=(71.13188pt, 702.78308pt, 71.13188pt)
* \paperwidth=597.50787pt
* \paperheight=845.04684pt
* \textwidth=455.24411pt
* \textheight=702.78308pt
* \oddsidemargin=-1.1381pt
* \evensidemargin=-1.1381pt
* \topmargin=-38.1381pt
* \headheight=12.0pt
* \headsep=25.0pt
* \topskip=11.0pt
* \footskip=30.0pt
* \marginparwidth=50.0pt
* \marginparsep=10.0pt
* \columnsep=10.0pt
* \skip\footins=10.0pt plus 4.0pt minus 2.0pt
* \hoffset=0.0pt
* \voffset=0.0pt
* \mag=1000
* \@twocolumnfalse
* \@twosidefalse
* \@mparswitchfalse
* \@reversemarginfalse
* (1in=72.27pt=25.4mm, 1cm=28.453pt)

Missing character: There is no 基 in font ec-lmr10!
Missing character: There is no 于 in font ec-lmr10!
Missing character: There is no 审 in font ec-lmr10!
Missing character: There is no 计 in font ec-lmr10!
Missing character: There is no 的 in font ec-lmr10!
Missing character: There is no 量 in font ec-lmr10!
Missing character: There is no 化 in font ec-lmr10!
Missing character: There is no 金 in font ec-lmr10!
Missing character: There is no 融 in font ec-lmr10!
Missing character: There is no ： in font ec-lmr10!
Missing character: There is no 衍 in font ec-lmr10!
Missing character: There is no 生 in font ec-lmr10!
Missing character: There is no 品 in font ec-lmr10!
Missing character: There is no 定 in font ec-lmr10!
Missing character: There is no 价 in font ec-lmr10!
Missing character: There is no 与 in font ec-lmr10!
Missing character: There is no 风 in font ec-lmr10!
Missing character: There is no 险 in font ec-lmr10!
Missing character: There is no 管 in font ec-lmr10!
Missing character: There is no 理 in font ec-lmr10!
Missing character: There is no 的 in font ec-lmr10!
Missing character: There is no 多 in font ec-lmr10!
Missing character: There is no 模 in font ec-lmr10!
Missing character: There is no 型 in font ec-lmr10!
Missing character: There is no 共 in font ec-lmr10!
Missing character: There is no 识 in font ec-lmr10!
Missing character: There is no 认 in font ec-lmr10!
Missing character: There is no 证 in font ec-lmr10!
Missing character: There is no 框 in font ec-lmr10!
Missing character: There is no 架 in font ec-lmr10!
LaTeX Font Info:    Trying to load font information for U+msa on input line 102
.
(C:\Users\admin\AppData\Local\Programs\MiKTeX\tex/latex/amsfonts\umsa.fd
File: umsa.fd 2013/01/14 v3.01 AMS symbols A
)
LaTeX Font Info:    Trying to load font information for U+msb on input line 102
.

(C:\Users\admin\AppData\Local\Programs\MiKTeX\tex/latex/amsfonts\umsb.fd
File: umsb.fd 2013/01/14 v3.01 AMS symbols B
)
LaTeX Font Info:    Trying to load font information for T1+lmtt on input line 1
02.

(C:\Users\admin\AppData\Local\Programs\MiKTeX\tex/latex/lm\t1lmtt.fd
File: t1lmtt.fd 2015/05/01 v1.6.1 Font defs for Latin Modern
)
Missing character: There is no 量 in font ec-lmr10!
Missing character: There is no 化 in font ec-lmr10!
Missing character: There is no 金 in font ec-lmr10!
Missing character: There is no 融 in font ec-lmr10!
Missing character: There is no 衍 in font ec-lmr10!
Missing character: There is no 生 in font ec-lmr10!
Missing character: There is no 品 in font ec-lmr10!
Missing character: There is no 定 in font ec-lmr10!
Missing character: There is no 价 in font ec-lmr10!
Missing character: There is no 模 in font ec-lmr10!
Missing character: There is no 型 in font ec-lmr10!
Missing character: There is no 风 in font ec-lmr10!
Missing character: There is no 险 in font ec-lmr10!
Missing character: There is no 波 in font ec-lmr10!
Missing character: There is no 动 in font ec-lmr10!
Missing character: There is no 率 in font ec-lmr10!
Missing character: There is no 微 in font ec-lmr10!
Missing character: There is no 笑 in font ec-lmr10!
[1

] [2]

Package natbib Warning: Citation `black1973pricing' on page 3 undefined on inpu
t line 126.


Package natbib Warning: Citation `gatheral2018volatility' on page 3 undefined o
n input line 135.


Package natbib Warning: Citation `scx2025' on page 3 undefined on input line 14
2.


Package natbib Warning: Citation `derman1996model' on page 3 undefined on input
 line 149.

[3]
Overfull \hbox (4.01683pt too wide) in paragraph at lines 163--164
\T1/lmr/m/n/10.95 tures, interest-rate swap-tions, and cryp-tocur-rency op-tion
s, with bilin-gual (En-glish/Chinese)
 []

Missing character: There is no 中 in font ec-lmbx12!
Missing character: There is no 文 in font ec-lmbx12!
Missing character: There is no 摘 in font ec-lmbx12!
Missing character: There is no 要 in font ec-lmbx12!
Missing character: There is no 本 in font ec-lmr10!
Missing character: There is no 文 in font ec-lmr10!
Missing character: There is no 提 in font ec-lmr10!
Missing character: There is no 出 in font ec-lmr10!
Missing character: There is no 了 in font ec-lmr10!
Missing character: There is no 一 in font ec-lmr10!
Missing character: There is no 个 in font ec-lmr10!
Missing character: There is no 基 in font ec-lmr10!
Missing character: There is no 于 in font ec-lmr10!
Missing character: There is no 形 in font ec-lmr10!
Missing character: There is no 式 in font ec-lmr10!
Missing character: There is no 化 in font ec-lmr10!
Missing character: There is no 验 in font ec-lmr10!
Missing character: There is no 证 in font ec-lmr10!
Missing character: There is no 框 in font ec-lmr10!
Missing character: There is no 架 in font ec-lmr10!
Missing character: There is no 的 in font ec-lmr10!
Missing character: There is no 多 in font ec-lmr10!
Missing character: There is no 模 in font ec-lmr10!
Missing character: There is no 型 in font ec-lmr10!
Missing character: There is no 共 in font ec-lmr10!
Missing character: There is no 识 in font ec-lmr10!
Missing character: There is no 量 in font ec-lmr10!
Missing character: There is no 化 in font ec-lmr10!
Missing character: There is no 金 in font ec-lmr10!
Missing character: There is no 融 in font ec-lmr10!
Missing character: There is no 审 in font ec-lmr10!
Missing character: There is no 计 in font ec-lmr10!
Missing character: There is no 体 in font ec-lmr10!
Missing character: There is no 系 in font ec-lmr10!
Missing character: There is no 。 in font ec-lmr10!
Missing character: There is no 在 in font ec-lmr10!
Missing character: There is no 衍 in font ec-lmr10!
Missing character: There is no 生 in font ec-lmr10!
Missing character: There is no 品 in font ec-lmr10!
Missing character: There is no 定 in font ec-lmr10!
Missing character: There is no 价 in font ec-lmr10!
Missing character: There is no 中 in font ec-lmr10!
Missing character: There is no ， in font ec-lmr10!
Missing character: There is no 不 in font ec-lmr10!
Missing character: There is no 存 in font ec-lmr10!
Missing character: There is no 在 in font ec-lmr10!
Missing character: There is no 单 in font ec-lmr10!
Missing character: There is no 一 in font ec-lmr10!
Missing character: There is no 通 in font ec-lmr10!
Missing character: There is no 用 in font ec-lmr10!
Missing character: There is no 最 in font ec-lmr10!
Missing character: There is no 优 in font ec-lmr10!
Missing character: There is no 模 in font ec-lmr10!
Missing character: There is no 型 in font ec-lmr10!
Missing character: There is no ： in font ec-lmr10!
Missing character: There is no 、 in font ec-lmr10!
Missing character: There is no 、 in font ec-lmr10!
Missing character: There is no 、 in font ec-lmr10!
Missing character: There is no 和 in font ec-lmr10!
Missing character: There is no 分 in font ec-lmr10!
Missing character: There is no 别 in font ec-lmr10!
Missing character: There is no 基 in font ec-lmr10!
Missing character: There is no 于 in font ec-lmr10!
Missing character: There is no 不 in font ec-lmr10!
Missing character: There is no 同 in font ec-lmr10!
Missing character: There is no 的 in font ec-lmr10!
Missing character: There is no 波 in font ec-lmr10!
Missing character: There is no 动 in font ec-lmr10!
Missing character: There is no 率 in font ec-lmr10!
Missing character: There is no 动 in font ec-lmr10!
Missing character: There is no 态 in font ec-lmr10!
Missing character: There is no 假 in font ec-lmr10!
Missing character: There is no 设 in font ec-lmr10!
Missing character: There is no ， in font ec-lmr10!
Missing character: There is no 对 in font ec-lmr10!
Missing character: There is no 同 in font ec-lmr10!
Missing character: There is no 一 in font ec-lmr10!
Missing character: There is no 合 in font ec-lmr10!
Missing character: There is no 约 in font ec-lmr10!
Missing character: There is no 给 in font ec-lmr10!
Missing character: There is no 出 in font ec-lmr10!
Missing character: There is no 显 in font ec-lmr10!
Missing character: There is no 著 in font ec-lmr10!
Missing character: There is no 不 in font ec-lmr10!
Missing character: There is no 同 in font ec-lmr10!
Missing character: There is no 的 in font ec-lmr10!
Missing character: There is no 公 in font ec-lmr10!
Missing character: There is no 允 in font ec-lmr10!
Missing character: There is no 价 in font ec-lmr10!
Missing character: There is no 值 in font ec-lmr10!
Missing character: There is no 估 in font ec-lmr10!
Missing character: There is no 计 in font ec-lmr10!
Missing character: There is no 。 in font ec-lmr10!
Missing character: There is no 我 in font ec-lmr10!
Missing character: There is no 们 in font ec-lmr10!
Missing character: There is no 证 in font ec-lmr10!
Missing character: There is no 明 in font ec-lmr10!
Missing character: There is no 三 in font ec-lmr10!
Missing character: There is no 个 in font ec-lmr10!
Missing character: There is no 核 in font ec-lmr10!
Missing character: There is no 心 in font ec-lmr10!
Missing character: There is no 定 in font ec-lmr10!
Missing character: There is no 理 in font ec-lmr10!
Missing character: There is no ： in font ec-lmr10!
Missing character: There is no 多 in font ec-lmr10!
Missing character: There is no 模 in font ec-lmr10!
Missing character: There is no 型 in font ec-lmr10!
Missing character: There is no 误 in font ec-lmr10!
Missing character: There is no 定 in font ec-lmr10!
Missing character: There is no 价 in font ec-lmr10!
Missing character: There is no 检 in font ec-lmr10!
Missing character: There is no 测 in font ec-lmr10!
Missing character: There is no 定 in font ec-lmr10!
Missing character: There is no 理 in font ec-lmr10!
Missing character: There is no ， in font ec-lmr10!
Missing character: There is no 通 in font ec-lmr10!
Missing character: There is no 过 in font ec-lmr10!
Missing character: There is no 修 in font ec-lmr10!
Missing character: There is no 正 in font ec-lmr10!
Missing character: There is no 的 in font ec-lmr10!
Missing character: There is no 界 in font ec-lmr10!
Missing character: There is no 给 in font ec-lmr10!
Missing character: There is no 出 in font ec-lmr10!
Missing character: There is no 所 in font ec-lmr10!
Missing character: There is no 有 in font ec-lmr10!
Missing character: There is no 模 in font ec-lmr10!
Missing character: There is no 型 in font ec-lmr10!
Missing character: There is no 同 in font ec-lmr10!
Missing character: There is no 时 in font ec-lmr10!
Missing character: There is no 漏 in font ec-lmr10!
Missing character: There is no 检 in font ec-lmr10!
Missing character: There is no 误 in font ec-lmr10!
Missing character: There is no 定 in font ec-lmr10!
Missing character: There is no 价 in font ec-lmr10!
Missing character: There is no 的 in font ec-lmr10!
Missing character: There is no 概 in font ec-lmr10!
Missing character: There is no 率 in font ec-lmr10!
Missing character: There is no 上 in font ec-lmr10!
Missing character: There is no 界 in font ec-lmr10!
Missing character: There is no ； in font ec-lmr10!
Missing character: There is no 模 in font ec-lmr10!
Missing character: There is no 型 in font ec-lmr10!
Missing character: There is no 风 in font ec-lmr10!
Missing character: There is no 险 in font ec-lmr10!
Missing character: There is no 与 in font ec-lmr10!
Missing character: There is no 机 in font ec-lmr10!
Missing character: There is no 制 in font ec-lmr10!
Missing character: There is no 转 in font ec-lmr10!
Missing character: There is no 换 in font ec-lmr10!
Missing character: There is no 不 in font ec-lmr10!
Missing character: There is no 可 in font ec-lmr10!
Missing character: There is no 辨 in font ec-lmr10!
Missing character: There is no 识 in font ec-lmr10!
Missing character: There is no 定 in font ec-lmr10!
Missing character: There is no 理 in font ec-lmr10!
Missing character: There is no ， in font ec-lmr10!
Missing character: There is no 证 in font ec-lmr10!
Missing character: There is no 明 in font ec-lmr10!
Missing character: There is no 当 in font ec-lmr10!
Missing character: There is no 模 in font ec-lmr10!
Missing character: There is no 型 in font ec-lmr10!
Missing character: There is no 价 in font ec-lmr10!
Missing character: There is no 格 in font ec-lmr10!
Missing character: There is no 偏 in font ec-lmr10!
Missing character: There is no 离 in font ec-lmr10!
Missing character: There is no 市 in font ec-lmr10!
Missing character: There is no 场 in font ec-lmr10!
Missing character: There is no 报 in font ec-lmr10!
Missing character: There is no 价 in font ec-lmr10!
Missing character: There is no 时 in font ec-lmr10!
Missing character: There is no ， in font ec-lmr10!
Missing character: There is no 无 in font ec-lmr10!
Missing character: There is no 法 in font ec-lmr10!
Missing character: There is no 在 in font ec-lmr10!
Missing character: There is no 缺 in font ec-lmr10!
Missing character: There is no 乏 in font ec-lmr10!
Missing character: There is no 辅 in font ec-lmr10!
Missing character: There is no 助 in font ec-lmr10!
Missing character: There is no 假 in font ec-lmr10!
Missing character: There is no 设 in font ec-lmr10!
Missing character: There is no 的 in font ec-lmr10!
Missing character: There is no 情 in font ec-lmr10!
Missing character: There is no 况 in font ec-lmr10!
Missing character: There is no 下 in font ec-lmr10!
Missing character: There is no 区 in font ec-lmr10!
Missing character: There is no 分 in font ec-lmr10!
Missing character: There is no 模 in font ec-lmr10!
Missing character: There is no 型 in font ec-lmr10!
Missing character: There is no 设 in font ec-lmr10!
Missing character: There is no 定 in font ec-lmr10!
Missing character: There is no 错 in font ec-lmr10!
Missing character: There is no 误 in font ec-lmr10!
Missing character: There is no 、 in font ec-lmr10!
Missing character: There is no 参 in font ec-lmr10!
Missing character: There is no 数 in font ec-lmr10!
Missing character: There is no 估 in font ec-lmr10!
Missing character: There is no 计 in font ec-lmr10!
Missing character: There is no 误 in font ec-lmr10!
Missing character: There is no 差 in font ec-lmr10!
Missing character: There is no 和 in font ec-lmr10!
Missing character: There is no 真 in font ec-lmr10!
Missing character: There is no 实 in font ec-lmr10!
Missing character: There is no 机 in font ec-lmr10!
Missing character: There is no 制 in font ec-lmr10!
Missing character: There is no 变 in font ec-lmr10!
Missing character: There is no 化 in font ec-lmr10!
Missing character: There is no ； in font ec-lmr10!
Missing character: There is no 评 in font ec-lmr10!
Missing character: There is no 分 in font ec-lmr10!
Missing character: There is no 定 in font ec-lmr10!
Missing character: There is no 理 in font ec-lmr10!
Missing character: There is no ， in font ec-lmr10!
Missing character: There is no 构 in font ec-lmr10!
Missing character: There is no 建 in font ec-lmr10!
Missing character: There is no 综 in font ec-lmr10!
Missing character: There is no 合 in font ec-lmr10!
Missing character: There is no 隐 in font ec-lmr10!
Missing character: There is no 含 in font ec-lmr10!
Missing character: There is no 波 in font ec-lmr10!
Missing character: There is no 动 in font ec-lmr10!
Missing character: There is no 率 in font ec-lmr10!
Missing character: There is no 微 in font ec-lmr10!
Missing character: There is no 笑 in font ec-lmr10!
Missing character: There is no 拟 in font ec-lmr10!
Missing character: There is no 合 in font ec-lmr10!
Missing character: There is no 误 in font ec-lmr10!
Missing character: There is no 差 in font ec-lmr10!
Missing character: There is no 和 in font ec-lmr10!
Missing character: There is no 对 in font ec-lmr10!
Missing character: There is no 冲 in font ec-lmr10!
Missing character: There is no 损 in font ec-lmr10!
Missing character: There is no 益 in font ec-lmr10!
Missing character: There is no 方 in font ec-lmr10!
Missing character: There is no 差 in font ec-lmr10!
Missing character: There is no 的 in font ec-lmr10!
Missing character: There is no 模 in font ec-lmr10!
Missing character: There is no 型 in font ec-lmr10!
Missing character: There is no 质 in font ec-lmr10!
Missing character: There is no 量 in font ec-lmr10!
Missing character: There is no 排 in font ec-lmr10!
Missing character: There is no 序 in font ec-lmr10!
Missing character: There is no 指 in font ec-lmr10!
Missing character: There is no 标 in font ec-lmr10!
Missing character: There is no 。 in font ec-lmr10!
Missing character: There is no 基 in font ec-lmr10!
Missing character: There is no 于 in font ec-lmr10!
Missing character: There is no 上 in font ec-lmr10!
Missing character: There is no 述 in font ec-lmr10!
Missing character: There is no 理 in font ec-lmr10!
Missing character: There is no 论 in font ec-lmr10!
Missing character: There is no ， in font ec-lmr10!
Missing character: There is no 提 in font ec-lmr10!
Missing character: There is no 出 in font ec-lmr10!
Missing character: There is no 多 in font ec-lmr10!
Missing character: There is no 模 in font ec-lmr10!
Missing character: There is no 型 in font ec-lmr10!
Missing character: There is no 雅 in font ec-lmr10!
Missing character: There is no 捷 in font ec-lmr10!
Missing character: There is no 共 in font ec-lmr10!
Missing character: There is no 识 in font ec-lmr10!
Missing character: There is no 协 in font ec-lmr10!
Missing character: There is no 议 in font ec-lmr10!
Missing character: There is no ， in font ec-lmr10!
Missing character: There is no 整 in font ec-lmr10!
Missing character: There is no 合 in font ec-lmr10!
Missing character: There is no 、 in font ec-lmr10!
Missing character: There is no 、 in font ec-lmr10!
Missing character: There is no 和 in font ec-lmr10!
Missing character: There is no 模 in font ec-lmr10!
Missing character: There is no 型 in font ec-lmr10!
Missing character: There is no 的 in font ec-lmr10!
Missing character: There is no 投 in font ec-lmr10!
Missing character: There is no 票 in font ec-lmr10!
Missing character: There is no 机 in font ec-lmr10!
Missing character: There is no 制 in font ec-lmr10!
Missing character: There is no ， in font ec-lmr10!
Missing character: There is no 以 in font ec-lmr10!
Missing character: There is no 指 in font ec-lmr10!
Missing character: There is no 数 in font ec-lmr10!
Missing character: There is no 为 in font ec-lmr10!
Missing character: There is no 锚 in font ec-lmr10!
Missing character: There is no ， in font ec-lmr10!
Missing character: There is no 通 in font ec-lmr10!
Missing character: There is no 过 in font ec-lmr10!
Missing character: There is no 弹 in font ec-lmr10!
Missing character: There is no 簧 in font ec-lmr10!
Missing character: There is no 门 in font ec-lmr10!
Missing character: There is no 控 in font ec-lmr10!
Missing character: There is no 检 in font ec-lmr10!
Missing character: There is no 测 in font ec-lmr10!
Missing character: There is no 波 in font ec-lmr10!
Missing character: There is no 动 in font ec-lmr10!
Missing character: There is no 率 in font ec-lmr10!
Missing character: There is no 机 in font ec-lmr10!
Missing character: There is no 制 in font ec-lmr10!
Missing character: There is no 转 in font ec-lmr10!
Missing character: There is no 换 in font ec-lmr10!
Missing character: There is no 。 in font ec-lmr10!
Missing character: There is no 实 in font ec-lmr10!
Missing character: There is no 证 in font ec-lmr10!
Missing character: There is no 覆 in font ec-lmr10!
Missing character: There is no 盖 in font ec-lmr10!
Missing character: There is no 期 in font ec-lmr10!
Missing character: There is no 权 in font ec-lmr10!
Missing character: There is no 链 in font ec-lmr10!
Missing character: There is no 、 in font ec-lmr10!
Missing character: There is no 期 in font ec-lmr10!
Missing character: There is no 货 in font ec-lmr10!
Missing character: There is no 、 in font ec-lmr10!
Missing character: There is no 利 in font ec-lmr10!
Missing character: There is no 率 in font ec-lmr10!
Missing character: There is no 互 in font ec-lmr10!
Missing character: There is no 换 in font ec-lmr10!
Missing character: There is no 期 in font ec-lmr10!
Missing character: There is no 权 in font ec-lmr10!
Missing character: There is no 和 in font ec-lmr10!
Missing character: There is no 加 in font ec-lmr10!
Missing character: There is no 密 in font ec-lmr10!
Missing character: There is no 货 in font ec-lmr10!
Missing character: There is no 币 in font ec-lmr10!
Missing character: There is no 期 in font ec-lmr10!
Missing character: There is no 权 in font ec-lmr10!
Missing character: There is no 市 in font ec-lmr10!
Missing character: There is no 场 in font ec-lmr10!
Missing character: There is no 。 in font ec-lmr10!

Overfull \hbox (119.50375pt too wide) in paragraph at lines 170--171
[]\T1/lmr/m/n/10 SCXBlack--ScholesHestonSABRBatesrough Bergomi(1)Hoeffding(2)(3
)CercisDeltaBSHestonSABRBatesVIXSPX(2005--
 []

[4]

Package natbib Warning: Citation `heston1993closed' on page 5 undefined on inpu
t line 198.


Package natbib Warning: Citation `hagan2002managing' on page 5 undefined on inp
ut line 211.


Package natbib Warning: Citation `bates1996jumps' on page 5 undefined on input 
line 224.

[5]

Package natbib Warning: Citation `bayer2016pricing' on page 6 undefined on inpu
t line 237.


Package natbib Warning: Citation `derman1996model' on page 6 undefined on input
 line 250.


Package natbib Warning: Citation `cont2006model' on page 6 undefined on input l
ine 250.


Package natbib Warning: Citation `glasserman2014robust' on page 6 undefined on 
input line 250.


Package natbib Warning: Citation `scx2025' on page 6 undefined on input line 25
4.

[6] [7]

LaTeX Warning: Reference `asm:bounded_payoff' on page 8 undefined on input line
 335.


LaTeX Warning: Reference `asm:stationarity' on page 8 undefined on input line 3
35.


LaTeX Warning: Reference `asm:bounded_payoff' on page 8 undefined on input line
 348.


LaTeX Warning: Reference `asm:inter_model' on page 8 undefined on input line 34
8.


Overfull \hbox (146.3982pt too wide) detected at line 374
[][][][]\OML/cmm/m/it/10.95 ^^^[] \OT1/cmr/m/n/10.95 = []
 []

[8]

LaTeX Warning: Reference `thm:multi_model_mispricing' on page 9 undefined on in
put line 383.


LaTeX Warning: Reference `asm:subgaussian' on page 9 undefined on input line 38
9.


Package natbib Warning: Citation `hoeffding1963probability' on page 9 undefined
 on input line 407.


LaTeX Warning: Reference `asm:inter_model' on page 9 undefined on input line 40
9.

[9]

Package natbib Warning: Citation `bentkus2005hoeffding' on page 10 undefined on
 input line 417.


LaTeX Warning: Reference `asm:inter_model' on page 10 undefined on input line 4
23.


LaTeX Warning: Reference `eq:Meff' on page 10 undefined on input line 423.


LaTeX Warning: Reference `thm:multi_model_mispricing' on page 10 undefined on i
nput line 462.

[10]
Overfull \hbox (34.13985pt too wide) detected at line 485
[][][][]\OML/cmm/m/it/10.95 M[] \OT1/cmr/m/n/10.95 = [] = [] \OMS/cmsy/m/n/10.9
5 ^^Y \OT1/cmr/m/n/10.95 2\OML/cmm/m/it/10.95 :\OT1/cmr/m/n/10.95 556\OML/cmm/m
/it/10.95 :
 []


Package natbib Warning: Citation `derman1996model' on page 11 undefined on inpu
t line 510.

[11]

LaTeX Warning: Reference `asm:model_completeness' on page 12 undefined on input
 line 537.


LaTeX Warning: Reference `asm:stationarity' on page 12 undefined on input line 
537.


Overfull \hbox (42.37642pt too wide) in paragraph at lines 543--548
\OT1/cmr/m/n/10.95 ([][]\OML/cmm/m/it/10.95 ; [][]; [][]\OT1/cmr/m/n/10.95 )$ \
T1/lmr/m/it/10.95 and $\OT1/cmr/m/n/10.95 ([][]\OML/cmm/m/it/10.95 ; [][]; [][]
\OT1/cmr/m/n/10.95 )$
 []


LaTeX Font Warning: Font shape `T1/lmr/m/scit' undefined
(Font)              using `T1/lmr/m/scsl' instead on input line 549.


LaTeX Warning: Reference `eq:decomposition' on page 12 undefined on input line 
556.

[12]

Package natbib Warning: Citation `rothenberg1971identification' on page 13 unde
fined on input line 590.


LaTeX Font Warning: Font shape `T1/lmr/bx/sc' undefined
(Font)              using `T1/lmr/bx/n' instead on input line 592.


LaTeX Warning: Reference `eq:decomposition' on page 13 undefined on input line 
603.

[13]

LaTeX Warning: Reference `sec:yajie' on page 14 undefined on input line 607.


Package natbib Warning: Citation `derman1996model' on page 14 undefined on inpu
t line 611.


LaTeX Warning: Reference `thm:unidentifiability' on page 14 undefined on input 
line 611.


Overfull \hbox (3.87611pt too wide) detected at line 632
[][][][]\OML/cmm/m/it/10.95 Q\OT1/cmr/m/n/10.95 (\OML/cmm/m/it/10.95 m\OT1/cmr/
m/n/10.95 ) = []  + \OML/cmm/m/it/10.95 ^^U \OMS/cmsy/m/n/10.95 ^^A []\OML/cmm/
m/it/10.95 ;
 []

[14]

LaTeX Warning: Reference `asm:subgaussian' on page 15 undefined on input line 6
66.


LaTeX Warning: Reference `asm:stationarity' on page 15 undefined on input line 
666.


LaTeX Warning: Reference `def:regime' on page 15 undefined on input line 674.


Overfull \hbox (4.31392pt too wide) detected at line 684
[][][][][][]\OT1/cmr/m/n/10.95 ([]) \OML/cmm/m/it/10.95 > [][]\OT1/cmr/m/n/10.9
5 ([]) \OML/cmm/m/it/10.95 > [][]\OT1/cmr/m/n/10.95 ([]) \OML/cmm/m/it/10.95 > 
[][]\OT1/cmr/m/n/10.95 ([]) \OML/cmm/m/it/10.95 > [][]\OT1/cmr/m/n/10.95 ([])\O
ML/cmm/m/it/10.95 :
 []


LaTeX Warning: Reference `lem:iv_rmse' on page 15 undefined on input line 687.

[15]

LaTeX Warning: Reference `tab:rmse_empirical' on page 16 undefined on input lin
e 698.


LaTeX Warning: Reference `asm:delta_hedge' on page 16 undefined on input line 7
19.


LaTeX Warning: Reference `lem:iv_rmse' on page 16 undefined on input line 719.


LaTeX Warning: Reference `lem:delta_hedge' on page 16 undefined on input line 7
25.


LaTeX Warning: Reference `lem:iv_rmse' on page 16 undefined on input line 734.


LaTeX Warning: Reference `tab:hedge_pnl' on page 16 undefined on input line 734
.

[16]

LaTeX Warning: Reference `lem:regime_novelty' on page 17 undefined on input lin
e 761.


LaTeX Warning: Reference `lem:iv_rmse' on page 17 undefined on input line 764.


LaTeX Warning: Reference `lem:iv_rmse' on page 17 undefined on input line 770.


LaTeX Warning: Reference `lem:delta_hedge' on page 17 undefined on input line 7
70.


LaTeX Warning: Reference `lem:regime_novelty' on page 17 undefined on input lin
e 770.


LaTeX Warning: Reference `tab:cercis_scores' on page 17 undefined on input line
 772.


LaTeX Warning: Reference `thm:cercis_ordering' on page 17 undefined on input li
ne 791.

[17]

LaTeX Warning: Reference `tab:cercis_scores' on page 18 undefined on input line
 801.

Missing character: There is no 雅 in font ec-lmr10!
Missing character: There is no 捷 in font ec-lmr10!
Package hyperref Info: bookmark level for unknown algorithm defaults to 0 on in
put line 822.

Underfull \hbox (badness 10000) in paragraph at lines 825--826
[]\T1/lmr/m/n/10.95 Underlying price $\OML/cmm/m/it/10.95 S[]$\T1/lmr/m/n/10.95
 , VIX $\OML/cmm/m/it/10.95 V[]$\T1/lmr/m/n/10.95 , op-tions chain $\OMS/cmsy/m
/n/10.95 O[]$\T1/lmr/m/n/10.95 , model pa-ram-e-ters
 []

[18] [19]
Overfull \hbox (1.01984pt too wide) in paragraph at lines 898--899
[]\T1/lmr/bx/n/10.95 Calibration con-straint: \T1/lmr/m/n/10.95 Model pa-ram-e-
ters must pro-duce an ATM 30-day im-plied volatil-
 []


LaTeX Warning: Reference `thm:multi_model_mispricing' on page 20 undefined on i
nput line 906.


LaTeX Warning: Reference `asm:subgaussian' on page 20 undefined on input line 9
13.

[20]

LaTeX Warning: Reference `thm:multi_model_mispricing' on page 21 undefined on i
nput line 962.


Overfull \hbox (82.02884pt too wide) in paragraph at lines 968--979
 [][] 
 []

[21] [22] [23]
Overfull \hbox (153.76051pt too wide) in paragraph at lines 1079--1091
 [][] 
 []


Package natbib Warning: Citation `cont2006model' on page 24 undefined on input 
line 1093.


Package natbib Warning: Citation `glasserman2014robust' on page 24 undefined on
 input line 1093.

[24]

LaTeX Warning: Reference `eq:decomposition' on page 25 undefined on input line 
1102.

[25]

Package natbib Warning: Citation `el2022rough' on page 26 undefined on input li
ne 1130.

Missing character: There is no 跨 in font ec-lmbx10!
Missing character: There is no 市 in font ec-lmbx10!
Missing character: There is no 场 in font ec-lmbx10!
Missing character: There is no 联 in font ec-lmbx10!
Missing character: There is no 动 in font ec-lmbx10!
Missing character: There is no 分 in font ec-lmbx10!
Missing character: There is no 析 in font ec-lmbx10!
[26]

Package natbib Warning: Citation `bentkus2005hoeffding' on page 27 undefined on
 input line 1169.


LaTeX Warning: Reference `eq:final_bound' on page 27 undefined on input line 11
72.


LaTeX Warning: Reference `asm:subgaussian' on page 27 undefined on input line 1
176.


LaTeX Warning: Reference `asm:bounded_payoff' on page 27 undefined on input lin
e 1179.


LaTeX Warning: Reference `asm:model_completeness' on page 27 undefined on input
 line 1179.


LaTeX Warning: Reference `asm:model_completeness' on page 27 undefined on input
 line 1183.


LaTeX Warning: Reference `asm:bounded_payoff' on page 27 undefined on input lin
e 1183.

[27]

Package natbib Warning: Citation `bollerslev2011expected' on page 28 undefined 
on input line 1242.

[28]
Missing character: There is no 中 in font ec-lmbx12!
Missing character: There is no 文 in font ec-lmbx12!
Missing character: There is no 术 in font ec-lmbx12!
Missing character: There is no 语 in font ec-lmbx12!
Missing character: There is no 对 in font ec-lmbx12!
Missing character: There is no 照 in font ec-lmbx12!
Missing character: There is no 中 in font ec-lmr10!
Missing character: There is no 文 in font ec-lmr10!
Missing character: There is no 衍 in font ec-lmr10!
Missing character: There is no 生 in font ec-lmr10!
Missing character: There is no 品 in font ec-lmr10!
Missing character: There is no 定 in font ec-lmr10!
Missing character: There is no 价 in font ec-lmr10!
Missing character: There is no 模 in font ec-lmr10!
Missing character: There is no 型 in font ec-lmr10!
Missing character: There is no 风 in font ec-lmr10!
Missing character: There is no 险 in font ec-lmr10!
Missing character: There is no 波 in font ec-lmr10!
Missing character: There is no 动 in font ec-lmr10!
Missing character: There is no 率 in font ec-lmr10!
Missing character: There is no 微 in font ec-lmr10!
Missing character: There is no 笑 in font ec-lmr10!
Missing character: There is no 隐 in font ec-lmr10!
Missing character: There is no 含 in font ec-lmr10!
Missing character: There is no 波 in font ec-lmr10!
Missing character: There is no 动 in font ec-lmr10!
Missing character: There is no 率 in font ec-lmr10!
Missing character: There is no 随 in font ec-lmr10!
Missing character: There is no 机 in font ec-lmr10!
Missing character: There is no 波 in font ec-lmr10!
Missing character: There is no 动 in font ec-lmr10!
Missing character: There is no 率 in font ec-lmr10!
Missing character: There is no 对 in font ec-lmr10!
Missing character: There is no 冲 in font ec-lmr10!
Missing character: There is no 机 in font ec-lmr10!
Missing character: There is no 制 in font ec-lmr10!
Missing character: There is no 转 in font ec-lmr10!
Missing character: There is no 换 in font ec-lmr10!
Missing character: There is no 误 in font ec-lmr10!
Missing character: There is no 定 in font ec-lmr10!
Missing character: There is no 价 in font ec-lmr10!
Missing character: There is no 检 in font ec-lmr10!
Missing character: There is no 测 in font ec-lmr10!
Missing character: There is no 共 in font ec-lmr10!
Missing character: There is no 识 in font ec-lmr10!
Missing character: There is no 协 in font ec-lmr10!
Missing character: There is no 议 in font ec-lmr10!
Missing character: There is no 形 in font ec-lmr10!
Missing character: There is no 式 in font ec-lmr10!
Missing character: There is no 化 in font ec-lmr10!
Missing character: There is no 验 in font ec-lmr10!
Missing character: There is no 证 in font ec-lmr10!
Missing character: There is no 紫 in font ec-lmr10!
Missing character: There is no 荆 in font ec-lmr10!
Missing character: There is no 评 in font ec-lmr10!
Missing character: There is no 分 in font ec-lmr10!
Missing character: There is no 模 in font ec-lmr10!
Missing character: There is no 型 in font ec-lmr10!
Missing character: There is no 设 in font ec-lmr10!
Missing character: There is no 定 in font ec-lmr10!
Missing character: There is no 错 in font ec-lmr10!
Missing character: There is no 误 in font ec-lmr10!
Missing character: There is no 参 in font ec-lmr10!
Missing character: There is no 数 in font ec-lmr10!
Missing character: There is no 估 in font ec-lmr10!
Missing character: There is no 计 in font ec-lmr10!
Missing character: There is no 尾 in font ec-lmr10!
Missing character: There is no 部 in font ec-lmr10!
Missing character: There is no 风 in font ec-lmr10!
Missing character: There is no 险 in font ec-lmr10!
Missing character: There is no 跳 in font ec-lmr10!
Missing character: There is no 扩 in font ec-lmr10!
Missing character: There is no 散 in font ec-lmr10!
Missing character: There is no 过 in font ec-lmr10!
Missing character: There is no 程 in font ec-lmr10!
Missing character: There is no 风 in font ec-lmr10!
Missing character: There is no 险 in font ec-lmr10!
Missing character: There is no 中 in font ec-lmr10!
Missing character: There is no 性 in font ec-lmr10!
Missing character: There is no 测 in font ec-lmr10!
Missing character: There is no 度 in font ec-lmr10!
Missing character: There is no 锚 in font ec-lmr10!
Missing character: There is no 定 in font ec-lmr10!
Missing character: There is no 弹 in font ec-lmr10!
Missing character: There is no 簧 in font ec-lmr10!
Missing character: There is no 门 in font ec-lmr10!
Missing character: There is no 控 in font ec-lmr10!
Missing character: There is no 认 in font ec-lmr10!
Missing character: There is no 证 in font ec-lmr10!
Missing character: There is no 多 in font ec-lmr10!
Missing character: There is no 模 in font ec-lmr10!
Missing character: There is no 型 in font ec-lmr10!
Missing character: There is no 集 in font ec-lmr10!
Missing character: There is no 成 in font ec-lmr10!
[29]

Package natbib Warning: Citation `hagan2002managing' on page 30 undefined on in
put line 1322.

[30] [31]

Package natbib Warning: There were undefined citations.

[32] (main.aux

Package natbib Warning: Citation(s) may have changed.
(natbib)                Rerun to get citations correct.


! Package natbib Error: Bibliography not compatible with author-year citations.

(natbib)                Press <return> to continue in numerical citation style.


See the natbib package documentation for explanation.
Type  H <return>  for immediate help.
 ...                                              
                                                  
l.315 ...and\NAT@force@numbers{}\NAT@force@numbers
                                                  
Check the bibliography entries for non-compliant syntax,
or select author-year BibTeX style, e.g. plainnat

)
 ***********
LaTeX2e <2025-11-01>
L3 programming layer <2025-12-24>
 ***********


LaTeX Font Warning: Some font shapes were not available, defaults substituted.


LaTeX Warning: There were undefined references.


LaTeX Warning: Label(s) may have changed. Rerun to get cross-references right.


Package rerunfilecheck Warning: File `main.out' has changed.
(rerunfilecheck)                Rerun to get outlines right
(rerunfilecheck)                or use package `bookmark'.

Package rerunfilecheck Info: Checksums for `main.out':
(rerunfilecheck)             Before: 270E0956608C6F9475AC0C27208A18FD;606
(rerunfilecheck)             After:  D4256A229BA3D0F4E7088D3EC5FEA148;12301.
 ) 
Here is how much of TeX's memory you used:
 15787 strings out of 402986
 246264 string characters out of 5448503
 708486 words of memory out of 5000000
 44291 multiletter control sequences out of 15000+600000
 725655 words of font info for 131 fonts, out of 8000000 for 9000
 1348 hyphenation exceptions out of 8191
 72i,14n,79p,2078b,591s stack positions out of 10000i,1000n,20000p,200000b,200000s

Output written on main.pdf (32 pages).
