\BOOKMARK [1][-]{section.1}{\376\377\000I\000n\000t\000r\000o\000d\000u\000c\000t\000i\000o\000n\000\040\137\025\212\000\377\032\213\304\122\006\123\163\130\360\146\016\377\014\213\304\123\167\116\272\123\163\116\023\133\266}{}% 1
\BOOKMARK [2][-]{subsection.1.1}{\376\377\000T\000h\000e\000\040\000E\000d\000u\000c\000a\000t\000i\000o\000n\000a\000l\000\040\000A\000s\000s\000e\000s\000s\000m\000e\000n\000t\000\040\000L\000a\000n\000d\000s\000c\000a\000p\000e\000\040\145\131\200\262\213\304\117\060\150\074\134\100}{section.1}% 2
\BOOKMARK [2][-]{subsection.1.2}{\376\377\000T\000h\000e\000\040\000A\000u\000d\000i\000t\000\040\000G\000a\000p\000\040\000i\000n\000\040\000E\000d\000u\000c\000a\000t\000i\000o\000n\000\040\145\131\200\262\133\241\213\241\177\072\123\343}{section.1}% 3
\BOOKMARK [2][-]{subsection.1.3}{\376\377\000M\000a\000p\000p\000i\000n\000g\000\040\000E\000d\000u\000c\000a\000t\000i\000o\000n\000\040\000t\000o\000\040\000S\000C\000X\000\040\145\131\200\262\122\060\000S\000C\000X\166\204\146\040\134\004}{section.1}% 4
\BOOKMARK [2][-]{subsection.1.4}{\376\377\000O\000u\000r\000\040\000C\000o\000n\000t\000r\000i\000b\000u\000t\000i\000o\000n}{section.1}% 5
\BOOKMARK [1][-]{section.2}{\376\377\000F\000o\000r\000m\000a\000l\000i\000z\000a\000t\000i\000o\000n\000:\000\040\000T\000h\000e\000\040\000A\000s\000s\000e\000s\000s\000m\000e\000n\000t\000\040\000S\000c\000o\000r\000i\000n\000g\000\040\000G\000a\000m\000e\000\040\137\142\137\017\123\026\377\032\213\304\117\060\213\304\122\006\123\132\137\010}{}% 6
\BOOKMARK [2][-]{subsection.2.1}{\376\377\000T\000h\000e\000\040\000A\000s\000s\000e\000s\000s\000m\000e\000n\000t\000\040\000S\000t\000a\000t\000e\000\040\000S\000p\000a\000c\000e\000\040\213\304\117\060\162\266\140\001\172\172\225\364}{section.2}% 7
\BOOKMARK [2][-]{subsection.2.2}{\376\377\000T\000h\000e\000\040\000G\000r\000a\000d\000e\000r\000\040\000a\000s\000\040\000E\000x\000p\000e\000r\000t\000\040\213\304\123\167\116\272\117\134\116\072\116\023\133\266}{section.2}% 8
\BOOKMARK [2][-]{subsection.2.3}{\376\377\000T\000h\000e\000\040\000R\000u\000b\000r\000i\000c\000\040\000a\000s\000\040\000S\000i\000t\000u\000s\000\040\000E\000n\000c\000o\000d\000i\000n\000g\000\040\213\304\122\006\150\007\121\306\117\134\116\072\000S\000i\000t\000u\000s\177\026\170\001}{section.2}% 9
\BOOKMARK [2][-]{subsection.2.4}{\376\377\000C\000o\000r\000e\000\040\000A\000s\000s\000u\000m\000p\000t\000i\000o\000n\000s\000\040\150\070\137\303\120\107\213\276}{section.2}% 10
\BOOKMARK [1][-]{section.3}{\376\377\000T\000h\000e\000o\000r\000e\000m\000\040\0001\000:\000\040\000M\000u\000l\000t\000i\000-\000G\000r\000a\000d\000e\000r\000\040\000D\000e\000t\000e\000c\000t\000i\000o\000n\000\040\000B\000o\000u\000n\000d\000\040\133\232\164\006\0001\377\032\131\032\213\304\123\167\116\272\150\300\155\113\165\114}{}% 11
\BOOKMARK [1][-]{section.4}{\376\377\000T\000h\000e\000o\000r\000e\000m\000\040\0002\000:\000\040\000R\000u\000b\000r\000i\000c\000\040\000C\000o\000n\000s\000e\000n\000s\000u\000s\000\040\000=\000\040\000Y\000a\000j\000i\000e\000\040\000C\000o\000n\000s\000e\000n\000s\000u\000s\000\040\133\232\164\006\0002\377\032\213\304\122\006\150\007\121\306\121\161\213\306\123\163\000Y\000a\000j\000i\000e\121\161\213\306}{}% 12
\BOOKMARK [1][-]{section.5}{\376\377\000T\000h\000e\000o\000r\000e\000m\000\040\0003\000:\000\040\000G\000r\000a\000d\000e\000\040\000I\000n\000f\000l\000a\000t\000i\000o\000n\000\040\000D\000e\000t\000e\000c\000t\000i\000o\000n\000\040\133\232\164\006\0003\377\032\122\006\145\160\201\250\200\300\150\300\155\113}{}% 13
\BOOKMARK [1][-]{section.6}{\376\377\000T\000h\000e\000o\000r\000e\000m\000\040\0004\000:\000\040\000B\000l\000i\000n\000d\000\040\000G\000r\000a\000d\000i\000n\000g\000\040\000=\000\040\000A\0001\000\040\000E\000n\000f\000o\000r\000c\000e\000m\000e\000n\000t\000\040\133\232\164\006\0004\377\032\166\362\133\241\123\163\000A\0001\137\072\122\066}{}% 14
\BOOKMARK [1][-]{section.7}{\376\377\000T\000h\000e\000o\000r\000e\000m\000\040\0005\000:\000\040\000A\000I\000-\000H\000u\000m\000a\000n\000\040\000G\000r\000a\000d\000i\000n\000g\000\040\000=\000\040\000M\000u\000l\000t\000i\000-\000M\000o\000d\000a\000l\000\040\000A\000u\000d\000i\000t\000\040\133\232\164\006\0005\377\032\000A\000I\116\016\116\272\174\173\213\304\122\006\123\163\131\032\152\041\140\001\133\241\213\241}{}% 15
\BOOKMARK [1][-]{section.8}{\376\377\000T\000h\000e\000\040\000C\000e\000r\000c\000i\000s\000\040\000S\000c\000o\000r\000e\000\040\000f\000o\000r\000\040\000A\000s\000s\000e\000s\000s\000m\000e\000n\000t\000\040\000S\000y\000s\000t\000e\000m\000s\000\040\213\304\117\060\174\373\176\337\166\204\000C\000e\000r\000c\000i\000s\213\304\122\006}{}% 16
\BOOKMARK [1][-]{section.9}{\376\377\000E\000x\000p\000e\000r\000i\000m\000e\000n\000t\000a\000l\000\040\000P\000r\000o\000t\000o\000c\000o\000l\000s\000\040\133\236\232\214\145\271\150\110}{}% 17
\BOOKMARK [2][-]{subsection.9.1}{\376\377\000P\000r\000o\000t\000o\000c\000o\000l\000\040\0001\000:\000\040\000G\000a\000o\000k\000a\000o\000\040\000E\000s\000s\000a\000y\000\040\000S\000c\000o\000r\000i\000n\000g\000\040\000A\000u\000d\000i\000t\000\040\232\330\200\003\117\134\145\207\213\304\122\006\133\241\213\241}{section.9}% 18
\BOOKMARK [2][-]{subsection.9.2}{\376\377\000P\000r\000o\000t\000o\000c\000o\000l\000\040\0002\000:\000\040\000S\000A\000T\000\040\000E\000s\000s\000a\000y\000\040\000S\000c\000o\000r\000i\000n\000g\000\040\000A\000u\000d\000i\000t\000\040\000S\000A\000T\117\134\145\207\213\304\122\006\133\241\213\241}{section.9}% 19
\BOOKMARK [2][-]{subsection.9.3}{\376\377\000P\000r\000o\000t\000o\000c\000o\000l\000\040\0003\000:\000\040\000A\000I\000-\000A\000s\000s\000i\000s\000t\000e\000d\000\040\000C\000l\000a\000s\000s\000r\000o\000o\000m\000\040\000G\000r\000a\000d\000i\000n\000g\000\040\000A\000I\217\205\122\251\213\376\130\002\213\304\122\006}{section.9}% 20
\BOOKMARK [1][-]{section.10}{\376\377\000D\000i\000s\000c\000u\000s\000s\000i\000o\000n\000\040\213\250\213\272}{}% 21
\BOOKMARK [2][-]{subsection.10.1}{\376\377\000T\000h\000e\000\040\000C\000o\000s\000t\000\040\000o\000f\000\040\000C\000e\000r\000t\000i\000f\000i\000c\000a\000t\000i\000o\000n\000\040\213\244\213\301\166\204\142\020\147\054}{section.10}% 22
\BOOKMARK [2][-]{subsection.10.2}{\376\377\000I\000r\000r\000e\000d\000u\000c\000i\000b\000l\000e\000\040\000I\000n\000t\000e\000r\000-\000G\000r\000a\000d\000e\000r\000\040\000C\000o\000r\000r\000e\000l\000a\000t\000i\000o\000n\000\040\116\015\123\357\155\210\226\144\166\204\213\304\123\167\116\272\166\370\121\163\140\047}{section.10}% 23
\BOOKMARK [2][-]{subsection.10.3}{\376\377\000R\000u\000b\000r\000i\000c\000\040\000I\000n\000c\000o\000m\000m\000e\000n\000s\000u\000r\000a\000b\000i\000l\000i\000t\000y\000\040\213\304\122\006\150\007\121\306\116\015\123\357\220\032\176\246\140\047}{section.10}% 24
\BOOKMARK [2][-]{subsection.10.4}{\376\377\000T\000h\000e\000\040\000P\000o\000l\000i\000t\000i\000c\000a\000l\000\040\000E\000c\000o\000n\000o\000m\000y\000\040\000o\000f\000\040\000G\000r\000a\000d\000e\000\040\000I\000n\000f\000l\000a\000t\000i\000o\000n\000\040\122\006\145\160\201\250\200\300\166\204\145\077\154\273\176\317\155\116\133\146}{section.10}% 25
\BOOKMARK [2][-]{subsection.10.5}{\376\377\000L\000i\000m\000i\000t\000a\000t\000i\000o\000n\000s\000\040\134\100\226\120\140\047}{section.10}% 26
\BOOKMARK [1][-]{section.11}{\376\377\000C\000o\000n\000c\000l\000u\000s\000i\000o\000n\000\040\176\323\213\272}{}% 27
