\BOOKMARK [1][-]{section.1}{\376\377\000I\000n\000t\000r\000o\000d\000u\000c\000t\000i\000o\000n}{}% 1
\BOOKMARK [2][-]{subsection.1.1}{\376\377\000M\000o\000t\000i\000v\000a\000t\000i\000o\000n}{section.1}% 2
\BOOKMARK [2][-]{subsection.1.2}{\376\377\000T\000h\000e\000\040\000L\000u\000c\000a\000s\000\040\000C\000r\000i\000t\000i\000q\000u\000e\000\040\000a\000n\000d\000\040\000S\000t\000r\000u\000c\000t\000u\000r\000a\000l\000\040\000B\000r\000e\000a\000k\000s}{section.1}% 3
\BOOKMARK [2][-]{subsection.1.3}{\376\377\000C\000o\000n\000t\000r\000i\000b\000u\000t\000i\000o\000n\000s}{section.1}% 4
\BOOKMARK [1][-]{section.2}{\376\377\000R\000e\000l\000a\000t\000e\000d\000\040\000W\000o\000r\000k}{}% 5
\BOOKMARK [2][-]{subsection.2.1}{\376\377\000M\000a\000c\000r\000o\000e\000c\000o\000n\000o\000m\000i\000c\000\040\000F\000o\000r\000e\000c\000a\000s\000t\000i\000n\000g\000\040\000M\000o\000d\000e\000l\000s}{section.2}% 6
\BOOKMARK [2][-]{subsection.2.2}{\376\377\000F\000o\000r\000e\000c\000a\000s\000t\000\040\000C\000o\000m\000b\000i\000n\000a\000t\000i\000o\000n\000\040\000a\000n\000d\000\040\000E\000n\000s\000e\000m\000b\000l\000e\000s}{section.2}% 7
\BOOKMARK [2][-]{subsection.2.3}{\376\377\000S\000t\000r\000u\000c\000t\000u\000r\000a\000l\000\040\000B\000r\000e\000a\000k\000\040\000D\000e\000t\000e\000c\000t\000i\000o\000n}{section.2}% 8
\BOOKMARK [2][-]{subsection.2.4}{\376\377\000T\000h\000e\000\040\000L\000u\000c\000a\000s\000\040\000C\000r\000i\000t\000i\000q\000u\000e\000:\000\040\000T\000h\000e\000o\000r\000y\000\040\000a\000n\000d\000\040\000P\000r\000a\000c\000t\000i\000c\000e}{section.2}% 9
\BOOKMARK [1][-]{section.3}{\376\377\000P\000r\000e\000l\000i\000m\000i\000n\000a\000r\000i\000e\000s\000\040\000a\000n\000d\000\040\000A\000s\000s\000u\000m\000p\000t\000i\000o\000n\000s}{}% 10
\BOOKMARK [2][-]{subsection.3.1}{\376\377\000N\000o\000t\000a\000t\000i\000o\000n}{section.3}% 11
\BOOKMARK [2][-]{subsection.3.2}{\376\377\000M\000o\000d\000e\000l\000\040\000S\000p\000e\000c\000i\000f\000i\000c\000a\000t\000i\000o\000n\000s}{section.3}% 12
\BOOKMARK [3][-]{subsubsection.3.2.1}{\376\377\000D\000S\000G\000E\000\040\000M\000o\000d\000e\000l\000\040\000\050\000S\000m\000e\000t\000s\000-\000W\000o\000u\000t\000e\000r\000s\000\051}{subsection.3.2}% 13
\BOOKMARK [3][-]{subsubsection.3.2.2}{\376\377\000V\000A\000R\000\040\000a\000n\000d\000\040\000B\000V\000A\000R\000\040\000M\000o\000d\000e\000l\000s}{subsection.3.2}% 14
\BOOKMARK [3][-]{subsubsection.3.2.3}{\376\377\000A\000g\000e\000n\000t\000-\000B\000a\000s\000e\000d\000\040\000M\000o\000d\000e\000l\000\040\000\050\000A\000B\000M\000\051}{subsection.3.2}% 15
\BOOKMARK [3][-]{subsubsection.3.2.4}{\376\377\000M\000a\000c\000h\000i\000n\000e\000\040\000L\000e\000a\000r\000n\000i\000n\000g\000\040\000M\000o\000d\000e\000l\000s}{subsection.3.2}% 16
\BOOKMARK [2][-]{subsection.3.3}{\376\377\000C\000o\000r\000e\000\040\000A\000s\000s\000u\000m\000p\000t\000i\000o\000n\000s}{section.3}% 17
\BOOKMARK [1][-]{section.4}{\376\377\000T\000h\000e\000o\000r\000e\000m\000\040\0001\000:\000\040\000M\000u\000l\000t\000i\000-\000M\000o\000d\000e\000l\000\040\000F\000o\000r\000e\000c\000a\000s\000t\000\040\000E\000r\000r\000o\000r\000\040\000D\000e\000t\000e\000c\000t\000i\000o\000n}{}% 18
\BOOKMARK [2][-]{subsection.4.1}{\376\377\000S\000t\000a\000t\000e\000m\000e\000n\000t}{section.4}% 19
\BOOKMARK [2][-]{subsection.4.2}{\376\377\000P\000r\000o\000o\000f\000\040\000o\000f\000\040\000T\000h\000e\000o\000r\000e\000m\000\040\0004\000.\0001}{section.4}% 20
\BOOKMARK [2][-]{subsection.4.3}{\376\377\000I\000n\000t\000e\000r\000p\000r\000e\000t\000a\000t\000i\000o\000n\000\040\000a\000n\000d\000\040\000I\000m\000p\000l\000i\000c\000a\000t\000i\000o\000n\000s}{section.4}% 21
\BOOKMARK [1][-]{section.5}{\376\377\000T\000h\000e\000o\000r\000e\000m\000\040\0002\000:\000\040\000M\000o\000d\000e\000l\000\040\000M\000i\000s\000s\000p\000e\000c\000i\000f\000i\000c\000a\000t\000i\000o\000n\000\040\000v\000s\000.\000\040\000S\000t\000r\000u\000c\000t\000u\000r\000a\000l\000\040\000B\000r\000e\000a\000k\000\040\000U\000n\000i\000d\000e\000n\000t\000i\000f\000i\000a\000b\000i\000l\000i\000t\000y}{}% 22
\BOOKMARK [2][-]{subsection.5.1}{\376\377\000M\000o\000t\000i\000v\000a\000t\000i\000o\000n\000:\000\040\000T\000h\000e\000\040\000L\000u\000c\000a\000s\000\040\000C\000r\000i\000t\000i\000q\000u\000e}{section.5}% 23
\BOOKMARK [2][-]{subsection.5.2}{\376\377\000F\000o\000r\000m\000a\000l\000\040\000F\000r\000a\000m\000e\000w\000o\000r\000k}{section.5}% 24
\BOOKMARK [2][-]{subsection.5.3}{\376\377\000T\000h\000e\000\040\000T\000w\000o\000\040\000H\000y\000p\000o\000t\000h\000e\000s\000e\000s}{section.5}% 25
\BOOKMARK [2][-]{subsection.5.4}{\376\377\000T\000h\000e\000o\000r\000e\000m\000\040\000S\000t\000a\000t\000e\000m\000e\000n\000t}{section.5}% 26
\BOOKMARK [2][-]{subsection.5.5}{\376\377\000P\000r\000o\000o\000f\000\040\000o\000f\000\040\000T\000h\000e\000o\000r\000e\000m\000\040\0005\000.\0002}{section.5}% 27
\BOOKMARK [2][-]{subsection.5.6}{\376\377\000C\000a\000u\000s\000a\000l\000\040\000C\000o\000u\000n\000t\000e\000r\000f\000a\000c\000t\000u\000a\000l\000\040\000C\000o\000r\000o\000l\000l\000a\000r\000y}{section.5}% 28
\BOOKMARK [2][-]{subsection.5.7}{\376\377\000D\000i\000s\000c\000u\000s\000s\000i\000o\000n\000:\000\040\000I\000m\000p\000l\000i\000c\000a\000t\000i\000o\000n\000s\000\040\000f\000o\000r\000\040\000S\000C\000X}{section.5}% 29
\BOOKMARK [1][-]{section.6}{\376\377\000T\000h\000e\000o\000r\000e\000m\000\040\0003\000:\000\040\000T\000h\000e\000\040\000C\000e\000r\000c\000i\000s\000\040\000S\000c\000o\000r\000e\000\040\000f\000o\000r\000\040\000M\000a\000c\000r\000o\000e\000c\000o\000n\000o\000m\000i\000c\000\040\000F\000o\000r\000e\000c\000a\000s\000t\000\040\000E\000v\000a\000l\000u\000a\000t\000i\000o\000n}{}% 30
\BOOKMARK [2][-]{subsection.6.1}{\376\377\000M\000o\000t\000i\000v\000a\000t\000i\000o\000n}{section.6}% 31
\BOOKMARK [2][-]{subsection.6.2}{\376\377\000C\000o\000m\000p\000o\000n\000e\000n\000t\000s\000\040\000o\000f\000\040\000t\000h\000e\000\040\000C\000e\000r\000c\000i\000s\000\040\000S\000c\000o\000r\000e}{section.6}% 32
\BOOKMARK [3][-]{subsubsection.6.2.1}{\376\377\000P\000r\000e\000d\000i\000c\000t\000i\000v\000e\000\040\000A\000c\000c\000u\000r\000a\000c\000y\000:\000\040\000Q}{subsection.6.2}% 33
\BOOKMARK [3][-]{subsubsection.6.2.2}{\376\377\000R\000e\000g\000i\000m\000e\000\040\000N\000o\000v\000e\000l\000t\000y\000:\000\040\000N}{subsection.6.2}% 34
\BOOKMARK [3][-]{subsubsection.6.2.3}{\376\377\000C\000o\000m\000p\000o\000s\000i\000t\000e\000\040\000C\000e\000r\000c\000i\000s\000\040\000S\000c\000o\000r\000e}{subsection.6.2}% 35
\BOOKMARK [2][-]{subsection.6.3}{\376\377\000P\000r\000o\000p\000e\000r\000t\000i\000e\000s\000\040\000o\000f\000\040\000t\000h\000e\000\040\000C\000e\000r\000c\000i\000s\000\040\000S\000c\000o\000r\000e}{section.6}% 36
\BOOKMARK [2][-]{subsection.6.4}{\376\377\000O\000p\000t\000i\000m\000a\000l\000\040\000N\000o\000v\000e\000l\000t\000y\000\040\000W\000e\000i\000g\000h\000t\000\040\000v\000i\000a\000\040\000R\000e\000g\000i\000m\000e\000\040\000T\000r\000a\000n\000s\000i\000t\000i\000o\000n\000\040\000T\000r\000a\000d\000e\000-\000o\000f\000f}{section.6}% 37
\BOOKMARK [1][-]{section.7}{\376\377\000S\000C\000X\000\040\000M\000u\000l\000t\000i\000-\000M\000o\000d\000e\000l\000\040\000A\000r\000c\000h\000i\000t\000e\000c\000t\000u\000r\000e}{}% 38
\BOOKMARK [2][-]{subsection.7.1}{\376\377\000S\000y\000s\000t\000e\000m\000\040\000O\000v\000e\000r\000v\000i\000e\000w}{section.7}% 39
\BOOKMARK [2][-]{subsection.7.2}{\376\377\000M\000o\000d\000e\000l\000\040\000E\000n\000s\000e\000m\000b\000l\000e\000:\000\040\000D\000e\000t\000a\000i\000l\000e\000d\000\040\000S\000p\000e\000c\000i\000f\000i\000c\000a\000t\000i\000o\000n}{section.7}% 40
\BOOKMARK [3][-]{subsubsection.7.2.1}{\376\377\000D\000S\000G\000E\000\040\000M\000o\000d\000u\000l\000e}{subsection.7.2}% 41
\BOOKMARK [3][-]{subsubsection.7.2.2}{\376\377\000V\000A\000R\000/\000B\000V\000A\000R\000\040\000M\000o\000d\000u\000l\000e}{subsection.7.2}% 42
\BOOKMARK [3][-]{subsubsection.7.2.3}{\376\377\000A\000B\000M\000\040\000M\000o\000d\000u\000l\000e}{subsection.7.2}% 43
\BOOKMARK [3][-]{subsubsection.7.2.4}{\376\377\000M\000L\000\040\000M\000o\000d\000u\000l\000e}{subsection.7.2}% 44
\BOOKMARK [2][-]{subsection.7.3}{\376\377\000Y\000a\000j\000i\000e\000:\000\040\000M\000u\000l\000t\000i\000-\000M\000o\000d\000e\000l\000\040\000C\000o\000n\000s\000e\000n\000s\000u\000s\000\040\000A\000g\000g\000r\000e\000g\000a\000t\000i\000o\000n}{section.7}% 45
\BOOKMARK [2][-]{subsection.7.4}{\376\377\000S\000p\000r\000i\000n\000g\000:\000\040\000S\000t\000r\000u\000c\000t\000u\000r\000a\000l\000\040\000B\000r\000e\000a\000k\000\040\000D\000e\000t\000e\000c\000t\000i\000o\000n}{section.7}% 46
\BOOKMARK [1][-]{section.8}{\376\377\000E\000m\000p\000i\000r\000i\000c\000a\000l\000\040\000E\000v\000a\000l\000u\000a\000t\000i\000o\000n}{}% 47
\BOOKMARK [2][-]{subsection.8.1}{\376\377\000D\000a\000t\000a\000:\000\040\000F\000R\000E\000D\000-\000Q\000D\000\040\0001\0009\0006\0000\040\023\0002\0000\0002\0004}{section.8}% 48
\BOOKMARK [2][-]{subsection.8.2}{\376\377\000B\000e\000n\000c\000h\000m\000a\000r\000k\000\040\000E\000v\000e\000n\000t\000s}{section.8}% 49
\BOOKMARK [2][-]{subsection.8.3}{\376\377\000F\000o\000r\000e\000c\000a\000s\000t\000\040\000D\000e\000s\000i\000g\000n}{section.8}% 50
\BOOKMARK [2][-]{subsection.8.4}{\376\377\000R\000e\000s\000u\000l\000t\000s}{section.8}% 51
\BOOKMARK [3][-]{subsubsection.8.4.1}{\376\377\000O\000v\000e\000r\000a\000l\000l\000\040\000F\000o\000r\000e\000c\000a\000s\000t\000\040\000A\000c\000c\000u\000r\000a\000c\000y}{subsection.8.4}% 52
\BOOKMARK [3][-]{subsubsection.8.4.2}{\376\377\000P\000e\000r\000f\000o\000r\000m\000a\000n\000c\000e\000\040\000A\000r\000o\000u\000n\000d\000\040\000S\000t\000r\000u\000c\000t\000u\000r\000a\000l\000\040\000B\000r\000e\000a\000k\000s}{subsection.8.4}% 53
\BOOKMARK [3][-]{subsubsection.8.4.3}{\376\377\000R\000e\000g\000i\000m\000e\000\040\000C\000l\000a\000s\000s\000i\000f\000i\000c\000a\000t\000i\000o\000n\000\040\000A\000c\000c\000u\000r\000a\000c\000y}{subsection.8.4}% 54
\BOOKMARK [3][-]{subsubsection.8.4.4}{\376\377\000C\000e\000r\000c\000i\000s\000\040\000S\000c\000o\000r\000e\000\040\000D\000e\000c\000o\000m\000p\000o\000s\000i\000t\000i\000o\000n}{subsection.8.4}% 55
\BOOKMARK [2][-]{subsection.8.5}{\376\377\000A\000b\000l\000a\000t\000i\000o\000n\000\040\000S\000t\000u\000d\000i\000e\000s}{section.8}% 56
\BOOKMARK [3][-]{subsubsection.8.5.1}{\376\377\000M\000o\000d\000e\000l\000\040\000F\000a\000m\000i\000l\000y\000\040\000C\000o\000n\000t\000r\000i\000b\000u\000t\000i\000o\000n}{subsection.8.5}% 57
\BOOKMARK [3][-]{subsubsection.8.5.2}{\376\377\000E\000f\000f\000e\000c\000t\000i\000v\000e\000\040\000M\000o\000d\000e\000l\000\040\000C\000o\000u\000n\000t\000\040\000M\000e\000f\000f}{subsection.8.5}% 58
\BOOKMARK [1][-]{section.9}{\376\377\000D\000i\000s\000c\000u\000s\000s\000i\000o\000n}{}% 59
\BOOKMARK [2][-]{subsection.9.1}{\376\377\000I\000m\000p\000l\000i\000c\000a\000t\000i\000o\000n\000s\000\040\000f\000o\000r\000\040\000M\000a\000c\000r\000o\000e\000c\000o\000n\000o\000m\000i\000c\000\040\000F\000o\000r\000e\000c\000a\000s\000t\000i\000n\000g\000\040\000P\000r\000a\000c\000t\000i\000c\000e}{section.9}% 60
\BOOKMARK [2][-]{subsection.9.2}{\376\377\000L\000i\000m\000i\000t\000a\000t\000i\000o\000n\000s}{section.9}% 61
\BOOKMARK [2][-]{subsection.9.3}{\376\377\000C\000o\000n\000n\000e\000c\000t\000i\000o\000n\000\040\000t\000o\000\040\000C\000h\000i\000n\000e\000s\000e\000\040\000M\000a\000c\000r\000o\000e\000c\000o\000n\000o\000m\000i\000c\000\040\000F\000o\000r\000e\000c\000a\000s\000t\000i\000n\000g}{section.9}% 62
\BOOKMARK [2][-]{subsection.9.4}{\376\377\000F\000u\000t\000u\000r\000e\000\040\000D\000i\000r\000e\000c\000t\000i\000o\000n\000s}{section.9}% 63
\BOOKMARK [1][-]{section.10}{\376\377\000C\000o\000n\000c\000l\000u\000s\000i\000o\000n}{}% 64
\BOOKMARK [1][-]{appendix.A}{\376\377\000P\000r\000o\000o\000f\000\040\000o\000f\000\040\000T\000h\000e\000o\000r\000e\000m\000\040\0004\000.\0001\000:\000\040\000E\000x\000t\000e\000n\000d\000e\000d\000\040\000V\000e\000r\000s\000i\000o\000n}{}% 65
\BOOKMARK [2][-]{subsection.A.1}{\376\377\000S\000e\000t\000t\000i\000n\000g}{appendix.A}% 66
\BOOKMARK [2][-]{subsection.A.2}{\376\377\000E\000f\000f\000e\000c\000t\000i\000v\000e\000\040\000S\000a\000m\000p\000l\000e\000\040\000S\000i\000z\000e\000\040\000D\000e\000r\000i\000v\000a\000t\000i\000o\000n}{appendix.A}% 67
\BOOKMARK [2][-]{subsection.A.3}{\376\377\000B\000o\000u\000n\000d\000\040\000w\000i\000t\000h\000\040\000B\000l\000o\000c\000k\000-\000D\000i\000a\000g\000o\000n\000a\000l\000\040\000C\000o\000v\000a\000r\000i\000a\000n\000c\000e}{appendix.A}% 68
\BOOKMARK [1][-]{appendix.B}{\376\377\000P\000r\000o\000o\000f\000\040\000o\000f\000\040\000T\000h\000e\000o\000r\000e\000m\000\040\0005\000.\0002\000:\000\040\000E\000x\000t\000e\000n\000d\000e\000d\000\040\000V\000e\000r\000s\000i\000o\000n}{}% 69
\BOOKMARK [2][-]{subsection.B.1}{\376\377\000F\000o\000r\000m\000a\000l\000\040\000D\000e\000f\000i\000n\000i\000t\000i\000o\000n\000\040\000o\000f\000\040\000O\000b\000s\000e\000r\000v\000a\000t\000i\000o\000n\000a\000l\000\040\000E\000q\000u\000i\000v\000a\000l\000e\000n\000c\000e}{appendix.B}% 70
\BOOKMARK [2][-]{subsection.B.2}{\376\377\000C\000o\000n\000s\000t\000r\000u\000c\000t\000i\000v\000e\000\040\000P\000r\000o\000o\000f\000\040\000v\000i\000a\000\040\000P\000a\000r\000a\000m\000e\000t\000e\000r\000\040\000E\000q\000u\000i\000v\000a\000l\000e\000n\000c\000e\000\040\000C\000l\000a\000s\000s}{appendix.B}% 71
\BOOKMARK [2][-]{subsection.B.3}{\376\377\000C\000o\000n\000n\000e\000c\000t\000i\000o\000n\000\040\000t\000o\000\040\000P\000a\000r\000t\000i\000a\000l\000\040\000I\000d\000e\000n\000t\000i\000f\000i\000c\000a\000t\000i\000o\000n\000\040\000L\000i\000t\000e\000r\000a\000t\000u\000r\000e}{appendix.B}% 72
\BOOKMARK [1][-]{appendix.C}{\376\377\000C\000e\000r\000c\000i\000s\000\040\000S\000c\000o\000r\000e\000:\000\040\000A\000d\000d\000i\000t\000i\000o\000n\000a\000l\000\040\000D\000e\000r\000i\000v\000a\000t\000i\000o\000n\000s}{}% 73
\BOOKMARK [2][-]{subsection.C.1}{\376\377\000R\000e\000l\000a\000t\000i\000o\000n\000s\000h\000i\000p\000\040\000t\000o\000\040\000P\000r\000o\000p\000e\000r\000\040\000S\000c\000o\000r\000i\000n\000g\000\040\000R\000u\000l\000e\000s}{appendix.C}% 74
\BOOKMARK [2][-]{subsection.C.2}{\376\377\000A\000s\000y\000m\000p\000t\000o\000t\000i\000c\000\040\000D\000i\000s\000t\000r\000i\000b\000u\000t\000i\000o\000n\000\040\000o\000f\000\040\000N\000o\000v\000e\000l\000t\000y\000\040\000N\000t}{appendix.C}% 75
\BOOKMARK [2][-]{subsection.C.3}{\376\377\000S\000e\000n\000s\000i\000t\000i\000v\000i\000t\000y\000\040\000t\000o\000\040\000H\000y\000p\000e\000r\000p\000a\000r\000a\000m\000e\000t\000e\000r\000s}{appendix.C}% 76
\BOOKMARK [1][-]{appendix.D}{\376\377\000A\000d\000d\000i\000t\000i\000o\000n\000a\000l\000\040\000E\000m\000p\000i\000r\000i\000c\000a\000l\000\040\000R\000e\000s\000u\000l\000t\000s}{}% 77
\BOOKMARK [2][-]{subsection.D.1}{\376\377\000D\000e\000n\000s\000i\000t\000y\000\040\000F\000o\000r\000e\000c\000a\000s\000t\000\040\000E\000v\000a\000l\000u\000a\000t\000i\000o\000n}{appendix.D}% 78
\BOOKMARK [2][-]{subsection.D.2}{\376\377\000T\000i\000m\000i\000n\000g\000\040\000o\000f\000\040\000S\000p\000r\000i\000n\000g\000\040\000D\000e\000t\000e\000c\000t\000i\000o\000n}{appendix.D}% 79
\BOOKMARK [2][-]{subsection.D.3}{\376\377\000R\000o\000b\000u\000s\000t\000n\000e\000s\000s\000\040\000t\000o\000\040\000A\000l\000t\000e\000r\000n\000a\000t\000i\000v\000e\000\040\000R\000e\000g\000i\000m\000e\000\040\000D\000e\000f\000i\000n\000i\000t\000i\000o\000n\000s}{appendix.D}% 80
\BOOKMARK [1][-]{appendix.E}{\376\377\000C\000o\000m\000p\000u\000t\000a\000t\000i\000o\000n\000a\000l\000\040\000I\000m\000p\000l\000e\000m\000e\000n\000t\000a\000t\000i\000o\000n\000\040\000D\000e\000t\000a\000i\000l\000s}{}% 81
\BOOKMARK [2][-]{subsection.E.1}{\376\377\000S\000o\000f\000t\000w\000a\000r\000e\000\040\000S\000t\000a\000c\000k}{appendix.E}% 82
\BOOKMARK [2][-]{subsection.E.2}{\376\377\000P\000a\000r\000a\000l\000l\000e\000l\000i\000z\000a\000t\000i\000o\000n\000\040\000S\000t\000r\000a\000t\000e\000g\000y}{appendix.E}% 83
\BOOKMARK [2][-]{subsection.E.3}{\376\377\000R\000e\000p\000r\000o\000d\000u\000c\000i\000b\000i\000l\000i\000t\000y}{appendix.E}% 84
