\BOOKMARK [1][-]{section.1}{\376\377\000M\000a\000i\000n\000\040\000T\000e\000x\000t}{}% 1
\BOOKMARK [1][-]{section.2}{\376\377\000S\000u\000p\000p\000l\000e\000m\000e\000n\000t\000a\000r\000y\000\040\000I\000n\000f\000o\000r\000m\000a\000t\000i\000o\000n}{}% 2
\BOOKMARK [1][-]{section.3}{\376\377\000T\000h\000e\000o\000r\000e\000m\000\040\0001\000:\000\040\000M\000u\000l\000t\000i\000-\000E\000x\000p\000e\000r\000t\000\040\000C\000o\000n\000s\000i\000s\000t\000e\000n\000c\000y\000\040\000N\000o\000i\000s\000e\000\040\000D\000e\000t\000e\000c\000t\000i\000o\000n\000\040\000G\000u\000a\000r\000a\000n\000t\000e\000e}{}% 3
\BOOKMARK [2][-]{subsection.3.1}{\376\377\000N\000o\000t\000a\000t\000i\000o\000n\000\040\000a\000n\000d\000\040\000S\000e\000t\000u\000p}{section.3}% 4
\BOOKMARK [2][-]{subsection.3.2}{\376\377\000A\000s\000s\000u\000m\000p\000t\000i\000o\000n\000s\000\040\000\050\000A\0001\000\051\040\023\000\050\000A\0006\000\051}{section.3}% 5
\BOOKMARK [2][-]{subsection.3.3}{\376\377\000L\000e\000m\000m\000a\000\040\0001\000:\000\040\000M\000e\000a\000n\000\040\000S\000e\000p\000a\000r\000a\000t\000i\000o\000n}{section.3}% 6
\BOOKMARK [2][-]{subsection.3.4}{\376\377\000L\000e\000m\000m\000a\000\040\0002\000:\000\040\000F\000a\000l\000s\000e\000\040\000P\000o\000s\000i\000t\000i\000v\000e\000\040\000R\000a\000t\000e\000\040\000B\000o\000u\000n\000d}{section.3}% 7
\BOOKMARK [2][-]{subsection.3.5}{\376\377\000L\000e\000m\000m\000a\000\040\0003\000:\000\040\000T\000r\000u\000e\000\040\000P\000o\000s\000i\000t\000i\000v\000e\000\040\000R\000a\000t\000e\000\040\000B\000o\000u\000n\000d}{section.3}% 8
\BOOKMARK [2][-]{subsection.3.6}{\376\377\000P\000r\000o\000o\000f\000\040\000o\000f\000\040\000T\000h\000e\000o\000r\000e\000m\000\040\0001\000:\000\040\000F\0001\000\040\000L\000o\000w\000e\000r\000\040\000B\000o\000u\000n\000d}{section.3}% 9
\BOOKMARK [2][-]{subsection.3.7}{\376\377\000C\000h\000e\000r\000n\000o\000f\000f\000\040\000T\000i\000g\000h\000t\000e\000n\000i\000n\000g}{section.3}% 10
\BOOKMARK [2][-]{subsection.3.8}{\376\377\000C\000o\000r\000o\000l\000l\000a\000r\000i\000e\000s}{section.3}% 11
\BOOKMARK [2][-]{subsection.3.9}{\376\377\000C\000o\000n\000n\000e\000c\000t\000i\000o\000n\000\040\000t\000o\000\040\000D\000a\000w\000i\000d\040\023\000S\000k\000e\000n\000e}{section.3}% 12
\BOOKMARK [1][-]{section.4}{\376\377\000T\000h\000e\000o\000r\000e\000m\000\040\0002\000:\000\040\000W\000e\000a\000k\000\040\000F\000e\000a\000t\000u\000r\000e\000\040\000F\000a\000i\000l\000u\000r\000e\000\040\000B\000o\000u\000n\000d\000a\000r\000y}{}% 13
\BOOKMARK [2][-]{subsection.4.1}{\376\377\000I\000n\000f\000o\000r\000m\000a\000t\000i\000o\000n\000-\000T\000h\000e\000o\000r\000e\000t\000i\000c\000\040\000S\000e\000t\000u\000p}{section.4}% 14
\BOOKMARK [2][-]{subsection.4.2}{\376\377\000L\000e\000m\000m\000a\000\040\0001\000:\000\040\000S\000t\000a\000t\000e\000\040\000E\000s\000t\000i\000m\000a\000t\000i\000o\000n\000\040\000E\000r\000r\000o\000r\000\040\000\050\000F\000a\000n\000o\000\051}{section.4}% 15
\BOOKMARK [2][-]{subsection.4.3}{\376\377\000L\000e\000m\000m\000a\000\040\0002\000:\000\040\000S\000C\000X\000\040\000R\000e\000l\000i\000a\000b\000i\000l\000i\000t\000y\000\040\000D\000e\000g\000r\000a\000d\000a\000t\000i\000o\000n}{section.4}% 16
\BOOKMARK [2][-]{subsection.4.4}{\376\377\000P\000r\000o\000o\000f\000\040\000o\000f\000\040\000T\000h\000e\000o\000r\000e\000m\000\040\0002\000:\000\040\000A\000U\000C\000,\000\040\000P\000R\000-\000A\000U\000C\000,\000\040\000a\000n\000d\000\040\000F\0001\000\040\000B\000o\000u\000n\000d\000s}{section.4}% 17
\BOOKMARK [2][-]{subsection.4.5}{\376\377\000C\000o\000r\000o\000l\000l\000a\000r\000i\000e\000s}{section.4}% 18
\BOOKMARK [2][-]{subsection.4.6}{\376\377\000P\000r\000a\000c\000t\000i\000c\000a\000l\000\040\000D\000i\000a\000g\000n\000o\000s\000t\000i\000c\000s}{section.4}% 19
\BOOKMARK [1][-]{section.5}{\376\377\000T\000h\000e\000o\000r\000e\000m\000\040\0003\000:\000\040\000N\000o\000i\000s\000e\000-\000D\000i\000f\000f\000i\000c\000u\000l\000t\000y\000\040\000U\000n\000i\000d\000e\000n\000t\000i\000f\000i\000a\000b\000i\000l\000i\000t\000y}{}% 20
\BOOKMARK [2][-]{subsection.5.1}{\376\377\000S\000t\000a\000t\000e\000m\000e\000n\000t\000\040\000a\000n\000d\000\040\000I\000m\000p\000l\000i\000c\000a\000t\000i\000o\000n\000s}{section.5}% 21
\BOOKMARK [2][-]{subsection.5.2}{\376\377\000P\000r\000o\000o\000f\000\040\000f\000o\000r\000\040\000K\000=\0002\000\040\000\050\000B\000i\000n\000a\000r\000y\000\040\000C\000l\000a\000s\000s\000i\000f\000i\000c\000a\000t\000i\000o\000n\000\051}{section.5}% 22
\BOOKMARK [3][-]{subsubsection.5.2.1}{\376\377\000W\000o\000r\000l\000d\000\040\000A\000:\000\040\000N\000o\000i\000s\000e\000-\000D\000r\000i\000v\000e\000n\000\040\000C\000o\000n\000s\000t\000r\000u\000c\000t\000i\000o\000n}{subsection.5.2}% 23
\BOOKMARK [3][-]{subsubsection.5.2.2}{\376\377\000W\000o\000r\000l\000d\000\040\000B\000:\000\040\000D\000i\000f\000f\000i\000c\000u\000l\000t\000y\000-\000D\000r\000i\000v\000e\000n\000\040\000C\000o\000n\000s\000t\000r\000u\000c\000t\000i\000o\000n}{subsection.5.2}% 24
\BOOKMARK [3][-]{subsubsection.5.2.3}{\376\377\000O\000b\000s\000e\000r\000v\000a\000t\000i\000o\000n\000a\000l\000\040\000E\000q\000u\000i\000v\000a\000l\000e\000n\000c\000e\000\040\000V\000e\000r\000i\000f\000i\000c\000a\000t\000i\000o\000n}{subsection.5.2}% 25
\BOOKMARK [3][-]{subsubsection.5.2.4}{\376\377\000A\000l\000g\000o\000r\000i\000t\000h\000m\000\040\000I\000m\000p\000o\000s\000s\000i\000b\000i\000l\000i\000t\000y}{subsection.5.2}% 26
\BOOKMARK [2][-]{subsection.5.3}{\376\377\000E\000x\000t\000e\000n\000s\000i\000o\000n\000\040\000t\000o\000\040\000K\000>\0002\000\040\000\050\000R\000a\000n\000d\000o\000m\000\040\000E\000x\000p\000e\000r\000t\000\040\000C\000o\000n\000s\000t\000r\000u\000c\000t\000i\000o\000n\000\051}{section.5}% 27
\BOOKMARK [2][-]{subsection.5.4}{\376\377\000C\000o\000r\000o\000l\000l\000a\000r\000i\000e\000s\000:\000\040\000W\000h\000i\000c\000h\000\040\000A\000s\000s\000u\000m\000p\000t\000i\000o\000n\000s\000\040\000B\000r\000e\000a\000k\000\040\000U\000n\000i\000d\000e\000n\000t\000i\000f\000i\000a\000b\000i\000l\000i\000t\000y}{section.5}% 28
\BOOKMARK [3][-]{subsubsection.5.4.1}{\376\377\000A\000n\000c\000h\000o\000r\000\040\000L\000a\000b\000e\000l\000s\000\040\000\050\000C\000o\000r\000o\000l\000l\000a\000r\000y\000\040\0001\000\051}{subsection.5.4}% 29
\BOOKMARK [3][-]{subsubsection.5.4.2}{\376\377\000D\000i\000s\000j\000o\000i\000n\000t\000\040\000T\000r\000a\000i\000n\000i\000n\000g\000\040\000D\000a\000t\000a\000\040\000\050\000C\000o\000r\000o\000l\000l\000a\000r\000y\000\040\0002\000\051}{subsection.5.4}% 30
\BOOKMARK [3][-]{subsubsection.5.4.3}{\376\377\000I\000n\000p\000u\000t\000-\000I\000n\000d\000e\000p\000e\000n\000d\000e\000n\000t\000\040\000N\000o\000i\000s\000e\000\040\000\050\000C\000o\000r\000o\000l\000l\000a\000r\000y\000\040\0003\000\051}{subsection.5.4}% 31
\BOOKMARK [3][-]{subsubsection.5.4.4}{\376\377\000S\000t\000a\000t\000e\000\040\000H\000o\000m\000o\000g\000e\000n\000e\000i\000t\000y\000\040\000\050\000C\000o\000r\000o\000l\000l\000a\000r\000y\000\040\0004\000\051}{subsection.5.4}% 32
\BOOKMARK [3][-]{subsubsection.5.4.5}{\376\377\000B\000a\000l\000a\000n\000c\000e\000d\000\040\000E\000r\000r\000o\000r\000\040\000D\000i\000s\000t\000r\000i\000b\000u\000t\000i\000o\000n\000\040\000\050\000C\000o\000r\000o\000l\000l\000a\000r\000y\000\040\0005\000\051}{subsection.5.4}% 33
\BOOKMARK [2][-]{subsection.5.5}{\376\377\000M\000i\000n\000i\000m\000a\000l\000\040\000S\000u\000f\000f\000i\000c\000i\000e\000n\000t\000\040\000A\000s\000s\000u\000m\000p\000t\000i\000o\000n\000\040\000S\000e\000t}{section.5}% 34
\BOOKMARK [2][-]{subsection.5.6}{\376\377\000C\000o\000n\000n\000e\000c\000t\000i\000o\000n\000s\000\040\000t\000o\000\040\000P\000r\000i\000o\000r\000\040\000A\000r\000t}{section.5}% 35
\BOOKMARK [3][-]{subsubsection.5.6.1}{\376\377\000M\000e\000a\000s\000u\000r\000e\000m\000e\000n\000t\000\040\000E\000r\000r\000o\000r\000\040\000M\000o\000d\000e\000l\000s}{subsection.5.6}% 36
\BOOKMARK [3][-]{subsubsection.5.6.2}{\376\377\000L\000a\000b\000e\000l\000\040\000N\000o\000i\000s\000e\000\040\000T\000r\000a\000n\000s\000i\000t\000i\000o\000n\000\040\000M\000a\000t\000r\000i\000x\000\040\000U\000n\000i\000d\000e\000n\000t\000i\000f\000i\000a\000b\000i\000l\000i\000t\000y}{subsection.5.6}% 37
\BOOKMARK [3][-]{subsubsection.5.6.3}{\376\377\000D\000a\000w\000i\000d\000-\000S\000k\000e\000n\000e\000\040\000U\000n\000i\000d\000e\000n\000t\000i\000f\000i\000a\000b\000i\000l\000i\000t\000y}{subsection.5.6}% 38
\BOOKMARK [3][-]{subsubsection.5.6.4}{\376\377\000C\000a\000u\000s\000a\000l\000\040\000S\000t\000r\000u\000c\000t\000u\000r\000e\000\040\000U\000n\000i\000d\000e\000n\000t\000i\000f\000i\000a\000b\000i\000l\000i\000t\000y}{subsection.5.6}% 39
\BOOKMARK [1][-]{section.6}{\376\377\000T\000h\000e\000o\000r\000e\000m\000\040\0004\000'\000:\000\040\000E\000x\000a\000c\000t\000\040\000C\000o\000n\000s\000t\000a\000n\000t\000\040\000M\000i\000n\000i\000m\000a\000x\000\040\000O\000p\000t\000i\000m\000a\000l\000i\000t\000y}{}% 40
\BOOKMARK [2][-]{subsection.6.1}{\376\377\000S\000t\000a\000t\000e\000m\000e\000n\000t\000\040\000o\000f\000\040\000t\000h\000e\000\040\000T\000h\000e\000o\000r\000e\000m}{section.6}% 41
\BOOKMARK [2][-]{subsection.6.2}{\376\377\000P\000r\000e\000l\000i\000m\000i\000n\000a\000r\000i\000e\000s\000:\000\040\000C\000h\000e\000r\000n\000o\000f\000f\000\040\000I\000n\000f\000o\000r\000m\000a\000t\000i\000o\000n\000\040\000a\000n\000d\000\040\000B\000a\000h\000a\000d\000u\000r\000-\000R\000a\000o}{section.6}% 42
\BOOKMARK [3][-]{subsubsection.6.2.1}{\376\377\000C\000h\000e\000r\000n\000o\000f\000f\000\040\000I\000n\000f\000o\000r\000m\000a\000t\000i\000o\000n}{subsection.6.2}% 43
\BOOKMARK [3][-]{subsubsection.6.2.2}{\376\377\000B\000a\000h\000a\000d\000u\000r\000-\000R\000a\000o\000\040\000T\000h\000e\000o\000r\000e\000m\000\040\000\050\000B\000e\000r\000n\000o\000u\000l\000l\000i\000\040\000C\000a\000s\000e\000\051}{subsection.6.2}% 44
\BOOKMARK [3][-]{subsubsection.6.2.3}{\376\377\000E\000x\000p\000o\000n\000e\000n\000t\000i\000a\000l\000\040\000T\000i\000l\000t\000i\000n\000g}{subsection.6.2}% 45
\BOOKMARK [2][-]{subsection.6.3}{\376\377\000P\000a\000r\000t\000\040\000I\000:\000\040\000A\000c\000h\000i\000e\000v\000a\000b\000i\000l\000i\000t\000y\000\040\000\050\000S\000C\000X\000\040\000U\000p\000p\000e\000r\000\040\000B\000o\000u\000n\000d\000\051}{section.6}% 46
\BOOKMARK [3][-]{subsubsection.6.3.1}{\376\377\000L\000e\000m\000m\000a\000\040\000A\000:\000\040\000B\000a\000h\000a\000d\000u\000r\000-\000R\000a\000o\000\040\000E\000x\000a\000c\000t\000\040\000A\000s\000y\000m\000p\000t\000o\000t\000i\000c\000s\000\040\000f\000o\000r\000\040\000B\000e\000r\000n\000o\000u\000l\000l\000i}{subsection.6.3}% 47
\BOOKMARK [3][-]{subsubsection.6.3.2}{\376\377\000A\000p\000p\000l\000i\000c\000a\000t\000i\000o\000n\000\040\000t\000o\000\040\000F\000P\000R\000\040\000a\000n\000d\000\040\000F\000N\000R}{subsection.6.3}% 48
\BOOKMARK [3][-]{subsubsection.6.3.3}{\376\377\000L\000e\000m\000m\000a\000\040\000B\000:\000\040\000F\0001\000\040\000A\000s\000y\000m\000p\000t\000o\000t\000i\000c\000\040\000E\000x\000p\000a\000n\000s\000i\000o\000n}{subsection.6.3}% 49
\BOOKMARK [3][-]{subsubsection.6.3.4}{\376\377\000L\000e\000m\000m\000a\000\040\000C\000:\000\040\000C\000h\000e\000r\000n\000o\000f\000f\000\040\000I\000n\000f\000o\000r\000m\000a\000t\000i\000o\000n\000\040\000C\000l\000o\000s\000e\000d\000\040\000F\000o\000r\000m}{subsection.6.3}% 50
\BOOKMARK [3][-]{subsubsection.6.3.5}{\376\377\000L\000e\000m\000m\000a\000\040\000D\000:\000\040\000A\000d\000a\000p\000t\000i\000v\000e\000\040\000T\000h\000r\000e\000s\000h\000o\000l\000d\000\040\000O\000p\000t\000i\000m\000a\000l\000i\000t\000y}{subsection.6.3}% 51
\BOOKMARK [2][-]{subsection.6.4}{\376\377\000P\000a\000r\000t\000\040\000I\000I\000:\000\040\000L\000o\000w\000e\000r\000\040\000B\000o\000u\000n\000d\000\040\000\050\000M\000i\000n\000i\000m\000a\000x\000\040\000C\000o\000n\000v\000e\000r\000s\000e\000\051}{section.6}% 52
\BOOKMARK [3][-]{subsubsection.6.4.1}{\376\377\000L\000e\000m\000m\000a\000\040\000E\000:\000\040\000S\000e\000c\000o\000n\000d\000-\000O\000r\000d\000e\000r\000\040\000A\000s\000y\000m\000p\000t\000o\000t\000i\000c\000\040\000L\000o\000w\000e\000r\000\040\000B\000o\000u\000n\000d}{subsection.6.4}% 53
\BOOKMARK [2][-]{subsection.6.5}{\376\377\000P\000a\000r\000t\000\040\000I\000I\000I\000:\000\040\000C\000o\000n\000s\000t\000a\000n\000t\000\040\000M\000a\000t\000c\000h\000i\000n\000g\000\040\000\040\000O\000p\000t\000i\000m\000a\000l\000i\000t\000y}{section.6}% 54
\BOOKMARK [3][-]{subsubsection.6.5.1}{\376\377\000T\000h\000e\000\040\000O\000\050\0001\000\051\000\040\000P\000r\000e\000f\000a\000c\000t\000o\000r\000\040\000C\000a\000n\000c\000e\000l\000l\000a\000t\000i\000o\000n}{subsection.6.5}% 55
\BOOKMARK [3][-]{subsubsection.6.5.2}{\376\377\000P\000r\000o\000o\000f\000\040\000t\000h\000a\000t\000\040\000S\000C\000X\000\040\000A\000c\000h\000i\000e\000v\000e\000s\000\040\000C}{subsection.6.5}% 56
\BOOKMARK [2][-]{subsection.6.6}{\376\377\000P\000a\000r\000t\000\040\000I\000V\000:\000\040\000M\000u\000l\000t\000i\000-\000S\000t\000a\000t\000e\000\040\000A\000g\000g\000r\000e\000g\000a\000t\000i\000o\000n\000\040\000\050\000L\000e\000m\000m\000a\000\040\000F\000\051}{section.6}% 57
\BOOKMARK [2][-]{subsection.6.7}{\376\377\000N\000u\000m\000e\000r\000i\000c\000a\000l\000\040\000V\000e\000r\000i\000f\000i\000c\000a\000t\000i\000o\000n}{section.6}% 58
\BOOKMARK [3][-]{subsubsection.6.7.1}{\376\377\000F\000i\000v\000e\000\040\000P\000a\000r\000a\000m\000e\000t\000e\000r\000\040\000S\000e\000t\000s}{subsection.6.7}% 59
\BOOKMARK [3][-]{subsubsection.6.7.2}{\376\377\000K\000e\000y\000\040\000F\000i\000n\000d\000i\000n\000g\000s}{subsection.6.7}% 60
\BOOKMARK [3][-]{subsubsection.6.7.3}{\376\377\000F\000i\000n\000i\000t\000e\000-\000M\000\040\000C\000o\000n\000v\000e\000r\000g\000e\000n\000c\000e}{subsection.6.7}% 61
\BOOKMARK [1][-]{section.7}{\376\377\000T\000h\000e\000o\000r\000e\000m\000\040\0005\000:\000\040\000C\000l\000u\000s\000t\000e\000r\000\040\000C\000o\000n\000s\000i\000s\000t\000e\000n\000c\000y\000\040\000o\000f\000\040\000S\000t\000a\000t\000e\000\040\000D\000i\000s\000c\000o\000v\000e\000r\000y}{}% 62
\BOOKMARK [2][-]{subsection.7.1}{\376\377\000S\000e\000t\000u\000p\000:\000\040\000F\000i\000x\000e\000d\000-\000K\000\040\000G\000e\000n\000e\000r\000a\000t\000i\000v\000e\000\040\000M\000o\000d\000e\000l\000\040\000w\000i\000t\000h\000\040\000S\000t\000r\000o\000n\000g\000\040\000F\000e\000a\000t\000u\000r\000e\000s}{section.7}% 63
\BOOKMARK [2][-]{subsection.7.2}{\376\377\000L\000e\000m\000m\000a\000\040\0001\000:\000\040\000P\000o\000p\000u\000l\000a\000t\000i\000o\000n\000\040\000M\000i\000n\000i\000m\000i\000z\000e\000r\000\040\000P\000r\000o\000x\000i\000m\000i\000t\000y}{section.7}% 64
\BOOKMARK [2][-]{subsection.7.3}{\376\377\000L\000e\000m\000m\000a\000\040\0002\000:\000\040\000E\000x\000p\000o\000n\000e\000n\000t\000i\000a\000l\000\040\000C\000o\000n\000v\000e\000r\000g\000e\000n\000c\000e\000\040\000o\000f\000\040\000t\000h\000e\000\040\000E\000m\000p\000i\000r\000i\000c\000a\000l\000\040\000M\000i\000n\000i\000m\000i\000z\000e\000r}{section.7}% 65
\BOOKMARK [2][-]{subsection.7.4}{\376\377\000L\000e\000m\000m\000a\000\040\0003\000:\000\040\000D\000e\000t\000e\000r\000m\000i\000n\000i\000s\000t\000i\000c\000\040\000P\000a\000r\000t\000i\000t\000i\000o\000n\000\040\000R\000e\000c\000o\000v\000e\000r\000y}{section.7}% 66
\BOOKMARK [2][-]{subsection.7.5}{\376\377\000L\000e\000m\000m\000a\000\040\0004\000:\000\040\000L\000l\000o\000y\000d\000'\000s\000\040\000A\000l\000g\000o\000r\000i\000t\000h\000m\000\040\000U\000n\000d\000e\000r\000\040\000S\000t\000r\000o\000n\000g\000\040\000S\000e\000p\000a\000r\000a\000t\000i\000o\000n}{section.7}% 67
\BOOKMARK [2][-]{subsection.7.6}{\376\377\000P\000r\000o\000o\000f\000\040\000o\000f\000\040\000M\000a\000i\000n\000\040\000T\000h\000e\000o\000r\000e\000m}{section.7}% 68
\BOOKMARK [2][-]{subsection.7.7}{\376\377\000D\000i\000s\000c\000u\000s\000s\000i\000o\000n\000:\000\040\000N\000P\000-\000H\000a\000r\000d\000\040\000G\000a\000p\000\040\000a\000n\000d\000\040\000P\000r\000a\000c\000t\000i\000c\000a\000l\000\040\000I\000m\000p\000l\000i\000c\000a\000t\000i\000o\000n\000s}{section.7}% 69
\BOOKMARK [2][-]{subsection.7.8}{\376\377\000V\000e\000r\000i\000f\000i\000c\000a\000t\000i\000o\000n\000\040\000o\000f\000\040\000E\000x\000p\000o\000n\000e\000n\000t\000s\000\040\000a\000n\000d\000\040\000I\000n\000e\000q\000u\000a\000l\000i\000t\000y\000\040\000D\000i\000r\000e\000c\000t\000i\000o\000n\000s}{section.7}% 70
