\BOOKMARK [1][-]{section.1}{\376\377\137\025\212\000\377\032\116\072\116\300\116\110\000S\000C\000X\227\000\211\201\117\341\140\157\213\272}{}% 1
\BOOKMARK [2][-]{subsection.1.1}{\376\377\000S\000C\000X\150\106\147\266\166\204\117\341\140\157\213\272\133\241\211\306}{section.1}% 2
\BOOKMARK [2][-]{subsection.1.2}{\376\377\000S\000C\000X\117\134\116\072\117\341\140\157\117\040\217\223\174\373\176\337\377\032\137\142\137\017\123\026}{section.1}% 3
\BOOKMARK [1][-]{section.2}{\376\377\133\241\213\241\163\207\131\061\167\037\165\114\377\032\147\011\226\120\220\032\117\341\136\046\133\275\116\013\000S\000C\000X\133\241\213\241\166\204\225\031\213\357\151\202\163\207\116\013\165\114}{}% 4
\BOOKMARK [2][-]{subsection.2.1}{\376\377\163\207\131\061\167\037\121\375\145\160\116\016\000S\000C\000X\133\241\213\241\166\204\133\371\136\224}{section.2}% 5
\BOOKMARK [2][-]{subsection.2.2}{\376\377\116\073\133\232\164\006\377\032\133\241\213\241\163\207\131\061\167\037\116\013\165\114}{section.2}% 6
\BOOKMARK [2][-]{subsection.2.3}{\376\377\163\207\131\061\167\037\165\114\166\204\162\151\164\006\211\343\221\312\377\032\116\011\121\103\147\103\210\141}{section.2}% 7
\BOOKMARK [2][-]{subsection.2.4}{\376\377\117\341\140\157\164\366\230\210\145\271\154\325\377\032\000S\000C\000X\133\241\213\241\166\204\147\000\117\030\123\213\177\051}{section.2}% 8
\BOOKMARK [2][-]{subsection.2.5}{\376\377\147\011\226\120\000M\116\013\166\204\227\136\156\020\217\321\163\207\131\061\167\037\165\114}{section.2}% 9
\BOOKMARK [1][-]{section.3}{\376\377\122\006\136\003\137\017\121\161\213\306\166\204\000S\000l\000e\000p\000i\000a\000n\000-\000W\000o\000l\000f\177\026\170\001\377\032\000M\116\052\166\370\121\163\116\023\133\266\217\223\121\372\166\204\145\340\143\137\123\213\177\051}{}% 10
\BOOKMARK [2][-]{subsection.3.1}{\376\377\116\316\162\354\172\313\177\026\170\001\122\060\122\006\136\003\137\017\117\341\156\220\177\026\170\001}{section.3}% 11
\BOOKMARK [2][-]{subsection.3.2}{\376\377\000S\000l\000e\000p\000i\000a\000n\000-\000W\000o\000l\000f\133\232\164\006\166\204\000S\000C\000X\162\110\147\054}{section.3}% 12
\BOOKMARK [2][-]{subsection.3.3}{\376\377\116\023\133\266\166\370\121\163\140\047\176\242\122\051\040\024\040\024\140\226\213\272\140\047\123\321\163\260}{section.3}% 13
\BOOKMARK [2][-]{subsection.3.4}{\376\377\147\141\116\366\162\354\172\313\120\107\213\276\116\013\166\204\000S\000l\000e\000p\000i\000a\000n\000-\000W\000o\000l\000f\123\072\127\337\123\357\211\306\123\026}{section.3}% 14
\BOOKMARK [1][-]{section.4}{\376\377\000S\000h\000a\000n\000n\000o\000n\122\006\171\273\133\232\164\006\166\204\000S\000C\000X\143\250\136\177\377\032\156\220\177\026\170\001\116\016\117\341\220\123\177\026\170\001\166\204\122\006\171\273\140\047\225\356\230\230}{}% 15
\BOOKMARK [2][-]{subsection.4.1}{\376\377\176\317\121\170\122\006\171\273\133\232\164\006\116\016\000S\000C\000X\166\204\133\371\136\224}{section.4}% 16
\BOOKMARK [2][-]{subsection.4.2}{\376\377\000S\000C\000X\122\006\171\273\133\232\164\006}{section.4}% 17
\BOOKMARK [2][-]{subsection.4.3}{\376\377\122\006\171\273\133\232\164\006\166\204\133\236\215\365\124\053\116\111\377\032\152\041\127\127\123\026\000\040\000v\000s\000.\000\040\172\357\122\060\172\357}{section.4}% 18
\BOOKMARK [1][-]{section.5}{\376\377\000T\000h\000e\000o\000r\000e\000m\000\040\0002\166\204\133\214\145\164\117\341\140\157\213\272\143\250\136\177\377\032\116\316\000F\000a\000n\000o\150\007\221\317\165\114\122\060\163\207\131\061\167\037\117\341\140\157\164\366\230\210}{}% 19
\BOOKMARK [2][-]{subsection.5.1}{\376\377\123\237\131\313\000T\000h\000e\000o\000r\000e\000m\000\040\0002\123\312\121\166\117\341\140\157\213\272\134\100\226\120}{section.5}% 20
\BOOKMARK [2][-]{subsection.5.2}{\376\377\117\341\140\157\116\015\215\263\136\246\121\375\145\160\000\050\000R\000\051\040\024\040\024\163\207\131\061\167\037\143\250\136\177}{section.5}% 21
\BOOKMARK [2][-]{subsection.5.3}{\376\377\117\341\140\157\164\366\230\210\211\306\211\322\116\013\166\204\137\061\162\171\137\201\131\061\145\110\147\072\122\066}{section.5}% 22
\BOOKMARK [2][-]{subsection.5.4}{\376\377\000`\0003\003\001\0009\000`\0004\0002\000`\000"\003\007\0006\0001\0003\000A\000`\000`\0004\0005\000`\0004\0007\000`\000"\0006\0000\0003\000A\000P\000E\166\204\163\207\131\061\167\037\143\250\136\177}{section.5}% 23
\BOOKMARK [2][-]{subsection.5.5}{\376\377\116\016\000T\000h\000e\000o\000r\000e\000m\000\040\0003\166\204\117\341\140\157\213\272\217\336\143\245}{section.5}% 24
\BOOKMARK [1][-]{section.6}{\376\377\213\250\213\272\377\032\000S\000C\000X\117\341\140\157\213\272\131\047\123\246\040\024\040\024\135\362\136\372\172\313\166\204\124\214\137\205\136\372\172\313\166\204}{}% 25
\BOOKMARK [2][-]{subsection.6.1}{\376\377\126\333\116\052\117\341\140\157\213\272\145\057\147\361\166\204\166\370\116\222\117\235\215\126}{section.6}% 26
\BOOKMARK [2][-]{subsection.6.2}{\376\377\164\006\213\272\213\332\133\236\136\246\140\073\213\304}{section.6}% 27
\BOOKMARK [2][-]{subsection.6.3}{\376\377\116\016\163\260\147\011\000S\000C\000X\145\207\163\056\166\204\117\341\140\157\213\272\177\072\123\343\150\007\154\350}{section.6}% 28
\BOOKMARK [2][-]{subsection.6.4}{\376\377\137\000\145\076\225\356\230\230}{section.6}% 29
\BOOKMARK [1][-]{section.7}{\376\377\176\323\213\272}{}% 30
