\BOOKMARK [1][-]{section.1}{\376\377\000I\000n\000t\000r\000o\000d\000u\000c\000t\000i\000o\000n\000\040\137\025\212\000}{}% 1
\BOOKMARK [1][-]{section.2}{\376\377\000F\000o\000r\000m\000a\000l\000i\000z\000a\000t\000i\000o\000n\000:\000\040\000N\000e\000w\000s\000\040\000a\000s\000\040\000a\000\040\000M\000u\000l\000t\000i\000-\000S\000o\000u\000r\000c\000e\000\040\000A\000s\000s\000e\000r\000t\000i\000o\000n\000\040\000S\000y\000s\000t\000e\000m\000\040\145\260\225\373\117\134\116\072\131\032\156\220\145\255\212\000\174\373\176\337}{}% 2
\BOOKMARK [2][-]{subsection.2.1}{\376\377\000T\000h\000e\000\040\000E\000v\000e\000n\000t\000\040\000S\000p\000a\000c\000e\000\040\116\213\116\366\172\172\225\364}{section.2}% 3
\BOOKMARK [2][-]{subsection.2.2}{\376\377\000T\000h\000e\000\040\000S\000o\000u\000r\000c\000e\000\040\000C\000o\000m\000m\000u\000n\000i\000t\000y\000\040\000a\000s\000\040\000E\000x\000p\000e\000r\000t\000\040\000E\000n\000s\000e\000m\000b\000l\000e\000\040\147\145\156\220\171\076\123\072\117\134\116\072\116\023\133\266\226\306\142\020}{section.2}% 4
\BOOKMARK [2][-]{subsection.2.3}{\376\377\000V\000i\000s\000i\000b\000i\000l\000i\000t\000y\000\040\000M\000o\000d\000e\000s\000\040\000a\000n\000d\000\040\000S\000o\000u\000r\000c\000e\000\040\000A\000n\000o\000n\000y\000m\000i\000t\000y\000\040\123\357\211\301\140\047\152\041\137\017\116\016\147\145\156\220\123\077\124\015}{section.2}% 5
\BOOKMARK [2][-]{subsection.2.4}{\376\377\000T\000h\000e\000\040\000F\000a\000c\000t\000-\000C\000h\000e\000c\000k\000e\000r\000\040\000N\000e\000t\000w\000o\000r\000k\000\040\000a\000s\000\040\000A\000u\000d\000i\000t\000o\000r\000\040\000C\000o\000m\000m\000u\000n\000i\000t\000y\000\040\116\213\133\236\150\070\147\345\177\121\176\334\117\134\116\072\133\241\213\241\200\005\171\076\123\072}{section.2}% 6
\BOOKMARK [2][-]{subsection.2.5}{\376\377\000A\000s\000s\000u\000m\000p\000t\000i\000o\000n\000s\000\040\120\107\213\276}{section.2}% 7
\BOOKMARK [1][-]{section.3}{\376\377\000T\000h\000e\000o\000r\000e\000m\000\040\0001\000:\000\040\000M\000u\000l\000t\000i\000-\000S\000o\000u\000r\000c\000e\000\040\000C\000o\000r\000r\000o\000b\000o\000r\000a\000t\000i\000o\000n\000\040\000B\000o\000u\000n\000d\000\040\131\032\156\220\123\160\213\301\165\114}{}% 8
\BOOKMARK [2][-]{subsection.3.1}{\376\377\000C\000o\000n\000c\000e\000n\000t\000r\000a\000t\000i\000o\000n\000\040\000o\000f\000\040\000t\000h\000e\000\040\000Y\000a\000j\000i\000e\000\040\000C\000o\000n\000s\000e\000n\000s\000u\000s}{section.3}% 9
\BOOKMARK [2][-]{subsection.3.2}{\376\377\000T\000h\000e\000\040\000C\000o\000r\000r\000o\000b\000o\000r\000a\000t\000i\000o\000n\000\040\000T\000h\000e\000o\000r\000e\000m}{section.3}% 10
\BOOKMARK [1][-]{section.4}{\376\377\000T\000h\000e\000o\000r\000e\000m\000\040\0002\000:\000\040\000S\000i\000n\000g\000l\000e\000-\000S\000o\000u\000r\000c\000e\000\040\000U\000n\000v\000e\000r\000i\000f\000i\000a\000b\000i\000l\000i\000t\000y\000\040\123\125\156\220\116\015\123\357\232\214\213\301\140\047}{}% 11
\BOOKMARK [2][-]{subsection.4.1}{\376\377\000T\000h\000e\000\040\000S\000i\000n\000g\000l\000e\000-\000S\000o\000u\000r\000c\000e\000\040\000D\000e\000t\000e\000c\000t\000i\000o\000n\000\040\000L\000i\000m\000i\000t}{section.4}% 12
\BOOKMARK [1][-]{section.5}{\376\377\000T\000h\000e\000o\000r\000e\000m\000\040\0003\000:\000\040\000A\000n\000o\000n\000y\000m\000i\000t\000y\000-\000P\000r\000e\000s\000e\000r\000v\000i\000n\000g\000\040\000C\000o\000n\000s\000e\000n\000s\000u\000s\000\040\123\077\124\015\140\047\117\335\142\244\121\161\213\306}{}% 13
\BOOKMARK [2][-]{subsection.5.1}{\376\377\000C\000o\000n\000s\000e\000n\000s\000u\000s\000\040\000U\000n\000d\000e\000r\000\040\000P\000R\000I\000V\000A\000T\000E\000\040\000V\000i\000s\000i\000b\000i\000l\000i\000t\000y}{section.5}% 14
\BOOKMARK [1][-]{section.6}{\376\377\000T\000h\000e\000o\000r\000e\000m\000\040\0004\000:\000\040\000F\000a\000c\000t\000-\000C\000h\000e\000c\000k\000e\000r\000\040\000N\000e\000t\000w\000o\000r\000k\000\040\000R\000e\000s\000i\000l\000i\000e\000n\000c\000e\000\040\116\213\133\236\150\070\147\345\177\121\176\334\227\347\140\047}{}% 15
\BOOKMARK [2][-]{subsection.6.1}{\376\377\000T\000h\000e\000\040\000A\000d\000v\000e\000r\000s\000a\000r\000i\000a\000l\000\040\000C\000o\000n\000t\000a\000m\000i\000n\000a\000t\000i\000o\000n\000\040\000M\000o\000d\000e\000l}{section.6}% 16
\BOOKMARK [1][-]{section.7}{\376\377\000T\000h\000e\000\040\000C\000e\000r\000c\000i\000s\000\040\000V\000e\000r\000a\000c\000i\000t\000y\000\040\000S\000c\000o\000r\000e\000\040\145\260\225\373\167\037\133\236\140\047\166\204\000C\000e\000r\000c\000i\000s\213\304\122\006}{}% 17
\BOOKMARK [1][-]{section.8}{\376\377\000T\000h\000e\000\040\000S\000i\000t\000u\000s\000\040\000S\000o\000u\000r\000c\000e\000-\000C\000l\000a\000i\000m\000\040\000E\000n\000c\000o\000d\000i\000n\000g\000\040\000S\000i\000t\000u\000s\147\145\156\220\000-\130\360\146\016\177\026\170\001}{}% 18
\BOOKMARK [1][-]{section.9}{\376\377\000E\000x\000p\000e\000r\000i\000m\000e\000n\000t\000a\000l\000\040\000P\000r\000o\000t\000o\000c\000o\000l\000\040\133\236\232\214\123\117\213\256}{}% 19
\BOOKMARK [2][-]{subsection.9.1}{\376\377\000B\000e\000n\000c\000h\000m\000a\000r\000k\000\040\000D\000a\000t\000a\000s\000e\000t\000s}{section.9}% 20
\BOOKMARK [2][-]{subsection.9.2}{\376\377\000M\000e\000t\000r\000i\000c\000s}{section.9}% 21
\BOOKMARK [2][-]{subsection.9.3}{\376\377\000A\000b\000l\000a\000t\000i\000o\000n\000\040\000P\000l\000a\000n}{section.9}% 22
\BOOKMARK [2][-]{subsection.9.4}{\376\377\000S\000i\000m\000u\000l\000a\000t\000e\000d\000\040\000S\000o\000u\000r\000c\000e\000\040\000G\000e\000n\000e\000r\000a\000t\000i\000o\000n}{section.9}% 23
\BOOKMARK [1][-]{section.10}{\376\377\000T\000h\000e\000\040\000S\000p\000r\000i\000n\000g\000\040\000G\000a\000t\000i\000n\000g\000\040\000f\000o\000r\000\040\000R\000e\000g\000i\000m\000e\000\040\000D\000e\000t\000e\000c\000t\000i\000o\000n\000\040\000S\000p\000r\000i\000n\000g\225\350\143\247\166\204\122\066\136\246\150\300\155\113}{}% 24
\BOOKMARK [1][-]{section.11}{\376\377\000D\000i\000s\000c\000u\000s\000s\000i\000o\000n\000\040\213\250\213\272}{}% 25
\BOOKMARK [2][-]{subsection.11.1}{\376\377\000R\000e\000l\000a\000t\000i\000o\000n\000s\000h\000i\000p\000\040\000t\000o\000\040\000J\000o\000u\000r\000n\000a\000l\000i\000s\000m\000\040\000E\000t\000h\000i\000c\000s\000\040\116\016\145\260\225\373\117\046\164\006\166\204\121\163\174\373}{section.11}% 26
\BOOKMARK [2][-]{subsection.11.2}{\376\377\000R\000e\000l\000a\000t\000i\000o\000n\000s\000h\000i\000p\000\040\000t\000o\000\040\000A\000u\000t\000o\000m\000a\000t\000e\000d\000\040\000F\000a\000c\000t\000-\000C\000h\000e\000c\000k\000i\000n\000g\000\040\116\016\201\352\122\250\116\213\133\236\150\070\147\345\166\204\121\163\174\373}{section.11}% 27
\BOOKMARK [2][-]{subsection.11.3}{\376\377\000L\000i\000m\000i\000t\000a\000t\000i\000o\000n\000s\000\040\134\100\226\120\140\047}{section.11}% 28
\BOOKMARK [2][-]{subsection.11.4}{\376\377\000F\000u\000t\000u\000r\000e\000\040\000W\000o\000r\000k\000\040\147\052\147\145\135\345\117\134}{section.11}% 29
\BOOKMARK [1][-]{section.12}{\376\377\000C\000o\000n\000c\000l\000u\000s\000i\000o\000n\000\040\176\323\213\272}{}% 30
