\BOOKMARK [1][-]{section.1}{\376\377\000S\000C\000X\000\040\000+\000\040\000S\000i\000t\000u\000s\000\040\000i\000n\000\040\000O\000n\000e\000\040\000P\000i\000c\000t\000u\000r\000e}{}% 1
\BOOKMARK [1][-]{section.2}{\376\377\000W\000h\000e\000n\000\040\000t\000o\000\040\000A\000d\000d\000\040\000S\000i\000t\000u\000s\000:\000\040\000T\000h\000e\000\040\000D\000e\000c\000i\000s\000i\000o\000n\000\040\000C\000r\000i\000t\000e\000r\000i\000o\000n}{}% 2
\BOOKMARK [2][-]{subsection.2.1}{\376\377\000T\000h\000e\000\040\000N\000e\000c\000e\000s\000s\000a\000r\000y\000\040\000C\000o\000n\000d\000i\000t\000i\000o\000n}{section.2}% 3
\BOOKMARK [2][-]{subsection.2.2}{\376\377\000F\000o\000u\000r\000t\000e\000e\000n\000-\000S\000c\000e\000n\000a\000r\000i\000o\000\040\000Q\000u\000i\000c\000k\000-\000R\000e\000f\000e\000r\000e\000n\000c\000e\000\040\000T\000a\000b\000l\000e}{section.2}% 4
\BOOKMARK [2][-]{subsection.2.3}{\376\377\000Q\000u\000i\000c\000k\000\040\000H\000e\000u\000r\000i\000s\000t\000i\000c}{section.2}% 5
\BOOKMARK [1][-]{section.3}{\376\377\000M\000a\000t\000e\000r\000i\000a\000l\000s\000\040\000S\000c\000i\000e\000n\000c\000e\000:\000\040\000S\000i\000t\000u\000s\000\040\000o\000n\000\040\000H\000o\000m\000e\000\040\000T\000u\000r\000f}{}% 6
\BOOKMARK [2][-]{subsection.3.1}{\376\377\000A\000l\000N\000\040\000V\000N\000\040\000D\000e\000f\000e\000c\000t\000:\000\040\000C\000a\000u\000s\000a\000l\000\040\0003\000D\000\040\000P\000o\000s\000i\000t\000i\000o\000n\000\040\000E\000n\000c\000o\000d\000i\000n\000g}{section.3}% 7
\BOOKMARK [2][-]{subsection.3.2}{\376\377\000C\000N\000T\000\040\000C\000h\000i\000r\000a\000l\000i\000t\000y\000\040\000C\000l\000a\000s\000s\000i\000f\000i\000c\000a\000t\000i\000o\000n\000:\000\040\000A\000\040\000P\000e\000d\000a\000g\000o\000g\000i\000c\000a\000l\000\040\000P\000r\000o\000o\000f\000-\000o\000f\000-\000C\000o\000n\000c\000e\000p\000t}{section.3}% 8
\BOOKMARK [1][-]{section.4}{\376\377\000L\000i\000f\000e\000\040\000S\000c\000i\000e\000n\000c\000e\000s\000:\000\040\000C\000o\000n\000d\000i\000t\000i\000o\000n\000a\000l\000\040\000A\000p\000p\000l\000i\000c\000a\000b\000i\000l\000i\000t\000y}{}% 9
\BOOKMARK [2][-]{subsection.4.1}{\376\377\000D\000r\000u\000g\000-\000T\000a\000r\000g\000e\000t\000\040\000D\000o\000c\000k\000i\000n\000g\000:\000\040\000C\000o\000n\000d\000i\000t\000i\000o\000n\000a\000l\000\040\000A\000p\000p\000l\000i\000c\000a\000b\000i\000l\000i\000t\000y}{section.4}% 10
\BOOKMARK [1][-]{section.5}{\376\377\000G\000e\000n\000o\000m\000i\000c\000s\000:\000\040\000T\000h\000e\000\040\000F\000l\000a\000g\000s\000h\000i\000p\000\040\000V\000e\000r\000i\000f\000i\000c\000a\000t\000i\000o\000n\000\040\000F\000i\000e\000l\000d\000\040\000f\000o\000r\000\040\000S\000C\000X\000+\000S\000i\000t\000u\000s}{}% 11
\BOOKMARK [2][-]{subsection.5.1}{\376\377\000T\000h\000e\000\040\0003\000\040\0004\000\040\000N\000a\000t\000u\000r\000a\000l\000\040\000E\000x\000p\000e\000r\000t\000\040\000M\000a\000t\000r\000i\000x}{section.5}% 12
\BOOKMARK [2][-]{subsection.5.2}{\376\377\000B\000a\000s\000e\000-\000P\000a\000i\000r\000\040\000P\000r\000e\000c\000i\000s\000i\000o\000n\000:\000\040\000S\000i\000t\000u\000s\000\040\000a\000t\000\040\000I\000t\000s\000\040\000T\000h\000e\000o\000r\000e\000t\000i\000c\000a\000l\000\040\000L\000i\000m\000i\000t}{section.5}% 13
\BOOKMARK [2][-]{subsection.5.3}{\376\377\000T\000h\000e\000o\000r\000e\000m\000\040\0003\000\040\000E\000x\000a\000c\000t\000\040\000I\000n\000s\000t\000a\000n\000c\000e\000:\000\040\000R\000a\000r\000e\000\040\000V\000a\000r\000i\000a\000n\000t\000\040\000v\000s\000.\000\040\000S\000e\000q\000u\000e\000n\000c\000i\000n\000g\000\040\000E\000r\000r\000o\000r}{section.5}% 14
\BOOKMARK [2][-]{subsection.5.4}{\376\377\000A\000d\000d\000i\000t\000i\000o\000n\000a\000l\000\040\000A\000u\000d\000i\000t\000\040\000T\000a\000r\000g\000e\000t\000s}{section.5}% 15
\BOOKMARK [2][-]{subsection.5.5}{\376\377\000C\000a\000v\000e\000a\000t\000s\000:\000\040\000W\000h\000a\000t\000\040\000K\000e\000e\000p\000s\000\040\000T\000h\000i\000s\000\040\000H\000o\000n\000e\000s\000t}{section.5}% 16
\BOOKMARK [1][-]{section.6}{\376\377\000E\000a\000r\000t\000h\000\040\000\046\000\040\000E\000n\000v\000i\000r\000o\000n\000m\000e\000n\000t\000:\000\040\000N\000a\000t\000i\000v\000e\000\040\000S\000p\000a\000t\000i\000o\000t\000e\000m\000p\000o\000r\000a\000l\000\040\000D\000o\000m\000a\000i\000n\000s}{}% 17
\BOOKMARK [2][-]{subsection.6.1}{\376\377\000R\000e\000m\000o\000t\000e\000\040\000S\000e\000n\000s\000i\000n\000g\000:\000\040\000P\000i\000x\000e\000l\000-\000L\000e\000v\000e\000l\000\040\000P\000r\000e\000c\000i\000s\000i\000o\000n}{section.6}% 18
\BOOKMARK [2][-]{subsection.6.2}{\376\377\000C\000l\000i\000m\000a\000t\000e\000\040\000M\000o\000d\000e\000l\000i\000n\000g\000:\000\040\000C\000M\000I\000P\0006\000\040\000M\000u\000l\000t\000i\000-\000M\000o\000d\000e\000l\000\040\000A\000u\000d\000i\000t\000i\000n\000g}{section.6}% 19
\BOOKMARK [2][-]{subsection.6.3}{\376\377\000S\000e\000i\000s\000m\000o\000l\000o\000g\000y\000:\000\040\000E\000a\000r\000t\000h\000\040\000I\000n\000t\000e\000r\000i\000o\000r\000\040\000M\000u\000l\000t\000i\000-\000N\000e\000t\000w\000o\000r\000k\000\040\000A\000u\000d\000i\000t\000i\000n\000g}{section.6}% 20
\BOOKMARK [1][-]{section.7}{\376\377\000A\000s\000t\000r\000o\000n\000o\000m\000y\000:\000\040\000Y\000a\000j\000i\000e\000'\000s\000\040\000N\000a\000t\000u\000r\000a\000l\000\040\000H\000a\000b\000i\000t\000a\000t}{}% 21
\BOOKMARK [1][-]{section.8}{\376\377\000E\000n\000g\000i\000n\000e\000e\000r\000i\000n\000g\000\040\000S\000i\000m\000u\000l\000a\000t\000i\000o\000n}{}% 22
\BOOKMARK [2][-]{subsection.8.1}{\376\377\000S\000e\000m\000i\000c\000o\000n\000d\000u\000c\000t\000o\000r\000\040\000M\000a\000n\000u\000f\000a\000c\000t\000u\000r\000i\000n\000g\000:\000\040\000W\000a\000f\000e\000r\000\040\000P\000r\000o\000c\000e\000s\000s\000\040\000a\000n\000d\000\040\000O\000p\000t\000i\000c\000a\000l\000\040\000P\000r\000o\000x\000i\000m\000i\000t\000y\000\040\000C\000o\000r\000r\000e\000c\000t\000i\000o\000n}{section.8}% 23
\BOOKMARK [3][-]{subsubsection.8.1.1}{\376\377\000W\000a\000f\000e\000r\000\040\000P\000r\000o\000c\000e\000s\000s\000\040\000S\000i\000m\000u\000l\000a\000t\000i\000o\000n\000\040\000\050\000T\000C\000A\000D\000\051}{subsection.8.1}% 24
\BOOKMARK [3][-]{subsubsection.8.1.2}{\376\377\000O\000p\000t\000i\000c\000a\000l\000\040\000P\000r\000o\000x\000i\000m\000i\000t\000y\000\040\000C\000o\000r\000r\000e\000c\000t\000i\000o\000n\000\040\000\050\000O\000P\000C\000\051\000\040\000L\000i\000t\000h\000o\000g\000r\000a\000p\000h\000y}{subsection.8.1}% 25
\BOOKMARK [2][-]{subsection.8.2}{\376\377\000M\000u\000l\000t\000i\000-\000S\000o\000l\000v\000e\000r\000\040\000M\000e\000s\000h\000\040\000A\000u\000d\000i\000t\000i\000n\000g\000\040\000\050\000F\000E\000A\000/\000C\000F\000D\000\051}{section.8}% 26
\BOOKMARK [1][-]{section.9}{\376\377\000M\000e\000d\000i\000c\000a\000l\000\040\000I\000m\000a\000g\000i\000n\000g\000:\000\040\000M\000u\000l\000t\000i\000-\000M\000o\000d\000a\000l\000\040\000V\000o\000x\000e\000l\000\040\000A\000u\000d\000i\000t\000i\000n\000g}{}% 27
\BOOKMARK [1][-]{section.10}{\376\377\000E\000x\000p\000l\000i\000c\000i\000t\000l\000y\000\040\000E\000x\000c\000l\000u\000d\000e\000d\000:\000\040\000W\000h\000e\000n\000\040\000t\000h\000e\000\040\000F\000r\000a\000m\000e\000w\000o\000r\000k\000\040\000S\000a\000y\000s\000\040\000N\000o}{}% 28
\BOOKMARK [1][-]{section.11}{\376\377\000H\000a\000r\000d\000\040\000B\000o\000u\000n\000d\000a\000r\000i\000e\000s\000:\000\040\000T\000h\000r\000e\000e\000\040\000W\000a\000y\000s\000\040\000S\000i\000t\000u\000s\000\040\000F\000a\000i\000l\000s}{}% 29
\BOOKMARK [2][-]{subsection.11.1}{\376\377\000S\000p\000u\000r\000i\000o\000u\000s\000\040\000C\000o\000r\000r\000e\000l\000a\000t\000i\000o\000n\000:\000\040\000T\000h\000e\000\040\000G\000r\000e\000a\000t\000e\000s\000t\000\040\000P\000r\000a\000c\000t\000i\000c\000a\000l\000\040\000R\000i\000s\000k}{section.11}% 30
\BOOKMARK [2][-]{subsection.11.2}{\376\377\000M\000u\000l\000t\000i\000c\000o\000l\000l\000i\000n\000e\000a\000r\000i\000t\000y\000\040\000w\000i\000t\000h\000\040\000P\000r\000e\000-\000E\000x\000i\000s\000t\000i\000n\000g\000\040\000S\000t\000r\000u\000c\000t\000u\000r\000a\000l\000\040\000E\000n\000c\000o\000d\000i\000n\000g\000s}{section.11}% 31
\BOOKMARK [2][-]{subsection.11.3}{\376\377\000R\000o\000t\000a\000t\000i\000o\000n\000a\000l\000\040\000E\000q\000u\000i\000v\000a\000r\000i\000a\000n\000c\000e\000\040\000F\000a\000i\000l\000u\000r\000e\000\040\000a\000n\000d\000\040\000S\000y\000m\000m\000e\000t\000r\000y\000\040\000B\000r\000e\000a\000k\000i\000n\000g}{section.11}% 32
\BOOKMARK [2][-]{subsection.11.4}{\376\377\000A\000d\000d\000i\000t\000i\000o\000n\000a\000l\000\040\000S\000y\000m\000m\000e\000t\000r\000y\000\040\000B\000r\000e\000a\000k\000i\000n\000g\000:\000\040\000T\000r\000a\000n\000s\000l\000a\000t\000i\000o\000n\000\040\000a\000n\000d\000\040\000P\000e\000r\000m\000u\000t\000a\000t\000i\000o\000n}{section.11}% 33
\BOOKMARK [1][-]{section.12}{\376\377\000R\000o\000a\000d\000m\000a\000p\000:\000\040\000A\000\040\000L\000a\000y\000e\000r\000e\000d\000\040\000D\000e\000p\000l\000o\000y\000m\000e\000n\000t\000\040\000S\000t\000r\000a\000t\000e\000g\000y}{}% 34
\BOOKMARK [1][-]{section.13}{\376\377\000D\000i\000s\000c\000u\000s\000s\000i\000o\000n\000:\000\040\000T\000h\000e\000\040\000H\000o\000n\000e\000s\000t\000y\000\040\000G\000a\000p}{}% 35
\BOOKMARK [2][-]{subsection.13.1}{\376\377\000W\000h\000a\000t\000\040\000W\000e\000\040\000K\000n\000o\000w\000\040\000v\000s\000\040\000W\000h\000a\000t\000\040\000W\000e\000\040\000T\000h\000i\000n\000k}{section.13}% 36
\BOOKMARK [2][-]{subsection.13.2}{\376\377\000W\000h\000o\000\040\000S\000h\000o\000u\000l\000d\000\040\000C\000a\000r\000e\000\040\000\050\000E\000x\000p\000a\000n\000d\000e\000d\000\051}{section.13}% 37
\BOOKMARK [2][-]{subsection.13.3}{\376\377\000O\000p\000e\000n\000\040\000P\000r\000o\000b\000l\000e\000m\000s\000\040\000\050\000U\000p\000d\000a\000t\000e\000d\000\051}{section.13}% 38
\BOOKMARK [2][-]{subsection.13.4}{\376\377\000C\000o\000d\000a\000:\000\040\000W\000h\000y\000\040\000H\000o\000n\000e\000s\000t\000y\000\040\000M\000a\000t\000t\000e\000r\000s}{section.13}% 39
