This is XeTeX, Version 3.141592653-2.6-0.999997 (MiKTeX 25.12) (preloaded format=xelatex 2026.6.28)  29 JUN 2026 16:39
entering extended mode
 restricted \write18 enabled.
 %&-line parsing enabled.
**G:/Xiaogan_Supercomputing_data/SCX/paper/arxiv/situs_applications/main.tex
(G:/Xiaogan_Supercomputing_data/SCX/paper/arxiv/situs_applications/main.tex
LaTeX2e <2025-11-01>
L3 programming layer <2025-12-24>
(C:\Users\admin\AppData\Local\Programs\MiKTeX\tex/latex/base\article.cls
Document Class: article 2025/01/22 v1.4n Standard LaTeX document class
(C:\Users\admin\AppData\Local\Programs\MiKTeX\tex/latex/base\size12.clo
File: size12.clo 2025/01/22 v1.4n Standard LaTeX file (size option)
)
\c@part=\count271
\c@section=\count272
\c@subsection=\count273
\c@subsubsection=\count274
\c@paragraph=\count275
\c@subparagraph=\count276
\c@figure=\count277
\c@table=\count278
\abovecaptionskip=\skip49
\belowcaptionskip=\skip50
\bibindent=\dimen148
)
(C:\Users\admin\AppData\Local\Programs\MiKTeX\tex/latex/base\inputenc.sty
Package: inputenc 2024/02/08 v1.3d Input encoding file
\inpenc@prehook=\toks17
\inpenc@posthook=\toks18


Package inputenc Warning: inputenc package ignored with utf8 based engines.

) (C:\Users\admin\AppData\Local\Programs\MiKTeX\tex/latex/base\fontenc.sty
Package: fontenc 2025/07/18 v2.1d Standard LaTeX package
LaTeX Font Info:    Trying to load font information for T1+lmr on input line 11
6.

(C:\Users\admin\AppData\Local\Programs\MiKTeX\tex/latex/lm\t1lmr.fd
File: t1lmr.fd 2015/05/01 v1.6.1 Font defs for Latin Modern
))
(C:\Users\admin\AppData\Local\Programs\MiKTeX\tex/latex/amsmath\amsmath.sty
Package: amsmath 2025/07/09 v2.17z AMS math features
\@mathmargin=\skip51

For additional information on amsmath, use the `?' option.
(C:\Users\admin\AppData\Local\Programs\MiKTeX\tex/latex/amsmath\amstext.sty
Package: amstext 2024/11/17 v2.01 AMS text

(C:\Users\admin\AppData\Local\Programs\MiKTeX\tex/latex/amsmath\amsgen.sty
File: amsgen.sty 1999/11/30 v2.0 generic functions
\@emptytoks=\toks19
\ex@=\dimen149
))
(C:\Users\admin\AppData\Local\Programs\MiKTeX\tex/latex/amsmath\amsbsy.sty
Package: amsbsy 1999/11/29 v1.2d Bold Symbols
\pmbraise@=\dimen150
)
(C:\Users\admin\AppData\Local\Programs\MiKTeX\tex/latex/amsmath\amsopn.sty
Package: amsopn 2022/04/08 v2.04 operator names
)
\inf@bad=\count279
LaTeX Info: Redefining \frac on input line 233.
\uproot@=\count280
\leftroot@=\count281
LaTeX Info: Redefining \overline on input line 398.
LaTeX Info: Redefining \colon on input line 409.
\classnum@=\count282
\DOTSCASE@=\count283
LaTeX Info: Redefining \ldots on input line 495.
LaTeX Info: Redefining \dots on input line 498.
LaTeX Info: Redefining \cdots on input line 619.
\Mathstrutbox@=\box53
\strutbox@=\box54
LaTeX Info: Redefining \big on input line 721.
LaTeX Info: Redefining \Big on input line 722.
LaTeX Info: Redefining \bigg on input line 723.
LaTeX Info: Redefining \Bigg on input line 724.
\big@size=\dimen151
LaTeX Font Info:    Redeclaring font encoding OML on input line 742.
LaTeX Font Info:    Redeclaring font encoding OMS on input line 743.
\macc@depth=\count284
LaTeX Info: Redefining \bmod on input line 904.
LaTeX Info: Redefining \pmod on input line 909.
LaTeX Info: Redefining \smash on input line 939.
LaTeX Info: Redefining \relbar on input line 969.
LaTeX Info: Redefining \Relbar on input line 970.
\c@MaxMatrixCols=\count285
\dotsspace@=\muskip17
\c@parentequation=\count286
\dspbrk@lvl=\count287
\tag@help=\toks20
\row@=\count288
\column@=\count289
\maxfields@=\count290
\andhelp@=\toks21
\eqnshift@=\dimen152
\alignsep@=\dimen153
\tagshift@=\dimen154
\tagwidth@=\dimen155
\totwidth@=\dimen156
\lineht@=\dimen157
\@envbody=\toks22
\multlinegap=\skip52
\multlinetaggap=\skip53
\mathdisplay@stack=\toks23
LaTeX Info: Redefining \[ on input line 2950.
LaTeX Info: Redefining \] on input line 2951.
)
(C:\Users\admin\AppData\Local\Programs\MiKTeX\tex/latex/amsfonts\amssymb.sty
Package: amssymb 2013/01/14 v3.01 AMS font symbols

(C:\Users\admin\AppData\Local\Programs\MiKTeX\tex/latex/amsfonts\amsfonts.sty
Package: amsfonts 2013/01/14 v3.01 Basic AMSFonts support
\symAMSa=\mathgroup4
\symAMSb=\mathgroup5
LaTeX Font Info:    Redeclaring math symbol \hbar on input line 98.
LaTeX Font Info:    Overwriting math alphabet `\mathfrak' in version `bold'
(Font)                  U/euf/m/n --> U/euf/b/n on input line 106.
)) (C:\Users\admin\AppData\Local\Programs\MiKTeX\tex/latex/tools\bm.sty
Package: bm 2025/10/21 v1.2g Bold Symbol Support (DPC/FMi)
\symboldoperators=\mathgroup6
\symboldletters=\mathgroup7
\symboldsymbols=\mathgroup8
Package bm Info: No bold for \OMX/cmex/m/n, using \pmb.
Package bm Info: No bold for \U/msa/m/n, using \pmb.
Package bm Info: No bold for \U/msb/m/n, using \pmb.
LaTeX Font Info:    Redeclaring math alphabet \mathbf on input line 149.
)
(C:\Users\admin\AppData\Local\Programs\MiKTeX\tex/latex/graphics\graphicx.sty
Package: graphicx 2024/12/31 v1.2e Enhanced LaTeX Graphics (DPC,SPQR)

(C:\Users\admin\AppData\Local\Programs\MiKTeX\tex/latex/graphics\keyval.sty
Package: keyval 2022/05/29 v1.15 key=value parser (DPC)
\KV@toks@=\toks24
)
(C:\Users\admin\AppData\Local\Programs\MiKTeX\tex/latex/graphics\graphics.sty
Package: graphics 2024/08/06 v1.4g Standard LaTeX Graphics (DPC,SPQR)

(C:\Users\admin\AppData\Local\Programs\MiKTeX\tex/latex/graphics\trig.sty
Package: trig 2023/12/02 v1.11 sin cos tan (DPC)
)
(C:\Users\admin\AppData\Local\Programs\MiKTeX\tex/latex/graphics-cfg\graphics.c
fg
File: graphics.cfg 2016/06/04 v1.11 sample graphics configuration
)
Package graphics Info: Driver file: xetex.def on input line 106.

(C:\Users\admin\AppData\Local\Programs\MiKTeX\tex/latex/graphics-def\xetex.def
File: xetex.def 2025/11/01 v5.0p Graphics/color driver for xetex
))
\Gin@req@height=\dimen158
\Gin@req@width=\dimen159
) (C:\Users\admin\AppData\Local\Programs\MiKTeX\tex/latex/xcolor\xcolor.sty
Package: xcolor 2024/09/29 v3.02 LaTeX color extensions (UK)

(C:\Users\admin\AppData\Local\Programs\MiKTeX\tex/latex/graphics-cfg\color.cfg
File: color.cfg 2016/01/02 v1.6 sample color configuration
)
Package xcolor Info: Driver file: xetex.def on input line 274.
(C:\Users\admin\AppData\Local\Programs\MiKTeX\tex/latex/graphics\mathcolor.ltx)
Package xcolor Info: Model `cmy' substituted by `cmy0' on input line 1349.
Package xcolor Info: Model `RGB' extended on input line 1365.
Package xcolor Info: Model `HTML' substituted by `rgb' on input line 1367.
Package xcolor Info: Model `Hsb' substituted by `hsb' on input line 1368.
Package xcolor Info: Model `tHsb' substituted by `hsb' on input line 1369.
Package xcolor Info: Model `HSB' substituted by `hsb' on input line 1370.
Package xcolor Info: Model `Gray' substituted by `gray' on input line 1371.
Package xcolor Info: Model `wave' substituted by `hsb' on input line 1372.
) (C:\Users\admin\AppData\Local\Programs\MiKTeX\tex/latex/colortbl\colortbl.sty
Package: colortbl 2026/05/01 v1.0l Color table columns (DPC)
(C:\Users\admin\AppData\Local\Programs\MiKTeX\tex/latex/tools\array.sty
Package: array 2025/09/25 v2.6n Tabular extension package (FMi)
\col@sep=\dimen160
\ar@mcellbox=\box55
\extrarowheight=\dimen161
\NC@list=\toks25
\extratabsurround=\skip54
\backup@length=\skip55
\ar@cellbox=\box56
)
\everycr=\toks26
\minrowclearance=\skip56
\rownum=\count291
)
(C:\Users\admin\AppData\Local\Programs\MiKTeX\tex/latex/hyperref\hyperref.sty
Package: hyperref 2025-07-12 v7.01o Hypertext links for LaTeX

(C:\Users\admin\AppData\Local\Programs\MiKTeX\tex/generic/iftex\iftex.sty
Package: iftex 2024/12/12 v1.0g TeX engine tests
)
(C:\Users\admin\AppData\Local\Programs\MiKTeX\tex/latex/kvsetkeys\kvsetkeys.sty
Package: kvsetkeys 2022-10-05 v1.19 Key value parser (HO)
)
(C:\Users\admin\AppData\Local\Programs\MiKTeX\tex/generic/kvdefinekeys\kvdefine
keys.sty
Package: kvdefinekeys 2019-12-19 v1.6 Define keys (HO)
)
(C:\Users\admin\AppData\Local\Programs\MiKTeX\tex/generic/pdfescape\pdfescape.s
ty
Package: pdfescape 2019/12/09 v1.15 Implements pdfTeX's escape features (HO)

(C:\Users\admin\AppData\Local\Programs\MiKTeX\tex/generic/ltxcmds\ltxcmds.sty
Package: ltxcmds 2023-12-04 v1.26 LaTeX kernel commands for general use (HO)
)
(C:\Users\admin\AppData\Local\Programs\MiKTeX\tex/generic/pdftexcmds\pdftexcmds
.sty
Package: pdftexcmds 2020-06-27 v0.33 Utility functions of pdfTeX for LuaTeX (HO
)

(C:\Users\admin\AppData\Local\Programs\MiKTeX\tex/generic/infwarerr\infwarerr.s
ty
Package: infwarerr 2019/12/03 v1.5 Providing info/warning/error messages (HO)
)
Package pdftexcmds Info: \pdf@primitive is available.
Package pdftexcmds Info: \pdf@ifprimitive is available.
Package pdftexcmds Info: \pdfdraftmode not found.
))
(C:\Users\admin\AppData\Local\Programs\MiKTeX\tex/latex/hycolor\hycolor.sty
Package: hycolor 2020-01-27 v1.10 Color options for hyperref/bookmark (HO)
)
(C:\Users\admin\AppData\Local\Programs\MiKTeX\tex/latex/hyperref\nameref.sty
Package: nameref 2025-06-21 v2.57 Cross-referencing by name of section

(C:\Users\admin\AppData\Local\Programs\MiKTeX\tex/latex/refcount\refcount.sty
Package: refcount 2019/12/15 v3.6 Data extraction from label references (HO)
)
(C:\Users\admin\AppData\Local\Programs\MiKTeX\tex/generic/gettitlestring\gettit
lestring.sty
Package: gettitlestring 2019/12/15 v1.6 Cleanup title references (HO)

(C:\Users\admin\AppData\Local\Programs\MiKTeX\tex/latex/kvoptions\kvoptions.sty
Package: kvoptions 2022-06-15 v3.15 Key value format for package options (HO)
))
\c@section@level=\count292
)
(C:\Users\admin\AppData\Local\Programs\MiKTeX\tex/latex/etoolbox\etoolbox.sty
Package: etoolbox 2025/10/02 v2.5m e-TeX tools for LaTeX (JAW)
\etb@tempcnta=\count293
)
(C:\Users\admin\AppData\Local\Programs\MiKTeX\tex/generic/stringenc\stringenc.s
ty
Package: stringenc 2019/11/29 v1.12 Convert strings between diff. encodings (HO
)
)
\@linkdim=\dimen162
\Hy@linkcounter=\count294
\Hy@pagecounter=\count295
 (C:\Users\admin\AppData\Local\Programs\MiKTeX\tex/latex/hyperref\pd1enc.def
File: pd1enc.def 2025-07-12 v7.01o Hyperref: PDFDocEncoding definition (HO)
) (C:\Users\admin\AppData\Local\Programs\MiKTeX\tex/generic/intcalc\intcalc.sty
Package: intcalc 2019/12/15 v1.3 Expandable calculations with integers (HO)
)
\Hy@SavedSpaceFactor=\count296
 (C:\Users\admin\AppData\Local\Programs\MiKTeX\tex/latex/hyperref\puenc.def
File: puenc.def 2025-07-12 v7.01o Hyperref: PDF Unicode definition (HO)
)
Package hyperref Info: Hyper figures OFF on input line 4195.
Package hyperref Info: Link nesting OFF on input line 4200.
Package hyperref Info: Hyper index ON on input line 4203.
Package hyperref Info: Plain pages OFF on input line 4210.
Package hyperref Info: Backreferencing OFF on input line 4215.
Package hyperref Info: Implicit mode ON; LaTeX internals redefined.
Package hyperref Info: Bookmarks ON on input line 4462.
\c@Hy@tempcnt=\count297

(C:\Users\admin\AppData\Local\Programs\MiKTeX\tex/latex/url\url.sty
\Urlmuskip=\muskip18
Package: url 2013/09/16  ver 3.4  Verb mode for urls, etc.
)
LaTeX Info: Redefining \url on input line 4801.
\XeTeXLinkMargin=\dimen163

(C:\Users\admin\AppData\Local\Programs\MiKTeX\tex/generic/bitset\bitset.sty
Package: bitset 2019/12/09 v1.3 Handle bit-vector datatype (HO)

(C:\Users\admin\AppData\Local\Programs\MiKTeX\tex/generic/bigintcalc\bigintcalc
.sty
Package: bigintcalc 2019/12/15 v1.5 Expandable calculations on big integers (HO
)
))
\Fld@menulength=\count298
\Field@Width=\dimen164
\Fld@charsize=\dimen165
Package hyperref Info: Hyper figures OFF on input line 6078.
Package hyperref Info: Link nesting OFF on input line 6083.
Package hyperref Info: Hyper index ON on input line 6086.
Package hyperref Info: backreferencing OFF on input line 6093.
Package hyperref Info: Link coloring OFF on input line 6098.
Package hyperref Info: Link coloring with OCG OFF on input line 6103.
Package hyperref Info: PDF/A mode OFF on input line 6108.
\Hy@abspage=\count299
\c@Item=\count300
\c@Hfootnote=\count301
)
Package hyperref Info: Driver (autodetected): hxetex.

(C:\Users\admin\AppData\Local\Programs\MiKTeX\tex/latex/hyperref\hxetex.def
File: hxetex.def 2025-07-12 v7.01o Hyperref driver for XeTeX
\pdfm@box=\box57
\c@Hy@AnnotLevel=\count302
\HyField@AnnotCount=\count303
\Fld@listcount=\count304
\c@bookmark@seq@number=\count305

(C:\Users\admin\AppData\Local\Programs\MiKTeX\tex/latex/rerunfilecheck\rerunfil
echeck.sty
Package: rerunfilecheck 2025-06-21 v1.11 Rerun checks for auxiliary files (HO)

(C:\Users\admin\AppData\Local\Programs\MiKTeX\tex/generic/uniquecounter\uniquec
ounter.sty
Package: uniquecounter 2019/12/15 v1.4 Provide unlimited unique counter (HO)
)
Package uniquecounter Info: New unique counter `rerunfilecheck' on input line 2
84.
)
\Hy@SectionHShift=\skip57
)
(C:\Users\admin\AppData\Local\Programs\MiKTeX\tex/latex/booktabs\booktabs.sty
Package: booktabs 2020/01/12 v1.61803398 Publication quality tables
\heavyrulewidth=\dimen166
\lightrulewidth=\dimen167
\cmidrulewidth=\dimen168
\belowrulesep=\dimen169
\belowbottomsep=\dimen170
\aboverulesep=\dimen171
\abovetopsep=\dimen172
\cmidrulesep=\dimen173
\cmidrulekern=\dimen174
\defaultaddspace=\dimen175
\@cmidla=\count306
\@cmidlb=\count307
\@aboverulesep=\dimen176
\@belowrulesep=\dimen177
\@thisruleclass=\count308
\@lastruleclass=\count309
\@thisrulewidth=\dimen178
)
(C:\Users\admin\AppData\Local\Programs\MiKTeX\tex/latex/multirow\multirow.sty
Package: multirow 2024/11/12 v2.9 Span multiple rows of a table
\multirow@colwidth=\skip58
\multirow@cntb=\count310
\multirow@dima=\skip59
\bigstrutjot=\dimen179
)
(C:\Users\admin\AppData\Local\Programs\MiKTeX\tex/latex/enumitem\enumitem.sty
Package: enumitem 2025/02/06 v3.11 Customized lists
\labelindent=\skip60
\enit@outerparindent=\dimen180
\enit@toks=\toks27
\enit@inbox=\box58
\enit@count@id=\count311
\enitdp@description=\count312
)
(C:\Users\admin\AppData\Local\Programs\MiKTeX\tex/latex/psnfss\pifont.sty
Package: pifont 2020/03/25 PSNFSS-v9.3 Pi font support (SPQR) 
LaTeX Font Info:    Trying to load font information for U+pzd on input line 63.


(C:\Users\admin\AppData\Local\Programs\MiKTeX\tex/latex/psnfss\upzd.fd
File: upzd.fd 2001/06/04 font definitions for U/pzd.
)
LaTeX Font Info:    Trying to load font information for U+psy on input line 64.


(C:\Users\admin\AppData\Local\Programs\MiKTeX\tex/latex/psnfss\upsy.fd
File: upsy.fd 2001/06/04 font definitions for U/psy.
))
(C:\Users\admin\AppData\Local\Programs\MiKTeX\tex/latex/geometry\geometry.sty
Package: geometry 2026/03/07 v6.0 Page Geometry

(C:\Users\admin\AppData\Local\Programs\MiKTeX\tex/generic/iftex\ifvtex.sty
Package: ifvtex 2019/10/25 v1.7 ifvtex legacy package. Use iftex instead.
)
\Gm@cnth=\count313
\Gm@cntv=\count314
\c@Gm@tempcnt=\count315
\Gm@bindingoffset=\dimen181
\Gm@wd@mp=\dimen182
\Gm@odd@mp=\dimen183
\Gm@even@mp=\dimen184
\Gm@layoutwidth=\dimen185
\Gm@layoutheight=\dimen186
\Gm@layouthoffset=\dimen187
\Gm@layoutvoffset=\dimen188
\Gm@dimlist=\toks28

(C:\Users\admin\AppData\Local\Programs\MiKTeX\tex/latex/geometry\geometry.cfg))
(C:\Users\admin\AppData\Local\Programs\MiKTeX\tex/latex/tools\longtable.sty
Package: longtable 2025-10-13 v4.24 Multi-page Table package (DPC)
\LTleft=\skip61
\LTright=\skip62
\LTpre=\skip63
\LTpost=\skip64
\LTchunksize=\count316
\LTcapwidth=\dimen189
\LT@head=\box59
\LT@firsthead=\box60
\LT@foot=\box61
\LT@lastfoot=\box62
\LT@gbox=\box63
\LT@cols=\count317
\LT@rows=\count318
\c@LT@tables=\count319
\c@LT@chunks=\count320
\LT@p@ftn=\toks29
)
\c@theorem=\count321

(C:\Users\admin\AppData\Local\Programs\MiKTeX\tex/latex/l3backend\l3backend-xet
ex.def
File: l3backend-xetex.def 2025-10-09 L3 backend support: XeTeX
\g__graphics_track_int=\count322
\g__pdfannot_backend_int=\count323
\g__pdfannot_backend_link_int=\count324
)
(G:/Xiaogan_Supercomputing_data\SCX\paper\arxiv\situs_applications\main.aux)
\openout1 = `main.aux'.

LaTeX Font Info:    Checking defaults for OML/cmm/m/it on input line 54.
LaTeX Font Info:    ... okay on input line 54.
LaTeX Font Info:    Checking defaults for OMS/cmsy/m/n on input line 54.
LaTeX Font Info:    ... okay on input line 54.
LaTeX Font Info:    Checking defaults for OT1/cmr/m/n on input line 54.
LaTeX Font Info:    ... okay on input line 54.
LaTeX Font Info:    Checking defaults for T1/cmr/m/n on input line 54.
LaTeX Font Info:    ... okay on input line 54.
LaTeX Font Info:    Checking defaults for TS1/cmr/m/n on input line 54.
LaTeX Font Info:    ... okay on input line 54.
LaTeX Font Info:    Checking defaults for TU/lmr/m/n on input line 54.
LaTeX Font Info:    ... okay on input line 54.
LaTeX Font Info:    Checking defaults for OMX/cmex/m/n on input line 54.
LaTeX Font Info:    ... okay on input line 54.
LaTeX Font Info:    Checking defaults for U/cmr/m/n on input line 54.
LaTeX Font Info:    ... okay on input line 54.
LaTeX Font Info:    Checking defaults for PD1/pdf/m/n on input line 54.
LaTeX Font Info:    ... okay on input line 54.
LaTeX Font Info:    Checking defaults for PU/pdf/m/n on input line 54.
LaTeX Font Info:    ... okay on input line 54.
Package hyperref Info: Link coloring OFF on input line 54.

(G:/Xiaogan_Supercomputing_data\SCX\paper\arxiv\situs_applications\main.out)
(G:/Xiaogan_Supercomputing_data\SCX\paper\arxiv\situs_applications\main.out)
\@outlinefile=\write3
\openout3 = `main.out'.


*geometry* driver: auto-detecting
*geometry* detected driver: xetex
*geometry* verbose mode - [ preamble ] result:
* driver: xetex
* paper: a4paper
* layout: <same size as paper>
* layoutoffset:(h,v)=(0.0pt,0.0pt)
* modes: 
* h-part:(L,W,R)=(71.13188pt, 455.24411pt, 71.13188pt)
* v-part:(T,H,B)=(71.13188pt, 702.78308pt, 71.13188pt)
* \paperwidth=597.50787pt
* \paperheight=845.04684pt
* \textwidth=455.24411pt
* \textheight=702.78308pt
* \oddsidemargin=-1.1381pt
* \evensidemargin=-1.1381pt
* \topmargin=-38.1381pt
* \headheight=12.0pt
* \headsep=25.0pt
* \topskip=12.0pt
* \footskip=30.0pt
* \marginparwidth=35.0pt
* \marginparsep=10.0pt
* \columnsep=10.0pt
* \skip\footins=10.8pt plus 4.0pt minus 2.0pt
* \hoffset=0.0pt
* \voffset=0.0pt
* \mag=1000
* \@twocolumnfalse
* \@twosidefalse
* \@mparswitchfalse
* \@reversemarginfalse
* (1in=72.27pt=25.4mm, 1cm=28.453pt)

Missing character: There is no — in font ec-lmr12!
LaTeX Font Info:    Trying to load font information for U+msa on input line 56.

(C:\Users\admin\AppData\Local\Programs\MiKTeX\tex/latex/amsfonts\umsa.fd
File: umsa.fd 2013/01/14 v3.01 AMS symbols A
)
LaTeX Font Info:    Trying to load font information for U+msb on input line 56.


(C:\Users\admin\AppData\Local\Programs\MiKTeX\tex/latex/amsfonts\umsb.fd
File: umsb.fd 2013/01/14 v3.01 AMS symbols B
)
Missing character: There is no — in font ec-lmr10!
Missing character: There is no — in font ec-lmr10!
Missing character: There is no — in font ec-lmr10!
Missing character: There is no — in font ec-lmr10!
Missing character: There is no — in font ec-lmr10!
Missing character: There is no — in font ec-lmr10!
Missing character: There is no — in font ec-lmr10!
Missing character: There is no — in font ec-lmr10!
[1

]

LaTeX Warning: Reference `fig:layers' on page 2 undefined on input line 78.

Missing character: There is no — in font ec-lmbx12!
Missing character: There is no — in font ec-lmbx12!

Overfull \hbox (4.40753pt too wide) in paragraph at lines 95--96
[]$\U/msa/m/n/12 ^^D$ \T1/lmr/m/n/12 Ver-i-fied[]: Core Lip-s-chitz con-ti-nu-i
ty $\OML/cmm/m/it/12 L[] \OT1/cmr/m/n/12 = []$ \T1/lmr/m/n/12 (The-o-rem 1.2.3)
.
 []

Missing character: There is no — in font ec-lmbx12!
Missing character: There is no — in font ec-lmbx12!
[2]
Missing character: There is no — in font ec-lmbx12!

Overfull \hbox (3.97363pt too wide) in paragraph at lines 116--117
[]\T1/lmr/m/it/12 Let $\OML/cmm/m/it/12 S$\T1/lmr/m/it/12 , $\OML/cmm/m/it/12 P
$\T1/lmr/m/it/12 ,
 []


Underfull \hbox (badness 10000) in paragraph at lines 140--140
[]|\T1/lmr/m/n/10 CNT chi-ral-ity
 []

Missing character: There is no — in font ec-lmr10!

Underfull \hbox (badness 3375) in paragraph at lines 140--141
[]|\T1/lmr/bx/n/10 Teaching ex-am-ple / proof-of-
 []


Underfull \hbox (badness 10000) in paragraph at lines 142--142
[]|\T1/lmr/m/n/10 Drug-target
 []


Underfull \hbox (badness 10000) in paragraph at lines 142--142
[]|$\OMS/cmsy/m/n/10 "$
 []


Underfull \hbox (badness 10000) in paragraph at lines 142--142
[]|\T1/lmr/m/n/10 Small--
 []

Missing character: There is no — in font ec-lmbx8!

Underfull \hbox (badness 10000) in paragraph at lines 145--145
[]|\T1/lmr/bx/n/10 Genomics
 []


Underfull \hbox (badness 10000) in paragraph at lines 145--145
\T1/lmr/bx/n/8 FLAGSHIP
 []

Missing character: There is no — in font ec-lmr10!

Underfull \hbox (badness 2343) in paragraph at lines 145--146
\T1/lmr/m/n/10 nom-i-nal $\OT1/cmr/m/n/10 3 \OMS/cmsy/m/n/10 ^^B \OT1/cmr/m/n/1
0 4$ \T1/lmr/m/n/10 grid, but \T1/lmr/bx/n/10 hon-est
 []


Underfull \hbox (badness 10000) in paragraph at lines 145--146
\T1/lmr/m/n/10 sequencing-by-synthesis, PacBio
 []


Underfull \hbox (badness 10000) in paragraph at lines 145--146
\T1/lmr/m/n/10 ZMW, Nanopore ionic current---
 []


Underfull \hbox (badness 2671) in paragraph at lines 145--146
\T1/lmr/m/n/10 genome), al-go-rithms $\OMS/cmsy/m/n/10 ^^Y \OT1/cmr/m/n/10 2$ \
T1/lmr/m/n/10 (Deep-
 []


Underfull \hbox (badness 3769) in paragraph at lines 145--146
\T1/lmr/m/n/10 Vari-ant is ar-chi-tec-turally dis-tinct;
 []


Underfull \hbox (badness 10000) in paragraph at lines 145--146
\T1/lmr/m/n/10 GATK/FreeBayes/Strelka share
 []


Underfull \hbox (badness 10000) in paragraph at lines 145--146
\T1/lmr/m/n/10 Smith-Waterman re-align-ment and
 []


Underfull \hbox (badness 7925) in paragraph at lines 145--146
\T1/lmr/m/n/10 pre-cise en-cod-ing (single-nucleotide
 []


Underfull \hbox (badness 1622) in paragraph at lines 145--146
\T1/lmr/bx/n/10 ex-act in-stance of The-o-rem 3\T1/lmr/m/n/10 :
 []


Underfull \hbox (badness 10000) in paragraph at lines 145--146
\T1/lmr/m/n/10 gen-uine low-frequency al-lele and
 []


Underfull \hbox (badness 1205) in paragraph at lines 145--146
\T1/lmr/m/n/10 platform-specific noise are in-dis-tin-
 []


Underfull \hbox (badness 2012) in paragraph at lines 145--146
\T1/lmr/m/n/10 Caveat[]: Ref-er-ence genome bi-asall
 []


Underfull \hbox (badness 1033) in paragraph at lines 145--146
\T1/lmr/m/n/10 plat-forms align to the same ref-er-
 []


Underfull \hbox (badness 1675) in paragraph at lines 145--146
\T1/lmr/m/n/10 ence, cre-at-ing shared blind-ness in
 []


Underfull \hbox (badness 10000) in paragraph at lines 147--147
[]|\T1/lmr/m/n/10 Med.--
 []


Underfull \hbox (badness 7291) in paragraph at lines 148--148
[]|\T1/lmr/m/n/10 Climate model
 []


Overfull \hbox (4.53503pt too wide) in paragraph at lines 148--148
[]|\T1/lmr/m/n/10 Medium| 
 []

Missing character: There is no — in font ec-lmr10!

Underfull \hbox (badness 10000) in paragraph at lines 149--149
[]|\T1/lmr/m/n/10 Small--
 []

Missing character: There is no — in font ec-lmr10!

Underfull \hbox (badness 10000) in paragraph at lines 151--151
[]|\T1/lmr/m/n/10 Astronomy
 []


Overfull \hbox (4.53503pt too wide) in paragraph at lines 151--151
[]|\T1/lmr/m/n/10 Medium| 
 []


Underfull \hbox (badness 10000) in paragraph at lines 151--152
\T1/lmr/m/n/10 Ce-les-tial co-or-di-nates $\OT1/cmr/m/n/10 (\OML/cmm/m/it/10 RA
; Dec; z\OT1/cmr/m/n/10 )$
 []


Underfull \hbox (badness 3514) in paragraph at lines 151--152
\T1/lmr/m/n/10 serve as both uni-ver-sal join key
 []


Underfull \hbox (badness 1389) in paragraph at lines 151--152
\T1/lmr/m/n/10 and causal vari-able. Pho-to-met-ric
 []


Underfull \hbox (badness 6775) in paragraph at lines 151--152
\T1/lmr/m/n/10 red-shift cal-i-bra-tion and tran-sient
 []


Underfull \hbox (badness 10000) in paragraph at lines 153--153
[]|\T1/lmr/m/n/10 Wafer pro-cess
 []


Underfull \hbox (badness 1436) in paragraph at lines 153--153
\T1/lmr/m/n/8 Eng. Sim-u-la-tion
 []


Underfull \hbox (badness 10000) in paragraph at lines 153--153
[]|$\OMS/cmsy/m/n/10 "$
 []


Overfull \hbox (4.53503pt too wide) in paragraph at lines 153--153
[]|\T1/lmr/m/n/10 Medium| 
 []

Missing character: There is no — in font ec-lmr10!

Underfull \hbox (badness 1496) in paragraph at lines 153--154
\T1/lmr/m/n/10 fu-sion. $\OT1/cmr/m/n/10 (\OML/cmm/m/it/10 x; y\OT1/cmr/m/n/10 
)$ \T1/lmr/m/n/10 wafer sur-face + $\OML/cmm/m/it/10 z$
 []


Underfull \hbox (badness 10000) in paragraph at lines 154--154
[]|\T1/lmr/m/n/10 OPC lithog-ra-
 []


Underfull \hbox (badness 1436) in paragraph at lines 154--154
\T1/lmr/m/n/8 Eng. Sim-u-la-tion
 []

Missing character: There is no — in font ec-lmr10!

Underfull \hbox (badness 10000) in paragraph at lines 155--155
[]|\T1/lmr/m/n/10 Multi-solver
 []


Underfull \hbox (badness 10000) in paragraph at lines 155--155
[]|$\OMS/cmsy/m/n/10 "$
 []


Underfull \hbox (badness 10000) in paragraph at lines 155--155
[]|\T1/lmr/m/n/10 Small--
 []

Missing character: There is no — in font ec-lmr10!
Missing character: There is no — in font ec-lmr10!

Underfull \hbox (badness 2435) in paragraph at lines 155--156
[]|\T1/lmr/m/n/10 ANSYS/Abaqus/OpenFOAM multi-
 []


Underfull \hbox (badness 10000) in paragraph at lines 157--157
[]|\T1/lmr/m/n/10 Near
 []


Underfull \hbox (badness 10000) in paragraph at lines 157--157
\T1/lmr/m/n/10 neg-a-
 []


Underfull \hbox (badness 1112) in paragraph at lines 157--158
\T1/lmr/m/n/10 dis-agree-ment is sys-tem-at-i-cally con-
 []


LaTeX Warning: Float too large for page by 1408.74054pt on input line 160.

[3] [4]

Package hyperref Warning: Token not allowed in a PDF string (Unicode):
(hyperref)                removing `math shift' on input line 175.


Package hyperref Warning: Token not allowed in a PDF string (Unicode):
(hyperref)                removing `subscript' on input line 175.


Package hyperref Warning: Token not allowed in a PDF string (Unicode):
(hyperref)                removing `math shift' on input line 175.


Overfull \hbox (61.64719pt too wide) in paragraph at lines 183--192
 [][] 
 []


Overfull \hbox (16.22255pt too wide) in paragraph at lines 194--194
[]\T1/lmr/bx/n/14.4 CNT Chi-ral-ity Clas-si-fi-ca-tion: A Ped-a-gog-i-cal Proof
-of-Concept 
 []

Missing character: There is no — in font ec-lmr12!
[5]
Overfull \hbox (56.49977pt too wide) in paragraph at lines 214--214
[]\T1/lmr/bx/n/17.28 Genomics: The Flag-ship Ver-i-fi-ca-tion Field for SCX+Sit
us 
 []

Missing character: There is no — in font ec-lmr12!

Package hyperref Warning: Token not allowed in a PDF string (Unicode):
(hyperref)                removing `math shift' on input line 222.


Package hyperref Warning: Token not allowed in a PDF string (Unicode):
(hyperref)                removing `\times' on input line 222.


Package hyperref Warning: Token not allowed in a PDF string (Unicode):
(hyperref)                removing `math shift' on input line 222.

[6]
Overfull \hbox (1.85985pt too wide) in paragraph at lines 228--229
\T1/lmr/m/n/12 Situs en-codes 1D ge-nomic po-si-tion at single-nucleotide res-o
-lu-tion along a ref-er-ence genome.
 []


Overfull \hbox (4.29355pt too wide) in paragraph at lines 228--229
\T1/lmr/m/n/12 This is the frame-work's most pre-cise po-si-tional en-cod-ing: 
the co-or-di-nate $\OML/cmm/m/it/12 p \OMS/cmsy/m/n/12 2 f\OT1/cmr/m/n/12 1\OML
/cmm/m/it/12 ; \OT1/cmr/m/n/12 2\OML/cmm/m/it/12 ; [] ; \OT1/cmr/m/n/12 3\OML/c
mm/m/it/12 :\OT1/cmr/m/n/12 2 \OMS/cmsy/m/n/12 ^^B
 []

[7]
Missing character: There is no — in font ec-lmbx12!
Missing character: There is no — in font ec-lmr12!
[8]
Missing character: There is no — in font ec-lmr12!
Missing character: There is no — in font ec-lmr12!
Missing character: There is no — in font ec-lmr12!
Missing character: There is no — in font ec-lmr12!

Overfull \hbox (20.39462pt too wide) in paragraph at lines 265--267
\T1/lmr/m/n/12 world-wide pro-duce pro-jec-tions for the same phys-i-cal Earth 
at iden-ti-cal $\OT1/cmr/m/n/12 (\OML/cmm/m/it/12 lat; lon; altitude; time\OT1/
cmr/m/n/12 )$
 []

Missing character: There is no — in font ec-lmr12!
Missing character: There is no — in font ec-lmr12!
Missing character: There is no — in font ec-lmr12!
Missing character: There is no — in font ec-lmr12!
Missing character: There is no — in font ec-lmr12!
[9]
Missing character: There is no — in font ec-lmr12!
Missing character: There is no — in font ec-lmr12!
Missing character: There is no — in font ec-lmr12!
Missing character: There is no — in font ec-lmr12!
Missing character: There is no — in font ec-lmr12!
Missing character: There is no — in font ec-lmr12!
Missing character: There is no — in font ec-lmr12!
[10]
Missing character: There is no — in font ec-lmr12!
Missing character: There is no — in font ec-lmr12!
Missing character: There is no — in font ec-lmr12!
Missing character: There is no — in font ec-lmr12!
Missing character: There is no — in font ec-lmr12!
Missing character: There is no — in font ec-lmr12!
Missing character: There is no — in font ec-lmr12!
Missing character: There is no — in font ec-lmr12!
Missing character: There is no — in font ec-lmr12!
Missing character: There is no — in font ec-lmr12!
Missing character: There is no — in font ec-lmr12!
Missing character: There is no — in font ec-lmr12!
Missing character: There is no — in font ec-lmr12!
Missing character: There is no — in font ec-lmr12!
[11]
Missing character: There is no — in font ec-lmr12!
Missing character: There is no — in font ec-lmr12!
Missing character: There is no — in font ec-lmr12!
Missing character: There is no — in font ec-lmr12!
Missing character: There is no — in font ec-lmr12!
Missing character: There is no — in font ec-lmr12!
[12]
Missing character: There is no — in font ec-lmr12!
[13]
Missing character: There is no — in font ec-lmbx12!
Missing character: There is no — in font ec-lmr12!
Missing character: There is no — in font ec-lmbx12!
Missing character: There is no — in font ec-lmbx12!
Missing character: There is no — in font ec-lmr12!
Missing character: There is no — in font ec-lmr12!

Overfull \hbox (17.82053pt too wide) in paragraph at lines 363--364
[]\T1/lmr/m/n/12 Climate mod-els al-ready out-put on a $\OT1/cmr/m/n/12 (\OML/c
mm/m/it/12 lat; lon\OT1/cmr/m/n/12 )$
 []

[14]
Missing character: There is no — in font ec-lmr12!
Missing character: There is no — in font ec-lmr12!
Missing character: There is no — in font ec-lmr12!
Missing character: There is no — in font ec-lmbx12!
[15]
Missing character: There is no — in font ec-lmbx12!
Missing character: There is no — in font ec-lmbx12!

Underfull \hbox (badness 10000) in paragraph at lines 442--442
[]|\T1/lmr/m/n/10.95 Spatial co-ords
 []


Underfull \hbox (badness 3240) in paragraph at lines 443--444
[]|\T1/lmr/m/n/10.95 Physical ar-gu-ment or
 []


Underfull \hbox (badness 10000) in paragraph at lines 444--445
[]|\T1/lmr/m/n/10.95 If GNN/pLM/native
 []


Underfull \hbox (badness 10000) in paragraph at lines 446--446
[]|\T1/lmr/m/n/10.95 Registration /
 []


Underfull \hbox (badness 10000) in paragraph at lines 447--448
[]|\T1/lmr/m/n/10.95 Multi-head jus-ti-fied
 []


LaTeX Warning: Reference `tab:thirteen_scenarios' on page 16 undefined on input
 line 453.

[16] [17]
Missing character: There is no — in font ec-lmr12!
Missing character: There is no — in font ec-lmr12!
Missing character: There is no — in font ec-lmr12!
Missing character: There is no — in font ec-lmr12!
Missing character: There is no — in font ec-lmr12!
[18]
Missing character: There is no — in font ec-lmr12!
Missing character: There is no — in font ec-lmr12!
LaTeX Font Info:    Trying to load font information for T1+lmtt on input line 5
11.
(C:\Users\admin\AppData\Local\Programs\MiKTeX\tex/latex/lm\t1lmtt.fd
File: t1lmtt.fd 2015/05/01 v1.6.1 Font defs for Latin Modern
)
Underfull \hbox (badness 10000) in paragraph at lines 511--512
[]\T1/lmr/m/n/12 SCX Project. Phys-i-cal Po-si-tional En-cod-ing (PPE) in the
 []


Underfull \hbox (badness 10000) in paragraph at lines 511--512
\T1/lmr/m/n/12 SCX Frame-work: Rig-or-ous Deriva-tion. \T1/lmr/m/it/12 Work-ing
 pa-per\T1/lmr/m/n/12 , 2026.
 []


Underfull \hbox (badness 10000) in paragraph at lines 517--518
[]\T1/lmr/m/n/12 SCX Project. Multi-Head Spring and Phys-i-cal Po-si-tional En-

 []


Underfull \hbox (badness 10000) in paragraph at lines 517--518
\T1/lmr/m/n/12 cod-ing: Rig-or-ous Math-e-mat-i-cal Anal-y-sis. \T1/lmr/m/it/12
 Work-ing pa-per\T1/lmr/m/n/12 , 2026.
 []


Overfull \hbox (32.15907pt too wide) in paragraph at lines 517--518
\T1/lmtt/m/n/12 theory/self_evolution/multi_head_spring_and_positional_encoding
_analysis.md 
 []

[19] [20] [21]
(G:/Xiaogan_Supercomputing_data\SCX\paper\arxiv\situs_applications\main.aux)
 ***********
LaTeX2e <2025-11-01>
L3 programming layer <2025-12-24>
 ***********


LaTeX Warning: There were undefined references.

Package rerunfilecheck Info: File `main.out' has not changed.
(rerunfilecheck)             Checksum: 8CFE6F9414431A7D832306EDE747CB98;10397.
 ) 
Here is how much of TeX's memory you used:
 11524 strings out of 402986
 170207 string characters out of 5448503
 633900 words of memory out of 5000000
 40070 multiletter control sequences out of 15000+600000
 715069 words of font info for 131 fonts, out of 8000000 for 9000
 1348 hyphenation exceptions out of 8191
 72i,18n,83p,2519b,573s stack positions out of 10000i,1000n,20000p,200000b,200000s

Output written on G:/Xiaogan_Supercomputing_data\SCX\paper\arxiv\situs_applicat
ions\main.pdf (21 pages).
