\BOOKMARK [1][-]{section.1}{\376\377\000I\000n\000t\000r\000o\000d\000u\000c\000t\000i\000o\000n\000\040\137\025\212\000}{}% 1
\BOOKMARK [1][-]{section.2}{\376\377\000F\000o\000r\000m\000a\000l\000i\000z\000a\000t\000i\000o\000n\000:\000\040\000L\000e\000g\000a\000l\000\040\000E\000v\000i\000d\000e\000n\000c\000e\000\040\000a\000s\000\040\000M\000u\000l\000t\000i\000-\000E\000x\000p\000e\000r\000t\000\040\000C\000l\000a\000i\000m\000s\000\040\154\325\137\213\213\301\143\156\117\134\116\072\131\032\116\023\133\266\130\360\146\016\174\373\176\337}{}% 2
\BOOKMARK [2][-]{subsection.2.1}{\376\377\000T\000h\000e\000\040\000F\000a\000c\000t\000\040\000S\000p\000a\000c\000e\000\040\116\213\133\236\172\172\225\364}{section.2}% 3
\BOOKMARK [2][-]{subsection.2.2}{\376\377\000W\000i\000t\000n\000e\000s\000s\000e\000s\000\040\000a\000s\000\040\000E\000x\000p\000e\000r\000t\000s\000\040\213\301\116\272\123\163\116\023\133\266}{section.2}% 4
\BOOKMARK [2][-]{subsection.2.3}{\376\377\000C\000o\000r\000r\000o\000b\000o\000r\000a\000t\000i\000o\000n\000\040\000a\000n\000d\000\040\000D\000i\000s\000c\000r\000e\000p\000a\000n\000c\000y\000\040\117\120\213\301\116\016\135\356\137\002}{section.2}% 5
\BOOKMARK [2][-]{subsection.2.4}{\376\377\000E\000v\000i\000d\000e\000n\000c\000e\000\040\000C\000h\000a\000i\000n\000\040\000a\000s\000\040\000H\000a\000s\000h\000\040\000C\000h\000a\000i\000n\000\040\213\301\143\156\224\376\123\163\124\310\136\014\224\376}{section.2}% 6
\BOOKMARK [2][-]{subsection.2.5}{\376\377\000C\000r\000o\000s\000s\000-\000E\000x\000a\000m\000i\000n\000a\000t\000i\000o\000n\000\040\000a\000s\000\040\000A\000u\000d\000i\000t\000\040\116\244\123\311\215\050\213\342\123\163\133\241\213\241}{section.2}% 7
\BOOKMARK [2][-]{subsection.2.6}{\376\377\000P\000e\000r\000j\000u\000r\000y\000:\000\040\000T\000h\000e\000\040\000A\000c\000t\000i\000v\000e\000\040\000E\000v\000i\000l\000\040\000R\000e\000g\000i\000m\000e\000\040\117\052\213\301\377\032\116\073\122\250\117\134\140\166\122\066\136\246}{section.2}% 8
\BOOKMARK [2][-]{subsection.2.7}{\376\377\000A\000s\000s\000u\000m\000p\000t\000i\000o\000n\000s\000\040\120\107\213\276}{section.2}% 9
\BOOKMARK [1][-]{section.3}{\376\377\000T\000h\000e\000o\000r\000e\000m\000\040\0001\000:\000\040\000M\000u\000l\000t\000i\000-\000W\000i\000t\000n\000e\000s\000s\000\040\000C\000o\000r\000r\000o\000b\000o\000r\000a\000t\000i\000o\000n\000\040\000D\000e\000t\000e\000c\000t\000i\000o\000n\000\040\131\032\213\301\116\272\117\120\213\301\150\300\155\113}{}% 10
\BOOKMARK [2][-]{subsection.3.1}{\376\377\000S\000t\000a\000t\000e\000m\000e\000n\000t}{section.3}% 11
\BOOKMARK [2][-]{subsection.3.2}{\376\377\000P\000r\000o\000o\000f}{section.3}% 12
\BOOKMARK [1][-]{section.4}{\376\377\000T\000h\000e\000o\000r\000e\000m\000\040\0002\000:\000\040\000H\000e\000a\000r\000s\000a\000y\000\040\000a\000s\000\040\000S\000e\000l\000f\000-\000A\000u\000d\000i\000t\000\040\117\040\225\373\213\301\143\156\166\204\201\352\133\241\213\241\116\015\123\357\217\250\213\306\140\047}{}% 13
\BOOKMARK [2][-]{subsection.4.1}{\376\377\000S\000t\000a\000t\000e\000m\000e\000n\000t}{section.4}% 14
\BOOKMARK [2][-]{subsection.4.2}{\376\377\000P\000r\000o\000o\000f}{section.4}% 15
\BOOKMARK [1][-]{section.5}{\376\377\000T\000h\000e\000o\000r\000e\000m\000\040\0003\000:\000\040\000P\000e\000r\000j\000u\000r\000y\000\040\000D\000e\000t\000e\000c\000t\000i\000o\000n\000\040\000v\000i\000a\000\040\000A\000d\000v\000e\000r\000s\000a\000r\000i\000a\000l\000\040\000C\000r\000o\000s\000s\000-\000E\000x\000a\000m\000i\000n\000a\000t\000i\000o\000n\000\040\117\052\213\301\150\300\155\113\116\016\133\371\142\227\140\047\215\050\213\342}{}% 16
\BOOKMARK [2][-]{subsection.5.1}{\376\377\000S\000t\000a\000t\000e\000m\000e\000n\000t}{section.5}% 17
\BOOKMARK [2][-]{subsection.5.2}{\376\377\000P\000r\000o\000o\000f}{section.5}% 18
\BOOKMARK [1][-]{section.6}{\376\377\000M\000u\000l\000t\000i\000-\000W\000i\000t\000n\000e\000s\000s\000\040\000Y\000a\000j\000i\000e\000\040\000C\000o\000n\000s\000e\000n\000s\000u\000s\000\040\000P\000r\000o\000t\000o\000c\000o\000l\000\040\131\032\213\301\116\272\000Y\000a\000j\000i\000e\121\161\213\306\123\117\213\256}{}% 19
\BOOKMARK [2][-]{subsection.6.1}{\376\377\000C\000o\000r\000r\000e\000l\000a\000t\000e\000d\000\040\000W\000i\000t\000n\000e\000s\000s\000e\000s\000\040\000a\000n\000d\000\040\000E\000f\000f\000e\000c\000t\000i\000v\000e\000\040\000S\000a\000m\000p\000l\000e\000\040\000S\000i\000z\000e\000\040\166\370\121\163\213\301\116\272\116\016\147\011\145\110\150\067\147\054\221\317}{section.6}% 20
\BOOKMARK [1][-]{section.7}{\376\377\000C\000e\000r\000c\000i\000s\000\040\000E\000v\000i\000d\000e\000n\000c\000e\000\040\000S\000c\000o\000r\000e\000\040\000C\000e\000r\000c\000i\000s\213\301\143\156\213\304\122\006}{}% 21
\BOOKMARK [1][-]{section.8}{\376\377\000S\000p\000r\000i\000n\000g\000\040\000G\000a\000t\000i\000n\000g\000\040\000f\000o\000r\000\040\000P\000e\000r\000j\000u\000r\000y\000\040\000R\000e\000g\000i\000m\000e\000\040\000D\000e\000t\000e\000c\000t\000i\000o\000n\000\040\000S\000p\000r\000i\000n\000g\225\350\143\247\117\052\213\301\122\066\136\246\150\300\155\113}{}% 22
\BOOKMARK [1][-]{section.9}{\376\377\000S\000p\000e\000c\000i\000f\000i\000c\000\040\000F\000o\000r\000m\000a\000l\000\040\000A\000p\000p\000l\000i\000c\000a\000t\000i\000o\000n\000s\000\040\121\167\117\123\137\142\137\017\123\026\136\224\165\050}{}% 23
\BOOKMARK [2][-]{subsection.9.1}{\376\377\000W\000i\000t\000n\000e\000s\000s\000\040\000C\000r\000e\000d\000i\000b\000i\000l\000i\000t\000y\000\040\000C\000a\000l\000i\000b\000r\000a\000t\000i\000o\000n\000\040\213\301\116\272\123\357\117\341\136\246\150\041\121\306}{section.9}% 24
\BOOKMARK [2][-]{subsection.9.2}{\376\377\000E\000v\000i\000d\000e\000n\000c\000e\000\040\000C\000h\000a\000i\000n\000\040\000V\000e\000r\000i\000f\000i\000c\000a\000t\000i\000o\000n\000\040\000P\000r\000o\000t\000o\000c\000o\000l\000\040\213\301\143\156\224\376\232\214\213\301\123\117\213\256}{section.9}% 25
\BOOKMARK [2][-]{subsection.9.3}{\376\377\000C\000r\000o\000s\000s\000-\000E\000x\000a\000m\000i\000n\000a\000t\000i\000o\000n\000\040\000S\000t\000r\000a\000t\000e\000g\000y\000\040\000O\000p\000t\000i\000m\000i\000z\000a\000t\000i\000o\000n\000\040\116\244\123\311\215\050\213\342\173\126\165\145\117\030\123\026}{section.9}% 26
\BOOKMARK [2][-]{subsection.9.4}{\376\377\000H\000e\000a\000r\000s\000a\000y\000-\000C\000o\000n\000t\000a\000m\000i\000n\000a\000t\000e\000d\000\040\000C\000o\000r\000r\000o\000b\000o\000r\000a\000t\000i\000o\000n\000\040\117\040\225\373\154\141\147\323\166\204\117\120\213\301}{section.9}% 27
\BOOKMARK [1][-]{section.10}{\376\377\000E\000x\000p\000e\000r\000i\000m\000e\000n\000t\000a\000l\000\040\000P\000r\000o\000t\000o\000c\000o\000l\000\040\133\236\232\214\123\117\213\256}{}% 28
\BOOKMARK [2][-]{subsection.10.1}{\376\377\000W\000i\000t\000n\000e\000s\000s\000\040\000S\000i\000m\000u\000l\000a\000t\000i\000o\000n\000\040\000F\000r\000a\000m\000e\000w\000o\000r\000k}{section.10}% 29
\BOOKMARK [2][-]{subsection.10.2}{\376\377\000V\000a\000l\000i\000d\000a\000t\000i\000o\000n\000\040\000M\000e\000t\000r\000i\000c\000s}{section.10}% 30
\BOOKMARK [1][-]{section.11}{\376\377\000D\000i\000s\000c\000u\000s\000s\000i\000o\000n\000\040\213\250\213\272}{}% 31
\BOOKMARK [2][-]{subsection.11.1}{\376\377\000R\000e\000l\000a\000t\000i\000o\000n\000s\000h\000i\000p\000\040\000t\000o\000\040\000E\000x\000i\000s\000t\000i\000n\000g\000\040\000F\000r\000a\000m\000e\000w\000o\000r\000k\000s}{section.11}% 32
\BOOKMARK [2][-]{subsection.11.2}{\376\377\000T\000h\000e\000\040\000T\000h\000r\000e\000e\000-\000T\000h\000e\000o\000r\000e\000m\000\040\000A\000r\000c\000h\000i\000t\000e\000c\000t\000u\000r\000e}{section.11}% 33
\BOOKMARK [2][-]{subsection.11.3}{\376\377\000L\000i\000m\000i\000t\000a\000t\000i\000o\000n\000s\000\040\134\100\226\120\140\047}{section.11}% 34
\BOOKMARK [2][-]{subsection.11.4}{\376\377\000F\000u\000t\000u\000r\000e\000\040\000D\000i\000r\000e\000c\000t\000i\000o\000n\000s}{section.11}% 35
