\BOOKMARK [1][-]{section.1}{\376\377\000I\000n\000t\000r\000o\000d\000u\000c\000t\000i\000o\000n\000\040\137\025\212\000\000\040\121\145\117\265\150\300\155\113\166\204\213\244\213\301\236\077\154\237}{}% 1
\BOOKMARK [2][-]{subsection.1.1}{\376\377\000T\000h\000e\000\040\000C\000y\000b\000e\000r\000s\000e\000c\000u\000r\000i\000t\000y\000\040\000A\000u\000d\000i\000t\000\040\000G\000a\000p\000\040\177\121\176\334\133\211\121\150\133\241\213\241\172\172\166\175}{section.1}% 2
\BOOKMARK [2][-]{subsection.1.2}{\376\377\000S\000C\000X\000\040\000M\000a\000p\000p\000i\000n\000g\000\040\000f\000o\000r\000\040\000C\000y\000b\000e\000r\000s\000e\000c\000u\000r\000i\000t\000y}{section.1}% 3
\BOOKMARK [2][-]{subsection.1.3}{\376\377\000T\000h\000e\000\040\000D\000e\000t\000e\000c\000t\000i\000o\000n\000-\000C\000e\000r\000t\000i\000f\000i\000c\000a\000t\000i\000o\000n\000\040\000D\000i\000s\000t\000i\000n\000c\000t\000i\000o\000n}{section.1}% 4
\BOOKMARK [2][-]{subsection.1.4}{\376\377\000O\000u\000r\000\040\000C\000o\000n\000t\000r\000i\000b\000u\000t\000i\000o\000n}{section.1}% 5
\BOOKMARK [1][-]{section.2}{\376\377\000F\000o\000r\000m\000a\000l\000i\000z\000a\000t\000i\000o\000n\000:\000\040\000N\000e\000t\000w\000o\000r\000k\000\040\000I\000n\000t\000r\000u\000s\000i\000o\000n\000\040\000D\000e\000t\000e\000c\000t\000i\000o\000n\000\040\000a\000s\000\040\000S\000t\000a\000t\000e\000-\000C\000o\000n\000d\000i\000t\000i\000o\000n\000e\000d\000\040\000E\000x\000p\000e\000r\000t\000\040\000P\000r\000e\000d\000i\000c\000t\000i\000o\000n\000\040\177\121\176\334\121\145\117\265\150\300\155\113\117\134\116\072\162\266\140\001\147\141\116\366\116\023\133\266\230\204\155\113\166\204\137\142\137\017\123\026}{}% 6
\BOOKMARK [2][-]{subsection.2.1}{\376\377\000N\000e\000t\000w\000o\000r\000k\000\040\000T\000r\000a\000f\000f\000i\000c\000\040\000S\000t\000a\000t\000e\000\040\177\121\176\334\155\101\221\317\162\266\140\001}{section.2}% 7
\BOOKMARK [2][-]{subsection.2.2}{\376\377\000I\000D\000S\000/\000I\000P\000S\000\040\000S\000e\000n\000s\000o\000r\000s\000\040\000a\000s\000\040\000E\000x\000p\000e\000r\000t\000s\000\040\117\040\141\037\126\150\117\134\116\072\116\023\133\266}{section.2}% 8
\BOOKMARK [1][-]{section.3}{\376\377\000C\000o\000r\000e\000\040\000A\000s\000s\000u\000m\000p\000t\000i\000o\000n\000s\000\040\150\070\137\303\120\107\213\276}{}% 9
\BOOKMARK [1][-]{section.4}{\376\377\000T\000h\000e\000o\000r\000e\000m\000\040\0001\000:\000\040\000M\000u\000l\000t\000i\000-\000S\000e\000n\000s\000o\000r\000\040\000C\000o\000n\000s\000e\000n\000s\000u\000s\000\040\000D\000e\000t\000e\000c\000t\000i\000o\000n\000\040\131\032\117\040\141\037\126\150\121\161\213\306\150\300\155\113\133\232\164\006}{}% 10
\BOOKMARK [2][-]{subsection.4.1}{\376\377\000S\000e\000t\000u\000p}{section.4}% 11
\BOOKMARK [2][-]{subsection.4.2}{\376\377\000T\000h\000e\000o\000r\000e\000m\000\040\000S\000t\000a\000t\000e\000m\000e\000n\000t}{section.4}% 12
\BOOKMARK [1][-]{section.5}{\376\377\000T\000h\000e\000o\000r\000e\000m\000\040\0002\000:\000\040\000F\000a\000l\000s\000e\000\040\000A\000l\000a\000r\000m\000\040\000v\000s\000.\000\040\000N\000o\000v\000e\000l\000\040\000A\000t\000t\000a\000c\000k\000\040\000U\000n\000i\000d\000e\000n\000t\000i\000f\000i\000a\000b\000i\000l\000i\000t\000y\000\040\213\357\142\245\116\016\145\260\127\213\145\073\121\373\166\204\116\015\123\357\217\250\213\306\140\047}{}% 13
\BOOKMARK [2][-]{subsection.5.1}{\376\377\000T\000h\000e\000\040\000A\000l\000e\000r\000t\000\040\000A\000m\000b\000i\000g\000u\000i\000t\000y\000\040\000P\000r\000o\000b\000l\000e\000m\000\040\124\112\213\146\153\147\116\111\225\356\230\230}{section.5}% 14
\BOOKMARK [2][-]{subsection.5.2}{\376\377\000O\000b\000s\000e\000r\000v\000a\000t\000i\000o\000n\000a\000l\000\040\000E\000q\000u\000i\000v\000a\000l\000e\000n\000c\000e\000\040\000C\000o\000n\000s\000t\000r\000u\000c\000t\000i\000o\000n}{section.5}% 15
\BOOKMARK [2][-]{subsection.5.3}{\376\377\000A\000s\000s\000u\000m\000p\000t\000i\000o\000n\000\040\000M\000a\000n\000d\000a\000t\000e\000\040\000f\000o\000r\000\040\000A\000l\000e\000r\000t\000\040\000A\000t\000t\000r\000i\000b\000u\000t\000i\000o\000n\000\040\124\112\213\146\137\122\126\340\166\204\120\107\213\276\130\360\146\016\211\201\154\102}{section.5}% 16
\BOOKMARK [1][-]{section.6}{\376\377\000C\000e\000r\000c\000i\000s\000\040\000S\000c\000o\000r\000e\000\040\000f\000o\000r\000\040\000I\000n\000t\000r\000u\000s\000i\000o\000n\000\040\000D\000e\000t\000e\000c\000t\000i\000o\000n\000\040\121\145\117\265\150\300\155\113\166\204\000C\000e\000r\000c\000i\000s\213\304\122\006}{}% 17
\BOOKMARK [2][-]{subsection.6.1}{\376\377\000Q\000u\000a\000l\000i\000t\000y\000\040\000S\000c\000o\000r\000e\000\040\000Q\000:\000\040\000D\000e\000t\000e\000c\000t\000i\000o\000n\000\040\000A\000c\000c\000u\000r\000a\000c\000y\000\040\150\300\155\113\121\306\170\156\136\246}{section.6}% 18
\BOOKMARK [2][-]{subsection.6.2}{\376\377\000N\000o\000v\000e\000l\000t\000y\000\040\000S\000c\000o\000r\000e\000\040\000N\000:\000\040\000T\000r\000a\000f\000f\000i\000c\000\040\000P\000a\000t\000t\000e\000r\000n\000\040\000C\000o\000v\000e\000r\000a\000g\000e\000\040\155\101\221\317\152\041\137\017\211\206\166\326}{section.6}% 19
\BOOKMARK [1][-]{section.7}{\376\377\000Y\000a\000j\000i\000e\000\040\000M\000u\000l\000t\000i\000-\000S\000e\000n\000s\000o\000r\000\040\000C\000o\000n\000s\000e\000n\000s\000u\000s\000\040\226\305\155\001\131\032\117\040\141\037\126\150\121\161\213\306}{}% 20
\BOOKMARK [2][-]{subsection.7.1}{\376\377\000C\000o\000n\000s\000e\000n\000s\000u\000s\000\040\000A\000r\000c\000h\000i\000t\000e\000c\000t\000u\000r\000e}{section.7}% 21
\BOOKMARK [2][-]{subsection.7.2}{\376\377\000C\000o\000n\000s\000e\000n\000s\000u\000s\000\040\000P\000r\000o\000p\000e\000r\000t\000i\000e\000s}{section.7}% 22
\BOOKMARK [1][-]{section.8}{\376\377\000S\000p\000r\000i\000n\000g\000\040\000G\000a\000t\000i\000n\000g\000:\000\040\000Z\000e\000r\000o\000-\000D\000a\000y\000\040\000D\000e\000t\000e\000c\000t\000i\000o\000n\000\040\000a\000s\000\040\000R\000e\000g\000i\000m\000e\000-\000S\000h\000i\000f\000t\000\040\000T\000e\000s\000t\000i\000n\000g\000\040\226\366\145\345\157\017\155\036\150\300\155\113\117\134\116\072\122\066\136\246\123\330\146\364\150\300\232\214}{}% 23
\BOOKMARK [2][-]{subsection.8.1}{\376\377\000S\000e\000q\000u\000e\000n\000t\000i\000a\000l\000\040\000A\000l\000e\000r\000t\000\040\000P\000r\000o\000c\000e\000s\000s\000\040\136\217\215\057\124\112\213\146\217\307\172\013}{section.8}% 24
\BOOKMARK [2][-]{subsection.8.2}{\376\377\000Z\000e\000r\000o\000-\000D\000a\000y\000\040\000A\000t\000t\000a\000c\000k\000\040\000D\000e\000t\000e\000c\000t\000i\000o\000n}{section.8}% 25
\BOOKMARK [1][-]{section.9}{\376\377\000S\000I\000E\000M\000\040\000A\000g\000g\000r\000e\000g\000a\000t\000i\000o\000n\000\040\000a\000s\000\040\000t\000h\000e\000\040\000S\000C\000X\000\040\000A\000u\000d\000i\000t\000\040\000L\000a\000y\000e\000r\000\040\000S\000I\000E\000M\200\132\124\010\117\134\116\072\000S\000C\000X\133\241\213\241\134\102}{}% 26
\BOOKMARK [2][-]{subsection.9.1}{\376\377\000S\000C\000X\000\040\000A\000u\000d\000i\000t\000\040\000A\000r\000c\000h\000i\000t\000e\000c\000t\000u\000r\000e\000\040\000f\000o\000r\000\040\000C\000y\000b\000e\000r\000s\000e\000c\000u\000r\000i\000t\000y}{section.9}% 27
\BOOKMARK [2][-]{subsection.9.2}{\376\377\000C\000o\000m\000p\000a\000r\000i\000s\000o\000n\000\040\000w\000i\000t\000h\000\040\000C\000u\000r\000r\000e\000n\000t\000\040\000S\000I\000E\000M}{section.9}% 28
\BOOKMARK [1][-]{section.10}{\376\377\000E\000x\000p\000e\000r\000i\000m\000e\000n\000t\000a\000l\000\040\000P\000r\000o\000t\000o\000c\000o\000l\000\040\133\236\232\214\145\271\150\110}{}% 29
\BOOKMARK [2][-]{subsection.10.1}{\376\377\000D\000a\000t\000a\000s\000e\000t\000s\000\040\145\160\143\156\226\306}{section.10}% 30
\BOOKMARK [2][-]{subsection.10.2}{\376\377\000S\000e\000n\000s\000o\000r\000\040\000C\000o\000n\000f\000i\000g\000u\000r\000a\000t\000i\000o\000n\000\040\117\040\141\037\126\150\221\115\177\156}{section.10}% 31
\BOOKMARK [2][-]{subsection.10.3}{\376\377\000E\000v\000a\000l\000u\000a\000t\000i\000o\000n\000\040\000M\000e\000t\000r\000i\000c\000s\000\040\213\304\117\060\143\007\150\007}{section.10}% 32
\BOOKMARK [2][-]{subsection.10.4}{\376\377\000E\000x\000p\000e\000r\000i\000m\000e\000n\000t\000a\000l\000\040\000D\000e\000s\000i\000g\000n\000\040\133\236\232\214\213\276\213\241}{section.10}% 33
\BOOKMARK [1][-]{section.11}{\376\377\000D\000i\000s\000c\000u\000s\000s\000i\000o\000n\000\040\213\250\213\272}{}% 34
\BOOKMARK [2][-]{subsection.11.1}{\376\377\000C\000o\000n\000t\000r\000i\000b\000u\000t\000i\000o\000n\000s\000\040\000S\000u\000m\000m\000a\000r\000y\000\040\215\041\163\056\140\073\176\323}{section.11}% 35
\BOOKMARK [2][-]{subsection.11.2}{\376\377\000I\000m\000p\000l\000i\000c\000a\000t\000i\000o\000n\000s\000\040\000f\000o\000r\000\040\000S\000O\000C\000\040\000O\000p\000e\000r\000a\000t\000i\000o\000n\000s\000\040\133\371\133\211\121\150\217\320\204\045\116\055\137\303\166\204\137\161\124\315}{section.11}% 36
\BOOKMARK [2][-]{subsection.11.3}{\376\377\000L\000i\000m\000i\000t\000a\000t\000i\000o\000n\000s\000\040\134\100\226\120\140\047}{section.11}% 37
\BOOKMARK [2][-]{subsection.11.4}{\376\377\000H\000o\000n\000e\000s\000t\000\040\000U\000n\000c\000e\000r\000t\000a\000i\000n\000t\000y\000\040\000C\000o\000m\000m\000u\000n\000i\000c\000a\000t\000i\000o\000n\000\040\213\332\133\236\166\204\116\015\170\156\133\232\140\047\154\237\220\032}{section.11}% 38
\BOOKMARK [1][-]{section.12}{\376\377\000C\000o\000n\000c\000l\000u\000s\000i\000o\000n\000\040\176\323\213\272}{}% 39
\BOOKMARK [1][-]{appendix.A}{\376\377\000E\000x\000t\000e\000n\000d\000e\000d\000\040\000P\000r\000o\000o\000f\000s\000\040\142\151\134\125\213\301\146\016}{}% 40
\BOOKMARK [2][-]{subsection.A.1}{\376\377\000P\000r\000o\000o\000f\000\040\000o\000f\000\040\000C\000o\000r\000o\000l\000l\000a\000r\000y\000\040\000?\000?\000\040\000\050\000R\000e\000q\000u\000i\000r\000e\000d\000\040\000S\000e\000n\000s\000o\000r\000\040\000M\000u\000l\000t\000i\000p\000l\000i\000c\000i\000t\000y\000\051}{appendix.A}% 41
\BOOKMARK [2][-]{subsection.A.2}{\376\377\000P\000r\000o\000o\000f\000\040\000o\000f\000\040\000P\000r\000o\000p\000o\000s\000i\000t\000i\000o\000n\000\040\000?\000?\000\040\000\050\000C\000e\000r\000c\000i\000s\000\040\000M\000o\000n\000o\000t\000o\000n\000i\000c\000i\000t\000y\000\051}{appendix.A}% 42
\BOOKMARK [2][-]{subsection.A.3}{\376\377\000E\000f\000f\000e\000c\000t\000i\000v\000e\000\040\000M\000u\000l\000t\000i\000p\000l\000i\000c\000i\000t\000y\000\040\000D\000e\000r\000i\000v\000a\000t\000i\000o\000n}{appendix.A}% 43
\BOOKMARK [2][-]{subsection.A.4}{\376\377\000M\000a\000h\000a\000l\000a\000n\000o\000b\000i\000s\000\040\000N\000o\000v\000e\000l\000t\000y\000\040\000D\000i\000s\000t\000a\000n\000c\000e\000\040\000P\000r\000o\000p\000e\000r\000t\000i\000e\000s}{appendix.A}% 44
