\BOOKMARK [1][-]{section.1}{\376\377\000I\000n\000t\000r\000o\000d\000u\000c\000t\000i\000o\000n\000\040\137\025\212\000}{}% 1
\BOOKMARK [1][-]{section.2}{\376\377\000F\000o\000r\000m\000a\000l\000i\000z\000a\000t\000i\000o\000n\000\040\137\142\137\017\123\026}{}% 2
\BOOKMARK [2][-]{subsection.2.1}{\376\377\000N\000V\000\040\000C\000e\000n\000t\000e\000r\000\040\000S\000t\000a\000t\000e\000\040\000S\000p\000a\000c\000e}{section.2}% 3
\BOOKMARK [2][-]{subsection.2.2}{\376\377\000L\000a\000b\000o\000r\000a\000t\000o\000r\000i\000e\000s\000\040\000a\000s\000\040\000E\000x\000p\000e\000r\000t\000s}{section.2}% 4
\BOOKMARK [2][-]{subsection.2.3}{\376\377\000S\000t\000a\000t\000e\000\040\000H\000e\000t\000e\000r\000o\000g\000e\000n\000e\000i\000t\000y}{section.2}% 5
\BOOKMARK [1][-]{section.3}{\376\377\000A\000s\000s\000u\000m\000p\000t\000i\000o\000n\000s\000\040\120\107\213\276}{}% 6
\BOOKMARK [1][-]{section.4}{\376\377\000T\000h\000e\000o\000r\000e\000m\000\040\0001\000:\000\040\000M\000u\000l\000t\000i\000-\000L\000a\000b\000o\000r\000a\000t\000o\000r\000y\000\040\000E\000r\000r\000o\000r\000\040\000D\000e\000t\000e\000c\000t\000i\000o\000n\000\040\131\032\133\236\232\214\133\244\213\357\135\356\150\300\155\113}{}% 7
\BOOKMARK [1][-]{section.5}{\376\377\000T\000h\000e\000o\000r\000e\000m\000\040\0002\000:\000\040\000C\000r\000o\000s\000s\000-\000P\000r\000o\000t\000o\000c\000o\000l\000\040\000C\000e\000r\000c\000i\000s\000\040\000S\000c\000o\000r\000e\000\040\000C\000o\000n\000v\000e\000r\000g\000e\000n\000c\000e\000\040\215\350\123\117\213\256\000C\000e\000r\000c\000i\000s\213\304\122\006\145\066\145\133}{}% 8
\BOOKMARK [1][-]{section.6}{\376\377\000T\000h\000e\000o\000r\000e\000m\000\040\0003\000:\000\040\000T\0002\000\040\000D\000e\000g\000r\000a\000d\000a\000t\000i\000o\000n\000\040\000S\000o\000u\000r\000c\000e\000\040\000U\000n\000i\000d\000e\000n\000t\000i\000f\000i\000a\000b\000i\000l\000i\000t\000y\000\040\000T\0002\220\000\123\026\156\220\116\015\123\357\217\250\213\306\140\047}{}% 9
\BOOKMARK [1][-]{section.7}{\376\377\000C\000e\000r\000c\000i\000s\000\040\000S\000c\000o\000r\000e\000\040\000a\000n\000d\000\040\000Y\000a\000j\000i\000e\000\040\000M\000u\000l\000t\000i\000-\000L\000a\000b\000o\000r\000a\000t\000o\000r\000y\000\040\000C\000o\000n\000s\000e\000n\000s\000u\000s\000\040\000C\000e\000r\000c\000i\000s\213\304\122\006\116\016\000Y\000a\000j\000i\000e\131\032\133\236\232\214\133\244\121\161\213\306}{}% 10
\BOOKMARK [2][-]{subsection.7.1}{\376\377\000C\000e\000r\000c\000i\000s\000\040\000S\000c\000o\000r\000e\000:\000\040\000D\000e\000t\000a\000i\000l\000e\000d\000\040\000F\000o\000r\000m\000u\000l\000a\000t\000i\000o\000n}{section.7}% 11
\BOOKMARK [2][-]{subsection.7.2}{\376\377\000Y\000a\000j\000i\000e\000\040\000M\000u\000l\000t\000i\000-\000L\000a\000b\000o\000r\000a\000t\000o\000r\000y\000\040\000C\000o\000n\000s\000e\000n\000s\000u\000s}{section.7}% 12
\BOOKMARK [1][-]{section.8}{\376\377\000E\000x\000p\000e\000r\000i\000m\000e\000n\000t\000a\000l\000\040\000B\000e\000n\000c\000h\000m\000a\000r\000k\000s\000\040\133\236\232\214\127\372\121\306}{}% 13
\BOOKMARK [2][-]{subsection.8.1}{\376\377\000B\000e\000n\000c\000h\000m\000a\000r\000k\000\040\000D\000e\000s\000i\000g\000n}{section.8}% 14
\BOOKMARK [2][-]{subsection.8.2}{\376\377\000E\000v\000a\000l\000u\000a\000t\000i\000o\000n\000\040\000M\000e\000t\000r\000i\000c\000s}{section.8}% 15
\BOOKMARK [2][-]{subsection.8.3}{\376\377\000A\000b\000l\000a\000t\000i\000o\000n\000\040\000S\000t\000u\000d\000y}{section.8}% 16
\BOOKMARK [1][-]{section.9}{\376\377\000D\000i\000s\000c\000u\000s\000s\000i\000o\000n\000\040\213\250\213\272}{}% 17
\BOOKMARK [2][-]{subsection.9.1}{\376\377\000S\000u\000m\000m\000a\000r\000y\000\040\000o\000f\000\040\000C\000o\000n\000t\000r\000i\000b\000u\000t\000i\000o\000n\000s}{section.9}% 18
\BOOKMARK [2][-]{subsection.9.2}{\376\377\000T\000h\000e\000\040\000N\000V\000-\000M\000I\000S\000\040\000P\000u\000b\000l\000i\000c\000a\000t\000i\000o\000n\000\040\000S\000t\000a\000n\000d\000a\000r\000d}{section.9}% 19
\BOOKMARK [2][-]{subsection.9.3}{\376\377\000L\000i\000m\000i\000t\000a\000t\000i\000o\000n\000s\000\040\000a\000n\000d\000\040\000H\000o\000n\000e\000s\000t\000\040\000C\000a\000v\000e\000a\000t\000s}{section.9}% 20
\BOOKMARK [2][-]{subsection.9.4}{\376\377\000C\000o\000m\000p\000a\000r\000i\000s\000o\000n\000\040\000w\000i\000t\000h\000\040\000E\000x\000i\000s\000t\000i\000n\000g\000\040\000A\000p\000p\000r\000o\000a\000c\000h\000e\000s}{section.9}% 21
\BOOKMARK [2][-]{subsection.9.5}{\376\377\000F\000u\000t\000u\000r\000e\000\040\000D\000i\000r\000e\000c\000t\000i\000o\000n\000s}{section.9}% 22
\BOOKMARK [1][-]{section.10}{\376\377\000C\000o\000n\000c\000l\000u\000s\000i\000o\000n\000\040\176\323\213\272}{}% 23
