\BOOKMARK [1][-]{section.1}{\376\377\137\025\212\000}{}% 1
\BOOKMARK [1][-]{section.2}{\376\377\230\204\131\007\167\345\213\306}{}% 2
\BOOKMARK [2][-]{subsection.2.1}{\376\377\176\323\147\204\126\340\147\234\152\041\127\213\116\016\116\015\123\357\217\250\213\306\140\047}{section.2}% 3
\BOOKMARK [2][-]{subsection.2.2}{\376\377\000H\000o\000e\000f\000f\000d\000i\000n\000g\000\040\165\114\116\016\176\317\232\214\230\316\226\151}{section.2}% 4
\BOOKMARK [1][-]{section.3}{\376\377\126\340\147\234\121\161\213\306\165\114}{}% 5
\BOOKMARK [2][-]{subsection.3.1}{\376\377\225\356\230\230\213\276\133\232}{section.3}% 6
\BOOKMARK [2][-]{subsection.3.2}{\376\377\121\161\213\306\120\117\135\356\122\006\211\343}{section.3}% 7
\BOOKMARK [2][-]{subsection.3.3}{\376\377\116\073\211\201\176\323\147\234}{section.3}% 8
\BOOKMARK [2][-]{subsection.3.4}{\376\377\121\161\213\306\155\361\136\246\116\016\116\023\133\266\145\160\221\317}{section.3}% 9
\BOOKMARK [1][-]{section.4}{\376\377\155\367\155\306\120\117\135\356\150\300\155\113\133\232\164\006}{}% 10
\BOOKMARK [2][-]{subsection.4.1}{\376\377\214\003\145\164\226\306\135\356\137\002\116\016\153\213\117\131\155\367\155\306}{section.4}% 11
\BOOKMARK [1][-]{section.5}{\376\377\135\345\121\167\123\330\221\317\131\032\116\023\133\266\133\241\213\241}{}% 12
\BOOKMARK [2][-]{subsection.5.1}{\376\377\225\356\230\230\213\276\133\232}{section.5}% 13
\BOOKMARK [2][-]{subsection.5.2}{\376\377\116\073\211\201\176\323\147\234}{section.5}% 14
\BOOKMARK [2][-]{subsection.5.3}{\376\377\131\032\116\023\133\266\122\006\153\147\166\204\133\241\213\241\117\341\140\157}{section.5}% 15
\BOOKMARK [1][-]{section.6}{\376\377\000d\000o\000-\000c\000a\000l\000c\000u\000l\000u\000s\000\040\116\016\000\040\000S\000C\000X\000\040\133\241\213\241\166\204\150\145\143\245\133\232\164\006}{}% 16
\BOOKMARK [2][-]{subsection.6.1}{\376\377\000P\000e\000a\000r\000l\000\040\166\204\000\040\000d\000o\000-\000c\000a\000l\000c\000u\000l\000u\000s\000\040\116\011\211\304\122\031}{section.6}% 17
\BOOKMARK [2][-]{subsection.6.2}{\376\377\150\145\143\245\133\232\164\006}{section.6}% 18
\BOOKMARK [1][-]{section.7}{\376\377\213\250\213\272\116\016\142\151\134\125}{}% 19
\BOOKMARK [2][-]{subsection.7.1}{\376\377\116\316\000\040\000M\000\040\122\060\000\040\377\032\116\000\131\047\174\173\126\340\147\234\121\161\213\306\166\204\147\201\226\120\210\114\116\072}{section.7}% 20
\BOOKMARK [2][-]{subsection.7.2}{\376\377\121\161\213\306\120\117\135\356\165\114\166\204\175\047\201\364\140\047}{section.7}% 21
\BOOKMARK [2][-]{subsection.7.3}{\376\377\133\236\215\365\136\372\213\256}{section.7}% 22
\BOOKMARK [2][-]{subsection.7.4}{\376\377\134\100\226\120\116\016\147\052\121\263\225\356\230\230}{section.7}% 23
\BOOKMARK [1][-]{section.8}{\376\377\176\323\213\272}{}% 24
\BOOKMARK [1][-]{appendix.A}{\376\377\133\232\164\006\000\040\0004\000.\0002\000\040\166\204\133\214\131\007\213\301\146\016}{}% 25
\BOOKMARK [1][-]{appendix.B}{\376\377\133\232\164\006\000\040\0005\000.\0001\000\040\166\204\000\040\000D\000e\000l\000t\000a\000\040\145\271\154\325\176\306\202\202}{}% 26
