\BOOKMARK [1][-]{section.1}{\376\377\000I\000n\000t\000r\000o\000d\000u\000c\000t\000i\000o\000n\000\040\137\025\212\000}{}% 1
\BOOKMARK [2][-]{subsection.1.1}{\376\377\000M\000o\000t\000i\000v\000a\000t\000i\000n\000g\000\040\000E\000x\000a\000m\000p\000l\000e\000s\000\040\136\224\165\050\127\072\146\157}{section.1}% 2
\BOOKMARK [1][-]{section.2}{\376\377\000F\000o\000r\000m\000a\000l\000i\000z\000a\000t\000i\000o\000n\000:\000\040\000S\000u\000p\000p\000l\000y\000\040\000C\000h\000a\000i\000n\000\040\000a\000s\000\040\000a\000\040\000M\000u\000l\000t\000i\000-\000N\000o\000d\000e\000\040\000A\000u\000d\000i\000t\000\040\000N\000e\000t\000w\000o\000r\000k\000\040\117\233\136\224\224\376\117\134\116\072\131\032\202\202\160\271\133\241\213\241\177\121\176\334}{}% 3
\BOOKMARK [2][-]{subsection.2.1}{\376\377\000T\000h\000e\000\040\000S\000u\000p\000p\000l\000y\000\040\000C\000h\000a\000i\000n\000\040\000G\000r\000a\000p\000h\000\040\117\233\136\224\224\376\126\376}{section.2}% 4
\BOOKMARK [2][-]{subsection.2.2}{\376\377\000T\000h\000e\000\040\000O\000r\000i\000g\000i\000n\000\040\000C\000l\000a\000i\000m\000\040\116\247\127\060\130\360\146\016}{section.2}% 5
\BOOKMARK [2][-]{subsection.2.3}{\376\377\000T\000h\000e\000\040\000H\000a\000s\000h\000\040\000C\000h\000a\000i\000n\000\040\124\310\136\014\224\376}{section.2}% 6
\BOOKMARK [2][-]{subsection.2.4}{\376\377\000V\000e\000r\000i\000f\000i\000c\000a\000t\000i\000o\000n\000\040\000M\000o\000d\000e\000l\000\040\232\214\213\301\152\041\127\213}{section.2}% 7
\BOOKMARK [2][-]{subsection.2.5}{\376\377\000A\000d\000v\000e\000r\000s\000a\000r\000i\000a\000l\000\040\000M\000o\000d\000e\000l\000\040\133\371\142\227\152\041\127\213}{section.2}% 8
\BOOKMARK [2][-]{subsection.2.6}{\376\377\000A\000s\000s\000u\000m\000p\000t\000i\000o\000n\000s\000\040\120\107\213\276}{section.2}% 9
\BOOKMARK [1][-]{section.3}{\376\377\000T\000h\000e\000o\000r\000e\000m\000\040\0001\000:\000\040\000M\000u\000l\000t\000i\000-\000N\000o\000d\000e\000\040\000O\000r\000i\000g\000i\000n\000\040\000C\000e\000r\000t\000i\000f\000i\000c\000a\000t\000i\000o\000n\000\040\000C\000o\000n\000s\000e\000n\000s\000u\000s\000\040\131\032\202\202\160\271\116\247\127\060\213\244\213\301\121\161\213\306}{}% 10
\BOOKMARK [2][-]{subsection.3.1}{\376\377\000D\000e\000t\000e\000c\000t\000i\000o\000n\000\040\000P\000r\000o\000b\000a\000b\000i\000l\000i\000t\000y\000\040\000f\000o\000r\000\040\000a\000\040\000S\000i\000n\000g\000l\000e\000\040\000N\000o\000d\000e}{section.3}% 11
\BOOKMARK [2][-]{subsection.3.2}{\376\377\000M\000u\000l\000t\000i\000-\000N\000o\000d\000e\000\040\000C\000o\000n\000s\000e\000n\000s\000u\000s\000\040\000D\000e\000t\000e\000c\000t\000i\000o\000n}{section.3}% 12
\BOOKMARK [1][-]{section.4}{\376\377\000T\000h\000e\000o\000r\000e\000m\000\040\0002\000:\000\040\000C\000h\000a\000i\000n\000-\000o\000f\000-\000C\000u\000s\000t\000o\000d\000y\000\040\000U\000n\000i\000d\000e\000n\000t\000i\000f\000i\000a\000b\000i\000l\000i\000t\000y\000\040\166\321\173\241\224\376\116\015\123\357\217\250\213\306\140\047}{}% 13
\BOOKMARK [2][-]{subsection.4.1}{\376\377\000T\000h\000e\000\040\000U\000n\000i\000d\000e\000n\000t\000i\000f\000i\000a\000b\000i\000l\000i\000t\000y\000\040\000P\000r\000o\000b\000l\000e\000m}{section.4}% 14
\BOOKMARK [1][-]{section.5}{\376\377\000T\000h\000e\000o\000r\000e\000m\000\040\0003\000:\000\040\000S\000p\000r\000i\000n\000g\000\040\000H\000a\000s\000h\000-\000G\000a\000t\000i\000n\000g\000\040\000f\000o\000r\000\040\000C\000o\000u\000n\000t\000e\000r\000f\000e\000i\000t\000\040\000P\000r\000e\000v\000e\000n\000t\000i\000o\000n\000\040\000S\000p\000r\000i\000n\000g\124\310\136\014\225\350\143\247\226\062\117\052}{}% 15
\BOOKMARK [2][-]{subsection.5.1}{\376\377\000T\000h\000e\000\040\000S\000p\000r\000i\000n\000g\000\040\000G\000a\000t\000i\000n\000g\000\040\000F\000u\000n\000c\000t\000i\000o\000n}{section.5}% 16
\BOOKMARK [2][-]{subsection.5.2}{\376\377\000H\000a\000s\000h\000\040\000C\000h\000a\000i\000n\000\040\000S\000e\000c\000u\000r\000i\000t\000y\000\040\000u\000n\000d\000e\000r\000\040\000S\000p\000r\000i\000n\000g\000\040\000G\000a\000t\000i\000n\000g}{section.5}% 17
\BOOKMARK [2][-]{subsection.5.3}{\376\377\000B\000l\000o\000c\000k\000c\000h\000a\000i\000n\000\040\000I\000n\000t\000e\000g\000r\000a\000t\000i\000o\000n\000\040\123\072\127\127\224\376\226\306\142\020}{section.5}% 18
\BOOKMARK [1][-]{section.6}{\376\377\000M\000u\000l\000t\000i\000-\000N\000o\000d\000e\000\040\000C\000e\000r\000c\000i\000s\000\040\000S\000c\000o\000r\000e\000\040\000f\000o\000r\000\040\000S\000u\000p\000p\000l\000y\000\040\000C\000h\000a\000i\000n\000\040\000T\000r\000a\000c\000e\000a\000b\000i\000l\000i\000t\000y\000\040\117\233\136\224\224\376\156\257\156\220\166\204\000C\000e\000r\000c\000i\000s\131\032\202\202\160\271\213\304\122\006}{}% 19
\BOOKMARK [1][-]{section.7}{\376\377\000E\000x\000p\000e\000r\000i\000m\000e\000n\000t\000a\000l\000\040\000P\000r\000o\000t\000o\000c\000o\000l\000\040\133\236\232\214\145\271\150\110}{}% 20
\BOOKMARK [2][-]{subsection.7.1}{\376\377\000D\000a\000t\000a\000s\000e\000t\000s\000\040\000a\000n\000d\000\040\000G\000r\000o\000u\000n\000d\000\040\000T\000r\000u\000t\000h}{section.7}% 21
\BOOKMARK [2][-]{subsection.7.2}{\376\377\000V\000e\000r\000i\000f\000i\000c\000a\000t\000i\000o\000n\000\040\000M\000e\000t\000h\000o\000d\000s\000\040\000p\000e\000r\000\040\000N\000o\000d\000e}{section.7}% 22
\BOOKMARK [2][-]{subsection.7.3}{\376\377\000E\000v\000a\000l\000u\000a\000t\000i\000o\000n\000\040\000M\000e\000t\000r\000i\000c\000s}{section.7}% 23
\BOOKMARK [2][-]{subsection.7.4}{\376\377\000B\000a\000s\000e\000l\000i\000n\000e\000s}{section.7}% 24
\BOOKMARK [2][-]{subsection.7.5}{\376\377\000E\000x\000p\000e\000c\000t\000e\000d\000\040\000O\000u\000t\000c\000o\000m\000e\000s}{section.7}% 25
\BOOKMARK [2][-]{subsection.7.6}{\376\377\000C\000h\000i\000n\000e\000s\000e\000/\000E\000n\000g\000l\000i\000s\000h\000\040\000T\000e\000r\000m\000i\000n\000o\000l\000o\000g\000y\000\040\000M\000a\000p\000p\000i\000n\000g\000\040\116\055\202\361\145\207\147\057\213\355\133\371\161\147}{section.7}% 26
\BOOKMARK [1][-]{section.8}{\376\377\000D\000i\000s\000c\000u\000s\000s\000i\000o\000n\000\040\213\250\213\272}{}% 27
\BOOKMARK [2][-]{subsection.8.1}{\376\377\000R\000e\000l\000a\000t\000i\000o\000n\000s\000h\000i\000p\000\040\000t\000o\000\040\000E\000x\000i\000s\000t\000i\000n\000g\000\040\000A\000p\000p\000r\000o\000a\000c\000h\000e\000s}{section.8}% 28
\BOOKMARK [2][-]{subsection.8.2}{\376\377\000H\000o\000n\000e\000s\000t\000\040\000L\000i\000m\000i\000t\000a\000t\000i\000o\000n\000s}{section.8}% 29
\BOOKMARK [2][-]{subsection.8.3}{\376\377\000E\000x\000t\000e\000n\000s\000i\000o\000n\000s\000\040\000t\000o\000\040\000D\000A\000G\000\040\000S\000u\000p\000p\000l\000y\000\040\000C\000h\000a\000i\000n\000s\000\040\000D\000A\000G\117\233\136\224\224\376\166\204\142\151\134\125}{section.8}% 30
\BOOKMARK [1][-]{section.9}{\376\377\000C\000o\000n\000c\000l\000u\000s\000i\000o\000n\000\040\176\323\213\272}{}% 31
