\BOOKMARK [1][-]{section.1}{\376\377\000I\000n\000t\000r\000o\000d\000u\000c\000t\000i\000o\000n\000\040\137\025\212\000}{}% 1
\BOOKMARK [1][-]{section.2}{\376\377\000F\000o\000r\000m\000a\000l\000i\000z\000a\000t\000i\000o\000n\000:\000\040\000B\000l\000o\000c\000k\000c\000h\000a\000i\000n\000\040\000C\000o\000n\000s\000e\000n\000s\000u\000s\000\040\000a\000s\000\040\000M\000u\000l\000t\000i\000-\000V\000a\000l\000i\000d\000a\000t\000o\000r\000\040\000A\000u\000d\000i\000t\000\040\123\072\127\127\224\376\121\161\213\306\117\134\116\072\131\032\232\214\213\301\200\005\133\241\213\241\166\204\137\142\137\017\123\026}{}% 2
\BOOKMARK [2][-]{subsection.2.1}{\376\377\000T\000h\000e\000\040\000L\000e\000d\000g\000e\000r\000\040\000S\000t\000a\000t\000e\000\040\000a\000n\000d\000\040\000B\000l\000o\000c\000k\000\040\000M\000o\000d\000e\000l\000\040\215\046\147\054\162\266\140\001\116\016\123\072\127\127\152\041\127\213}{section.2}% 3
\BOOKMARK [2][-]{subsection.2.2}{\376\377\000V\000a\000l\000i\000d\000a\000t\000o\000r\000s\000\040\000a\000s\000\040\000E\000x\000p\000e\000r\000t\000s\000\040\232\214\213\301\200\005\123\163\116\023\133\266}{section.2}% 4
\BOOKMARK [2][-]{subsection.2.3}{\376\377\000F\000o\000r\000k\000\040\000a\000s\000\040\000C\000o\000n\000s\000e\000n\000s\000u\000s\000\040\000F\000a\000i\000l\000u\000r\000e\000\040\122\006\123\311\123\163\121\161\213\306\131\061\215\045}{section.2}% 5
\BOOKMARK [2][-]{subsection.2.4}{\376\377\000T\000h\000e\000\040\000Y\000a\000j\000i\000e\000\040\000P\000a\000y\000o\000f\000f\000\040\000S\000t\000r\000u\000c\000t\000u\000r\000e\000\040\000f\000o\000r\000\040\000V\000a\000l\000i\000d\000a\000t\000o\000r\000s\000\040\000Y\000a\000j\000i\000e\232\214\213\301\200\005\145\066\166\312\176\323\147\204}{section.2}% 6
\BOOKMARK [2][-]{subsection.2.5}{\376\377\000A\000s\000s\000u\000m\000p\000t\000i\000o\000n\000s\000\040\120\107\213\276}{section.2}% 7
\BOOKMARK [1][-]{section.3}{\376\377\000T\000h\000e\000o\000r\000e\000m\000\040\0001\000:\000\040\000F\000o\000r\000k\000\040\000I\000m\000p\000o\000s\000s\000i\000b\000i\000l\000i\000t\000y\000\040\040\024\000\040\000C\000o\000n\000s\000e\000n\000s\000u\000s\000\040\000I\000n\000t\000e\000g\000r\000i\000t\000y\000\040\122\006\123\311\116\015\123\357\200\375\140\047\040\024\040\024\121\161\213\306\133\214\145\164\140\047}{}% 8
\BOOKMARK [2][-]{subsection.3.1}{\376\377\000T\000h\000e\000\040\000F\000o\000r\000k\000\040\000P\000r\000o\000b\000a\000b\000i\000l\000i\000t\000y\000\040\000M\000o\000d\000e\000l}{section.3}% 9
\BOOKMARK [2][-]{subsection.3.2}{\376\377\000T\000h\000e\000\040\000F\000o\000r\000k\000\040\000I\000m\000p\000o\000s\000s\000i\000b\000i\000l\000i\000t\000y\000\040\000T\000h\000e\000o\000r\000e\000m}{section.3}% 10
\BOOKMARK [1][-]{section.4}{\376\377\000T\000h\000e\000o\000r\000e\000m\000\040\0002\000:\000\040\0005\0001\000\045\000\040\000A\000t\000t\000a\000c\000k\000\040\000R\000e\000s\000i\000s\000t\000a\000n\000c\000e\000\040\040\024\000\040\000E\000f\000f\000e\000c\000t\000i\000v\000e\000\040\000V\000a\000l\000i\000d\000a\000t\000o\000r\000\040\000T\000h\000r\000e\000s\000h\000o\000l\000d\000\040\0005\0001\000\045\145\073\121\373\142\265\142\227\040\024\040\024\147\011\145\110\232\214\213\301\200\005\226\010\120\074}{}% 11
\BOOKMARK [2][-]{subsection.4.1}{\376\377\000T\000h\000e\000\040\000A\000t\000t\000a\000c\000k\000\040\000M\000o\000d\000e\000l}{section.4}% 12
\BOOKMARK [2][-]{subsection.4.2}{\376\377\000T\000h\000e\000o\000r\000e\000m\000\040\000S\000t\000a\000t\000e\000m\000e\000n\000t\000\040\000a\000n\000d\000\040\000P\000r\000o\000o\000f}{section.4}% 13
\BOOKMARK [1][-]{section.5}{\376\377\000T\000h\000e\000o\000r\000e\000m\000\040\0003\000:\000\040\000H\000a\000s\000h\000\040\000C\000h\000a\000i\000n\000\040\000I\000n\000t\000e\000g\000r\000i\000t\000y\000\040\040\024\000\040\000P\000e\000r\000m\000a\000n\000e\000n\000t\000\040\000A\000u\000d\000i\000t\000\040\000T\000r\000a\000i\000l\000\040\124\310\136\014\224\376\133\214\145\164\140\047\040\024\040\024\154\070\116\105\133\241\213\241\217\150\217\371}{}% 14
\BOOKMARK [2][-]{subsection.5.1}{\376\377\000T\000h\000e\000\040\000H\000a\000s\000h\000\040\000C\000h\000a\000i\000n\000\040\000a\000s\000\040\000A\000u\000d\000i\000t\000\040\000T\000r\000a\000i\000l}{section.5}% 15
\BOOKMARK [2][-]{subsection.5.2}{\376\377\000T\000h\000e\000\040\000S\000p\000r\000i\000n\000g\000\040\000G\000a\000t\000i\000n\000g\000\040\000C\000o\000r\000r\000e\000s\000p\000o\000n\000d\000e\000n\000c\000e}{section.5}% 16
\BOOKMARK [2][-]{subsection.5.3}{\376\377\000T\000h\000e\000o\000r\000e\000m\000\040\000S\000t\000a\000t\000e\000m\000e\000n\000t\000\040\000a\000n\000d\000\040\000P\000r\000o\000o\000f}{section.5}% 17
\BOOKMARK [1][-]{section.6}{\376\377\000N\000a\000k\000a\000m\000o\000t\000o\000\040\000C\000o\000n\000s\000e\000n\000s\000u\000s\000\040\000a\000s\000\040\000I\000m\000p\000l\000i\000c\000i\000t\000\040\000M\000\040\000W\000i\000t\000h\000o\000u\000t\000\040\000F\000o\000r\000m\000a\000l\000\040\000G\000u\000a\000r\000a\000n\000t\000e\000e\000\040\116\055\147\054\200\152\121\161\213\306\117\134\116\072\145\340\137\142\137\017\117\335\213\301\166\204\226\220\137\017\000M}{}% 18
\BOOKMARK [2][-]{subsection.6.1}{\376\377\000T\000h\000e\000\040\000N\000a\000k\000a\000m\000o\000t\000o\000\040\000M\000o\000d\000e\000l}{section.6}% 19
\BOOKMARK [1][-]{section.7}{\376\377\000M\000u\000l\000t\000i\000-\000V\000a\000l\000i\000d\000a\000t\000o\000r\000\040\000C\000o\000n\000s\000e\000n\000s\000u\000s\000\040\000P\000r\000o\000t\000o\000c\000o\000l\000\040\131\032\232\214\213\301\200\005\121\161\213\306\123\117\213\256}{}% 20
\BOOKMARK [2][-]{subsection.7.1}{\376\377\000T\000h\000e\000\040\000Y\000a\000j\000i\000e\000\040\000C\000o\000n\000s\000e\000n\000s\000u\000s\000\040\000f\000o\000r\000\040\000B\000l\000o\000c\000k\000c\000h\000a\000i\000n\000s\000\040\000Y\000a\000j\000i\000e\123\072\127\127\224\376\121\161\213\306}{section.7}% 21
\BOOKMARK [2][-]{subsection.7.2}{\376\377\000T\000h\000e\000\040\000Y\000a\000j\000i\000e\000\040\000C\000o\000n\000s\000e\000n\000s\000u\000s\000\040\000A\000l\000g\000o\000r\000i\000t\000h\000m}{section.7}% 22
\BOOKMARK [1][-]{section.8}{\376\377\000C\000e\000r\000c\000i\000s\000\040\000S\000c\000o\000r\000e\000\040\000f\000o\000r\000\040\000V\000a\000l\000i\000d\000a\000t\000o\000r\000\040\000Q\000u\000a\000l\000i\000t\000y\000\040\232\214\213\301\200\005\215\050\221\317\166\204\000C\000e\000r\000c\000i\000s\213\304\122\006}{}% 23
\BOOKMARK [1][-]{section.9}{\376\377\000S\000p\000r\000i\000n\000g\000\040\000G\000a\000t\000i\000n\000g\000\040\000f\000o\000r\000\040\000C\000h\000a\000i\000n\000\040\000I\000n\000t\000e\000g\000r\000i\000t\000y\000\040\224\376\133\214\145\164\140\047\166\204\000S\000p\000r\000i\000n\000g\225\350\143\247}{}% 24
\BOOKMARK [1][-]{section.10}{\376\377\000A\000p\000p\000l\000i\000c\000a\000t\000i\000o\000n\000s\000:\000\040\000C\000o\000n\000s\000e\000n\000s\000u\000s\000\040\000P\000r\000o\000t\000o\000c\000o\000l\000\040\000A\000n\000a\000l\000y\000s\000i\000s\000\040\136\224\165\050\377\032\121\161\213\306\123\117\213\256\122\006\147\220}{}% 25
\BOOKMARK [2][-]{subsection.10.1}{\376\377\000P\000r\000o\000o\000f\000-\000o\000f\000-\000W\000o\000r\000k\000\040\000\050\000P\000o\000W\000\051\000\040\040\024\000\040\000B\000i\000t\000c\000o\000i\000n}{section.10}% 26
\BOOKMARK [2][-]{subsection.10.2}{\376\377\000P\000r\000o\000o\000f\000-\000o\000f\000-\000S\000t\000a\000k\000e\000\040\000\050\000P\000o\000S\000\051\000\040\040\024\000\040\000E\000t\000h\000e\000r\000e\000u\000m\000\040\0002\000.\0000\000\040\000/\000\040\000G\000a\000s\000p\000e\000r}{section.10}% 27
\BOOKMARK [2][-]{subsection.10.3}{\376\377\000P\000B\000F\000T\000-\000F\000a\000m\000i\000l\000y\000\040\040\024\000\040\000T\000e\000n\000d\000e\000r\000m\000i\000n\000t\000\040\000/\000\040\000C\000o\000s\000m\000o\000s}{section.10}% 28
\BOOKMARK [1][-]{section.11}{\376\377\000D\000i\000s\000c\000u\000s\000s\000i\000o\000n\000\040\213\250\213\272}{}% 29
\BOOKMARK [2][-]{subsection.11.1}{\376\377\000R\000e\000l\000a\000t\000i\000o\000n\000s\000h\000i\000p\000\040\000t\000o\000\040\000E\000x\000i\000s\000t\000i\000n\000g\000\040\000T\000h\000e\000o\000r\000e\000t\000i\000c\000a\000l\000\040\000F\000r\000a\000m\000e\000w\000o\000r\000k\000s\000\040\116\016\163\260\147\011\164\006\213\272\150\106\147\266\166\204\121\163\174\373}{section.11}% 30
\BOOKMARK [2][-]{subsection.11.2}{\376\377\000H\000o\000n\000e\000s\000t\000\040\000L\000i\000m\000i\000t\000a\000t\000i\000o\000n\000s\000\040\213\332\133\236\134\100\226\120\140\047}{section.11}% 31
\BOOKMARK [2][-]{subsection.11.3}{\376\377\000F\000u\000t\000u\000r\000e\000\040\000D\000i\000r\000e\000c\000t\000i\000o\000n\000s\000\040\147\052\147\145\145\271\124\021}{section.11}% 32
\BOOKMARK [1][-]{section.12}{\376\377\000C\000o\000n\000c\000l\000u\000s\000i\000o\000n\000\040\176\323\213\272}{}% 33
