\BOOKMARK [1][-]{section.1}{\376\377\000I\000n\000t\000r\000o\000d\000u\000c\000t\000i\000o\000n\000\040\137\025\212\000}{}% 1
\BOOKMARK [1][-]{section.2}{\376\377\000F\000o\000r\000m\000a\000l\000i\000z\000a\000t\000i\000o\000n\000:\000\040\000M\000u\000l\000t\000i\000-\000P\000h\000y\000s\000i\000c\000s\000\040\000a\000s\000\040\000M\000u\000l\000t\000i\000-\000E\000x\000p\000e\000r\000t\000\040\000P\000r\000e\000d\000i\000c\000t\000i\000o\000n\000\040\131\032\162\151\164\006\127\072\117\134\116\072\131\032\116\023\133\266\230\204\155\113\166\204\137\142\137\017\123\026}{}% 2
\BOOKMARK [2][-]{subsection.2.1}{\376\377\000D\000o\000m\000a\000i\000n\000\040\000D\000e\000c\000o\000m\000p\000o\000s\000i\000t\000i\000o\000n\000\040\230\206\127\337\122\006\211\343}{section.2}% 3
\BOOKMARK [2][-]{subsection.2.2}{\376\377\000M\000u\000l\000t\000i\000-\000E\000x\000p\000e\000r\000t\000\040\000S\000o\000l\000v\000e\000r\000\040\000E\000n\000s\000e\000m\000b\000l\000e\000\040\131\032\116\023\133\266\154\102\211\343\126\150\226\306\124\010}{section.2}% 4
\BOOKMARK [2][-]{subsection.2.3}{\376\377\000C\000o\000u\000p\000l\000i\000n\000g\000\040\000I\000t\000e\000r\000a\000t\000i\000o\000n\000\040\000a\000n\000d\000\040\000E\000r\000r\000o\000r\000\040\000F\000l\000o\000w\000\040\200\046\124\010\217\355\116\343\116\016\213\357\135\356\155\101}{section.2}% 5
\BOOKMARK [1][-]{section.3}{\376\377\000P\000e\000r\000-\000D\000o\000m\000a\000i\000n\000\040\000Q\000u\000a\000l\000i\000t\000y\000\040\000G\000u\000a\000r\000a\000n\000t\000e\000e\000\040\153\317\230\206\127\337\215\050\221\317\117\335\213\301}{}% 6
\BOOKMARK [2][-]{subsection.3.1}{\376\377\000P\000e\000r\000-\000D\000o\000m\000a\000i\000n\000\040\000D\000e\000t\000e\000c\000t\000i\000o\000n\000\040\000P\000r\000o\000t\000o\000c\000o\000l}{section.3}% 7
\BOOKMARK [1][-]{section.4}{\376\377\000C\000r\000o\000s\000s\000-\000D\000o\000m\000a\000i\000n\000\040\000E\000r\000r\000o\000r\000\040\000P\000r\000o\000p\000a\000g\000a\000t\000i\000o\000n\000\040\000B\000o\000u\000n\000d\000\040\215\350\230\206\127\337\213\357\135\356\117\040\144\255\165\114}{}% 8
\BOOKMARK [2][-]{subsection.4.1}{\376\377\000P\000r\000o\000p\000a\000g\000a\000t\000i\000o\000n\000\040\000M\000o\000d\000e\000l}{section.4}% 9
\BOOKMARK [2][-]{subsection.4.2}{\376\377\000E\000x\000p\000l\000i\000c\000i\000t\000\040\000C\000o\000u\000p\000l\000i\000n\000g\000\040\000L\000i\000p\000s\000c\000h\000i\000t\000z\000\040\000C\000o\000n\000s\000t\000a\000n\000t\000s\000\040\146\076\137\017\200\046\124\010\000L\000i\000p\000s\000c\000h\000i\000t\000z\136\070\145\160}{section.4}% 10
\BOOKMARK [1][-]{section.5}{\376\377\000U\000n\000i\000d\000e\000n\000t\000i\000f\000i\000a\000b\000i\000l\000i\000t\000y\000\040\000a\000t\000\040\000C\000o\000u\000p\000l\000i\000n\000g\000\040\000I\000n\000t\000e\000r\000f\000a\000c\000e\000s\000\040\200\046\124\010\165\114\227\142\166\204\116\015\123\357\217\250\213\306\140\047}{}% 11
\BOOKMARK [2][-]{subsection.5.1}{\376\377\000T\000h\000e\000\040\000T\000r\000i\000p\000a\000r\000t\000i\000t\000e\000\040\000A\000m\000b\000i\000g\000u\000i\000t\000y\000\040\116\011\145\271\152\041\174\312\140\047}{section.5}% 12
\BOOKMARK [1][-]{section.6}{\376\377\000C\000e\000r\000c\000i\000s\000\040\000S\000c\000o\000r\000e\000\040\000f\000o\000r\000\040\000M\000u\000l\000t\000i\000-\000P\000h\000y\000s\000i\000c\000s\000\040\000R\000e\000g\000i\000m\000e\000s\000\040\131\032\162\151\164\006\127\072\000C\000e\000r\000c\000i\000s\213\304\122\006}{}% 13
\BOOKMARK [2][-]{subsection.6.1}{\376\377\000M\000u\000l\000t\000i\000-\000P\000h\000y\000s\000i\000c\000s\000\040\000Q\000u\000a\000l\000i\000t\000y\000\040\000Q}{section.6}% 14
\BOOKMARK [2][-]{subsection.6.2}{\376\377\000M\000u\000l\000t\000i\000-\000P\000h\000y\000s\000i\000c\000s\000\040\000N\000o\000v\000e\000l\000t\000y\000\040\000N}{section.6}% 15
\BOOKMARK [2][-]{subsection.6.3}{\376\377\000M\000u\000l\000t\000i\000-\000F\000i\000d\000e\000l\000i\000t\000y\000\040\000H\000i\000e\000r\000a\000r\000c\000h\000y\000\040\131\032\117\335\167\037\136\246\134\102\176\247}{section.6}% 16
\BOOKMARK [1][-]{section.7}{\376\377\000M\000u\000l\000t\000i\000-\000D\000o\000m\000a\000i\000n\000\040\000Y\000a\000j\000i\000e\000\040\000C\000o\000n\000s\000e\000n\000s\000u\000s\000\040\131\032\230\206\127\337\000Y\000a\000j\000i\000e\121\161\213\306}{}% 17
\BOOKMARK [2][-]{subsection.7.1}{\376\377\000T\000w\000o\000-\000L\000e\000v\000e\000l\000\040\000C\000o\000n\000s\000e\000n\000s\000u\000s\000\040\000A\000r\000c\000h\000i\000t\000e\000c\000t\000u\000r\000e\000\040\123\314\134\102\121\161\213\306\147\266\147\204}{section.7}% 18
\BOOKMARK [2][-]{subsection.7.2}{\376\377\000G\000r\000o\000u\000n\000d\000\040\000T\000r\000u\000t\000h\000\040\000I\000n\000t\000e\000g\000r\000a\000t\000i\000o\000n\000\040\127\060\227\142\133\236\121\265\145\164\124\010}{section.7}% 19
\BOOKMARK [1][-]{section.8}{\376\377\000E\000x\000p\000e\000r\000i\000m\000e\000n\000t\000a\000l\000\040\000P\000r\000o\000t\000o\000c\000o\000l\000\040\133\236\232\214\123\117\213\256}{}% 20
\BOOKMARK [2][-]{subsection.8.1}{\376\377\000B\000e\000n\000c\000h\000m\000a\000r\000k\000\040\000H\000i\000e\000r\000a\000r\000c\000h\000y}{section.8}% 21
\BOOKMARK [2][-]{subsection.8.2}{\376\377\000E\000v\000a\000l\000u\000a\000t\000i\000o\000n\000\040\000P\000r\000o\000t\000o\000c\000o\000l}{section.8}% 22
\BOOKMARK [2][-]{subsection.8.3}{\376\377\000S\000t\000a\000t\000i\000s\000t\000i\000c\000a\000l\000\040\000R\000e\000p\000o\000r\000t\000i\000n\000g\000\040\000R\000e\000q\000u\000i\000r\000e\000m\000e\000n\000t\000s\000\040\176\337\213\241\142\245\124\112\211\201\154\102}{section.8}% 23
\BOOKMARK [1][-]{section.9}{\376\377\000D\000i\000s\000c\000u\000s\000s\000i\000o\000n\000\040\213\250\213\272}{}% 24
\BOOKMARK [2][-]{subsection.9.1}{\376\377\000P\000a\000t\000h\000\040\000t\000o\000\040\000C\000e\000r\000t\000i\000f\000i\000e\000d\000\040\000D\000i\000g\000i\000t\000a\000l\000\040\000T\000w\000i\000n\000s\000\040\220\032\137\200\213\244\213\301\145\160\133\127\133\152\165\037\166\204\215\357\137\204}{section.9}% 25
\BOOKMARK [2][-]{subsection.9.2}{\376\377\000H\000o\000n\000e\000s\000t\000\040\000C\000o\000m\000p\000u\000t\000a\000t\000i\000o\000n\000a\000l\000\040\000C\000o\000s\000t\000\040\000R\000e\000p\000o\000r\000t\000i\000n\000g\000\040\213\332\133\236\166\204\213\241\173\227\142\020\147\054\142\245\124\112}{section.9}% 26
\BOOKMARK [2][-]{subsection.9.3}{\376\377\000L\000i\000m\000i\000t\000a\000t\000i\000o\000n\000s\000\040\134\100\226\120\140\047}{section.9}% 27
\BOOKMARK [2][-]{subsection.9.4}{\376\377\000R\000e\000l\000a\000t\000i\000o\000n\000s\000h\000i\000p\000\040\000t\000o\000\040\000E\000x\000i\000s\000t\000i\000n\000g\000\040\000M\000e\000t\000h\000o\000d\000s\000\040\116\016\163\260\147\011\145\271\154\325\166\204\121\163\174\373}{section.9}% 28
\BOOKMARK [1][-]{appendix.A}{\376\377\000F\000u\000l\000l\000\040\000D\000e\000r\000i\000v\000a\000t\000i\000o\000n\000\040\000o\000f\000\040\000F\000S\000I\000\040\000C\000o\000u\000p\000l\000i\000n\000g\000\040\000L\000i\000p\000s\000c\000h\000i\000t\000z\000\040\000C\000o\000n\000s\000t\000a\000n\000t}{}% 29
\BOOKMARK [1][-]{appendix.B}{\376\377\000C\000o\000u\000p\000l\000i\000n\000g\000\040\000C\000o\000r\000r\000e\000l\000a\000t\000i\000o\000n\000\040\000E\000s\000t\000i\000m\000a\000t\000i\000o\000n}{}% 30
\BOOKMARK [1][-]{appendix.C}{\376\377\000C\000r\000o\000s\000s\000-\000D\000o\000m\000a\000i\000n\000\040\000L\000i\000p\000s\000c\000h\000i\000t\000z\000\040\000E\000s\000t\000i\000m\000a\000t\000i\000o\000n\000\040\000f\000r\000o\000m\000\040\000D\000a\000t\000a}{}% 31
