\BOOKMARK [1][-]{section.1}{\376\377\137\025\212\000}{}% 1
\BOOKMARK [2][-]{subsection.1.1}{\376\377\173\133\220\011\040\023\143\242\175\042\147\103\210\141}{section.1}% 2
\BOOKMARK [2][-]{subsection.1.2}{\376\377\000S\000p\000r\000i\000n\000g\000\040\173\227\154\325}{section.1}% 3
\BOOKMARK [2][-]{subsection.1.3}{\376\377\147\054\145\207\215\041\163\056\116\016\213\332\133\236\130\360\146\016}{section.1}% 4
\BOOKMARK [1][-]{section.2}{\376\377\000S\000p\000r\000i\000n\000g\000\040\201\352\217\333\123\026\137\252\163\257}{}% 5
\BOOKMARK [2][-]{subsection.2.1}{\376\377\173\227\154\325}{section.2}% 6
\BOOKMARK [2][-]{subsection.2.2}{\376\377\150\070\137\303\122\033\145\260\377\032\201\352\217\333\123\026\213\304\117\060}{section.2}% 7
\BOOKMARK [2][-]{subsection.2.3}{\376\377\123\314\145\366\225\364\134\072\136\246\176\323\147\204}{section.2}% 8
\BOOKMARK [1][-]{section.3}{\376\377\145\160\133\146\150\106\147\266}{}% 9
\BOOKMARK [2][-]{subsection.3.1}{\376\377\173\046\123\367\117\123\174\373}{section.3}% 10
\BOOKMARK [2][-]{subsection.3.2}{\376\377\162\266\140\001\172\172\225\364\116\016\122\250\122\233\133\146}{section.3}% 11
\BOOKMARK [2][-]{subsection.3.3}{\376\377\120\107\213\276\000\040\000C\0001\040\023\000C\0001\0001}{section.3}% 12
\BOOKMARK [1][-]{section.4}{\376\377\000L\000i\000p\000s\000c\000h\000i\000t\000z\000-\121\340\116\116\131\004\131\004\121\161\213\306\137\025\164\006}{}% 13
\BOOKMARK [1][-]{section.5}{\376\377\133\232\164\006\000\040\000S\000p\000r\000i\000n\000g\000-\0001\377\032\145\066\145\133\122\060\126\372\133\232\160\271\377\010\000S\000E\000-\0001\377\011}{}% 14
\BOOKMARK [2][-]{subsection.5.1}{\376\377\133\232\164\006\226\110\217\360}{section.5}% 15
\BOOKMARK [2][-]{subsection.5.2}{\376\377\137\025\164\006\000\040\000S\000E\000-\0001\000.\0001\377\032\000L\000y\000a\000p\000u\000n\000o\000v\000\040\121\375\145\160\227\136\130\236}{section.5}% 16
\BOOKMARK [2][-]{subsection.5.3}{\376\377\137\025\164\006\000\040\000S\000E\000-\0001\000.\0002\377\032\213\260\137\306\136\223\172\063\133\232\123\026}{section.5}% 17
\BOOKMARK [2][-]{subsection.5.4}{\376\377\137\025\164\006\000\040\000S\000E\000-\0001\000.\0003\377\032\123\302\145\160\117\115\171\373\155\210\131\061}{section.5}% 18
\BOOKMARK [2][-]{subsection.5.5}{\376\377\137\025\164\006\000\040\000S\000E\000-\0001\000.\0004\377\032\147\201\226\120\160\271\146\057\126\372\133\232\160\271}{section.5}% 19
\BOOKMARK [2][-]{subsection.5.6}{\376\377\133\232\164\006\000\040\000S\000p\000r\000i\000n\000g\000-\0001\000\040\166\204\133\214\145\164\213\301\146\016}{section.5}% 20
\BOOKMARK [2][-]{subsection.5.7}{\376\377\126\333\171\315\145\066\145\133\147\072\122\066}{section.5}% 21
\BOOKMARK [1][-]{section.6}{\376\377\133\232\164\006\000\040\000S\000p\000r\000i\000n\000g\000-\0002\377\032\133\214\131\007\165\114\377\010\000S\000E\000-\0002\377\011}{}% 22
\BOOKMARK [2][-]{subsection.6.1}{\376\377\162\151\164\006\176\246\147\137}{section.6}% 23
\BOOKMARK [2][-]{subsection.6.2}{\376\377\133\232\164\006\226\110\217\360\116\016\213\301\146\016}{section.6}% 24
\BOOKMARK [2][-]{subsection.6.3}{\376\377\147\000\127\117\140\305\121\265\165\114\226\120}{section.6}% 25
\BOOKMARK [2][-]{subsection.6.4}{\376\377\133\232\164\006\000\040\000S\000p\000r\000i\000n\000g\000-\0002\000\040\116\015}{section.6}% 26
\BOOKMARK [2][-]{subsection.6.5}{\376\377\000G\000\366\000d\000e\000l\000-\174\173\117\074\116\015\133\214\131\007\140\047\174\173\153\324}{section.6}% 27
\BOOKMARK [1][-]{section.7}{\376\377\000L\000y\000a\000p\000u\000n\000o\000v\000\040\116\013\226\115\213\301\146\016}{}% 28
\BOOKMARK [2][-]{subsection.7.1}{\376\377\220\011\142\351\120\117\135\356\137\252\163\257}{section.7}% 29
\BOOKMARK [2][-]{subsection.7.2}{\376\377\145\340\123\302\200\003\226\306\221\315\145\076\145\366\166\204\116\015\123\357\200\375\140\047}{section.7}% 30
\BOOKMARK [2][-]{subsection.7.3}{\376\377\116\000\153\145\122\006\211\343}{section.7}% 31
\BOOKMARK [2][-]{subsection.7.4}{\376\377\122\006\136\003\120\117\171\373\143\247\122\066}{section.7}% 32
\BOOKMARK [2][-]{subsection.7.5}{\376\377\200\124\124\010\211\343\121\263\377\032\123\302\200\003\226\306\221\315\145\076}{section.7}% 33
\BOOKMARK [2][-]{subsection.7.6}{\376\377\147\000\175\047\123\357\200\375\176\304\124\010\165\114}{section.7}% 34
\BOOKMARK [1][-]{section.8}{\376\377\145\066\145\133\163\207\122\006\147\220}{}% 35
\BOOKMARK [2][-]{subsection.8.1}{\376\377\137\072\121\370\140\047\116\013\166\204\133\146\165\037\163\207}{section.8}% 36
\BOOKMARK [2][-]{subsection.8.2}{\376\377\000P\000o\000l\000y\000a\000k\000-\001\101\000o\000j\000a\000s\000i\000e\000w\000i\000c\000z\000\040\147\141\116\366\116\013\166\204\163\207}{section.8}% 37
\BOOKMARK [2][-]{subsection.8.3}{\376\377\227\136\121\370\140\305\121\265\116\013\166\204\136\163\172\063\160\271\145\066\145\133}{section.8}% 38
\BOOKMARK [2][-]{subsection.8.4}{\376\377\133\210\225\350\116\272\145\066\145\133\163\207}{section.8}% 39
\BOOKMARK [2][-]{subsection.8.5}{\376\377\200\046\124\010\163\207}{section.8}% 40
\BOOKMARK [2][-]{subsection.8.6}{\376\377\123\302\145\160\117\235\215\126\140\047}{section.8}% 41
\BOOKMARK [2][-]{subsection.8.7}{\376\377\147\201\134\017\147\201\131\047\147\000\117\030\140\047}{section.8}% 42
\BOOKMARK [1][-]{section.9}{\376\377\220\000\160\153\214\003\136\246\133\232\164\006}{}% 43
\BOOKMARK [1][-]{section.10}{\376\377\217\271\177\030\140\305\121\265\116\016\131\061\215\045\152\041\137\017}{}% 44
\BOOKMARK [2][-]{subsection.10.1}{\376\377\152\041\137\017\000\040\0001\377\032\217\307\145\351\145\066\145\133\377\010\133\210\225\350\116\272\121\273\176\323\377\011}{section.10}% 45
\BOOKMARK [2][-]{subsection.10.2}{\376\377\152\041\137\017\000\040\0002\377\032\171\357\123\213\225\356\230\230\377\010\213\260\137\306\217\307\217\175\377\011}{section.10}% 46
\BOOKMARK [2][-]{subsection.10.3}{\376\377\152\041\137\017\000\040\0003\377\032\150\041\121\306\135\051\156\203\377\010\133\242\142\067\172\357\122\006\153\147\377\011}{section.10}% 47
\BOOKMARK [2][-]{subsection.10.4}{\376\377\152\041\137\017\000\040\0004\377\032\133\371\142\227\142\225\153\322\377\010\133\210\225\350\116\272\201\120\123\026\377\011}{section.10}% 48
\BOOKMARK [1][-]{section.11}{\376\377\145\160\120\074\232\214\213\301}{}% 49
\BOOKMARK [2][-]{subsection.11.1}{\376\377\133\236\232\214\213\276\177\156}{section.11}% 50
\BOOKMARK [2][-]{subsection.11.2}{\376\377\176\323\147\234}{section.11}% 51
\BOOKMARK [1][-]{section.12}{\376\377\213\250\213\272}{}% 52
\BOOKMARK [2][-]{subsection.12.1}{\376\377\000S\000p\000r\000i\000n\000g\000\040\127\050\173\227\154\325\121\111\214\061\116\055\166\204\133\232\117\115}{section.12}% 53
\BOOKMARK [2][-]{subsection.12.2}{\376\377\134\100\226\120\140\047\116\016\147\052\211\343\121\263\225\356\230\230}{section.12}% 54
\BOOKMARK [3][-]{subsubsection.12.2.1}{\376\377\135\362\213\301\146\016\220\350\122\006\166\204\213\332\133\236\140\073\176\323}{subsection.12.2}% 55
\BOOKMARK [3][-]{subsubsection.12.2.2}{\376\377\121\163\225\056\134\100\226\120\140\047\166\204\213\346\176\306\213\250\213\272}{subsection.12.2}% 56
\BOOKMARK [2][-]{subsection.12.3}{\376\377\116\016\000\040\000S\000C\000X\377\010\213\272\145\207\000\040\0001\377\011\166\204\200\124\174\373}{section.12}% 57
\BOOKMARK [2][-]{subsection.12.4}{\376\377\147\052\147\145\135\345\117\134}{section.12}% 58
\BOOKMARK [2][-]{subsection.12.5}{\376\377\213\332\133\236\166\204\213\244\213\306\213\272\130\360\146\016}{section.12}% 59
