\BOOKMARK [1][-]{section.1}{\376\377\000I\000n\000t\000r\000o\000d\000u\000c\000t\000i\000o\000n}{}% 1
\BOOKMARK [1][-]{section.2}{\376\377\000F\000o\000r\000m\000a\000l\000i\000z\000a\000t\000i\000o\000n\000:\000\040\000W\000o\000r\000l\000d\000\040\000M\000o\000d\000e\000l\000s\000\040\000a\000s\000\040\000E\000x\000p\000e\000r\000t\000\040\000C\000o\000m\000p\000o\000s\000i\000t\000i\000o\000n\000s}{}% 2
\BOOKMARK [1][-]{section.3}{\376\377\000T\000h\000e\000o\000r\000e\000m\000\040\0001\000:\000\040\000C\000r\000o\000s\000s\000-\000M\000o\000d\000u\000l\000e\000\040\000P\000h\000y\000s\000i\000c\000s\000\040\000V\000i\000o\000l\000a\000t\000i\000o\000n\000\040\000D\000e\000t\000e\000c\000t\000i\000o\000n}{}% 3
\BOOKMARK [2][-]{subsection.3.1}{\376\377\000P\000r\000o\000b\000l\000e\000m\000\040\000S\000e\000t\000u\000p}{section.3}% 4
\BOOKMARK [2][-]{subsection.3.2}{\376\377\000B\000o\000u\000n\000d\000i\000n\000g\000\040\000t\000h\000e\000\040\000C\000a\000s\000c\000a\000d\000e\000\040\000M\000i\000s\000s\000\040\000P\000r\000o\000b\000a\000b\000i\000l\000i\000t\000y}{section.3}% 5
\BOOKMARK [1][-]{section.4}{\376\377\000T\000h\000e\000o\000r\000e\000m\000\040\0003\000:\000\040\000S\000i\000m\000u\000l\000a\000t\000i\000o\000n\000\040\000E\000r\000r\000o\000r\000\040\000v\000s\000.\000\040\000D\000o\000m\000a\000i\000n\000\040\000G\000a\000p\000\040\000U\000n\000i\000d\000e\000n\000t\000i\000f\000i\000a\000b\000i\000l\000i\000t\000y}{}% 6
\BOOKMARK [2][-]{subsection.4.1}{\376\377\000F\000o\000r\000m\000a\000l\000\040\000S\000e\000t\000u\000p}{section.4}% 7
\BOOKMARK [1][-]{section.5}{\376\377\000S\000p\000r\000i\000n\000g\000:\000\040\000O\000n\000l\000i\000n\000e\000\040\000M\000o\000n\000i\000t\000o\000r\000i\000n\000g\000\040\000o\000f\000\040\000W\000o\000r\000l\000d\000\040\000M\000o\000d\000e\000l\000\040\000D\000r\000i\000f\000t}{}% 8
\BOOKMARK [2][-]{subsection.5.1}{\376\377\000C\000U\000S\000U\000M\000\040\000D\000e\000t\000e\000c\000t\000i\000o\000n\000\040\000F\000r\000a\000m\000e\000w\000o\000r\000k}{section.5}% 9
\BOOKMARK [2][-]{subsection.5.2}{\376\377\000O\000O\000D\000\040\000D\000e\000t\000e\000c\000t\000i\000o\000n\000\040\000L\000o\000w\000e\000r\000\040\000B\000o\000u\000n\000d}{section.5}% 10
\BOOKMARK [2][-]{subsection.5.3}{\376\377\000M\000u\000l\000t\000i\000-\000R\000e\000s\000o\000l\000u\000t\000i\000o\000n\000\040\000M\000o\000n\000i\000t\000o\000r\000i\000n\000g}{section.5}% 11
\BOOKMARK [2][-]{subsection.5.4}{\376\377\000C\000a\000l\000i\000b\000r\000a\000t\000i\000o\000n\000\040\000P\000h\000a\000s\000e}{section.5}% 12
\BOOKMARK [1][-]{section.6}{\376\377\000C\000e\000r\000c\000i\000s\000\040\000S\000c\000o\000r\000e\000\040\000f\000o\000r\000\040\000L\000e\000a\000r\000n\000e\000d\000\040\000S\000i\000m\000u\000l\000a\000t\000o\000r\000s}{}% 13
\BOOKMARK [2][-]{subsection.6.1}{\376\377\000P\000h\000y\000s\000i\000c\000a\000l\000\040\000F\000i\000d\000e\000l\000i\000t\000y\000\040\000Q}{section.6}% 14
\BOOKMARK [2][-]{subsection.6.2}{\376\377\000S\000c\000e\000n\000a\000r\000i\000o\000\040\000N\000o\000v\000e\000l\000t\000y\000\040\000N}{section.6}% 15
\BOOKMARK [2][-]{subsection.6.3}{\376\377\000C\000o\000n\000n\000e\000c\000t\000i\000o\000n\000\040\000t\000o\000\040\000T\000h\000e\000o\000r\000e\000m\000\040\0003}{section.6}% 16
\BOOKMARK [1][-]{section.7}{\376\377\000M\000u\000l\000t\000i\000-\000M\000o\000d\000u\000l\000e\000\040\000Y\000a\000j\000i\000e\000\040\000C\000o\000n\000s\000e\000n\000s\000u\000s}{}% 17
\BOOKMARK [2][-]{subsection.7.1}{\376\377\000P\000r\000o\000b\000l\000e\000m\000\040\000F\000o\000r\000m\000u\000l\000a\000t\000i\000o\000n}{section.7}% 18
\BOOKMARK [2][-]{subsection.7.2}{\376\377\000T\000r\000i\000m\000m\000e\000d\000-\000M\000e\000a\000n\000\040\000C\000o\000n\000s\000e\000n\000s\000u\000s}{section.7}% 19
\BOOKMARK [2][-]{subsection.7.3}{\376\377\000W\000e\000i\000g\000h\000t\000e\000d\000\040\000Y\000a\000j\000i\000e\000\040\000w\000i\000t\000h\000\040\000C\000e\000r\000c\000i\000s\000\040\000P\000r\000i\000o\000r\000s}{section.7}% 20
\BOOKMARK [2][-]{subsection.7.4}{\376\377\000A\000p\000p\000l\000i\000c\000a\000t\000i\000o\000n\000\040\000t\000o\000\040\000I\000s\000a\000a\000c\000\040\000S\000i\000m\000\040\000P\000i\000p\000e\000l\000i\000n\000e\000s}{section.7}% 21
\BOOKMARK [2][-]{subsection.7.5}{\376\377\000C\000o\000n\000v\000e\000r\000g\000e\000n\000c\000e\000\040\000A\000n\000a\000l\000y\000s\000i\000s\000\040\000a\000n\000d\000\040\000C\000o\000m\000p\000u\000t\000a\000t\000i\000o\000n\000a\000l\000\040\000O\000v\000e\000r\000h\000e\000a\000d}{section.7}% 22
\BOOKMARK [1][-]{section.8}{\376\377\000E\000x\000p\000e\000r\000i\000m\000e\000n\000t\000a\000l\000\040\000P\000r\000o\000t\000o\000c\000o\000l}{}% 23
\BOOKMARK [2][-]{subsection.8.1}{\376\377\000B\000e\000n\000c\000h\000m\000a\000r\000k\000\040\000S\000u\000i\000t\000e}{section.8}% 24
\BOOKMARK [2][-]{subsection.8.2}{\376\377\000E\000v\000a\000l\000u\000a\000t\000i\000o\000n\000\040\000M\000e\000t\000r\000i\000c\000s}{section.8}% 25
\BOOKMARK [2][-]{subsection.8.3}{\376\377\000P\000r\000o\000t\000o\000c\000o\000l\000\040\000D\000e\000t\000a\000i\000l\000s}{section.8}% 26
\BOOKMARK [2][-]{subsection.8.4}{\376\377\000E\000x\000p\000e\000c\000t\000e\000d\000\040\000R\000e\000s\000u\000l\000t\000s}{section.8}% 27
\BOOKMARK [2][-]{subsection.8.5}{\376\377\000S\000t\000a\000t\000i\000s\000t\000i\000c\000a\000l\000\040\000P\000o\000w\000e\000r\000\040\000a\000n\000d\000\040\000S\000a\000m\000p\000l\000e\000-\000S\000i\000z\000e\000\040\000A\000n\000a\000l\000y\000s\000i\000s}{section.8}% 28
\BOOKMARK [1][-]{section.9}{\376\377\000D\000i\000s\000c\000u\000s\000s\000i\000o\000n}{}% 29
\BOOKMARK [2][-]{subsection.9.1}{\376\377\000S\000u\000m\000m\000a\000r\000y}{section.9}% 30
\BOOKMARK [2][-]{subsection.9.2}{\376\377\000L\000i\000m\000i\000t\000a\000t\000i\000o\000n\000s}{section.9}% 31
\BOOKMARK [2][-]{subsection.9.3}{\376\377\000R\000e\000l\000a\000t\000i\000o\000n\000s\000h\000i\000p\000\040\000t\000o\000\040\000E\000x\000i\000s\000t\000i\000n\000g\000\040\000W\000o\000r\000k}{section.9}% 32
\BOOKMARK [2][-]{subsection.9.4}{\376\377\000F\000u\000t\000u\000r\000e\000\040\000D\000i\000r\000e\000c\000t\000i\000o\000n\000s}{section.9}% 33
\BOOKMARK [2][-]{subsection.9.5}{\376\377\000B\000r\000o\000a\000d\000e\000r\000\040\000I\000m\000p\000a\000c\000t\000\040\000a\000n\000d\000\040\000S\000o\000c\000i\000o\000t\000e\000c\000h\000n\000i\000c\000a\000l\000\040\000C\000o\000n\000s\000i\000d\000e\000r\000a\000t\000i\000o\000n\000s}{section.9}% 34
\BOOKMARK [2][-]{subsection.9.6}{\376\377\000C\000o\000n\000c\000l\000u\000s\000i\000o\000n}{section.9}% 35
\BOOKMARK [1][-]{appendix.A}{\376\377\000E\000x\000t\000e\000n\000d\000e\000d\000\040\000P\000r\000o\000o\000f\000\040\000o\000f\000\040\000T\000h\000e\000o\000r\000e\000m\000\040\0003\000.\0001}{}% 36
\BOOKMARK [2][-]{subsection.A.1}{\376\377\000F\000o\000r\000m\000a\000l\000\040\000D\000e\000r\000i\000v\000a\000t\000i\000o\000n\000\040\000o\000f\000\040\000t\000h\000e\000\040\000L\000i\000p\000s\000c\000h\000i\000t\000z\000\040\000A\000m\000p\000l\000i\000f\000i\000c\000a\000t\000i\000o\000n\000\040\000F\000a\000c\000t\000o\000r}{appendix.A}% 37
\BOOKMARK [2][-]{subsection.A.2}{\376\377\000H\000i\000g\000h\000-\000P\000r\000o\000b\000a\000b\000i\000l\000i\000t\000y\000\040\000B\000o\000u\000n\000d\000\040\000v\000i\000a\000\040\000H\000o\000e\000f\000f\000d\000i\000n\000g}{appendix.A}% 38
\BOOKMARK [1][-]{appendix.B}{\376\377\000E\000x\000t\000e\000n\000d\000e\000d\000\040\000P\000r\000o\000o\000f\000\040\000o\000f\000\040\000T\000h\000e\000o\000r\000e\000m\000\040\0004\000.\0001}{}% 39
\BOOKMARK [2][-]{subsection.B.1}{\376\377\000O\000p\000t\000i\000m\000a\000l\000\040\000T\000r\000a\000n\000s\000p\000o\000r\000t\000\040\000C\000o\000n\000s\000t\000r\000u\000c\000t\000i\000o\000n}{appendix.B}% 40
\BOOKMARK [2][-]{subsection.B.2}{\376\377\000C\000o\000n\000t\000i\000n\000u\000u\000m\000\040\000o\000f\000\040\000S\000o\000l\000u\000t\000i\000o\000n\000s}{appendix.B}% 41
