\BOOKMARK [1][-]{section.1}{\376\377\000S\000C\000X\121\154\164\006\174\373\176\337}{}% 1
\BOOKMARK [2][-]{subsection.1.1}{\376\377\121\154\164\006\123\026\122\250\147\072}{section.1}% 2
\BOOKMARK [2][-]{subsection.1.2}{\376\377\173\046\123\367\176\246\133\232}{section.1}% 3
\BOOKMARK [2][-]{subsection.1.3}{\376\377\120\107\213\276\117\123\174\373\000\040\000\050\000A\0001\000\051\040\023\000\050\000A\0006\000\051}{section.1}% 4
\BOOKMARK [2][-]{subsection.1.4}{\376\377\000T\000h\000e\000o\000r\000e\000m\000\040\0001\000:\000\040\000F\0001\116\013\165\114}{section.1}% 5
\BOOKMARK [2][-]{subsection.1.5}{\376\377\000T\000h\000e\000o\000r\000e\000m\000\040\0002\000:\000\040\137\061\162\171\137\201\131\061\145\110\217\271\165\114}{section.1}% 6
\BOOKMARK [2][-]{subsection.1.6}{\376\377\000T\000h\000e\000o\000r\000e\000m\000\040\0003\000:\000\040\126\152\130\360\000-\226\276\136\246\116\015\123\357\123\072\122\006}{section.1}% 7
\BOOKMARK [2][-]{subsection.1.7}{\376\377\000T\000h\000e\000o\000r\000e\000m\000\040\0004\000:\000\040\174\276\170\156\136\070\145\160\000M\000i\000n\000i\000m\000a\000x\147\000\117\030}{section.1}% 8
\BOOKMARK [2][-]{subsection.1.8}{\376\377\000C\000e\000r\000c\000i\000s\213\304\122\006\000\040\000S\000\040\000=\000\040\000Q\000\040\000+\000\040\000N}{section.1}% 9
\BOOKMARK [2][-]{subsection.1.9}{\376\377\000S\000p\000r\000i\000n\000g\201\352\157\024\123\026\133\232\164\006\000\040\000S\000E\000-\0001\000:\000\040\000L\000y\000a\000p\000u\000n\000o\000v\145\066\145\133}{section.1}% 10
\BOOKMARK [1][-]{section.2}{\376\377\143\250\133\374\226\306\142\020\145\271\154\325}{}% 11
\BOOKMARK [2][-]{subsection.2.1}{\376\377\226\110\217\360\166\356\150\007}{section.2}% 12
\BOOKMARK [2][-]{subsection.2.2}{\376\377\000S\000C\000X\121\154\164\006\121\372\123\321}{section.2}% 13
\BOOKMARK [2][-]{subsection.2.3}{\376\377\116\045\150\074\143\250\133\374}{section.2}% 14
\BOOKMARK [2][-]{subsection.2.4}{\376\377\162\151\164\006\166\364\211\311}{section.2}% 15
\BOOKMARK [1][-]{section.3}{\376\377\143\250\133\374\155\361\136\246}{}% 16
\BOOKMARK [2][-]{subsection.3.1}{\376\377\226\110\217\360\166\356\150\007}{section.3}% 17
\BOOKMARK [2][-]{subsection.3.2}{\376\377\000S\000C\000X\121\154\164\006\121\372\123\321}{section.3}% 18
\BOOKMARK [2][-]{subsection.3.3}{\376\377\116\045\150\074\143\250\133\374}{section.3}% 19
\BOOKMARK [2][-]{subsection.3.4}{\376\377\162\151\164\006\166\364\211\311}{section.3}% 20
\BOOKMARK [1][-]{section.4}{\376\377\143\250\133\374\210\150\171\072\133\146\116\140}{}% 21
\BOOKMARK [2][-]{subsection.4.1}{\376\377\226\110\217\360\166\356\150\007}{section.4}% 22
\BOOKMARK [2][-]{subsection.4.2}{\376\377\000S\000C\000X\121\154\164\006\121\372\123\321}{section.4}% 23
\BOOKMARK [2][-]{subsection.4.3}{\376\377\116\045\150\074\143\250\133\374}{section.4}% 24
\BOOKMARK [2][-]{subsection.4.4}{\376\377\162\151\164\006\166\364\211\311}{section.4}% 25
\BOOKMARK [1][-]{section.5}{\376\377\000L\000L\000M\136\173\211\311\166\204\137\305\161\066\140\047\377\032\131\032\171\315\133\120\162\354\172\313\211\343\170\001\166\204\116\045\150\074\213\301\146\016}{}% 26
\BOOKMARK [2][-]{subsection.5.1}{\376\377\226\110\217\360\166\356\150\007\116\016\123\107\176\247\122\250\147\072}{section.5}% 27
\BOOKMARK [2][-]{subsection.5.2}{\376\377\225\356\230\230\137\142\137\017\123\026}{section.5}% 28
\BOOKMARK [2][-]{subsection.5.3}{\376\377\123\107\176\247\116\072\116\045\150\074\143\250\133\374}{section.5}% 29
\BOOKMARK [2][-]{subsection.5.4}{\376\377\162\151\164\006\166\364\211\311}{section.5}% 30
\BOOKMARK [1][-]{section.6}{\376\377\155\361\136\246\146\057\126\152\130\360\145\366\116\343\166\204\116\247\162\151\377\032\000S\000C\000X\000\040\116\015\211\343\221\312\155\361\136\246\116\072\116\300\116\110\147\011\145\110\377\014\117\106\211\343\221\312\155\361\136\246\117\125\145\366\123\357\210\253\146\377\116\343}{}% 31
\BOOKMARK [2][-]{subsection.6.1}{\376\377\134\102\155\361\166\204\123\206\123\362\150\071\156\220}{section.6}% 32
\BOOKMARK [2][-]{subsection.6.2}{\376\377\000S\000C\000X\000\040\166\204\150\070\137\303\215\041\163\056}{section.6}% 33
\BOOKMARK [2][-]{subsection.6.3}{\376\377\164\006\213\272\162\266\140\001}{section.6}% 34
\BOOKMARK [2][-]{subsection.6.4}{\376\377\123\357\213\301\117\052\230\204\155\113}{section.6}% 35
\BOOKMARK [1][-]{section.7}{\376\377\143\250\133\374\201\352\166\321\167\143\133\146\116\140}{}% 36
\BOOKMARK [2][-]{subsection.7.1}{\376\377\226\110\217\360\166\356\150\007}{section.7}% 37
\BOOKMARK [2][-]{subsection.7.2}{\376\377\000S\000C\000X\121\154\164\006\121\372\123\321}{section.7}% 38
\BOOKMARK [2][-]{subsection.7.3}{\376\377\116\045\150\074\143\250\133\374}{section.7}% 39
\BOOKMARK [2][-]{subsection.7.4}{\376\377\162\151\164\006\166\364\211\311}{section.7}% 40
\BOOKMARK [1][-]{section.8}{\376\377\123\357\213\301\117\052\230\204\155\113}{}% 41
\BOOKMARK [2][-]{subsection.8.1}{\376\377\164\006\213\272\166\204\123\357\150\300\232\214\140\047}{section.8}% 42
\BOOKMARK [2][-]{subsection.8.2}{\376\377\230\204\155\113\156\005\123\125}{section.8}% 43
\BOOKMARK [2][-]{subsection.8.3}{\376\377\123\357\213\301\117\052\140\047\140\073\176\323}{section.8}% 44
