\BOOKMARK [1][-]{section.1}{\376\377\000I\000n\000t\000r\000o\000d\000u\000c\000t\000i\000o\000n\000\040\040\024\000\040\000T\000h\000e\000\040\000I\000n\000d\000i\000v\000i\000d\000u\000a\000l\000'\000s\000\040\000D\000i\000l\000e\000m\000m\000a}{}% 1
\BOOKMARK [2][-]{subsection.1.1}{\376\377\000Y\000o\000u\000,\000\040\000Y\000o\000u\000r\000\040\000S\000u\000p\000e\000r\000i\000o\000r\000,\000\040\000a\000n\000d\000\040\000t\000h\000e\000\040\000S\000p\000r\000e\000a\000d\000s\000h\000e\000e\000t\000\040\117\140\060\001\117\140\166\204\116\012\176\247\060\001\116\016\220\243\137\040\210\150\150\074}{section.1}% 2
\BOOKMARK [2][-]{subsection.1.2}{\376\377\000T\000h\000e\000\040\000C\000o\000r\000e\000\040\000T\000h\000e\000s\000i\000s\000\040\150\070\137\303\124\175\230\230}{section.1}% 3
\BOOKMARK [2][-]{subsection.1.3}{\376\377\000T\000h\000e\000\040\000H\000o\000n\000e\000s\000t\000\040\000L\000i\000m\000i\000t\000a\000t\000i\000o\000n\000\040\213\332\133\236\166\204\134\100\226\120}{section.1}% 4
\BOOKMARK [2][-]{subsection.1.4}{\376\377\000S\000t\000r\000u\000c\000t\000u\000r\000e\000\040\000o\000f\000\040\000T\000h\000i\000s\000\040\000P\000a\000p\000e\000r\000\040\213\272\145\207\176\323\147\204}{section.1}% 5
\BOOKMARK [1][-]{section.2}{\376\377\000F\000o\000r\000m\000a\000l\000\040\000M\000o\000d\000e\000l\000\040\040\024\000\040\000I\000n\000d\000i\000v\000i\000d\000u\000a\000l\000\040\000a\000s\000\040\000A\000g\000e\000n\000t\000\040\000i\000n\000\040\000R\000e\000p\000e\000a\000t\000e\000d\000\040\000A\000u\000d\000i\000t\000\040\000G\000a\000m\000e}{}% 6
\BOOKMARK [2][-]{subsection.2.1}{\376\377\000T\000h\000e\000\040\000A\000g\000e\000n\000t\000\040\000a\000n\000d\000\040\000t\000h\000e\000\040\000T\000r\000u\000t\000h\000\040\116\052\117\123\116\016\167\037\166\370}{section.2}% 7
\BOOKMARK [2][-]{subsection.2.2}{\376\377\000T\000h\000e\000\040\000A\000u\000d\000i\000t\000o\000r\000s\000\040\133\241\213\241\200\005}{section.2}% 8
\BOOKMARK [2][-]{subsection.2.3}{\376\377\000D\000e\000t\000e\000c\000t\000i\000o\000n\000\040\000M\000e\000c\000h\000a\000n\000i\000s\000m\000\040\150\300\155\113\147\072\122\066}{section.2}% 9
\BOOKMARK [2][-]{subsection.2.4}{\376\377\000P\000a\000y\000o\000f\000f\000\040\000S\000t\000r\000u\000c\000t\000u\000r\000e\000\040\145\066\166\312\176\323\147\204}{section.2}% 10
\BOOKMARK [2][-]{subsection.2.5}{\376\377\000S\000p\000r\000i\000n\000g\000\040\000P\000e\000r\000m\000a\000n\000e\000n\000t\000\040\000M\000e\000m\000o\000r\000y\000\040\000S\000p\000r\000i\000n\000g\154\070\116\105\213\260\137\306}{section.2}% 11
\BOOKMARK [1][-]{section.3}{\376\377\000T\000h\000e\000o\000r\000e\000m\000\040\0001\000\040\040\024\000\040\000D\000e\000t\000e\000c\000t\000i\000o\000n\000\040\000I\000n\000e\000v\000i\000t\000a\000b\000i\000l\000i\000t\000y\000\040\150\300\155\113\137\305\161\066\140\047\133\232\164\006}{}% 12
\BOOKMARK [2][-]{subsection.3.1}{\376\377\000S\000t\000a\000t\000e\000m\000e\000n\000t}{section.3}% 13
\BOOKMARK [2][-]{subsection.3.2}{\376\377\000P\000r\000o\000o\000f}{section.3}% 14
\BOOKMARK [1][-]{section.4}{\376\377\000T\000h\000e\000o\000r\000e\000m\000\040\0002\000\040\040\024\000\040\000S\000c\000a\000l\000e\000\040\000I\000n\000v\000a\000r\000i\000a\000n\000c\000e\000\040\000o\000f\000\040\000G\000u\000i\000l\000t\000\040\177\152\215\043\150\007\136\246\116\015\123\330\140\047\377\010\122\377\116\345\140\166\134\017\200\014\116\072\116\113\377\011}{}% 15
\BOOKMARK [2][-]{subsection.4.1}{\376\377\000S\000t\000a\000t\000e\000m\000e\000n\000t}{section.4}% 16
\BOOKMARK [2][-]{subsection.4.2}{\376\377\000P\000r\000o\000o\000f}{section.4}% 17
\BOOKMARK [1][-]{section.5}{\376\377\000T\000h\000e\000o\000r\000e\000m\000\040\0003\000\040\040\024\000\040\000H\000o\000n\000e\000s\000t\000y\000\040\000a\000s\000\040\000S\000t\000r\000i\000c\000t\000l\000y\000\040\000D\000o\000m\000i\000n\000a\000n\000t\000\040\000S\000t\000r\000a\000t\000e\000g\000y\000\040\213\332\133\236\117\134\116\072\116\045\150\074\123\140\117\030\173\126\165\145}{}% 18
\BOOKMARK [2][-]{subsection.5.1}{\376\377\000B\000e\000n\000e\000f\000i\000t\000\040\000S\000t\000r\000u\000c\000t\000u\000r\000e\000\040\000R\000e\000f\000i\000n\000e\000m\000e\000n\000t\000\040\145\066\166\312\176\323\147\204\176\306\123\026}{section.5}% 19
\BOOKMARK [2][-]{subsection.5.2}{\376\377\000S\000t\000a\000t\000e\000m\000e\000n\000t}{section.5}% 20
\BOOKMARK [2][-]{subsection.5.3}{\376\377\000P\000r\000o\000o\000f}{section.5}% 21
\BOOKMARK [2][-]{subsection.5.4}{\376\377\000I\000n\000t\000e\000r\000p\000r\000e\000t\000a\000t\000i\000o\000n\000\040\000o\000f\000\040\000M\000\040\000M\166\204\211\343\213\373}{section.5}% 22
\BOOKMARK [1][-]{section.6}{\376\377\000T\000h\000e\000o\000r\000e\000m\000\040\0004\000\040\040\024\000\040\000I\000r\000r\000e\000v\000e\000r\000s\000i\000b\000i\000l\000i\000t\000y\000\040\000o\000f\000\040\000E\000v\000i\000d\000e\000n\000c\000e\000\040\000\050\000S\000p\000r\000i\000n\000g\000'\000s\000\040\000P\000e\000r\000m\000a\000n\000e\000n\000t\000\040\000M\000e\000m\000o\000r\000y\000\051\000\040\213\301\143\156\116\015\123\357\220\006\140\047\133\232\164\006}{}% 23
\BOOKMARK [2][-]{subsection.6.1}{\376\377\000S\000t\000a\000t\000e\000m\000e\000n\000t}{section.6}% 24
\BOOKMARK [2][-]{subsection.6.2}{\376\377\000P\000r\000o\000o\000f}{section.6}% 25
\BOOKMARK [1][-]{section.7}{\376\377\000T\000h\000e\000\040\000P\000e\000r\000s\000o\000n\000a\000l\000\040\000C\000o\000r\000o\000l\000l\000a\000r\000y\000\040\040\024\000\040\000W\000h\000a\000t\000\040\000T\000h\000i\000s\000\040\000M\000e\000a\000n\000s\000\040\000f\000o\000r\000\040\000Y\000o\000u\000\040\116\052\116\272\143\250\213\272\377\032\217\331\133\371\117\140\141\017\124\163\167\100\116\300\116\110}{}% 26
\BOOKMARK [2][-]{subsection.7.1}{\376\377\000Y\000o\000u\000\040\000D\000o\000\040\000N\000o\000t\000\040\000N\000e\000e\000d\000\040\000C\000o\000u\000r\000a\000g\000e\000\040\117\140\116\015\227\000\211\201\122\307\154\024}{section.7}% 27
\BOOKMARK [2][-]{subsection.7.2}{\376\377\000Y\000o\000u\000r\000\040\000S\000u\000p\000e\000r\000i\000o\000r\000\040\000I\000s\000\040\000N\000o\000t\000\040\000t\000h\000e\000\040\000A\000u\000d\000i\000t\000o\000r\000\040\117\140\166\204\116\012\176\247\116\015\146\057\133\241\213\241\200\005}{section.7}% 28
\BOOKMARK [2][-]{subsection.7.3}{\376\377\000S\000p\000r\000i\000n\000g\000\040\000N\000e\000v\000e\000r\000\040\000F\000o\000r\000g\000e\000t\000s\000\040\000S\000p\000r\000i\000n\000g\154\070\116\015\220\127\137\330}{section.7}% 29
\BOOKMARK [2][-]{subsection.7.4}{\376\377\000`\000`\122\377\116\345\140\166\134\017\200\014\116\072\116\113\000'\000'\000\040\000I\000s\000\040\000N\000o\000t\000\040\000M\000o\000r\000a\000l\000\040\000A\000d\000v\000i\000c\000e\000\040\122\377\116\345\140\166\134\017\200\014\116\072\116\113\116\015\146\057\220\123\137\267\122\235\213\353}{section.7}% 30
\BOOKMARK [2][-]{subsection.7.5}{\376\377\000W\000h\000e\000n\000\040\000M\000\040\000<\000\040\000M\000:\000\040\000T\000h\000e\000\040\000P\000r\000e\000-\000A\000u\000d\000i\000t\000\040\000W\000o\000r\000l\000d\000\040\137\123\133\241\213\241\200\005\116\015\215\263\145\366}{section.7}% 31
\BOOKMARK [2][-]{subsection.7.6}{\376\377\000W\000h\000a\000t\000\040\000t\000h\000e\000\040\000T\000h\000e\000o\000r\000e\000m\000\040\000C\000a\000n\000n\000o\000t\000\040\000D\000o\000\040\133\232\164\006\166\204\134\100\226\120}{section.7}% 32
\BOOKMARK [1][-]{section.8}{\376\377\000D\000i\000s\000c\000u\000s\000s\000i\000o\000n\000\040\040\024\000\040\000W\000h\000e\000n\000\040\000t\000h\000e\000\040\000I\000n\000d\000i\000v\000i\000d\000u\000a\000l\000\040\000I\000s\000\040\000A\000l\000s\000o\000\040\000a\000n\000\040\000A\000u\000d\000i\000t\000o\000r\000\040\137\123\116\052\117\123\124\014\145\366\116\137\146\057\133\241\213\241\200\005\145\366}{}% 33
\BOOKMARK [2][-]{subsection.8.1}{\376\377\000T\000h\000e\000\040\000D\000u\000a\000l\000\040\000R\000o\000l\000e\000\040\123\314\221\315\211\322\202\162}{section.8}% 34
\BOOKMARK [2][-]{subsection.8.2}{\376\377\000T\000h\000e\000\040\000S\000y\000m\000m\000e\000t\000r\000i\000c\000\040\000E\000q\000u\000i\000l\000i\000b\000r\000i\000u\000m\000\040\133\371\171\360\127\107\210\141}{section.8}% 35
\BOOKMARK [2][-]{subsection.8.3}{\376\377\000T\000h\000e\000\040\000C\000o\000n\000v\000e\000r\000g\000e\000n\000c\000e\000\040\000A\000r\000g\000u\000m\000e\000n\000t\000\040\145\066\145\133\213\272\213\301}{section.8}% 36
\BOOKMARK [2][-]{subsection.8.4}{\376\377\000Y\000o\000u\000\040\000A\000r\000e\000\040\000t\000h\000e\000\040\000A\000u\000d\000i\000t\000o\000r\000\040\117\140\134\061\146\057\133\241\213\241\200\005}{section.8}% 37
\BOOKMARK [2][-]{subsection.8.5}{\376\377\000O\000p\000e\000n\000\040\000P\000r\000o\000b\000l\000e\000m\000s\000\040\137\000\145\076\225\356\230\230}{section.8}% 38
\BOOKMARK [2][-]{subsection.8.6}{\376\377\000C\000l\000o\000s\000i\000n\000g\000\040\176\323\213\355}{section.8}% 39
