This is XeTeX, Version 3.141592653-2.6-0.999997 (MiKTeX 25.12) (preloaded format=xelatex 2026.6.30)  1 JUL 2026 06:11
entering extended mode
 restricted \write18 enabled.
 %&-line parsing enabled.
**./papers/scx_ml_audit/main.tex
(papers/scx_ml_audit/main.tex
LaTeX2e <2025-11-01>
L3 programming layer <2025-12-24>
(C:\Users\admin\AppData\Local\Programs\MiKTeX\tex/latex/ctex\ctexart.cls
(C:\Users\admin\AppData\Local\Programs\MiKTeX\tex/latex/ctex/config\ctexbackend
.cfg
File: ctexbackend.cfg 2022/07/14 v2.5.10 Backend configuration file (CTEX)
)
(C:\Users\admin\AppData\Local\Programs\MiKTeX\tex/latex/l3kernel\expl3.sty
Package: expl3 2025-12-24 L3 programming layer (loader) 

(C:\Users\admin\AppData\Local\Programs\MiKTeX\tex/latex/l3backend\l3backend-xet
ex.def
File: l3backend-xetex.def 2025-10-09 L3 backend support: XeTeX
\g__graphics_track_int=\count271
\g__pdfannot_backend_int=\count272
\g__pdfannot_backend_link_int=\count273
))
Document Class: ctexart 2022/07/14 v2.5.10 Chinese adapter for class article (C
TEX)
(C:\Users\admin\AppData\Local\Programs\MiKTeX\tex/latex/ctex\ctexhook.sty
Package: ctexhook 2022/07/14 v2.5.10 Document and package hooks (CTEX)
)
(C:\Users\admin\AppData\Local\Programs\MiKTeX\tex/latex/ctex\ctexpatch.sty
Package: ctexpatch 2022/07/14 v2.5.10 Patching commands (CTEX)
)
(C:\Users\admin\AppData\Local\Programs\MiKTeX\tex/latex/base\fix-cm.sty
Package: fix-cm 2020/11/24 v1.1t fixes to LaTeX

(C:\Users\admin\AppData\Local\Programs\MiKTeX\tex/latex/base\ts1enc.def
File: ts1enc.def 2001/06/05 v3.0e (jk/car/fm) Standard LaTeX file
LaTeX Font Info:    Redeclaring font encoding TS1 on input line 47.
LaTeX Encoding Info:    Redeclaring text command \capitalcedilla (encoding TS1)
 on input line 49.
LaTeX Encoding Info:    Redeclaring text command \capitalogonek (encoding TS1) 
on input line 52.
LaTeX Encoding Info:    Redeclaring text command \capitalgrave (encoding TS1) o
n input line 55.
LaTeX Encoding Info:    Redeclaring text command \capitalacute (encoding TS1) o
n input line 56.
LaTeX Encoding Info:    Redeclaring text command \capitalcircumflex (encoding T
S1) on input line 57.
LaTeX Encoding Info:    Redeclaring text command \capitaltilde (encoding TS1) o
n input line 58.
LaTeX Encoding Info:    Redeclaring text command \capitaldieresis (encoding TS1
) on input line 59.
LaTeX Encoding Info:    Redeclaring text command \capitalhungarumlaut (encoding
 TS1) on input line 60.
LaTeX Encoding Info:    Redeclaring text command \capitalring (encoding TS1) on
 input line 61.
LaTeX Encoding Info:    Redeclaring text command \capitalcaron (encoding TS1) o
n input line 62.
LaTeX Encoding Info:    Redeclaring text command \capitalbreve (encoding TS1) o
n input line 63.
LaTeX Encoding Info:    Redeclaring text command \capitalmacron (encoding TS1) 
on input line 64.
LaTeX Encoding Info:    Redeclaring text command \capitaldotaccent (encoding TS
1) on input line 65.
LaTeX Encoding Info:    Redeclaring text command \t (encoding TS1) on input lin
e 66.
LaTeX Encoding Info:    Redeclaring text command \capitaltie (encoding TS1) on 
input line 67.
LaTeX Encoding Info:    Redeclaring text command \newtie (encoding TS1) on inpu
t line 68.
LaTeX Encoding Info:    Redeclaring text command \capitalnewtie (encoding TS1) 
on input line 69.
LaTeX Encoding Info:    Redeclaring text symbol \textcapitalcompwordmark (encod
ing TS1) on input line 70.
LaTeX Encoding Info:    Redeclaring text symbol \textascendercompwordmark (enco
ding TS1) on input line 71.
LaTeX Encoding Info:    Redeclaring text symbol \textquotestraightbase (encodin
g TS1) on input line 72.
LaTeX Encoding Info:    Redeclaring text symbol \textquotestraightdblbase (enco
ding TS1) on input line 73.
LaTeX Encoding Info:    Redeclaring text symbol \texttwelveudash (encoding TS1)
 on input line 74.
LaTeX Encoding Info:    Redeclaring text symbol \textthreequartersemdash (encod
ing TS1) on input line 75.
LaTeX Encoding Info:    Redeclaring text symbol \textleftarrow (encoding TS1) o
n input line 76.
LaTeX Encoding Info:    Redeclaring text symbol \textrightarrow (encoding TS1) 
on input line 77.
LaTeX Encoding Info:    Redeclaring text symbol \textblank (encoding TS1) on in
put line 78.
LaTeX Encoding Info:    Redeclaring text symbol \textdollar (encoding TS1) on i
nput line 79.
LaTeX Encoding Info:    Redeclaring text symbol \textquotesingle (encoding TS1)
 on input line 80.
LaTeX Encoding Info:    Redeclaring text command \textasteriskcentered (encodin
g TS1) on input line 81.
LaTeX Encoding Info:    Redeclaring text symbol \textdblhyphen (encoding TS1) o
n input line 92.
LaTeX Encoding Info:    Redeclaring text symbol \textfractionsolidus (encoding 
TS1) on input line 93.
LaTeX Encoding Info:    Redeclaring text symbol \textzerooldstyle (encoding TS1
) on input line 94.
LaTeX Encoding Info:    Redeclaring text symbol \textoneoldstyle (encoding TS1)
 on input line 95.
LaTeX Encoding Info:    Redeclaring text symbol \texttwooldstyle (encoding TS1)
 on input line 96.
LaTeX Encoding Info:    Redeclaring text symbol \textthreeoldstyle (encoding TS
1) on input line 97.
LaTeX Encoding Info:    Redeclaring text symbol \textfouroldstyle (encoding TS1
) on input line 98.
LaTeX Encoding Info:    Redeclaring text symbol \textfiveoldstyle (encoding TS1
) on input line 99.
LaTeX Encoding Info:    Redeclaring text symbol \textsixoldstyle (encoding TS1)
 on input line 100.
LaTeX Encoding Info:    Redeclaring text symbol \textsevenoldstyle (encoding TS
1) on input line 101.
LaTeX Encoding Info:    Redeclaring text symbol \texteightoldstyle (encoding TS
1) on input line 102.
LaTeX Encoding Info:    Redeclaring text symbol \textnineoldstyle (encoding TS1
) on input line 103.
LaTeX Encoding Info:    Redeclaring text symbol \textlangle (encoding TS1) on i
nput line 104.
LaTeX Encoding Info:    Redeclaring text symbol \textminus (encoding TS1) on in
put line 105.
LaTeX Encoding Info:    Redeclaring text symbol \textrangle (encoding TS1) on i
nput line 106.
LaTeX Encoding Info:    Redeclaring text symbol \textmho (encoding TS1) on inpu
t line 107.
LaTeX Encoding Info:    Redeclaring text symbol \textbigcircle (encoding TS1) o
n input line 108.
LaTeX Encoding Info:    Redeclaring text command \textcircled (encoding TS1) on
 input line 109.
LaTeX Encoding Info:    Redeclaring text symbol \textohm (encoding TS1) on inpu
t line 115.
LaTeX Encoding Info:    Redeclaring text symbol \textlbrackdbl (encoding TS1) o
n input line 116.
LaTeX Encoding Info:    Redeclaring text symbol \textrbrackdbl (encoding TS1) o
n input line 117.
LaTeX Encoding Info:    Redeclaring text symbol \textuparrow (encoding TS1) on 
input line 118.
LaTeX Encoding Info:    Redeclaring text symbol \textdownarrow (encoding TS1) o
n input line 119.
LaTeX Encoding Info:    Redeclaring text symbol \textasciigrave (encoding TS1) 
on input line 120.
LaTeX Encoding Info:    Redeclaring text symbol \textborn (encoding TS1) on inp
ut line 121.
LaTeX Encoding Info:    Redeclaring text symbol \textdivorced (encoding TS1) on
 input line 122.
LaTeX Encoding Info:    Redeclaring text symbol \textdied (encoding TS1) on inp
ut line 123.
LaTeX Encoding Info:    Redeclaring text symbol \textleaf (encoding TS1) on inp
ut line 124.
LaTeX Encoding Info:    Redeclaring text symbol \textmarried (encoding TS1) on 
input line 125.
LaTeX Encoding Info:    Redeclaring text symbol \textmusicalnote (encoding TS1)
 on input line 126.
LaTeX Encoding Info:    Redeclaring text symbol \texttildelow (encoding TS1) on
 input line 127.
LaTeX Encoding Info:    Redeclaring text symbol \textdblhyphenchar (encoding TS
1) on input line 128.
LaTeX Encoding Info:    Redeclaring text symbol \textasciibreve (encoding TS1) 
on input line 129.
LaTeX Encoding Info:    Redeclaring text symbol \textasciicaron (encoding TS1) 
on input line 130.
LaTeX Encoding Info:    Redeclaring text symbol \textacutedbl (encoding TS1) on
 input line 131.
LaTeX Encoding Info:    Redeclaring text symbol \textgravedbl (encoding TS1) on
 input line 132.
LaTeX Encoding Info:    Redeclaring text symbol \textdagger (encoding TS1) on i
nput line 133.
LaTeX Encoding Info:    Redeclaring text symbol \textdaggerdbl (encoding TS1) o
n input line 134.
LaTeX Encoding Info:    Redeclaring text symbol \textbardbl (encoding TS1) on i
nput line 135.
LaTeX Encoding Info:    Redeclaring text symbol \textperthousand (encoding TS1)
 on input line 136.
LaTeX Encoding Info:    Redeclaring text symbol \textbullet (encoding TS1) on i
nput line 137.
LaTeX Encoding Info:    Redeclaring text symbol \textcelsius (encoding TS1) on 
input line 138.
LaTeX Encoding Info:    Redeclaring text symbol \textdollaroldstyle (encoding T
S1) on input line 139.
LaTeX Encoding Info:    Redeclaring text symbol \textcentoldstyle (encoding TS1
) on input line 140.
LaTeX Encoding Info:    Redeclaring text symbol \textflorin (encoding TS1) on i
nput line 141.
LaTeX Encoding Info:    Redeclaring text symbol \textcolonmonetary (encoding TS
1) on input line 142.
LaTeX Encoding Info:    Redeclaring text symbol \textwon (encoding TS1) on inpu
t line 143.
LaTeX Encoding Info:    Redeclaring text symbol \textnaira (encoding TS1) on in
put line 144.
LaTeX Encoding Info:    Redeclaring text symbol \textguarani (encoding TS1) on 
input line 145.
LaTeX Encoding Info:    Redeclaring text symbol \textpeso (encoding TS1) on inp
ut line 146.
LaTeX Encoding Info:    Redeclaring text symbol \textlira (encoding TS1) on inp
ut line 147.
LaTeX Encoding Info:    Redeclaring text symbol \textrecipe (encoding TS1) on i
nput line 148.
LaTeX Encoding Info:    Redeclaring text symbol \textinterrobang (encoding TS1)
 on input line 149.
LaTeX Encoding Info:    Redeclaring text symbol \textinterrobangdown (encoding 
TS1) on input line 150.
LaTeX Encoding Info:    Redeclaring text symbol \textdong (encoding TS1) on inp
ut line 151.
LaTeX Encoding Info:    Redeclaring text symbol \texttrademark (encoding TS1) o
n input line 152.
LaTeX Encoding Info:    Redeclaring text symbol \textpertenthousand (encoding T
S1) on input line 153.
LaTeX Encoding Info:    Redeclaring text symbol \textpilcrow (encoding TS1) on 
input line 154.
LaTeX Encoding Info:    Redeclaring text symbol \textbaht (encoding TS1) on inp
ut line 155.
LaTeX Encoding Info:    Redeclaring text symbol \textnumero (encoding TS1) on i
nput line 156.
LaTeX Encoding Info:    Redeclaring text symbol \textdiscount (encoding TS1) on
 input line 157.
LaTeX Encoding Info:    Redeclaring text symbol \textestimated (encoding TS1) o
n input line 158.
LaTeX Encoding Info:    Redeclaring text symbol \textopenbullet (encoding TS1) 
on input line 159.
LaTeX Encoding Info:    Redeclaring text symbol \textservicemark (encoding TS1)
 on input line 160.
LaTeX Encoding Info:    Redeclaring text symbol \textlquill (encoding TS1) on i
nput line 161.
LaTeX Encoding Info:    Redeclaring text symbol \textrquill (encoding TS1) on i
nput line 162.
LaTeX Encoding Info:    Redeclaring text symbol \textcent (encoding TS1) on inp
ut line 163.
LaTeX Encoding Info:    Redeclaring text symbol \textsterling (encoding TS1) on
 input line 164.
LaTeX Encoding Info:    Redeclaring text symbol \textcurrency (encoding TS1) on
 input line 165.
LaTeX Encoding Info:    Redeclaring text symbol \textyen (encoding TS1) on inpu
t line 166.
LaTeX Encoding Info:    Redeclaring text symbol \textbrokenbar (encoding TS1) o
n input line 167.
LaTeX Encoding Info:    Redeclaring text symbol \textsection (encoding TS1) on 
input line 168.
LaTeX Encoding Info:    Redeclaring text symbol \textasciidieresis (encoding TS
1) on input line 169.
LaTeX Encoding Info:    Redeclaring text symbol \textcopyright (encoding TS1) o
n input line 170.
LaTeX Encoding Info:    Redeclaring text symbol \textordfeminine (encoding TS1)
 on input line 171.
LaTeX Encoding Info:    Redeclaring text symbol \textcopyleft (encoding TS1) on
 input line 172.
LaTeX Encoding Info:    Redeclaring text symbol \textlnot (encoding TS1) on inp
ut line 173.
LaTeX Encoding Info:    Redeclaring text symbol \textcircledP (encoding TS1) on
 input line 174.
LaTeX Encoding Info:    Redeclaring text symbol \textregistered (encoding TS1) 
on input line 175.
LaTeX Encoding Info:    Redeclaring text symbol \textasciimacron (encoding TS1)
 on input line 176.
LaTeX Encoding Info:    Redeclaring text symbol \textdegree (encoding TS1) on i
nput line 177.
LaTeX Encoding Info:    Redeclaring text symbol \textpm (encoding TS1) on input
 line 178.
LaTeX Encoding Info:    Redeclaring text symbol \texttwosuperior (encoding TS1)
 on input line 179.
LaTeX Encoding Info:    Redeclaring text symbol \textthreesuperior (encoding TS
1) on input line 180.
LaTeX Encoding Info:    Redeclaring text symbol \textasciiacute (encoding TS1) 
on input line 181.
LaTeX Encoding Info:    Redeclaring text symbol \textmu (encoding TS1) on input
 line 182.
LaTeX Encoding Info:    Redeclaring text symbol \textparagraph (encoding TS1) o
n input line 183.
LaTeX Encoding Info:    Redeclaring text symbol \textperiodcentered (encoding T
S1) on input line 184.
LaTeX Encoding Info:    Redeclaring text symbol \textreferencemark (encoding TS
1) on input line 185.
LaTeX Encoding Info:    Redeclaring text symbol \textonesuperior (encoding TS1)
 on input line 186.
LaTeX Encoding Info:    Redeclaring text symbol \textordmasculine (encoding TS1
) on input line 187.
LaTeX Encoding Info:    Redeclaring text symbol \textsurd (encoding TS1) on inp
ut line 188.
LaTeX Encoding Info:    Redeclaring text symbol \textonequarter (encoding TS1) 
on input line 189.
LaTeX Encoding Info:    Redeclaring text symbol \textonehalf (encoding TS1) on 
input line 190.
LaTeX Encoding Info:    Redeclaring text symbol \textthreequarters (encoding TS
1) on input line 191.
LaTeX Encoding Info:    Redeclaring text symbol \texteuro (encoding TS1) on inp
ut line 192.
LaTeX Encoding Info:    Redeclaring text symbol \texttimes (encoding TS1) on in
put line 193.
LaTeX Encoding Info:    Redeclaring text symbol \textdiv (encoding TS1) on inpu
t line 194.
))
\l__ctex_tmp_int=\count274
\l__ctex_tmp_box=\box53
\l__ctex_tmp_dim=\dimen148
\g__ctex_section_depth_int=\count275
\g__ctex_font_size_int=\count276

(C:\Users\admin\AppData\Local\Programs\MiKTeX\tex/latex/ctex/config\ctexopts.cf
g
File: ctexopts.cfg 2022/07/14 v2.5.10 Option configuration file (CTEX)
) (C:\Users\admin\AppData\Local\Programs\MiKTeX\tex/latex/base\article.cls
Document Class: article 2025/01/22 v1.4n Standard LaTeX document class
(C:\Users\admin\AppData\Local\Programs\MiKTeX\tex/latex/base\size12.clo
File: size12.clo 2025/01/22 v1.4n Standard LaTeX file (size option)
)
\c@part=\count277
\c@section=\count278
\c@subsection=\count279
\c@subsubsection=\count280
\c@paragraph=\count281
\c@subparagraph=\count282
\c@figure=\count283
\c@table=\count284
\abovecaptionskip=\skip49
\belowcaptionskip=\skip50
\bibindent=\dimen149
)
(C:\Users\admin\AppData\Local\Programs\MiKTeX\tex/latex/ctex/engine\ctex-engine
-xetex.def
File: ctex-engine-xetex.def 2022/07/14 v2.5.10 XeLaTeX adapter (CTEX)

(C:\Users\admin\AppData\Local\Programs\MiKTeX\tex/xelatex/xecjk\xeCJK.sty
Package: xeCJK 2022/08/05 v3.9.1 Typesetting CJK scripts with XeLaTeX

(C:\Users\admin\AppData\Local\Programs\MiKTeX\tex/latex/l3packages/xtemplate\xt
emplate.sty
Package: xtemplate 2025-10-09 L3 Experimental prototype document functions
)
\l__xeCJK_tmp_int=\count285
\l__xeCJK_tmp_box=\box54
\l__xeCJK_tmp_dim=\dimen150
\l__xeCJK_tmp_skip=\skip51
\g__xeCJK_space_factor_int=\count286
\l__xeCJK_begin_int=\count287
\l__xeCJK_end_int=\count288
\c__xeCJK_CJK_class_int=\XeTeXcharclass1
\c__xeCJK_FullLeft_class_int=\XeTeXcharclass2
\c__xeCJK_FullRight_class_int=\XeTeXcharclass3
\c__xeCJK_HalfLeft_class_int=\XeTeXcharclass4
\c__xeCJK_HalfRight_class_int=\XeTeXcharclass5
\c__xeCJK_NormalSpace_class_int=\XeTeXcharclass6
\c__xeCJK_CM_class_int=\XeTeXcharclass7
\c__xeCJK_HangulJamo_class_int=\XeTeXcharclass8
\l__xeCJK_last_skip=\skip52
\c__xeCJK_none_node=\count289
\g__xeCJK_node_int=\count290
\c__xeCJK_CJK_node_dim=\dimen151
\c__xeCJK_CJK-space_node_dim=\dimen152
\c__xeCJK_default_node_dim=\dimen153
\c__xeCJK_CJK-widow_node_dim=\dimen154
\c__xeCJK_normalspace_node_dim=\dimen155
\c__xeCJK_default-space_node_skip=\skip53
\l__xeCJK_ccglue_skip=\skip54
\l__xeCJK_ecglue_skip=\skip55
\l__xeCJK_punct_kern_skip=\skip56
\l__xeCJK_indent_box=\box55
\l__xeCJK_last_penalty_int=\count291
\l__xeCJK_last_bound_dim=\dimen156
\l__xeCJK_last_kern_dim=\dimen157
\l__xeCJK_widow_penalty_int=\count292

LaTeX template Info: Declaring template type 'xeCJK/punctuation' taking 0
(template)           argument(s) on line 2396.

\l__xeCJK_fixed_punct_width_dim=\dimen158
\l__xeCJK_mixed_punct_width_dim=\dimen159
\l__xeCJK_middle_punct_width_dim=\dimen160
\l__xeCJK_fixed_margin_width_dim=\dimen161
\l__xeCJK_mixed_margin_width_dim=\dimen162
\l__xeCJK_middle_margin_width_dim=\dimen163
\l__xeCJK_bound_punct_width_dim=\dimen164
\l__xeCJK_bound_margin_width_dim=\dimen165
\l__xeCJK_margin_minimum_dim=\dimen166
\l__xeCJK_kerning_total_width_dim=\dimen167
\l__xeCJK_same_align_margin_dim=\dimen168
\l__xeCJK_different_align_margin_dim=\dimen169
\l__xeCJK_kerning_margin_width_dim=\dimen170
\l__xeCJK_kerning_margin_minimum_dim=\dimen171
\l__xeCJK_bound_dim=\dimen172
\l__xeCJK_reverse_bound_dim=\dimen173
\l__xeCJK_margin_dim=\dimen174
\l__xeCJK_minimum_bound_dim=\dimen175
\l__xeCJK_kerning_margin_dim=\dimen176
\g__xeCJK_family_int=\count293
\l__xeCJK_fam_int=\count294
\g__xeCJK_fam_allocation_int=\count295
\l__xeCJK_verb_case_int=\count296
\l__xeCJK_verb_exspace_skip=\skip57

(C:\Users\admin\AppData\Local\Programs\MiKTeX\tex/latex/fontspec\fontspec.sty
(C:\Users\admin\AppData\Local\Programs\MiKTeX\tex/latex/l3packages/xparse\xpars
e.sty
Package: xparse 2025-10-09 L3 Experimental document command parser
)
Package: fontspec 2025/09/29 v2.9g Font selection for XeLaTeX and LuaLaTeX

(C:\Users\admin\AppData\Local\Programs\MiKTeX\tex/latex/fontspec\fontspec-xetex
.sty
Package: fontspec-xetex 2025/09/29 v2.9g Font selection for XeLaTeX and LuaLaTe
X
\l__fontspec_script_int=\count297
\l__fontspec_language_int=\count298
\l__fontspec_strnum_int=\count299
\l__fontspec_tmp_int=\count300
\l__fontspec_tmpa_int=\count301
\l__fontspec_tmpb_int=\count302
\l__fontspec_tmpc_int=\count303
\l__fontspec_em_int=\count304
\l__fontspec_emdef_int=\count305
\l__fontspec_strong_int=\count306
\l__fontspec_strongdef_int=\count307
\l__fontspec_tmpa_dim=\dimen177
\l__fontspec_tmpb_dim=\dimen178
\l__fontspec_tmpc_dim=\dimen179
 (C:\Users\admin\AppData\Local\Programs\MiKTeX\tex/latex/base\fontenc.sty
Package: fontenc 2025/07/18 v2.1d Standard LaTeX package
)
(C:\Users\admin\AppData\Local\Programs\MiKTeX\tex/latex/fontspec\fontspec.cfg))
) (C:\Users\admin\AppData\Local\Programs\MiKTeX\tex/xelatex/xecjk\xeCJK.cfg
File: xeCJK.cfg 2022/08/05 v3.9.1 Configuration file for xeCJK package
))
\ccwd=\dimen180
\l__ctex_ccglue_skip=\skip58
)
\l__ctex_ziju_dim=\dimen181

(C:\Users\admin\AppData\Local\Programs\MiKTeX\tex/latex/zhnumber\zhnumber.sty
Package: zhnumber 2022/07/14 v3.0 Typesetting numbers with Chinese glyphs
\l__zhnum_scale_int=\count308
\l__zhnum_tmp_int=\count309

(C:\Users\admin\AppData\Local\Programs\MiKTeX\tex/latex/zhnumber\zhnumber-utf8.
cfg
File: zhnumber-utf8.cfg 2022/07/14 v3.0 Chinese numerals with UTF8 encoding
))
\l__ctex_heading_skip=\skip59

(C:\Users\admin\AppData\Local\Programs\MiKTeX\tex/latex/ctex/scheme\ctex-scheme
-chinese-article.def
File: ctex-scheme-chinese-article.def 2022/07/14 v2.5.10 Chinese scheme for art
icle (CTEX)

(C:\Users\admin\AppData\Local\Programs\MiKTeX\tex/latex/ctex/config\ctex-name-u
tf8.cfg
File: ctex-name-utf8.cfg 2022/07/14 v2.5.10 Caption with encoding UTF-8 (CTEX)
))
(C:\Users\admin\AppData\Local\Programs\MiKTeX\tex/latex/ctex/fontset\ctex-fonts
et-windows.def
File: ctex-fontset-windows.def 2022/07/14 v2.5.10 Windows fonts definition (CTE
X)

Package fontspec Info: 
(fontspec)             Could not resolve font "KaiTi/B" (it probably doesn't
(fontspec)             exist).


Package fontspec Info: 
(fontspec)             Could not resolve font "SimHei/I" (it probably doesn't
(fontspec)             exist).


Package fontspec Info: 
(fontspec)             Could not resolve font "SimSun/BI" (it probably doesn't
(fontspec)             exist).


Package fontspec Info: 
(fontspec)             Font family 'SimSun(0)' created for font 'SimSun' with
(fontspec)             options
(fontspec)             [Script={CJK},BoldFont={SimHei},ItalicFont={KaiTi}].
(fontspec)              
(fontspec)              This font family consists of the following NFSS
(fontspec)             series/shapes:
(fontspec)              
(fontspec)             - 'normal' (m/n) with NFSS spec.:
(fontspec)             <->"SimSun/OT:script=hani;language=dflt;"
(fontspec)             - 'bold' (b/n) with NFSS spec.:
(fontspec)             <->"SimHei/OT:script=hani;language=dflt;"
(fontspec)             - 'italic' (m/it) with NFSS spec.:
(fontspec)             <->"KaiTi/OT:script=hani;language=dflt;"

))
(C:\Users\admin\AppData\Local\Programs\MiKTeX\tex/latex/ctex/config\ctex.cfg
File: ctex.cfg 2022/07/14 v2.5.10 Configuration file (CTEX)
)
(C:\Users\admin\AppData\Local\Programs\MiKTeX\tex/latex/amsmath\amsmath.sty
Package: amsmath 2025/07/09 v2.17z AMS math features
\@mathmargin=\skip60

For additional information on amsmath, use the `?' option.
(C:\Users\admin\AppData\Local\Programs\MiKTeX\tex/latex/amsmath\amstext.sty
Package: amstext 2024/11/17 v2.01 AMS text

(C:\Users\admin\AppData\Local\Programs\MiKTeX\tex/latex/amsmath\amsgen.sty
File: amsgen.sty 1999/11/30 v2.0 generic functions
\@emptytoks=\toks17
\ex@=\dimen182
))
(C:\Users\admin\AppData\Local\Programs\MiKTeX\tex/latex/amsmath\amsbsy.sty
Package: amsbsy 1999/11/29 v1.2d Bold Symbols
\pmbraise@=\dimen183
)
(C:\Users\admin\AppData\Local\Programs\MiKTeX\tex/latex/amsmath\amsopn.sty
Package: amsopn 2022/04/08 v2.04 operator names
)
\inf@bad=\count310
LaTeX Info: Redefining \frac on input line 233.
\uproot@=\count311
\leftroot@=\count312
LaTeX Info: Redefining \overline on input line 398.
LaTeX Info: Redefining \colon on input line 409.
\classnum@=\count313
\DOTSCASE@=\count314
LaTeX Info: Redefining \ldots on input line 495.
LaTeX Info: Redefining \dots on input line 498.
LaTeX Info: Redefining \cdots on input line 619.
\Mathstrutbox@=\box56
\strutbox@=\box57
LaTeX Info: Redefining \big on input line 721.
LaTeX Info: Redefining \Big on input line 722.
LaTeX Info: Redefining \bigg on input line 723.
LaTeX Info: Redefining \Bigg on input line 724.
\big@size=\dimen184
LaTeX Font Info:    Redeclaring font encoding OML on input line 742.
LaTeX Font Info:    Redeclaring font encoding OMS on input line 743.
\macc@depth=\count315
LaTeX Info: Redefining \bmod on input line 904.
LaTeX Info: Redefining \pmod on input line 909.
LaTeX Info: Redefining \smash on input line 939.
LaTeX Info: Redefining \relbar on input line 969.
LaTeX Info: Redefining \Relbar on input line 970.
\c@MaxMatrixCols=\count316
\dotsspace@=\muskip17
\c@parentequation=\count317
\dspbrk@lvl=\count318
\tag@help=\toks18
\row@=\count319
\column@=\count320
\maxfields@=\count321
\andhelp@=\toks19
\eqnshift@=\dimen185
\alignsep@=\dimen186
\tagshift@=\dimen187
\tagwidth@=\dimen188
\totwidth@=\dimen189
\lineht@=\dimen190
\@envbody=\toks20
\multlinegap=\skip61
\multlinetaggap=\skip62
\mathdisplay@stack=\toks21
LaTeX Info: Redefining \[ on input line 2950.
LaTeX Info: Redefining \] on input line 2951.
)
(C:\Users\admin\AppData\Local\Programs\MiKTeX\tex/latex/amsfonts\amssymb.sty
Package: amssymb 2013/01/14 v3.01 AMS font symbols

(C:\Users\admin\AppData\Local\Programs\MiKTeX\tex/latex/amsfonts\amsfonts.sty
Package: amsfonts 2013/01/14 v3.01 Basic AMSFonts support
\symAMSa=\mathgroup4
\symAMSb=\mathgroup5
LaTeX Font Info:    Redeclaring math symbol \hbar on input line 98.
LaTeX Font Info:    Overwriting math alphabet `\mathfrak' in version `bold'
(Font)                  U/euf/m/n --> U/euf/b/n on input line 106.
)) (C:\Users\admin\AppData\Local\Programs\MiKTeX\tex/latex/amscls\amsthm.sty
Package: amsthm 2020/05/29 v2.20.6
\thm@style=\toks22
\thm@bodyfont=\toks23
\thm@headfont=\toks24
\thm@notefont=\toks25
\thm@headpunct=\toks26
\thm@preskip=\skip63
\thm@postskip=\skip64
\thm@headsep=\skip65
\dth@everypar=\toks27
)
(C:\Users\admin\AppData\Local\Programs\MiKTeX\tex/latex/mathtools\mathtools.sty
Package: mathtools 2024/10/04 v1.31 mathematical typesetting tools
(C:\Users\admin\AppData\Local\Programs\MiKTeX\tex/latex/graphics\keyval.sty
Package: keyval 2022/05/29 v1.15 key=value parser (DPC)
\KV@toks@=\toks28
)
(C:\Users\admin\AppData\Local\Programs\MiKTeX\tex/latex/tools\calc.sty
Package: calc 2025/03/01 v4.3b Infix arithmetic (KKT,FJ)
\calc@Acount=\count322
\calc@Bcount=\count323
\calc@Adimen=\dimen191
\calc@Bdimen=\dimen192
\calc@Askip=\skip66
\calc@Bskip=\skip67
LaTeX Info: Redefining \setlength on input line 86.
LaTeX Info: Redefining \addtolength on input line 87.
\calc@Ccount=\count324
\calc@Cskip=\skip68
)
(C:\Users\admin\AppData\Local\Programs\MiKTeX\tex/latex/mathtools\mhsetup.sty
Package: mhsetup 2021/03/18 v1.4 programming setup (MH)
)
\g_MT_multlinerow_int=\count325
\l_MT_multwidth_dim=\dimen193
\origjot=\skip69
\l_MT_shortvdotswithinadjustabove_dim=\dimen194
\l_MT_shortvdotswithinadjustbelow_dim=\dimen195
\l_MT_above_intertext_sep=\dimen196
\l_MT_below_intertext_sep=\dimen197
\l_MT_above_shortintertext_sep=\dimen198
\l_MT_below_shortintertext_sep=\dimen199
\xmathstrut@box=\box58
\xmathstrut@dim=\dimen256
) (C:\Users\admin\AppData\Local\Programs\MiKTeX\tex/latex/tools\bm.sty
Package: bm 2025/10/21 v1.2g Bold Symbol Support (DPC/FMi)
\symboldoperators=\mathgroup6
\symboldletters=\mathgroup7
\symboldsymbols=\mathgroup8
Package bm Info: No bold for \OMX/cmex/m/n, using \pmb.
Package bm Info: No bold for \U/msa/m/n, using \pmb.
Package bm Info: No bold for \U/msb/m/n, using \pmb.
LaTeX Font Info:    Redeclaring math alphabet \mathbf on input line 149.
)
(C:\Users\admin\AppData\Local\Programs\MiKTeX\tex/latex/booktabs\booktabs.sty
Package: booktabs 2020/01/12 v1.61803398 Publication quality tables
\heavyrulewidth=\dimen257
\lightrulewidth=\dimen258
\cmidrulewidth=\dimen259
\belowrulesep=\dimen260
\belowbottomsep=\dimen261
\aboverulesep=\dimen262
\abovetopsep=\dimen263
\cmidrulesep=\dimen264
\cmidrulekern=\dimen265
\defaultaddspace=\dimen266
\@cmidla=\count326
\@cmidlb=\count327
\@aboverulesep=\dimen267
\@belowrulesep=\dimen268
\@thisruleclass=\count328
\@lastruleclass=\count329
\@thisrulewidth=\dimen269
)
(C:\Users\admin\AppData\Local\Programs\MiKTeX\tex/latex/graphics\graphicx.sty
Package: graphicx 2024/12/31 v1.2e Enhanced LaTeX Graphics (DPC,SPQR)

(C:\Users\admin\AppData\Local\Programs\MiKTeX\tex/latex/graphics\graphics.sty
Package: graphics 2024/08/06 v1.4g Standard LaTeX Graphics (DPC,SPQR)

(C:\Users\admin\AppData\Local\Programs\MiKTeX\tex/latex/graphics\trig.sty
Package: trig 2023/12/02 v1.11 sin cos tan (DPC)
)
(C:\Users\admin\AppData\Local\Programs\MiKTeX\tex/latex/graphics-cfg\graphics.c
fg
File: graphics.cfg 2016/06/04 v1.11 sample graphics configuration
)
Package graphics Info: Driver file: xetex.def on input line 106.

(C:\Users\admin\AppData\Local\Programs\MiKTeX\tex/latex/graphics-def\xetex.def
File: xetex.def 2025/11/01 v5.0p Graphics/color driver for xetex
))
\Gin@req@height=\dimen270
\Gin@req@width=\dimen271
) (C:\Users\admin\AppData\Local\Programs\MiKTeX\tex/latex/xcolor\xcolor.sty
Package: xcolor 2024/09/29 v3.02 LaTeX color extensions (UK)

(C:\Users\admin\AppData\Local\Programs\MiKTeX\tex/latex/graphics-cfg\color.cfg
File: color.cfg 2016/01/02 v1.6 sample color configuration
)
Package xcolor Info: Driver file: xetex.def on input line 274.
(C:\Users\admin\AppData\Local\Programs\MiKTeX\tex/latex/graphics\mathcolor.ltx)
Package xcolor Info: Model `cmy' substituted by `cmy0' on input line 1349.
Package xcolor Info: Model `RGB' extended on input line 1365.
Package xcolor Info: Model `HTML' substituted by `rgb' on input line 1367.
Package xcolor Info: Model `Hsb' substituted by `hsb' on input line 1368.
Package xcolor Info: Model `tHsb' substituted by `hsb' on input line 1369.
Package xcolor Info: Model `HSB' substituted by `hsb' on input line 1370.
Package xcolor Info: Model `Gray' substituted by `gray' on input line 1371.
Package xcolor Info: Model `wave' substituted by `hsb' on input line 1372.
) (C:\Users\admin\AppData\Local\Programs\MiKTeX\tex/latex/hyperref\hyperref.sty
Package: hyperref 2025-07-12 v7.01o Hypertext links for LaTeX
(C:\Users\admin\AppData\Local\Programs\MiKTeX\tex/generic/iftex\iftex.sty
Package: iftex 2024/12/12 v1.0g TeX engine tests
)
(C:\Users\admin\AppData\Local\Programs\MiKTeX\tex/latex/kvsetkeys\kvsetkeys.sty
Package: kvsetkeys 2022-10-05 v1.19 Key value parser (HO)
)
(C:\Users\admin\AppData\Local\Programs\MiKTeX\tex/generic/kvdefinekeys\kvdefine
keys.sty
Package: kvdefinekeys 2019-12-19 v1.6 Define keys (HO)
)
(C:\Users\admin\AppData\Local\Programs\MiKTeX\tex/generic/pdfescape\pdfescape.s
ty
Package: pdfescape 2019/12/09 v1.15 Implements pdfTeX's escape features (HO)

(C:\Users\admin\AppData\Local\Programs\MiKTeX\tex/generic/ltxcmds\ltxcmds.sty
Package: ltxcmds 2023-12-04 v1.26 LaTeX kernel commands for general use (HO)
)
(C:\Users\admin\AppData\Local\Programs\MiKTeX\tex/generic/pdftexcmds\pdftexcmds
.sty
Package: pdftexcmds 2020-06-27 v0.33 Utility functions of pdfTeX for LuaTeX (HO
)

(C:\Users\admin\AppData\Local\Programs\MiKTeX\tex/generic/infwarerr\infwarerr.s
ty
Package: infwarerr 2019/12/03 v1.5 Providing info/warning/error messages (HO)
)
Package pdftexcmds Info: \pdf@primitive is available.
Package pdftexcmds Info: \pdf@ifprimitive is available.
Package pdftexcmds Info: \pdfdraftmode not found.
))
(C:\Users\admin\AppData\Local\Programs\MiKTeX\tex/latex/hycolor\hycolor.sty
Package: hycolor 2020-01-27 v1.10 Color options for hyperref/bookmark (HO)
)
(C:\Users\admin\AppData\Local\Programs\MiKTeX\tex/latex/hyperref\nameref.sty
Package: nameref 2025-06-21 v2.57 Cross-referencing by name of section

(C:\Users\admin\AppData\Local\Programs\MiKTeX\tex/latex/refcount\refcount.sty
Package: refcount 2019/12/15 v3.6 Data extraction from label references (HO)
)
(C:\Users\admin\AppData\Local\Programs\MiKTeX\tex/generic/gettitlestring\gettit
lestring.sty
Package: gettitlestring 2019/12/15 v1.6 Cleanup title references (HO)

(C:\Users\admin\AppData\Local\Programs\MiKTeX\tex/latex/kvoptions\kvoptions.sty
Package: kvoptions 2022-06-15 v3.15 Key value format for package options (HO)
))
\c@section@level=\count330
)
(C:\Users\admin\AppData\Local\Programs\MiKTeX\tex/latex/etoolbox\etoolbox.sty
Package: etoolbox 2025/10/02 v2.5m e-TeX tools for LaTeX (JAW)
\etb@tempcnta=\count331
)
(C:\Users\admin\AppData\Local\Programs\MiKTeX\tex/generic/stringenc\stringenc.s
ty
Package: stringenc 2019/11/29 v1.12 Convert strings between diff. encodings (HO
)
)
\@linkdim=\dimen272
\Hy@linkcounter=\count332
\Hy@pagecounter=\count333
 (C:\Users\admin\AppData\Local\Programs\MiKTeX\tex/latex/hyperref\pd1enc.def
File: pd1enc.def 2025-07-12 v7.01o Hyperref: PDFDocEncoding definition (HO)
) (C:\Users\admin\AppData\Local\Programs\MiKTeX\tex/generic/intcalc\intcalc.sty
Package: intcalc 2019/12/15 v1.3 Expandable calculations with integers (HO)
)
\Hy@SavedSpaceFactor=\count334
 (C:\Users\admin\AppData\Local\Programs\MiKTeX\tex/latex/hyperref\puenc.def
File: puenc.def 2025-07-12 v7.01o Hyperref: PDF Unicode definition (HO)
)
Package hyperref Info: Option `unicode' set `true' on input line 4066.
Package hyperref Info: Hyper figures OFF on input line 4195.
Package hyperref Info: Link nesting OFF on input line 4200.
Package hyperref Info: Hyper index ON on input line 4203.
Package hyperref Info: Plain pages OFF on input line 4210.
Package hyperref Info: Backreferencing OFF on input line 4215.
Package hyperref Info: Implicit mode ON; LaTeX internals redefined.
Package hyperref Info: Bookmarks ON on input line 4462.
\c@Hy@tempcnt=\count335

(C:\Users\admin\AppData\Local\Programs\MiKTeX\tex/latex/url\url.sty
\Urlmuskip=\muskip18
Package: url 2013/09/16  ver 3.4  Verb mode for urls, etc.
)
LaTeX Info: Redefining \url on input line 4801.
\XeTeXLinkMargin=\dimen273

(C:\Users\admin\AppData\Local\Programs\MiKTeX\tex/generic/bitset\bitset.sty
Package: bitset 2019/12/09 v1.3 Handle bit-vector datatype (HO)

(C:\Users\admin\AppData\Local\Programs\MiKTeX\tex/generic/bigintcalc\bigintcalc
.sty
Package: bigintcalc 2019/12/15 v1.5 Expandable calculations on big integers (HO
)
))
\Fld@menulength=\count336
\Field@Width=\dimen274
\Fld@charsize=\dimen275
Package hyperref Info: Hyper figures OFF on input line 6078.
Package hyperref Info: Link nesting OFF on input line 6083.
Package hyperref Info: Hyper index ON on input line 6086.
Package hyperref Info: backreferencing OFF on input line 6093.
Package hyperref Info: Link coloring OFF on input line 6098.
Package hyperref Info: Link coloring with OCG OFF on input line 6103.
Package hyperref Info: PDF/A mode OFF on input line 6108.
\Hy@abspage=\count337
\c@Item=\count338
\c@Hfootnote=\count339
)
Package hyperref Info: Driver (autodetected): hxetex.

(C:\Users\admin\AppData\Local\Programs\MiKTeX\tex/latex/hyperref\hxetex.def
File: hxetex.def 2025-07-12 v7.01o Hyperref driver for XeTeX
\pdfm@box=\box59
\c@Hy@AnnotLevel=\count340
\HyField@AnnotCount=\count341
\Fld@listcount=\count342
\c@bookmark@seq@number=\count343

(C:\Users\admin\AppData\Local\Programs\MiKTeX\tex/latex/rerunfilecheck\rerunfil
echeck.sty
Package: rerunfilecheck 2025-06-21 v1.11 Rerun checks for auxiliary files (HO)

(C:\Users\admin\AppData\Local\Programs\MiKTeX\tex/generic/uniquecounter\uniquec
ounter.sty
Package: uniquecounter 2019/12/15 v1.4 Provide unlimited unique counter (HO)
)
Package uniquecounter Info: New unique counter `rerunfilecheck' on input line 2
84.
)
\Hy@SectionHShift=\skip70
)
(C:\Users\admin\AppData\Local\Programs\MiKTeX\tex/latex/enumitem\enumitem.sty
Package: enumitem 2025/02/06 v3.11 Customized lists
\labelindent=\skip71
\enit@outerparindent=\dimen276
\enit@toks=\toks29
\enit@inbox=\box60
\enit@count@id=\count344
\enitdp@description=\count345
)
(C:\Users\admin\AppData\Local\Programs\MiKTeX\tex/latex/geometry\geometry.sty
Package: geometry 2026/03/07 v6.0 Page Geometry

(C:\Users\admin\AppData\Local\Programs\MiKTeX\tex/generic/iftex\ifvtex.sty
Package: ifvtex 2019/10/25 v1.7 ifvtex legacy package. Use iftex instead.
)
\Gm@cnth=\count346
\Gm@cntv=\count347
\c@Gm@tempcnt=\count348
\Gm@bindingoffset=\dimen277
\Gm@wd@mp=\dimen278
\Gm@odd@mp=\dimen279
\Gm@even@mp=\dimen280
\Gm@layoutwidth=\dimen281
\Gm@layoutheight=\dimen282
\Gm@layouthoffset=\dimen283
\Gm@layoutvoffset=\dimen284
\Gm@dimlist=\toks30

(C:\Users\admin\AppData\Local\Programs\MiKTeX\tex/latex/geometry\geometry.cfg))
(C:\Users\admin\AppData\Local\Programs\MiKTeX\tex/latex/setspace\setspace.sty
Package: setspace 2022/12/04 v6.7b set line spacing
)
(C:\Users\admin\AppData\Local\Programs\MiKTeX\tex/latex/doublestroke\dsfont.sty
Package: dsfont 1995/08/01 v0.1 Double stroke roman fonts
) (C:\Users\admin\AppData\Local\Programs\MiKTeX\tex/latex/stmaryrd\stmaryrd.sty
Package: stmaryrd 1994/03/03 St Mary's Road symbol package
\symstmry=\mathgroup9
LaTeX Font Info:    Overwriting symbol font `stmry' in version `bold'
(Font)                  U/stmry/m/n --> U/stmry/b/n on input line 89.
) (C:\Users\admin\AppData\Local\Programs\MiKTeX\tex/latex/multirow\multirow.sty
Package: multirow 2024/11/12 v2.9 Span multiple rows of a table
\multirow@colwidth=\skip72
\multirow@cntb=\count349
\multirow@dima=\skip73
\bigstrutjot=\dimen285
) (C:\Users\admin\AppData\Local\Programs\MiKTeX\tex/latex/tools\array.sty
Package: array 2025/09/25 v2.6n Tabular extension package (FMi)
\col@sep=\dimen286
\ar@mcellbox=\box61
\extrarowheight=\dimen287
\NC@list=\toks31
\extratabsurround=\skip74
\backup@length=\skip75
\ar@cellbox=\box62
)
(C:\Users\admin\AppData\Local\Programs\MiKTeX\tex/latex/bbm\bbm.sty
Package: bbm 1999/03/15 V 1.2 provides fonts for set symbols - TH
LaTeX Font Info:    Overwriting math alphabet `\mathbbm' in version `bold'
(Font)                  U/bbm/m/n --> U/bbm/bx/n on input line 33.
LaTeX Font Info:    Overwriting math alphabet `\mathbbmss' in version `bold'
(Font)                  U/bbmss/m/n --> U/bbmss/bx/n on input line 35.
)
(C:\Users\admin\AppData\Local\Programs\MiKTeX\tex/latex/tools\longtable.sty
Package: longtable 2025-10-13 v4.24 Multi-page Table package (DPC)
\LTleft=\skip76
\LTright=\skip77
\LTpre=\skip78
\LTpost=\skip79
\LTchunksize=\count350
\LTcapwidth=\dimen288
\LT@head=\box63
\LT@firsthead=\box64
\LT@foot=\box65
\LT@lastfoot=\box66
\LT@gbox=\box67
\LT@cols=\count351
\LT@rows=\count352
\c@LT@tables=\count353
\c@LT@chunks=\count354
\LT@p@ftn=\toks32
)
(C:\Users\admin\AppData\Local\Programs\MiKTeX\tex/latex/makecell\makecell.sty
Package: makecell 2009/08/03 V0.1e Managing of Tab Column Heads and Cells
\rotheadsize=\dimen289
\c@nlinenum=\count355
\TeXr@lab=\toks33
)
\c@theorem=\count356

(G:\Xiaogan_Supercomputing_data\SCX\papers\scx_ml_audit\main.aux)
\openout1 = `main.aux'.

LaTeX Font Info:    Checking defaults for OML/cmm/m/it on input line 117.
LaTeX Font Info:    ... okay on input line 117.
LaTeX Font Info:    Checking defaults for OMS/cmsy/m/n on input line 117.
LaTeX Font Info:    ... okay on input line 117.
LaTeX Font Info:    Checking defaults for OT1/cmr/m/n on input line 117.
LaTeX Font Info:    ... okay on input line 117.
LaTeX Font Info:    Checking defaults for T1/cmr/m/n on input line 117.
LaTeX Font Info:    ... okay on input line 117.
LaTeX Font Info:    Checking defaults for TS1/cmr/m/n on input line 117.
LaTeX Font Info:    ... okay on input line 117.
LaTeX Font Info:    Checking defaults for TU/lmr/m/n on input line 117.
LaTeX Font Info:    ... okay on input line 117.
LaTeX Font Info:    Checking defaults for OMX/cmex/m/n on input line 117.
LaTeX Font Info:    ... okay on input line 117.
LaTeX Font Info:    Checking defaults for U/cmr/m/n on input line 117.
LaTeX Font Info:    ... okay on input line 117.
LaTeX Font Info:    Checking defaults for PD1/pdf/m/n on input line 117.
LaTeX Font Info:    ... okay on input line 117.
LaTeX Font Info:    Checking defaults for PU/pdf/m/n on input line 117.
LaTeX Font Info:    ... okay on input line 117.

Package fontspec Info: 
(fontspec)             Adjusting the maths setup (use [no-math] to avoid
(fontspec)             this).

\symlegacymaths=\mathgroup10
LaTeX Font Info:    Overwriting symbol font `legacymaths' in version `bold'
(Font)                  OT1/cmr/m/n --> OT1/cmr/bx/n on input line 117.
LaTeX Font Info:    Redeclaring math accent \acute on input line 117.
LaTeX Font Info:    Redeclaring math accent \grave on input line 117.
LaTeX Font Info:    Redeclaring math accent \ddot on input line 117.
LaTeX Font Info:    Redeclaring math accent \tilde on input line 117.
LaTeX Font Info:    Redeclaring math accent \bar on input line 117.
LaTeX Font Info:    Redeclaring math accent \breve on input line 117.
LaTeX Font Info:    Redeclaring math accent \check on input line 117.
LaTeX Font Info:    Redeclaring math accent \hat on input line 117.
LaTeX Font Info:    Redeclaring math accent \dot on input line 117.
LaTeX Font Info:    Redeclaring math accent \mathring on input line 117.
LaTeX Font Info:    Redeclaring math symbol \Gamma on input line 117.
LaTeX Font Info:    Redeclaring math symbol \Delta on input line 117.
LaTeX Font Info:    Redeclaring math symbol \Theta on input line 117.
LaTeX Font Info:    Redeclaring math symbol \Lambda on input line 117.
LaTeX Font Info:    Redeclaring math symbol \Xi on input line 117.
LaTeX Font Info:    Redeclaring math symbol \Pi on input line 117.
LaTeX Font Info:    Redeclaring math symbol \Sigma on input line 117.
LaTeX Font Info:    Redeclaring math symbol \Upsilon on input line 117.
LaTeX Font Info:    Redeclaring math symbol \Phi on input line 117.
LaTeX Font Info:    Redeclaring math symbol \Psi on input line 117.
LaTeX Font Info:    Redeclaring math symbol \Omega on input line 117.
LaTeX Font Info:    Redeclaring math symbol \mathdollar on input line 117.
LaTeX Font Info:    Redeclaring symbol font `operators' on input line 117.
LaTeX Font Info:    Encoding `OT1' has changed to `TU' for symbol font
(Font)              `operators' in the math version `normal' on input line 117.

LaTeX Font Info:    Overwriting symbol font `operators' in version `normal'
(Font)                  OT1/cmr/m/n --> TU/lmr/m/n on input line 117.
LaTeX Font Info:    Encoding `OT1' has changed to `TU' for symbol font
(Font)              `operators' in the math version `bold' on input line 117.
LaTeX Font Info:    Overwriting symbol font `operators' in version `bold'
(Font)                  OT1/cmr/bx/n --> TU/lmr/m/n on input line 117.
LaTeX Font Info:    Overwriting symbol font `operators' in version `normal'
(Font)                  TU/lmr/m/n --> TU/lmr/m/n on input line 117.
LaTeX Font Info:    Overwriting math alphabet `\mathit' in version `normal'
(Font)                  OT1/cmr/m/it --> TU/lmr/m/it on input line 117.
LaTeX Font Info:    Overwriting math alphabet `\mathbf' in version `normal'
(Font)                  OT1/cmr/bx/n --> TU/lmr/b/n on input line 117.
LaTeX Font Info:    Overwriting math alphabet `\mathsf' in version `normal'
(Font)                  OT1/cmss/m/n --> TU/lmss/m/n on input line 117.
LaTeX Font Info:    Overwriting math alphabet `\mathtt' in version `normal'
(Font)                  OT1/cmtt/m/n --> TU/lmtt/m/n on input line 117.
LaTeX Font Info:    Overwriting symbol font `operators' in version `bold'
(Font)                  TU/lmr/m/n --> TU/lmr/b/n on input line 117.
LaTeX Font Info:    Overwriting math alphabet `\mathit' in version `bold'
(Font)                  OT1/cmr/bx/it --> TU/lmr/b/it on input line 117.
LaTeX Font Info:    Overwriting math alphabet `\mathsf' in version `bold'
(Font)                  OT1/cmss/bx/n --> TU/lmss/b/n on input line 117.
LaTeX Font Info:    Overwriting math alphabet `\mathtt' in version `bold'
(Font)                  OT1/cmtt/m/n --> TU/lmtt/b/n on input line 117.
Package hyperref Info: Link coloring OFF on input line 117.

(G:\Xiaogan_Supercomputing_data\SCX\papers\scx_ml_audit\main.out)
(G:\Xiaogan_Supercomputing_data\SCX\papers\scx_ml_audit\main.out)
\@outlinefile=\write3
\openout3 = `main.out'.


*geometry* driver: auto-detecting
*geometry* detected driver: xetex
*geometry* verbose mode - [ preamble ] result:
* driver: xetex
* paper: a4paper
* layout: <same size as paper>
* layoutoffset:(h,v)=(0.0pt,0.0pt)
* modes: 
* h-part:(L,W,R)=(71.13188pt, 455.24411pt, 71.13188pt)
* v-part:(T,H,B)=(71.13188pt, 702.78308pt, 71.13188pt)
* \paperwidth=597.50787pt
* \paperheight=845.04684pt
* \textwidth=455.24411pt
* \textheight=702.78308pt
* \oddsidemargin=-1.1381pt
* \evensidemargin=-1.1381pt
* \topmargin=-38.1381pt
* \headheight=12.0pt
* \headsep=25.0pt
* \topskip=12.0pt
* \footskip=30.0pt
* \marginparwidth=35.0pt
* \marginparsep=10.0pt
* \columnsep=10.0pt
* \skip\footins=10.8pt plus 4.0pt minus 2.0pt
* \hoffset=0.0pt
* \voffset=0.0pt
* \mag=1000
* \@twocolumnfalse
* \@twosidefalse
* \@mparswitchfalse
* \@reversemarginfalse
* (1in=72.27pt=25.4mm, 1cm=28.453pt)

LaTeX Font Info:    Trying to load font information for U+msa on input line 120
.
(C:\Users\admin\AppData\Local\Programs\MiKTeX\tex/latex/amsfonts\umsa.fd
File: umsa.fd 2013/01/14 v3.01 AMS symbols A
)
LaTeX Font Info:    Trying to load font information for U+msb on input line 120
.

(C:\Users\admin\AppData\Local\Programs\MiKTeX\tex/latex/amsfonts\umsb.fd
File: umsb.fd 2013/01/14 v3.01 AMS symbols B
)
LaTeX Font Info:    Trying to load font information for U+stmry on input line 1
20.

(C:\Users\admin\AppData\Local\Programs\MiKTeX\tex/latex/stmaryrd\ustmry.fd)
[1

]
LaTeX Font Info:    Font shape `TU/SimSun(0)/m/sl' in size <12> not available
(Font)              Font shape `TU/SimSun(0)/m/it' tried instead on input line 
165.
 [2]
! Undefined control sequence.
l.196 ...{\rho} = \frac{2}{M(M-1)}\sum_{m<m'}\Corr
                                                  (\ind{\hat{y}_m \neq y}, \...
The control sequence at the end of the top line
of your error message was never \def'ed. If you have
misspelled it (e.g., `\hobx'), type `I' and the correct
spelling (e.g., `I\hbox'). Otherwise just continue,
and I'll forget about whatever was undefined.

[3] [4]
Overfull \hbox (1.2122pt too wide) in paragraph at lines 245--246
[]\TU/lmr/m/it/12 Proof: \TU/lmr/m/n/12 Let the system produce prediction $[] \
OT1/cmr/m/n/12 = \OML/cmm/m/it/12 f\OT1/cmr/m/n/12 (\OML/cmm/m/it/12 x\OT1/cmr/
m/n/12 )$ \TU/lmr/m/n/12 and self-audit signal $\OML/cmm/m/it/12 a \OT1/cmr/m/n
/12 = \OML/cmm/m/it/12 g\OT1/cmr/m/n/12 (\OML/cmm/m/it/12 f\OT1/cmr/m/n/12 (\OM
L/cmm/m/it/12 x\OT1/cmr/m/n/12 )\OML/cmm/m/it/12 ; x\OT1/cmr/m/n/12 )$
 []


LaTeX Font Warning: Font shape `TU/lmr/m/scit' undefined
(Font)              using `TU/lmr/m/scsl' instead on input line 262.

[5]

LaTeX Font Warning: Font shape `TU/lmr/m/scit' undefined
(Font)              using `TU/lmr/m/scsl' instead on input line 270.

[6]

LaTeX Font Warning: Font shape `TU/lmr/m/scit' undefined
(Font)              using `TU/lmr/m/scsl' instead on input line 301.


LaTeX Font Warning: Font shape `TU/lmr/m/scit' undefined
(Font)              using `TU/lmr/m/scsl' instead on input line 315.


LaTeX Font Warning: Font shape `TU/lmr/m/scit' undefined
(Font)              using `TU/lmr/m/scsl' instead on input line 317.


LaTeX Font Warning: Font shape `TU/SimSun(0)/b/it' undefined
(Font)              using `TU/SimSun(0)/b/n' instead on input line 321.


LaTeX Font Warning: Font shape `TU/lmr/m/scit' undefined
(Font)              using `TU/lmr/m/scsl' instead on input line 321.

[7]

LaTeX Font Warning: Font shape `TU/lmr/m/scit' undefined
(Font)              using `TU/lmr/m/scsl' instead on input line 329.

Missing character: There is no ✓ in font [lmroman12-bold]:mapping=tex-text;!
Missing character: There is no ◇ in font [lmroman12-bold]:mapping=tex-text;!
Missing character: There is no ✗ in font [lmroman12-bold]:mapping=tex-text;!
Missing character: There is no ◆ in font [lmroman12-bold]:mapping=tex-text;!
Missing character: There is no ◆ in font [lmroman12-bold]:mapping=tex-text;!
[8]
Overfull \hbox (39.40169pt too wide) in paragraph at lines 361--362
\TU/SimSun(0)/b/n/12 为 何 流 行 \TU/lmr/bx/n/12 (Why Popular):  \TU/lmr/m/n/12 Mat
hematically tractable. Linear regression solves $[][] [][]$
 []


Overfull \hbox (13.71399pt too wide) detected at line 370
[][][]\OML/cmm/m/it/12 Q[] \OT1/cmr/m/n/12 = [][][] + [] + [] + [] + [][] = 0\O
ML/cmm/m/it/12 :
 []


Overfull \hbox (83.41402pt too wide) in paragraph at lines 373--374
\TU/lmr/m/n/12 models on $\OML/cmm/m/it/12 M$ \TU/lmr/m/n/12 independent bootst
rap samples. The \TU/lmr/m/sc/12 Yajie \TU/lmr/m/n/12 consensus $[] \OT1/cmr/m/
n/12 = []([]\OML/cmm/m/it/12 ; [] ; []\OT1/cmr/m/n/12 )$
 []

Missing character: There is no ◆ in font [lmroman12-bold]:mapping=tex-text;!

Overfull \hbox (34.98428pt too wide) in paragraph at lines 383--384
\OML/cmm/m/it/12 O\OT1/cmr/m/n/12 ((1/\OML/cmm/m/it/12 ^^N\OT1/cmr/m/n/12 )[])$
\TU/lmr/m/n/12 . In high dimensions, all pairwise distances converge: $[][] \OM
L/cmm/m/it/12 d\OT1/cmr/m/n/12 (\OML/cmm/m/it/12 x[]; x[]\OT1/cmr/m/n/12 )/ [][
] \OML/cmm/m/it/12 d\OT1/cmr/m/n/12 (\OML/cmm/m/it/12 x[]; x[]\OT1/cmr/m/n/12 )
 \OMS/cmsy/m/n/12 !
 []

[9]
Overfull \hbox (43.17374pt too wide) in paragraph at lines 385--386
\TU/lmr/m/n/12 verifiable. The Lipschitz constant of the encoding is $[]\OT1/cm
r/m/n/12 (\OML/cmm/m/it/12 ^^^[]\OT1/cmr/m/n/12 ) = [][] [] / []$\TU/lmr/m/n/12
 ,
 []

Missing character: There is no ◆ in font [lmroman12-bold]:mapping=tex-text;!

Overfull \hbox (2.63426pt too wide) in paragraph at lines 395--396
\TU/lmr/bx/n/14.4 Verdict: []◆UNDECLARED[]  |\TU/SimSun(0)/b/n/14.4 —| \TU/lmr/
bx/n/14.4 Extreme Independence Assumption,
 []


Overfull \hbox (21.75816pt too wide) in paragraph at lines 403--404
\TU/SimSun(0)/b/n/12 失 败 原 因 \TU/lmr/bx/n/12 (Failure Mode):  The independence 
assumption $\OML/cmm/m/it/12 P\OT1/cmr/m/n/12 (\OML/cmm/m/it/12 x[]; x[]\OMS/cm
sy/m/n/12 j\OML/cmm/m/it/12 y\OT1/cmr/m/n/12 ) = \OML/cmm/m/it/12 P\OT1/cmr/m/n
/12 (\OML/cmm/m/it/12 x[]\OMS/cmsy/m/n/12 j\OML/cmm/m/it/12 y\OT1/cmr/m/n/12 )\
OML/cmm/m/it/12 P\OT1/cmr/m/n/12 (\OML/cmm/m/it/12 x[]\OMS/cmsy/m/n/12 j\OML/cm
m/m/it/12 y\OT1/cmr/m/n/12 )$
 []

[10]
Missing character: There is no ◆ in font [lmroman12-bold]:mapping=tex-text;!
[11]
Missing character: There is no ◆ in font [lmroman12-bold]:mapping=tex-text;!

LaTeX Font Warning: Font shape `TU/lmr/bx/sc' undefined
(Font)              using `TU/lmr/bx/n' instead on input line 435.

[12]
Missing character: There is no ◆ in font [lmroman12-bold]:mapping=tex-text;!
[13]
Missing character: There is no ◇ in font [lmroman12-bold]:mapping=tex-text;!
[14]
Overfull \hbox (5.5586pt too wide) in paragraph at lines 509--510
[]\TU/lmr/m/n/12 The “independence” is approximate  |\TU/SimSun(0)/m/n/12 —| \T
U/lmr/m/n/12 bootstrap samples share data, so $\OML/cmm/m/it/12 I\OT1/cmr/m/n/1
2 (\OMS/cmsy/m/n/12 D[]\OT1/cmr/m/n/12 ; \OMS/cmsy/m/n/12 D[]\OT1/cmr/m/n/12 ) 
\OML/cmm/m/it/12 >
 []

Missing character: There is no ✓ in font [lmroman12-bold]:mapping=tex-text;!
[15] [16]
Overfull \hbox (21.1289pt too wide) in paragraph at lines 574--574
[]\TU/lmr/bx/n/14.4 9. Boosting \TU/SimSun(0)/b/n/14.4 提 升 法  |— —| \TU/lmr/bx/
n/14.4 AdaBoost/GBDT/XGBoost/LightGBM 
 []

Missing character: There is no ◆ in font [lmroman12-bold]:mapping=tex-text;!
! Undefined control sequence.
l.582 ...s: $h_t = \argmin_h \sum_i (-\partial \cL
                                                  (y_i, F_{t-1}(x_i)) / \par...
The control sequence at the end of the top line
of your error message was never \def'ed. If you have
misspelled it (e.g., `\hobx'), type `I' and the correct
spelling (e.g., `I\hbox'). Otherwise just continue,
and I'll forget about whatever was undefined.

! Undefined control sequence.
l.590 f_t = \argmin_f \sum_i \cL
                                \bigl(y_i, F_{t-1}(x_i) + f(x_i)\bigr).
The control sequence at the end of the top line
of your error message was never \def'ed. If you have
misspelled it (e.g., `\hobx'), type `I' and the correct
spelling (e.g., `I\hbox'). Otherwise just continue,
and I'll forget about whatever was undefined.

[17]
! Undefined control sequence.
l.599 \mathAudit{} Let $\rho_{t,t'} = \Corr
                                           (\ind{f_t \text{ errs}}, \ind{f_{...
The control sequence at the end of the top line
of your error message was never \def'ed. If you have
misspelled it (e.g., `\hobx'), type `I' and the correct
spelling (e.g., `I\hbox'). Otherwise just continue,
and I'll forget about whatever was undefined.

Missing character: There is no ◇ in font [lmroman12-bold]:mapping=tex-text;!
[18]
Missing character: There is no ◆ in font [lmroman12-bold]:mapping=tex-text;!

Overfull \hbox (51.58868pt too wide) has occurred while \output is active
\TU/lmr/m/sl/12 7 PART III: DEEP LEARNING REVOLUTION (2012–2017)  |\TU/SimSun(0
)/m/it/12 —| \TU/lmr/m/sl/12 DEPTH AS COMPENSATION \TU/lmr/m/n/12 19
 []

[19]
! Undefined control sequence.
<argument> \partial \cL 
                        
l.649 \frac{\partial \cL}{\partial W_1}
                                        = \frac{\partial \cL}{\partial h_L} ...
The control sequence at the end of the top line
of your error message was never \def'ed. If you have
misspelled it (e.g., `\hobx'), type `I' and the correct
spelling (e.g., `I\hbox'). Otherwise just continue,
and I'll forget about whatever was undefined.

! Undefined control sequence.
<argument> \partial \cL 
                        
l.649 ... W_1} = \frac{\partial \cL}{\partial h_L}
                                                   \cdot \prod_{\ell=2}^L \f...
The control sequence at the end of the top line
of your error message was never \def'ed. If you have
misspelled it (e.g., `\hobx'), type `I' and the correct
spelling (e.g., `I\hbox'). Otherwise just continue,
and I'll forget about whatever was undefined.


Overfull \hbox (9.09032pt too wide) in paragraph at lines 658--660
\TU/lmr/m/n/12 without access to $\OML/cmm/m/it/12 M > \OT1/cmr/m/n/12 1$ \TU/l
mr/m/n/12 independently-trained copies. The model’s own training/validation
 []

Missing character: There is no ◇ in font [lmroman12-bold]:mapping=tex-text;!
[20]
Missing character: There is no ◆ in font [lmroman12-bold]:mapping=tex-text;!
[21]
Missing character: There is no ✓ in font [lmroman12-bold]:mapping=tex-text;!
[22]
Missing character: There is no ✓ in font [lmroman12-bold]:mapping=tex-text;!
[23]
! Undefined control sequence.
<recently read> \cB 
                    
l.750 ... Szegedy (2015): for each mini-batch $\cB
                                                  $:
The control sequence at the end of the top line
of your error message was never \def'ed. If you have
misspelled it (e.g., `\hobx'), type `I' and the correct
spelling (e.g., `I\hbox'). Otherwise just continue,
and I'll forget about whatever was undefined.

! Undefined control sequence.
l.752 \mu_\cB
              = \frac{1}{|\cB|}\sum_{i \in \cB} x_i, \quad \sigma_\cB^2 = \f...
The control sequence at the end of the top line
of your error message was never \def'ed. If you have
misspelled it (e.g., `\hobx'), type `I' and the correct
spelling (e.g., `I\hbox'). Otherwise just continue,
and I'll forget about whatever was undefined.

! Undefined control sequence.
<argument> |\cB 
                |
l.752 \mu_\cB = \frac{1}{|\cB|}
                               \sum_{i \in \cB} x_i, \quad \sigma_\cB^2 = \f...
The control sequence at the end of the top line
of your error message was never \def'ed. If you have
misspelled it (e.g., `\hobx'), type `I' and the correct
spelling (e.g., `I\hbox'). Otherwise just continue,
and I'll forget about whatever was undefined.

! Undefined control sequence.
l.752 \mu_\cB = \frac{1}{|\cB|}\sum_{i \in \cB
                                              } x_i, \quad \sigma_\cB^2 = \f...
The control sequence at the end of the top line
of your error message was never \def'ed. If you have
misspelled it (e.g., `\hobx'), type `I' and the correct
spelling (e.g., `I\hbox'). Otherwise just continue,
and I'll forget about whatever was undefined.

! Undefined control sequence.
l.752 ...B|}\sum_{i \in \cB} x_i, \quad \sigma_\cB
                                                  ^2 = \frac{1}{|\cB|}\sum_{...
The control sequence at the end of the top line
of your error message was never \def'ed. If you have
misspelled it (e.g., `\hobx'), type `I' and the correct
spelling (e.g., `I\hbox'). Otherwise just continue,
and I'll forget about whatever was undefined.

! Missing { inserted.
<to be read again> 
                   ^
l.752 ...|}\sum_{i \in \cB} x_i, \quad \sigma_\cB^
                                                  2 = \frac{1}{|\cB|}\sum_{i...
A left brace was mandatory here, so I've put one in.
You might want to delete and/or insert some corrections
so that I will find a matching right brace soon.
(If you're confused by all this, try typing `I}' now.)

! Undefined control sequence.
<argument> |\cB 
                |
l.752 ...x_i, \quad \sigma_\cB^2 = \frac{1}{|\cB|}
                                                  \sum_{i \in \cB} (x_i - \m...
The control sequence at the end of the top line
of your error message was never \def'ed. If you have
misspelled it (e.g., `\hobx'), type `I' and the correct
spelling (e.g., `I\hbox'). Otherwise just continue,
and I'll forget about whatever was undefined.

! Undefined control sequence.
l.752 ...ma_\cB^2 = \frac{1}{|\cB|}\sum_{i \in \cB
                                                  } (x_i - \mu_\cB)^2,
The control sequence at the end of the top line
of your error message was never \def'ed. If you have
misspelled it (e.g., `\hobx'), type `I' and the correct
spelling (e.g., `I\hbox'). Otherwise just continue,
and I'll forget about whatever was undefined.

! Undefined control sequence.
l.752 ...{1}{|\cB|}\sum_{i \in \cB} (x_i - \mu_\cB
                                                  )^2,
The control sequence at the end of the top line
of your error message was never \def'ed. If you have
misspelled it (e.g., `\hobx'), type `I' and the correct
spelling (e.g., `I\hbox'). Otherwise just continue,
and I'll forget about whatever was undefined.

! Missing } inserted.
<inserted text> 
                }
l.753 \]
        
I've inserted something that you may have forgotten.
(See the <inserted text> above.)
With luck, this will get me unwedged. But if you
really didn't forget anything, try typing `2' now; then
my insertion and my current dilemma will both disappear.

! Undefined control sequence.
<argument> x_i - \mu _\cB 
                          
l.755 ... \mu_\cB}{\sqrt{\sigma_\cB^2 + \epsilon}}
                                                  , \quad y_i = \gamma \hat{...
The control sequence at the end of the top line
of your error message was never \def'ed. If you have
misspelled it (e.g., `\hobx'), type `I' and the correct
spelling (e.g., `I\hbox'). Otherwise just continue,
and I'll forget about whatever was undefined.

! Missing { inserted.
<to be read again> 
                   \endgroup 
l.755 ... \mu_\cB}{\sqrt{\sigma_\cB^2 + \epsilon}}
                                                  , \quad y_i = \gamma \hat{...
A left brace was mandatory here, so I've put one in.
You might want to delete and/or insert some corrections
so that I will find a matching right brace soon.
(If you're confused by all this, try typing `I}' now.)

! Missing } inserted.
<inserted text> 
                }
l.755 ... \mu_\cB}{\sqrt{\sigma_\cB^2 + \epsilon}}
                                                  , \quad y_i = \gamma \hat{...
I've inserted something that you may have forgotten.
(See the <inserted text> above.)
With luck, this will get me unwedged. But if you
really didn't forget anything, try typing `2' now; then
my insertion and my current dilemma will both disappear.

! Undefined control sequence.
<argument> \sqrt {\sigma _\cB 
                              ^2 + \epsilon }
l.755 ... \mu_\cB}{\sqrt{\sigma_\cB^2 + \epsilon}}
                                                  , \quad y_i = \gamma \hat{...
The control sequence at the end of the top line
of your error message was never \def'ed. If you have
misspelled it (e.g., `\hobx'), type `I' and the correct
spelling (e.g., `I\hbox'). Otherwise just continue,
and I'll forget about whatever was undefined.

! Missing { inserted.
<to be read again> 
                   ^
l.755 ... \mu_\cB}{\sqrt{\sigma_\cB^2 + \epsilon}}
                                                  , \quad y_i = \gamma \hat{...
A left brace was mandatory here, so I've put one in.
You might want to delete and/or insert some corrections
so that I will find a matching right brace soon.
(If you're confused by all this, try typing `I}' now.)

! Missing } inserted.
<inserted text> 
                }
l.756 \]
        
I've inserted something that you may have forgotten.
(See the <inserted text> above.)
With luck, this will get me unwedged. But if you
really didn't forget anything, try typing `2' now; then
my insertion and my current dilemma will both disappear.

! Undefined control sequence.
l.759 ...{Breaks at small batch sizes.} When $|\cB
                                                  |$ is small (e.g., 2 for l...
The control sequence at the end of the top line
of your error message was never \def'ed. If you have
misspelled it (e.g., `\hobx'), type `I' and the correct
spelling (e.g., `I\hbox'). Otherwise just continue,
and I'll forget about whatever was undefined.

! Undefined control sequence.
l.759 ...mall (e.g., 2 for large models), $\mu_\cB
                                                  $ and $\sigma_\cB^2$ are n...
The control sequence at the end of the top line
of your error message was never \def'ed. If you have
misspelled it (e.g., `\hobx'), type `I' and the correct
spelling (e.g., `I\hbox'). Otherwise just continue,
and I'll forget about whatever was undefined.

! Missing { inserted.
<to be read again> 
                   $
l.759 ...all (e.g., 2 for large models), $\mu_\cB$
                                                   and $\sigma_\cB^2$ are no...
A left brace was mandatory here, so I've put one in.
You might want to delete and/or insert some corrections
so that I will find a matching right brace soon.
(If you're confused by all this, try typing `I}' now.)

! Missing } inserted.
<inserted text> 
                }
l.759 ...all (e.g., 2 for large models), $\mu_\cB$
                                                   and $\sigma_\cB^2$ are no...
I've inserted something that you may have forgotten.
(See the <inserted text> above.)
With luck, this will get me unwedged. But if you
really didn't forget anything, try typing `2' now; then
my insertion and my current dilemma will both disappear.

! Undefined control sequence.
l.759 ... large models), $\mu_\cB$ and $\sigma_\cB
                                                  ^2$ are noisy estimators. ...
The control sequence at the end of the top line
of your error message was never \def'ed. If you have
misspelled it (e.g., `\hobx'), type `I' and the correct
spelling (e.g., `I\hbox'). Otherwise just continue,
and I'll forget about whatever was undefined.

! Missing { inserted.
<to be read again> 
                   ^
l.759 ...large models), $\mu_\cB$ and $\sigma_\cB^
                                                  2$ are noisy estimators. T...
A left brace was mandatory here, so I've put one in.
You might want to delete and/or insert some corrections
so that I will find a matching right brace soon.
(If you're confused by all this, try typing `I}' now.)

! Missing } inserted.
<inserted text> 
                }
l.759 ...rge models), $\mu_\cB$ and $\sigma_\cB^2$
                                                   are noisy estimators. The...
I've inserted something that you may have forgotten.
(See the <inserted text> above.)
With luck, this will get me unwedged. But if you
really didn't forget anything, try typing `2' now; then
my insertion and my current dilemma will both disappear.

! Undefined control sequence.
l.759 ...y estimators. The variance of $\sigma_\cB
                                                  ^2$ is approximately $2\si...
The control sequence at the end of the top line
of your error message was never \def'ed. If you have
misspelled it (e.g., `\hobx'), type `I' and the correct
spelling (e.g., `I\hbox'). Otherwise just continue,
and I'll forget about whatever was undefined.

! Missing { inserted.
<to be read again> 
                   ^
l.759 ... estimators. The variance of $\sigma_\cB^
                                                  2$ is approximately $2\sig...
A left brace was mandatory here, so I've put one in.
You might want to delete and/or insert some corrections
so that I will find a matching right brace soon.
(If you're confused by all this, try typing `I}' now.)

! Missing } inserted.
<inserted text> 
                }
l.759 ...stimators. The variance of $\sigma_\cB^2$
                                                   is approximately $2\sigma...
I've inserted something that you may have forgotten.
(See the <inserted text> above.)
With luck, this will get me unwedged. But if you
really didn't forget anything, try typing `2' now; then
my insertion and my current dilemma will both disappear.

! Undefined control sequence.
l.759 ...cB^2$ is approximately $2\sigma^4 / (|\cB
                                                  |-1)$, which diverges as $...
The control sequence at the end of the top line
of your error message was never \def'ed. If you have
misspelled it (e.g., `\hobx'), type `I' and the correct
spelling (e.g., `I\hbox'). Otherwise just continue,
and I'll forget about whatever was undefined.

! Undefined control sequence.
l.759 ...a^4 / (|\cB|-1)$, which diverges as $|\cB
                                                  | \to 1$. At test time, po...
The control sequence at the end of the top line
of your error message was never \def'ed. If you have
misspelled it (e.g., `\hobx'), type `I' and the correct
spelling (e.g., `I\hbox'). Otherwise just continue,
and I'll forget about whatever was undefined.

Missing character: There is no ✓ in font [lmroman12-bold]:mapping=tex-text;!
[24]
Missing character: There is no ✓ in font [lmroman12-bold]:mapping=tex-text;!

Overfull \hbox (22.29028pt too wide) in paragraph at lines 807--808
\TU/lmr/bx/sc/14.4 Verdict: []✓VERIFIED[]  |\TU/SimSun(0)/b/n/14.4 —| \TU/lmr/b
x/sc/14.4 Multi-Head = Spring Gatekeepers, Bounded
 []

[25]
Missing character: There is no ◆ in font [lmroman12-bold]:mapping=tex-text;!
[26]
Missing character: There is no ◆ in font [lmroman12-bold]:mapping=tex-text;!

Overfull \hbox (7.83266pt too wide) in paragraph at lines 839--840
\TU/lmr/bx/sc/14.4 GPT (2018–2024)  |\TU/SimSun(0)/b/n/14.4 —| \TU/lmr/bx/sc/14
.4 Autoregressive Generation: []◆UNDECLARED[]
 []

Missing character: There is no ◆ in font [lmroman12-bold]:mapping=tex-text;!
[27] [28]
Missing character: There is no ◆ in font [lmroman12-bold]:mapping=tex-text;!
! Undefined control sequence.
l.895 \cL
          = \E_{q_\phi(z|x)}[\log p_\theta(x|z)] - \KL(q_\phi(z|x) \| p(z)).
The control sequence at the end of the top line
of your error message was never \def'ed. If you have
misspelled it (e.g., `\hobx'), type `I' and the correct
spelling (e.g., `I\hbox'). Otherwise just continue,
and I'll forget about whatever was undefined.

! Undefined control sequence.
<recently read> \cL 
                    
l.899 ...eta$ are jointly trained to minimize $\cL
                                                  $. The reconstruction term...
The control sequence at the end of the top line
of your error message was never \def'ed. If you have
misspelled it (e.g., `\hobx'), type `I' and the correct
spelling (e.g., `I\hbox'). Otherwise just continue,
and I'll forget about whatever was undefined.

Missing character: There is no ◇ in font [lmroman12-bold]:mapping=tex-text;!
[29]
! Undefined control sequence.
l.925 \Corr
           (\epsilon_\theta(x_t, t), \epsilon_\theta(x_{t'}, t')) = \rho_{\t...
The control sequence at the end of the top line
of your error message was never \def'ed. If you have
misspelled it (e.g., `\hobx'), type `I' and the correct
spelling (e.g., `I\hbox'). Otherwise just continue,
and I'll forget about whatever was undefined.

[30]
Overfull \hbox (104.51929pt too wide) in paragraph at lines 948--948
[]\TU/lmr/bx/sc/14.4 22. Self-Supervised Learning \TU/SimSun(0)/b/n/14.4 自 监 督 
学 习  |— —| \TU/lmr/bx/sc/14.4 SimCLR/MoCo/MAE/BERT 
 []

Missing character: There is no ◆ in font [lmroman12-bold]:mapping=tex-text;!
! Undefined control sequence.
l.965 \cL
         _{\text{contrastive}} = -\log\frac{\exp(\text{sim}(z_i, z_j)/\tau)}...
The control sequence at the end of the top line
of your error message was never \def'ed. If you have
misspelled it (e.g., `\hobx'), type `I' and the correct
spelling (e.g., `I\hbox'). Otherwise just continue,
and I'll forget about whatever was undefined.

[31]
Missing character: There is no ≠ in font [lmroman12-regular]:mapping=tex-text;!
Missing character: There is no ◇ in font [lmroman12-bold]:mapping=tex-text;!
[32]
Missing character: There is no ◆ in font [lmroman12-bold]:mapping=tex-text;!
[33]
Missing character: There is no ◆ in font [lmroman12-bold]:mapping=tex-text;!
[34]
Missing character: There is no ◆ in font [lmroman12-bold]:mapping=tex-text;!
! Undefined control sequence.
l.1065 ...= \argmin_\pi \sum_{(s,a) \in \cD_E} \cL
                                                  (\pi(s), a).
The control sequence at the end of the top line
of your error message was never \def'ed. If you have
misspelled it (e.g., `\hobx'), type `I' and the correct
spelling (e.g., `I\hbox'). Otherwise just continue,
and I'll forget about whatever was undefined.

! Undefined control sequence.
l.1075 \E_{s \sim d_\pi}[\cL
                            (\pi(s), \pi^*(s))] \le \varepsilon + O\left(\fr...
The control sequence at the end of the top line
of your error message was never \def'ed. If you have
misspelled it (e.g., `\hobx'), type `I' and the correct
spelling (e.g., `I\hbox'). Otherwise just continue,
and I'll forget about whatever was undefined.

[35]
Missing character: There is no ◆ in font [lmroman12-bold]:mapping=tex-text;!
Missing character: There is no ✓ in font [lmroman12-bold]:mapping=tex-text;!
Missing character: There is no ◇ in font [lmroman12-bold]:mapping=tex-text;!
Missing character: There is no ◆ in font [lmroman12-bold]:mapping=tex-text;!
Missing character: There is no ◆ in font [lmroman12-bold]:mapping=tex-text;!
[36]
Missing character: There is no ◆ in font [lmroman12-bold]:mapping=tex-text;!
Missing character: There is no ◆ in font [lmroman12-bold]:mapping=tex-text;!
Missing character: There is no ◆ in font [lmroman12-bold]:mapping=tex-text;!
Missing character: There is no ◆ in font [lmroman12-bold]:mapping=tex-text;!
Missing character: There is no ◆ in font [lmroman12-bold]:mapping=tex-text;!
Missing character: There is no ◇ in font [lmroman12-bold]:mapping=tex-text;!
Missing character: There is no ✓ in font [lmroman12-bold]:mapping=tex-text;!

Overfull \hbox (18.95503pt too wide) in paragraph at lines 1112--1113
[]\TU/SimSun(0)/b/n/12 随 机 森 林\TU/lmr/m/n/12 : Best classical algorithm. Accide
ntally implements Theorem 1. []\TU/lmr/bx/sc/12 ✓VERIFIED[] 
 []

Missing character: There is no ◆ in font [lmroman12-bold]:mapping=tex-text;!

Overfull \hbox (25.37369pt too wide) in paragraph at lines 1113--1114
[]\TU/SimSun(0)/b/n/12 梯 度 提 升\TU/lmr/bx/sc/12 /XGBoost\TU/lmr/m/n/12 : Sequent
ial dependency breaks independence. []\TU/lmr/bx/sc/12 ◆UNDECLARED[] 
 []

Missing character: There is no ◇ in font [lmroman12-bold]:mapping=tex-text;!
Missing character: There is no ◆ in font [lmroman12-bold]:mapping=tex-text;!

Overfull \hbox (4.11903pt too wide) in paragraph at lines 1115--1116
[]\TU/SimSun(0)/b/n/12 深 度 多 层 感 知 机\TU/lmr/m/n/12 : Depth without purpose. The
orem 3 violation. []\TU/lmr/bx/sc/12 ◆UNDECLARED[] 
 []

Missing character: There is no ◇ in font [lmroman12-bold]:mapping=tex-text;!

Overfull \hbox (29.70305pt too wide) in paragraph at lines 1116--1117
[]\TU/SimSun(0)/b/n/12 卷 积 神 经 网 络\TU/lmr/m/n/12 : \TU/lmr/m/sc/12 Situs \TU/lm
r/m/n/12 without Lipschitz. Max-pooling destroys information. []\TU/lmr/bx/sc/1
2 ◇PARTIAL[] 
 []

Missing character: There is no ◆ in font [lmroman12-bold]:mapping=tex-text;!

Overfull \hbox (37.42302pt too wide) in paragraph at lines 1117--1118
[]\TU/lmr/bx/sc/12 RNN/LSTM\TU/lmr/m/n/12 : Forget gate = evidence destruction.
 \TU/lmr/m/sc/12 Spring \TU/lmr/m/n/12 violation. []\TU/lmr/bx/sc/12 ◆UNDECLARE
D[] 
 []

Missing character: There is no ✓ in font [lmroman12-bold]:mapping=tex-text;!
Missing character: There is no ✓ in font [lmroman12-bold]:mapping=tex-text;!
Missing character: There is no ✓ in font [lmroman12-bold]:mapping=tex-text;!
Missing character: There is no ✓ in font [lmroman12-bold]:mapping=tex-text;!

Overfull \hbox (14.3385pt too wide) in paragraph at lines 1121--1122
[]\TU/lmr/bx/sc/12 Transformer\TU/lmr/m/n/12 : Multi-head = $\OML/cmm/m/it/12 M
$ \TU/lmr/m/n/12 queries. KV cache = bounded \TU/lmr/m/sc/12 Spring\TU/lmr/m/n/
12 . []\TU/lmr/bx/sc/12 ✓VERIFIED[] 
 []

Missing character: There is no ◆ in font [lmroman12-bold]:mapping=tex-text;!
Missing character: There is no ◆ in font [lmroman12-bold]:mapping=tex-text;!
Missing character: There is no ◆ in font [lmroman12-bold]:mapping=tex-text;!
Missing character: There is no ◆ in font [lmroman12-bold]:mapping=tex-text;!
Missing character: There is no ◇ in font [lmroman12-bold]:mapping=tex-text;!
Missing character: There is no ◆ in font [lmroman12-bold]:mapping=tex-text;!
Missing character: There is no ◆ in font [lmroman12-bold]:mapping=tex-text;!
Missing character: There is no ◇ in font [lmroman12-bold]:mapping=tex-text;!
Missing character: There is no ◆ in font [lmroman12-bold]:mapping=tex-text;!
Missing character: There is no ◆ in font [lmroman12-bold]:mapping=tex-text;!

Overfull \hbox (1.6849pt too wide) in paragraph at lines 1131--1132
[]\TU/SimSun(0)/b/n/12 强 化 学 习\TU/lmr/m/n/12 : $\OML/cmm/m/it/12 M \OT1/cmr/m/n
/12 = 1$ \TU/lmr/m/n/12 reward. Reward hacking, sample inefficiency. []\TU/lmr/
bx/sc/12 ◆UNDECLARED[] 
 []

Missing character: There is no ◆ in font [lmroman12-bold]:mapping=tex-text;!

Overfull \hbox (6.5121pt too wide) in paragraph at lines 1132--1133
[]\TU/SimSun(0)/b/n/12 模 仿 学 习\TU/lmr/m/n/12 : $\OML/cmm/m/it/12 M \OT1/cmr/m/n
/12 = 1$ \TU/lmr/m/n/12 expert. Distribution shift silently compounds. []\TU/lm
r/bx/sc/12 ◆UNDECLARED[] 
 []

Missing character: There is no ◆ in font [lmroman12-bold]:mapping=tex-text;!

Underfull \hbox (badness 2005) in paragraph at lines 1143--1144
[]|\TU/lmr/bx/sc/12 Verdict (\TU/SimSun(0)/b/n/12 判
 []


Underfull \hbox (badness 2005) in paragraph at lines 1147--1148
[]|\TU/lmr/bx/sc/12 Verdict (\TU/SimSun(0)/b/n/12 判
 []


Underfull \hbox (badness 1178) in paragraph at lines 1156--1156
[]|\TU/lmr/m/n/12 Random Forest (\TU/SimSun(0)/m/n/12 随
 []

Missing character: There is no ✓ in font [lmroman12-bold]:mapping=tex-text;!

Overfull \hbox (1.09254pt too wide) in paragraph at lines 1156--1157
[]|\TU/lmr/bx/sc/12 ✓VERIFIED[]
 []

Missing character: There is no ✓ in font [lmroman12-bold]:mapping=tex-text;!

Overfull \hbox (1.09254pt too wide) in paragraph at lines 1157--1158
[]|\TU/lmr/bx/sc/12 ✓VERIFIED[]| 
 []


Underfull \hbox (badness 10000) in paragraph at lines 1158--1158
[]|\TU/lmr/m/n/12 Transformer (\TU/SimSun(0)/m/n/12 注 意
 []

Missing character: There is no ✓ in font [lmroman12-bold]:mapping=tex-text;!

Overfull \hbox (1.09254pt too wide) in paragraph at lines 1158--1159
[]|\TU/lmr/bx/sc/12 ✓VERIFIED[]| 
 []

Missing character: There is no ✓ in font [lmroman12-bold]:mapping=tex-text;!

Overfull \hbox (1.09254pt too wide) in paragraph at lines 1159--1160
[]|\TU/lmr/bx/sc/12 ✓VERIFIED[]| 
 []

Missing character: There is no ✓ in font [lmroman12-bold]:mapping=tex-text;!

Overfull \hbox (1.09254pt too wide) in paragraph at lines 1160--1161
[]|\TU/lmr/bx/sc/12 ✓VERIFIED[]| 
 []

Missing character: There is no ◇ in font [lmroman12-bold]:mapping=tex-text;!
Missing character: There is no ◇ in font [lmroman12-bold]:mapping=tex-text;!
Missing character: There is no ◇ in font [lmroman12-bold]:mapping=tex-text;!
Missing character: There is no ◇ in font [lmroman12-bold]:mapping=tex-text;!

Underfull \hbox (badness 10000) in paragraph at lines 1167--1167
[]|\TU/lmr/m/n/12 Transfer Learning
 []

Missing character: There is no ◇ in font [lmroman12-bold]:mapping=tex-text;!
Missing character: There is no ◆ in font [lmroman12-bold]:mapping=tex-text;!

Overfull \hbox (31.70454pt too wide) in paragraph at lines 1170--1171
[]|\TU/lmr/bx/sc/12 ◆UNDECLARED[]
 []

Missing character: There is no ◆ in font [lmroman12-bold]:mapping=tex-text;!

Overfull \hbox (31.70454pt too wide) in paragraph at lines 1171--1172
[]|\TU/lmr/bx/sc/12 ◆UNDECLARED[]
 []

Missing character: There is no ◆ in font [lmroman12-bold]:mapping=tex-text;!

Overfull \hbox (31.70454pt too wide) in paragraph at lines 1172--1173
[]|\TU/lmr/bx/sc/12 ◆UNDECLARED[]
 []

Missing character: There is no ◆ in font [lmroman12-bold]:mapping=tex-text;!

Overfull \hbox (31.70454pt too wide) in paragraph at lines 1173--1174
[]|\TU/lmr/bx/sc/12 ◆UNDECLARED[]
 []

Missing character: There is no ◆ in font [lmroman12-bold]:mapping=tex-text;!

Overfull \hbox (31.70454pt too wide) in paragraph at lines 1174--1175
[]|\TU/lmr/bx/sc/12 ◆UNDECLARED[]
 []


Underfull \hbox (badness 10000) in paragraph at lines 1174--1175
\TU/lmr/m/n/12 Depth w/o
 []


Underfull \hbox (badness 10000) in paragraph at lines 1175--1175
[]|\TU/lmr/m/n/12 SSL  |\TU/SimSun(0)/m/n/12 —| \TU/lmr/m/n/12 Contrastive
 []

Missing character: There is no ◆ in font [lmroman12-bold]:mapping=tex-text;!

Overfull \hbox (31.70454pt too wide) in paragraph at lines 1175--1176
[]|\TU/lmr/bx/sc/12 ◆UNDECLARED[]
 []

Missing character: There is no ◆ in font [lmroman12-bold]:mapping=tex-text;!

Overfull \hbox (31.70454pt too wide) in paragraph at lines 1176--1177
[]|\TU/lmr/bx/sc/12 ◆UNDECLARED[]
 []

Missing character: There is no ◆ in font [lmroman12-bold]:mapping=tex-text;!

Overfull \hbox (31.70454pt too wide) in paragraph at lines 1177--1178
[]|\TU/lmr/bx/sc/12 ◆UNDECLARED[]
 []

Missing character: There is no ◆ in font [lmroman12-bold]:mapping=tex-text;!

Overfull \hbox (31.70454pt too wide) in paragraph at lines 1178--1179
[]|\TU/lmr/bx/sc/12 ◆UNDECLARED[]
 []

Missing character: There is no ◆ in font [lmroman12-bold]:mapping=tex-text;!

Overfull \hbox (31.70454pt too wide) in paragraph at lines 1179--1180
[]|\TU/lmr/bx/sc/12 ◆UNDECLARED[]
 []

Missing character: There is no ◆ in font [lmroman12-bold]:mapping=tex-text;!

Overfull \hbox (31.70454pt too wide) in paragraph at lines 1180--1181
[]|\TU/lmr/bx/sc/12 ◆UNDECLARED[]
 []


Underfull \hbox (badness 6204) in paragraph at lines 1181--1181
[]|\TU/lmr/m/n/12 RNN/LSTM (\TU/SimSun(0)/m/n/12 循 环
 []

Missing character: There is no ◆ in font [lmroman12-bold]:mapping=tex-text;!

Overfull \hbox (31.70454pt too wide) in paragraph at lines 1181--1182
[]|\TU/lmr/bx/sc/12 ◆UNDECLARED[]
 []


Underfull \hbox (badness 3977) in paragraph at lines 1181--1182
\TU/lmr/m/n/12 Memory De-
 []

Missing character: There is no ◆ in font [lmroman12-bold]:mapping=tex-text;!

Overfull \hbox (31.70454pt too wide) in paragraph at lines 1182--1183
[]|\TU/lmr/bx/sc/12 ◆UNDECLARED[]
 []

Missing character: There is no ◆ in font [lmroman12-bold]:mapping=tex-text;!

Overfull \hbox (31.70454pt too wide) in paragraph at lines 1183--1184
[]|\TU/lmr/bx/sc/12 ◆UNDECLARED[]
 []


Underfull \hbox (badness 2134) in paragraph at lines 1184--1184
[]|\TU/lmr/m/n/12 GAN (\TU/SimSun(0)/m/n/12 生 成 对 抗 网
 []

Missing character: There is no ◆ in font [lmroman12-bold]:mapping=tex-text;!

Overfull \hbox (31.70454pt too wide) in paragraph at lines 1184--1185
[]|\TU/lmr/bx/sc/12 ◆UNDECLARED[]
 []


Underfull \hbox (badness 10000) in paragraph at lines 1184--1185
\TU/lmr/m/n/12 M=1 Dis-
 []

Missing character: There is no ◆ in font [lmroman12-bold]:mapping=tex-text;!

Overfull \hbox (31.70454pt too wide) in paragraph at lines 1185--1186
[]|\TU/lmr/bx/sc/12 ◆UNDECLARED[]
 []


Underfull \hbox (badness 10000) in paragraph at lines 1186--1186
[]|\TU/lmr/m/n/12 Imitation Learning
 []

Missing character: There is no ◆ in font [lmroman12-bold]:mapping=tex-text;!

Overfull \hbox (31.70454pt too wide) in paragraph at lines 1186--1187
[]|\TU/lmr/bx/sc/12 ◆UNDECLARED[]
 []

[37]
ignored error: Infinite glue shrinkage found in box being split [38]
ignored error: Infinite glue shrinkage found in box being split [39]
Missing character: There is no ✓ in font [lmroman12-bold]:mapping=tex-text;!
Missing character: There is no ◇ in font [lmroman12-bold]:mapping=tex-text;!
Missing character: There is no ◆ in font [lmroman12-bold]:mapping=tex-text;!
[40]
Overfull \hbox (32.64342pt too wide) in paragraph at lines 1209--1210
[]\TU/lmr/bx/sc/12 Self-Audit (\TU/SimSun(0)/b/n/12 自 审 计\TU/lmr/bx/sc/12 , The
orem 2): \TU/lmr/m/n/12 VAE (encoder evaluates decoder), SSL-reconstruction
 []


Overfull \hbox (2.39223pt too wide) in paragraph at lines 1211--1212
\TU/lmr/m/n/12 Means (K chosen heuristically), Naive Bayes (independence assume
d, never checked),
 []

Missing character: There is no ✓ in font [lmroman12-bold]:mapping=tex-text;!
[41]
Missing character: There is no ◆ in font [lmroman8-bold]:mapping=tex-text;!

Overfull \hbox (31.5585pt too wide) in paragraph at lines 1258--1258
[]|\TU/lmr/bx/n/8 ◆UNDECLARED[]| 
 []

Missing character: There is no ◆ in font [lmroman8-bold]:mapping=tex-text;!

Overfull \hbox (31.5585pt too wide) in paragraph at lines 1259--1259
[]|\TU/lmr/bx/n/8 ◆UNDECLARED[]| 
 []

Missing character: There is no ◆ in font [lmroman8-bold]:mapping=tex-text;!

Overfull \hbox (31.5585pt too wide) in paragraph at lines 1260--1260
[]|\TU/lmr/bx/n/8 ◆UNDECLARED[]| 
 []


Underfull \hbox (badness 1067) in paragraph at lines 1260--1261
[]|\TU/lmr/m/n/8 Unverified independence assumption on
 []

Missing character: There is no ◆ in font [lmroman8-bold]:mapping=tex-text;!

Overfull \hbox (31.5585pt too wide) in paragraph at lines 1261--1261
[]|\TU/lmr/bx/n/8 ◆UNDECLARED[]| 
 []

Missing character: There is no ◆ in font [lmroman8-bold]:mapping=tex-text;!

Overfull \hbox (31.5585pt too wide) in paragraph at lines 1262--1262
[]|\TU/lmr/bx/n/8 ◆UNDECLARED[]| 
 []

Missing character: There is no ◆ in font [lmroman8-bold]:mapping=tex-text;!

Overfull \hbox (31.5585pt too wide) in paragraph at lines 1263--1263
[]|\TU/lmr/bx/n/8 ◆UNDECLARED[]| 
 []

Missing character: There is no ◇ in font [lmroman8-bold]:mapping=tex-text;!

Overfull \hbox (4.3825pt too wide) in paragraph at lines 1264--1264
[]|\TU/lmr/bx/n/8 ◇PARTIAL[]| 
 []

Missing character: There is no ✓ in font [lmroman8-bold]:mapping=tex-text;!

Overfull \hbox (9.4385pt too wide) in paragraph at lines 1265--1265
[]|\TU/lmr/bx/n/8 ✓VERIFIED[]| 
 []


Underfull \hbox (badness 1502) in paragraph at lines 1265--1266
[]|\TU/lmr/m/n/8 Best classical; lacks explicit Cercis +
 []


Underfull \hbox (badness 6575) in paragraph at lines 1266--1266
[]|\TU/lmr/m/n/8 XGBoost/Boosting (\TU/SimSun(0)/m/n/8 梯
 []

Missing character: There is no ◆ in font [lmroman8-bold]:mapping=tex-text;!

Overfull \hbox (31.5585pt too wide) in paragraph at lines 1266--1266
[]|\TU/lmr/bx/n/8 ◆UNDECLARED[]| 
 []

Missing character: There is no ◇ in font [lmroman8-bold]:mapping=tex-text;!

Overfull \hbox (4.3825pt too wide) in paragraph at lines 1267--1267
[]|\TU/lmr/bx/n/8 ◇PARTIAL[]| 
 []

Missing character: There is no ◆ in font [lmroman8-bold]:mapping=tex-text;!

Overfull \hbox (31.5585pt too wide) in paragraph at lines 1268--1268
[]|\TU/lmr/bx/n/8 ◆UNDECLARED[]| 
 []

Missing character: There is no ◇ in font [lmroman8-bold]:mapping=tex-text;!

Overfull \hbox (4.3825pt too wide) in paragraph at lines 1269--1269
[]|\TU/lmr/bx/n/8 ◇PARTIAL[]| 
 []

Missing character: There is no ◆ in font [lmroman8-bold]:mapping=tex-text;!

Overfull \hbox (31.5585pt too wide) in paragraph at lines 1270--1270
[]|\TU/lmr/bx/n/8 ◆UNDECLARED[]| 
 []

Missing character: There is no ✓ in font [lmroman8-bold]:mapping=tex-text;!

Overfull \hbox (9.4385pt too wide) in paragraph at lines 1271--1271
[]|\TU/lmr/bx/n/8 ✓VERIFIED[]| 
 []

Missing character: There is no ✓ in font [lmroman8-bold]:mapping=tex-text;!

Overfull \hbox (9.4385pt too wide) in paragraph at lines 1272--1272
[]|\TU/lmr/bx/n/8 ✓VERIFIED[]| 
 []

Missing character: There is no ✓ in font [lmroman8-bold]:mapping=tex-text;!

Overfull \hbox (9.4385pt too wide) in paragraph at lines 1273--1273
[]|\TU/lmr/bx/n/8 ✓VERIFIED[]| 
 []

Missing character: There is no ✓ in font [lmroman8-bold]:mapping=tex-text;!

Overfull \hbox (9.4385pt too wide) in paragraph at lines 1274--1274
[]|\TU/lmr/bx/n/8 ✓VERIFIED[]| 
 []


Underfull \hbox (badness 3690) in paragraph at lines 1274--1275
[]|\TU/lmr/m/n/8 Multi-head = M queries; KV cache
 []

Missing character: There is no ◆ in font [lmroman8-bold]:mapping=tex-text;!

Overfull \hbox (31.5585pt too wide) in paragraph at lines 1275--1275
[]|\TU/lmr/bx/n/8 ◆UNDECLARED[]| 
 []

Missing character: There is no ◆ in font [lmroman8-bold]:mapping=tex-text;!

Overfull \hbox (31.5585pt too wide) in paragraph at lines 1276--1276
[]|\TU/lmr/bx/n/8 ◆UNDECLARED[]| 
 []

Missing character: There is no ◆ in font [lmroman8-bold]:mapping=tex-text;!

Overfull \hbox (31.5585pt too wide) in paragraph at lines 1277--1277
[]|\TU/lmr/bx/n/8 ◆UNDECLARED[]| 
 []

Missing character: There is no ◆ in font [lmroman8-bold]:mapping=tex-text;!

Overfull \hbox (31.5585pt too wide) in paragraph at lines 1278--1278
[]|\TU/lmr/bx/n/8 ◆UNDECLARED[]| 
 []


Underfull \hbox (badness 1838) in paragraph at lines 1278--1279
[]|\TU/lmr/m/n/8 Encoder-Decoder collusion = self-audit
 []

Missing character: There is no ◇ in font [lmroman8-bold]:mapping=tex-text;!

Overfull \hbox (4.3825pt too wide) in paragraph at lines 1279--1279
[]|\TU/lmr/bx/n/8 ◇PARTIAL[]| 
 []

Missing character: There is no ◆ in font [lmroman8-bold]:mapping=tex-text;!

Overfull \hbox (31.5585pt too wide) in paragraph at lines 1280--1280
[]|\TU/lmr/bx/n/8 ◆UNDECLARED[]| 
 []


Underfull \hbox (badness 10000) in paragraph at lines 1281--1281
[]|\TU/lmr/m/n/8 SSL  |\TU/SimSun(0)/m/n/8 —| \TU/lmr/m/n/8 Reconstruction
 []

Missing character: There is no ◆ in font [lmroman8-bold]:mapping=tex-text;!

Overfull \hbox (31.5585pt too wide) in paragraph at lines 1281--1281
[]|\TU/lmr/bx/n/8 ◆UNDECLARED[]| 
 []

Missing character: There is no ◇ in font [lmroman8-bold]:mapping=tex-text;!

Overfull \hbox (4.3825pt too wide) in paragraph at lines 1282--1282
[]|\TU/lmr/bx/n/8 ◇PARTIAL[]| 
 []

Missing character: There is no ◆ in font [lmroman8-bold]:mapping=tex-text;!

Overfull \hbox (31.5585pt too wide) in paragraph at lines 1283--1283
[]|\TU/lmr/bx/n/8 ◆UNDECLARED[]| 
 []

Missing character: There is no ◆ in font [lmroman8-bold]:mapping=tex-text;!

Overfull \hbox (31.5585pt too wide) in paragraph at lines 1284--1284
[]|\TU/lmr/bx/n/8 ◆UNDECLARED[]| 
 []

Missing character: There is no ◆ in font [lmroman8-bold]:mapping=tex-text;!

Overfull \hbox (31.5585pt too wide) in paragraph at lines 1285--1285
[]|\TU/lmr/bx/n/8 ◆UNDECLARED[]| 
 []

Missing character: There is no ◆ in font [lmroman8-bold]:mapping=tex-text;!

Overfull \hbox (31.5585pt too wide) in paragraph at lines 1286--1286
[]|\TU/lmr/bx/n/8 ◆UNDECLARED[]| 
 []


LaTeX Warning: `h' float specifier changed to `ht'.

[42]
Overfull \hbox (127.106pt too wide) in paragraph at lines 1316--1317
\TU/lmr/m/n/12 perts with verifiable competence scores $\OML/cmm/m/it/12 ![]$\T
U/lmr/m/n/12 . The consensus $[] \OT1/cmr/m/n/12 = []([]\OML/cmm/m/it/12 ; [] ;
 []\OT1/cmr/m/n/12 ; \OML/cmm/m/it/12 ![]; [] ; ![]\OT1/cmr/m/n/12 )$
 []


Overfull \hbox (46.04251pt too wide) in paragraph at lines 1318--1319
\TU/lmr/m/n/12 tion, outcome, and audit result stored permanently. $\OML/cmm/m/
it/12 M[] \OT1/cmr/m/n/12 = \OML/cmm/m/it/12 M[] \OMS/cmsy/m/n/12 [ f\OT1/cmr/m
/n/12 (\OML/cmm/m/it/12 x[]; []; y[]; [][]\OT1/cmr/m/n/12 )\OMS/cmsy/m/n/12 g$\
TU/lmr/m/n/12 .
 []

[43]
Overfull \hbox (252.33667pt too wide) in paragraph at lines 1324--1325
[]\TU/lmr/bx/sc/12 Bind with cryptographic hash (\TU/SimSun(0)/b/n/12 共 生 绑 定\T
U/lmr/bx/sc/12 ). \TU/lmr/m/n/12 SHA-256 hash $\OML/cmm/m/it/12 H \OT1/cmr/m/n/
12 = []([]\OMS/cmsy/m/n/12 k[]k[]k\OML/cmm/m/it/12 M\OMS/cmsy/m/n/12 k[]\OT1/cm
r/m/n/12 )$\TU/lmr/m/n/12 .
 []


Overfull \hbox (12.69646pt too wide) in paragraph at lines 1335--1336
[]\TU/lmr/m/n/12 Company A releases Model-A with declared $\OML/cmm/m/it/12 M \
OT1/cmr/m/n/12 = 50$\TU/lmr/m/n/12 , measured $[] \OT1/cmr/m/n/12 = 0\OML/cmm/m
/it/12 :\OT1/cmr/m/n/12 15$\TU/lmr/m/n/12 , $[]\OT1/cmr/m/n/12 (\OML/cmm/m/it/1
2 A\OT1/cmr/m/n/12 ) =
 []


Overfull \hbox (8.49394pt too wide) in paragraph at lines 1349--1350
[]\TU/lmr/bx/sc/12 Falsification triggers permanent record. \TU/lmr/m/sc/12 SCX
\TU/lmr/m/n/12 -certified $\OML/cmm/m/it/12 M$ \TU/lmr/m/n/12 with $\OML/cmm/m/
it/12 M[] < M[]$
 []

[44]
Overfull \hbox (1.45781pt too wide) in paragraph at lines 1374--1374
[]\TU/lmr/bx/sc/14.4 Appendix: Quick Reference  |\TU/SimSun(0)/b/n/14.4 —| \TU/
lmr/bx/sc/14.4 SCX Audit of All Algorithms
 []


Overfull \hbox (9.11678pt too wide) in paragraph at lines 1380--1380
[]|\TU/lmr/bx/sc/12 Verdict| 
 []


LaTeX Font Warning: Font shape `U/stmry/b/n' undefined
(Font)              using `U/stmry/m/n' instead on input line 1380.


Overfull \hbox (9.11678pt too wide) in paragraph at lines 1384--1384
[]|\TU/lmr/bx/sc/12 Verdict| 
 []

Missing character: There is no ◆ in font [lmroman12-bold]:mapping=tex-text;!

Overfull \hbox (68.6932pt too wide) in paragraph at lines 1392--1392
[]|\TU/lmr/bx/sc/12 ◆UNDECLARED[]| 
 []


Underfull \hbox (badness 1221) in paragraph at lines 1393--1393
[]|\TU/lmr/m/n/12 k-Nearest Neigh-
 []

Missing character: There is no ◆ in font [lmroman12-bold]:mapping=tex-text;!

Overfull \hbox (68.6932pt too wide) in paragraph at lines 1393--1393
[]|\TU/lmr/bx/sc/12 ◆UNDECLARED[]| 
 []

Missing character: There is no ◆ in font [lmroman12-bold]:mapping=tex-text;!

Overfull \hbox (68.6932pt too wide) in paragraph at lines 1394--1394
[]|\TU/lmr/bx/sc/12 ◆UNDECLARED[]| 
 []

Missing character: There is no ◆ in font [lmroman12-bold]:mapping=tex-text;!

Overfull \hbox (68.6932pt too wide) in paragraph at lines 1395--1395
[]|\TU/lmr/bx/sc/12 ◆UNDECLARED[]| 
 []


Underfull \hbox (badness 10000) in paragraph at lines 1395--1395
[]|\TU/lmr/m/n/12 Thm 1,
 []


Underfull \hbox (badness 6876) in paragraph at lines 1395--1396
[]|\TU/lmr/m/n/12 Multi-tree con-
 []

Missing character: There is no ◆ in font [lmroman12-bold]:mapping=tex-text;!

Overfull \hbox (68.6932pt too wide) in paragraph at lines 1396--1396
[]|\TU/lmr/bx/sc/12 ◆UNDECLARED[]| 
 []

Missing character: There is no ◆ in font [lmroman12-bold]:mapping=tex-text;!

Overfull \hbox (68.6932pt too wide) in paragraph at lines 1397--1397
[]|\TU/lmr/bx/sc/12 ◆UNDECLARED[]| 
 []


Underfull \hbox (badness 7186) in paragraph at lines 1397--1398
[]|\TU/lmr/m/sc/12 Cercis \TU/lmr/m/n/12 cluster
 []

Missing character: There is no ◇ in font [lmroman12-bold]:mapping=tex-text;!

Overfull \hbox (31.18121pt too wide) in paragraph at lines 1398--1398
[]|\TU/lmr/bx/sc/12 ◇PARTIAL[]| 
 []


Overfull \hbox (0.84671pt too wide) in paragraph at lines 1398--1398
[]|$\OML/cmm/m/it/12 B\OT1/cmr/m/n/12 /(1 +
 []


Underfull \hbox (badness 10000) in paragraph at lines 1398--1398
[]| |\TU/SimSun(0)/m/n/12 —| \TU/lmr/m/n/12 (unde-
 []

Missing character: There is no ✓ in font [lmroman12-bold]:mapping=tex-text;!

Overfull \hbox (38.0812pt too wide) in paragraph at lines 1399--1399
[]|\TU/lmr/bx/sc/12 ✓VERIFIED[]| 
 []


Overfull \hbox (0.84671pt too wide) in paragraph at lines 1399--1399
[]|$\OML/cmm/m/it/12 B\OT1/cmr/m/n/12 /(1 +
 []


Underfull \hbox (badness 10000) in paragraph at lines 1399--1399
[]| |\TU/SimSun(0)/m/n/12 —| \TU/lmr/m/n/12 (unde-
 []


Underfull \hbox (badness 10000) in paragraph at lines 1399--1400
[]|\TU/lmr/m/sc/12 Cercis \TU/lmr/m/n/12 +
 []

Missing character: There is no ◆ in font [lmroman12-bold]:mapping=tex-text;!

Overfull \hbox (68.6932pt too wide) in paragraph at lines 1400--1400
[]|\TU/lmr/bx/sc/12 ◆UNDECLARED[]| 
 []


Underfull \hbox (badness 10000) in paragraph at lines 1400--1400
[]|\TU/lmr/m/n/12 A1 (se-
 []

Missing character: There is no ◇ in font [lmroman12-bold]:mapping=tex-text;!

Overfull \hbox (31.18121pt too wide) in paragraph at lines 1401--1401
[]|\TU/lmr/bx/sc/12 ◇PARTIAL[]| 
 []


Underfull \hbox (badness 10000) in paragraph at lines 1401--1401
[]|$\OML/cmm/m/it/12 M$
 []


Overfull \hbox (0.52478pt too wide) in paragraph at lines 1401--1401
\TU/lmr/m/n/12 (base),
 []


Underfull \hbox (badness 10000) in paragraph at lines 1401--1401
\TU/lmr/m/n/12 1
 []


Underfull \hbox (badness 10000) in paragraph at lines 1401--1401
[]|\TU/lmr/m/n/12 Thm 1
 []

Missing character: There is no ◆ in font [lmroman12-bold]:mapping=tex-text;!

Overfull \hbox (68.6932pt too wide) in paragraph at lines 1402--1402
[]|\TU/lmr/bx/sc/12 ◆UNDECLARED[]| 
 []

Missing character: There is no ◇ in font [lmroman12-bold]:mapping=tex-text;!

Overfull \hbox (31.18121pt too wide) in paragraph at lines 1403--1403
[]|\TU/lmr/bx/sc/12 ◇PARTIAL[]| 
 []

Missing character: There is no ◆ in font [lmroman12-bold]:mapping=tex-text;!

Overfull \hbox (68.6932pt too wide) in paragraph at lines 1404--1404
[]|\TU/lmr/bx/sc/12 ◆UNDECLARED[]| 
 []


Underfull \hbox (badness 2903) in paragraph at lines 1404--1404
[]|\TU/lmr/m/n/12 1 (se-
 []


Underfull \hbox (badness 10000) in paragraph at lines 1404--1404
\TU/lmr/m/n/12 quen-
 []


Underfull \hbox (badness 10000) in paragraph at lines 1404--1405
[]|\TU/lmr/m/n/12 Permanent
 []

Missing character: There is no ✓ in font [lmroman12-bold]:mapping=tex-text;!

Overfull \hbox (38.0812pt too wide) in paragraph at lines 1405--1405
[]|\TU/lmr/bx/sc/12 ✓VERIFIED[]| 
 []


Underfull \hbox (badness 10000) in paragraph at lines 1405--1405
\TU/lmr/m/n/12 sepa-
 []


Underfull \hbox (badness 10000) in paragraph at lines 1405--1405
[]| |\TU/SimSun(0)/m/n/12 —| \TU/lmr/m/n/12 (unde-
 []

Missing character: There is no ✓ in font [lmroman12-bold]:mapping=tex-text;!

Overfull \hbox (38.0812pt too wide) in paragraph at lines 1406--1406
[]|\TU/lmr/bx/sc/12 ✓VERIFIED[]| 
 []

Missing character: There is no ✓ in font [lmroman12-bold]:mapping=tex-text;!

Overfull \hbox (38.0812pt too wide) in paragraph at lines 1407--1407
[]|\TU/lmr/bx/sc/12 ✓VERIFIED[]| 
 []


Underfull \hbox (badness 10000) in paragraph at lines 1407--1407
[]| |\TU/SimSun(0)/m/n/12 —| \TU/lmr/m/n/12 (unde-
 []

Missing character: There is no ✓ in font [lmroman12-bold]:mapping=tex-text;!

Overfull \hbox (38.0812pt too wide) in paragraph at lines 1408--1408
[]|\TU/lmr/bx/sc/12 ✓VERIFIED[]| 
 []


Underfull \hbox (badness 10000) in paragraph at lines 1408--1408
[]|\TU/lmr/m/n/12 Spring-1
 []


Underfull \hbox (badness 10000) in paragraph at lines 1408--1408
\TU/lmr/m/n/12 (bounded
 []


Underfull \hbox (badness 10000) in paragraph at lines 1408--1409
[]|\TU/lmr/m/n/12 Unbounded
 []

Missing character: There is no ◆ in font [lmroman12-bold]:mapping=tex-text;!

Overfull \hbox (68.6932pt too wide) in paragraph at lines 1409--1409
[]|\TU/lmr/bx/sc/12 ◆UNDECLARED[]| 
 []


Underfull \hbox (badness 10000) in paragraph at lines 1409--1409
\TU/lmr/m/n/12 crimi-
 []

Missing character: There is no ◆ in font [lmroman12-bold]:mapping=tex-text;!

Overfull \hbox (68.6932pt too wide) in paragraph at lines 1410--1410
[]|\TU/lmr/bx/sc/12 ◆UNDECLARED[]| 
 []

Missing character: There is no ◇ in font [lmroman12-bold]:mapping=tex-text;!

Overfull \hbox (31.18121pt too wide) in paragraph at lines 1411--1411
[]|\TU/lmr/bx/sc/12 ◇PARTIAL[]| 
 []


Underfull \hbox (badness 7221) in paragraph at lines 1411--1411
[]|\TU/lmr/m/n/12 A1 (steps
 []


Underfull \hbox (badness 10000) in paragraph at lines 1411--1412
[]|\TU/lmr/m/n/12 Independent
 []

Missing character: There is no ◆ in font [lmroman12-bold]:mapping=tex-text;!

Overfull \hbox (68.6932pt too wide) in paragraph at lines 1412--1412
[]|\TU/lmr/bx/sc/12 ◆UNDECLARED[]| 
 []


Overfull \hbox (2.1731pt too wide) in paragraph at lines 1412--1412
[]|$\OML/cmm/m/it/12 K\OT1/cmr/m/n/12 /(1 +
 []


Underfull \hbox (badness 10000) in paragraph at lines 1412--1412
[]|\TU/lmr/m/n/12 Thm 2
 []


Underfull \hbox (badness 10000) in paragraph at lines 1412--1413
[]|\TU/lmr/m/n/12 Augmentation
 []


Underfull \hbox (badness 1997) in paragraph at lines 1413--1413
[]|\TU/lmr/m/n/12 SSL (reconstruc-
 []

Missing character: There is no ◆ in font [lmroman12-bold]:mapping=tex-text;!

Overfull \hbox (68.6932pt too wide) in paragraph at lines 1413--1413
[]|\TU/lmr/bx/sc/12 ◆UNDECLARED[]| 
 []

Missing character: There is no ◇ in font [lmroman12-bold]:mapping=tex-text;!

Overfull \hbox (31.18121pt too wide) in paragraph at lines 1414--1414
[]|\TU/lmr/bx/sc/12 ◇PARTIAL[]| 
 []

Missing character: There is no ◆ in font [lmroman12-bold]:mapping=tex-text;!

Overfull \hbox (68.6932pt too wide) in paragraph at lines 1415--1415
[]|\TU/lmr/bx/sc/12 ◆UNDECLARED[]| 
 []


Underfull \hbox (badness 10000) in paragraph at lines 1415--1415
[]|$\OMS/cmsy/m/n/12 ^^T
 []


Overfull \hbox (2.1731pt too wide) in paragraph at lines 1415--1415
\OML/cmm/m/it/12 K\OT1/cmr/m/n/12 /(1 +
 []


Underfull \hbox (badness 10000) in paragraph at lines 1415--1415
[]|\TU/lmr/m/n/12 Thm 1
 []


Underfull \hbox (badness 10000) in paragraph at lines 1415--1415
\TU/lmr/m/n/12 (hard
 []

Missing character: There is no ◆ in font [lmroman12-bold]:mapping=tex-text;!

Overfull \hbox (68.6932pt too wide) in paragraph at lines 1416--1416
[]|\TU/lmr/bx/sc/12 ◆UNDECLARED[]| 
 []


Underfull \hbox (badness 2990) in paragraph at lines 1416--1416
[]|\TU/lmr/m/n/12 1 (re-
 []


Underfull \hbox (badness 2460) in paragraph at lines 1417--1417
[]|\TU/lmr/m/n/12 Imitation Learn-
 []

Missing character: There is no ◆ in font [lmroman12-bold]:mapping=tex-text;!

Overfull \hbox (68.6932pt too wide) in paragraph at lines 1417--1417
[]|\TU/lmr/bx/sc/12 ◆UNDECLARED[]| 
 []


Underfull \hbox (badness 1168) in paragraph at lines 1417--1417
[]|\TU/lmr/m/n/12 1 (ex-
 []

Missing character: There is no ◆ in font [lmroman12-bold]:mapping=tex-text;!

Overfull \hbox (68.6932pt too wide) in paragraph at lines 1418--1418
[]|\TU/lmr/bx/sc/12 ◆UNDECLARED[]| 
 []


Underfull \hbox (badness 10000) in paragraph at lines 1418--1419
[]|\TU/lmr/m/n/12 External feed-
 []


Underfull \hbox (badness 1097) in paragraph at lines 1420--1420
\TU/lmr/m/n/12 = effective multiplicity. “Violates” = which theo-
 []

[45]
ignored error: Infinite glue shrinkage found in box being split [46] [47]
[48] [49] [50] [51]
(G:\Xiaogan_Supercomputing_data\SCX\papers\scx_ml_audit\main.aux)
 ***********
LaTeX2e <2025-11-01>
L3 programming layer <2022/07/14>
 ***********


LaTeX Font Warning: Some font shapes were not available, defaults substituted.

Package rerunfilecheck Info: File `main.out' has not changed.
(rerunfilecheck)             Checksum: AEC12B5683599F543BC8B7BF1AA3333F;16009.
 ) 
Here is how much of TeX's memory you used:
 18765 strings out of 402986
 397569 string characters out of 5448503
 872125 words of memory out of 5000000
 47176 multiletter control sequences out of 15000+600000
 648602 words of font info for 169 fonts, out of 8000000 for 9000
 1348 hyphenation exceptions out of 8191
 93i,15n,111p,1378b,625s stack positions out of 10000i,1000n,20000p,200000b,200000s

Output written on G:\Xiaogan_Supercomputing_data\SCX\papers\scx_ml_audit\main.p
df (51 pages).
