\BOOKMARK [1][-]{section.1}{\376\377\000P\000r\000o\000l\000o\000g\000u\000e\000\040\040\024\000\040\000T\000h\000e\000\040\000I\000n\000d\000i\000c\000t\000m\000e\000n\000t\000\040\136\217\212\000\040\024\040\024\215\167\213\311\116\146}{}% 1
\BOOKMARK [2][-]{subsection.1.1}{\376\377\000T\000h\000e\000\040\0007\0000\000-\000Y\000e\000a\000r\000\040\000A\000u\000d\000i\000t\000\040\000G\000a\000p\000\040\116\003\123\101\136\164\166\204\133\241\213\241\172\172\166\175}{section.1}% 2
\BOOKMARK [1][-]{section.2}{\376\377\000T\000h\000e\000\040\000A\000u\000d\000i\000t\000\040\000F\000r\000a\000m\000e\000w\000o\000r\000k\000\040\133\241\213\241\150\106\147\266}{}% 3
\BOOKMARK [2][-]{subsection.2.1}{\376\377\000S\000C\000X\000\040\000C\000o\000r\000e\000\040\000A\000s\000s\000u\000m\000p\000t\000i\000o\000n\000s\000\040\000\050\000A\0001\040\023\000A\0005\000\051\000\040\000S\000C\000X\150\070\137\303\120\107\213\276}{section.2}% 4
\BOOKMARK [2][-]{subsection.2.2}{\376\377\000S\000C\000X\000\040\000T\000h\000e\000o\000r\000e\000m\000s\000\040\000a\000s\000\040\000A\000u\000d\000i\000t\000\040\000C\000r\000i\000t\000e\000r\000i\000a\000\040\000S\000C\000X\133\232\164\006\117\134\116\072\133\241\213\241\150\007\121\306}{section.2}% 5
\BOOKMARK [2][-]{subsection.2.3}{\376\377\000T\000h\000e\000\040\000F\000i\000v\000e\000\040\000S\000C\000X\000\040\000T\000h\000e\000o\000r\000e\000m\000s\000\040\040\024\000\040\000F\000o\000r\000m\000a\000l\000\040\000S\000t\000a\000t\000e\000m\000e\000n\000t\000\040\116\224\131\047\133\232\164\006\137\142\137\017\123\026\226\110\217\360}{section.2}% 6
\BOOKMARK [2][-]{subsection.2.4}{\376\377\000T\000h\000e\000\040\000C\000e\000r\000c\000i\000s\000\040\000S\000c\000o\000r\000e\000\040\040\024\000\040\000Q\000u\000a\000n\000t\000i\000f\000y\000i\000n\000g\000\040\000A\000l\000g\000o\000r\000i\000t\000h\000m\000i\000c\000\040\000Q\000u\000a\000l\000i\000t\000y\000\040\000C\000e\000r\000c\000i\000s\213\304\122\006}{section.2}% 7
\BOOKMARK [2][-]{subsection.2.5}{\376\377\000A\000u\000d\000i\000t\000\040\000V\000e\000r\000d\000i\000c\000t\000\040\000C\000a\000t\000e\000g\000o\000r\000i\000e\000s\000\040\133\241\213\241\122\044\121\263\122\006\174\173}{section.2}% 8
\BOOKMARK [1][-]{section.3}{\376\377\000P\000a\000r\000t\000\040\000I\000:\000\040\000C\000l\000a\000s\000s\000i\000c\000a\000l\000\040\000M\000L\000\040\000\050\000p\000r\000e\000-\0002\0000\0001\0002\000\051\000\040\040\024\000\040\000T\000h\000e\000\040\000A\000g\000e\000\040\000o\000f\000\040\000I\000n\000n\000o\000c\000e\000n\000c\000e}{}% 9
\BOOKMARK [1][-]{section.4}{\376\377\173\054\116\000\220\350\122\006\377\032\176\317\121\170\147\072\126\150\133\146\116\140\040\024\040\024\145\340\167\345\145\366\116\343}{}% 10
\BOOKMARK [2][-]{subsection.4.1}{\376\377\0001\000.\000\040\000L\000i\000n\000e\000a\000r\000\040\000/\000\040\000L\000o\000g\000i\000s\000t\000i\000c\000\040\000R\000e\000g\000r\000e\000s\000s\000i\000o\000n\000\040\176\277\140\047\126\336\137\122\000/\220\073\217\221\126\336\137\122}{section.4}% 11
\BOOKMARK [2][-]{subsection.4.2}{\376\377\0002\000.\000\040\000k\000-\000N\000e\000a\000r\000e\000s\000t\000\040\000N\000e\000i\000g\000h\000b\000o\000r\000s\000\040\000\050\000k\000-\000N\000N\000\051\000\040\000k\217\321\220\273}{section.4}% 12
\BOOKMARK [2][-]{subsection.4.3}{\376\377\0003\000.\000\040\000N\000a\000i\000v\000e\000\040\000B\000a\000y\000e\000s\000\040\147\064\175\040\215\035\123\366\145\257}{section.4}% 13
\BOOKMARK [2][-]{subsection.4.4}{\376\377\0004\000.\000\040\000D\000e\000c\000i\000s\000i\000o\000n\000\040\000T\000r\000e\000e\000s\000\040\121\263\173\126\150\021}{section.4}% 14
\BOOKMARK [2][-]{subsection.4.5}{\376\377\0005\000.\000\040\000S\000V\000M\000\040\000+\000\040\000K\000e\000r\000n\000e\000l\000\040\000M\000e\000t\000h\000o\000d\000s\000\040\145\057\143\001\124\021\221\317\147\072\116\016\150\070\145\271\154\325}{section.4}% 15
\BOOKMARK [2][-]{subsection.4.6}{\376\377\0006\000.\000\040\000k\000-\000M\000e\000a\000n\000s\000\040\000C\000l\000u\000s\000t\000e\000r\000i\000n\000g\000\040\000K\127\107\120\074\200\132\174\173}{section.4}% 16
\BOOKMARK [1][-]{section.5}{\376\377\000P\000a\000r\000t\000\040\000I\000I\000:\000\040\000E\000n\000s\000e\000m\000b\000l\000e\000\040\000E\000r\000a\000\040\000\050\0002\0000\0000\0000\000s\000\051\000\040\040\024\000\040\000T\000h\000e\000\040\000U\000n\000c\000o\000n\000s\000c\000i\000o\000u\000s\000\040\000T\000h\000e\000o\000r\000e\000m\000\040\0001}{}% 17
\BOOKMARK [1][-]{section.6}{\376\377\173\054\116\214\220\350\122\006\377\032\226\306\142\020\145\366\116\343\040\024\040\024\145\340\141\017\213\306\166\204\133\232\164\006\0001}{}% 18
\BOOKMARK [2][-]{subsection.6.1}{\376\377\0007\000.\000\040\000B\000a\000g\000g\000i\000n\000g\000\040\000\050\000B\000o\000o\000t\000s\000t\000r\000a\000p\000\040\000A\000g\000g\000r\000e\000g\000a\000t\000i\000n\000g\000\051\000\040\210\305\210\213\154\325}{section.6}% 19
\BOOKMARK [2][-]{subsection.6.2}{\376\377\0008\000.\000\040\000R\000a\000n\000d\000o\000m\000\040\000F\000o\000r\000e\000s\000t\000\040\226\217\147\072\150\356\147\227}{section.6}% 20
\BOOKMARK [2][-]{subsection.6.3}{\376\377\0009\000.\000\040\000B\000o\000o\000s\000t\000i\000n\000g\000\040\143\320\123\107\154\325\040\024\040\024\000A\000d\000a\000B\000o\000o\000s\000t\000/\000G\000B\000D\000T\000/\000X\000G\000B\000o\000o\000s\000t\000/\000L\000i\000g\000h\000t\000G\000B\000M}{section.6}% 21
\BOOKMARK [2][-]{subsection.6.4}{\376\377\0001\0000\000.\000\040\000S\000t\000a\000c\000k\000i\000n\000g\000\040\000\050\000S\000t\000a\000c\000k\000e\000d\000\040\000G\000e\000n\000e\000r\000a\000l\000i\000z\000a\000t\000i\000o\000n\000\051\000\040\130\006\123\340\154\333\123\026}{section.6}% 22
\BOOKMARK [1][-]{section.7}{\376\377\000P\000a\000r\000t\000\040\000I\000I\000I\000:\000\040\000D\000e\000e\000p\000\040\000L\000e\000a\000r\000n\000i\000n\000g\000\040\000R\000e\000v\000o\000l\000u\000t\000i\000o\000n\000\040\000\050\0002\0000\0001\0002\040\023\0002\0000\0001\0007\000\051\000\040\040\024\000\040\000D\000e\000p\000t\000h\000\040\000a\000s\000\040\000C\000o\000m\000p\000e\000n\000s\000a\000t\000i\000o\000n}{}% 23
\BOOKMARK [1][-]{section.8}{\376\377\173\054\116\011\220\350\122\006\377\032\155\361\136\246\133\146\116\140\227\151\124\175\040\024\040\024\155\361\136\246\117\134\116\072\210\145\120\177}{}% 24
\BOOKMARK [2][-]{subsection.8.1}{\376\377\0001\0001\000.\000\040\000D\000e\000e\000p\000\040\000M\000L\000P\000s\000\040\155\361\136\246\131\032\134\102\141\037\167\345\147\072}{section.8}% 25
\BOOKMARK [2][-]{subsection.8.2}{\376\377\0001\0002\000.\000\040\000C\000N\000N\000\040\000\050\000C\000o\000n\000v\000o\000l\000u\000t\000i\000o\000n\000a\000l\000\040\000N\000e\000u\000r\000a\000l\000\040\000N\000e\000t\000w\000o\000r\000k\000s\000\051\000\040\123\167\171\357\171\136\176\317\177\121\176\334}{section.8}% 26
\BOOKMARK [2][-]{subsection.8.3}{\376\377\0001\0003\000.\000\040\000R\000N\000N\000\040\000/\000\040\000L\000S\000T\000M\000\040\137\252\163\257\177\121\176\334\000/\225\177\167\355\147\037\213\260\137\306}{section.8}% 27
\BOOKMARK [2][-]{subsection.8.4}{\376\377\0001\0004\000.\000\040\000R\000e\000s\000N\000e\000t\000\040\000\050\000R\000e\000s\000i\000d\000u\000a\000l\000\040\000N\000e\000t\000w\000o\000r\000k\000s\000\051\000\040\153\213\135\356\177\121\176\334}{section.8}% 28
\BOOKMARK [2][-]{subsection.8.5}{\376\377\0001\0005\000.\000\040\000B\000a\000t\000c\000h\000\040\000N\000o\000r\000m\000a\000l\000i\000z\000a\000t\000i\000o\000n\000\040\142\171\137\122\116\000\123\026}{section.8}% 29
\BOOKMARK [2][-]{subsection.8.6}{\376\377\0001\0006\000.\000\040\000D\000r\000o\000p\000o\000u\000t}{section.8}% 30
\BOOKMARK [2][-]{subsection.8.7}{\376\377\0001\0007\000.\000\040\000A\000t\000t\000e\000n\000t\000i\000o\000n\000\040\000/\000\040\000T\000r\000a\000n\000s\000f\000o\000r\000m\000e\000r\000\040\154\350\141\017\122\233\147\072\122\066\000/\000T\000r\000a\000n\000s\000f\000o\000r\000m\000e\000r}{section.8}% 31
\BOOKMARK [2][-]{subsection.8.8}{\376\377\0001\0008\000.\000\040\000T\000r\000a\000n\000s\000f\000o\000r\000m\000e\000r\000\040\000V\000a\000r\000i\000a\000n\000t\000s\000:\000\040\000B\000E\000R\000T\000,\000\040\000G\000P\000T\000,\000\040\000V\000i\000T\000\040\123\330\117\123\133\241\213\241}{section.8}% 32
\BOOKMARK [1][-]{section.9}{\376\377\000P\000a\000r\000t\000\040\000I\000V\000:\000\040\000G\000e\000n\000e\000r\000a\000t\000i\000v\000e\000\040\000M\000o\000d\000e\000l\000s\000\040\040\024\000\040\000T\000h\000e\000\040\000A\000u\000d\000i\000t\000\040\000C\000r\000i\000s\000i\000s}{}% 33
\BOOKMARK [1][-]{section.10}{\376\377\173\054\126\333\220\350\122\006\377\032\165\037\142\020\152\041\127\213\040\024\040\024\133\241\213\241\123\161\147\072}{}% 34
\BOOKMARK [2][-]{subsection.10.1}{\376\377\0001\0009\000.\000\040\000G\000A\000N\000\040\000\050\000G\000e\000n\000e\000r\000a\000t\000i\000v\000e\000\040\000A\000d\000v\000e\000r\000s\000a\000r\000i\000a\000l\000\040\000N\000e\000t\000w\000o\000r\000k\000s\000\051\000\040\165\037\142\020\133\371\142\227\177\121\176\334}{section.10}% 35
\BOOKMARK [2][-]{subsection.10.2}{\376\377\0002\0000\000.\000\040\000V\000A\000E\000\040\000\050\000V\000a\000r\000i\000a\000t\000i\000o\000n\000a\000l\000\040\000A\000u\000t\000o\000e\000n\000c\000o\000d\000e\000r\000s\000\051\000\040\123\330\122\006\201\352\177\026\170\001\126\150}{section.10}% 36
\BOOKMARK [2][-]{subsection.10.3}{\376\377\0002\0001\000.\000\040\000D\000i\000f\000f\000u\000s\000i\000o\000n\000\040\000M\000o\000d\000e\000l\000s\000\040\142\151\145\143\152\041\127\213}{section.10}% 37
\BOOKMARK [1][-]{section.11}{\376\377\000P\000a\000r\000t\000\040\000V\000:\000\040\000M\000o\000d\000e\000r\000n\000\040\000P\000a\000r\000a\000d\000i\000g\000m\000s\000\040\040\024\000\040\000T\000h\000e\000\040\000S\000e\000l\000f\000-\000A\000u\000d\000i\000t\000\040\000T\000r\000a\000p}{}% 38
\BOOKMARK [1][-]{section.12}{\376\377\173\054\116\224\220\350\122\006\377\032\163\260\116\343\203\003\137\017\040\024\040\024\201\352\133\241\213\241\226\167\226\061}{}% 39
\BOOKMARK [2][-]{subsection.12.1}{\376\377\0002\0002\000.\000\040\000S\000e\000l\000f\000-\000S\000u\000p\000e\000r\000v\000i\000s\000e\000d\000\040\000L\000e\000a\000r\000n\000i\000n\000g\000\040\201\352\166\321\167\143\133\146\116\140\040\024\040\024\000S\000i\000m\000C\000L\000R\000/\000M\000o\000C\000o\000/\000M\000A\000E\000/\000B\000E\000R\000T}{section.12}% 40
\BOOKMARK [2][-]{subsection.12.2}{\376\377\0002\0003\000.\000\040\000T\000r\000a\000n\000s\000f\000e\000r\000\040\000L\000e\000a\000r\000n\000i\000n\000g\000\040\000/\000\040\000F\000i\000n\000e\000-\000t\000u\000n\000i\000n\000g\000\040\217\301\171\373\133\146\116\140\000/\137\256\214\003}{section.12}% 41
\BOOKMARK [2][-]{subsection.12.3}{\376\377\0002\0004\000.\000\040\000F\000e\000w\000-\000S\000h\000o\000t\000\040\000/\000\040\000M\000e\000t\000a\000-\000L\000e\000a\000r\000n\000i\000n\000g\000\040\134\021\150\067\147\054\133\146\116\140\000/\121\103\133\146\116\140}{section.12}% 42
\BOOKMARK [2][-]{subsection.12.4}{\376\377\0002\0005\000.\000\040\000R\000e\000i\000n\000f\000o\000r\000c\000e\000m\000e\000n\000t\000\040\000L\000e\000a\000r\000n\000i\000n\000g\000\040\137\072\123\026\133\146\116\140\040\024\040\024\000D\000Q\000N\000/\000P\000P\000O\000/\000S\000A\000C}{section.12}% 43
\BOOKMARK [2][-]{subsection.12.5}{\376\377\0002\0006\000.\000\040\000I\000m\000i\000t\000a\000t\000i\000o\000n\000\040\000L\000e\000a\000r\000n\000i\000n\000g\000\040\000/\000\040\000B\000e\000h\000a\000v\000i\000o\000r\000a\000l\000\040\000C\000l\000o\000n\000i\000n\000g\000\040\152\041\116\377\133\146\116\140\000/\210\114\116\072\121\113\226\206}{section.12}% 44
\BOOKMARK [2][-]{subsection.12.6}{\376\377\0002\0007\000.\000\040\000R\000e\000c\000o\000m\000m\000e\000n\000d\000a\000t\000i\000o\000n\000\040\000S\000y\000s\000t\000e\000m\000s\000\040\000/\000\040\000C\000o\000l\000l\000a\000b\000o\000r\000a\000t\000i\000v\000e\000\040\000F\000i\000l\000t\000e\000r\000i\000n\000g\000\040\143\250\203\120\174\373\176\337}{section.12}% 45
\BOOKMARK [1][-]{section.13}{\376\377\000P\000a\000r\000t\000\040\000V\000I\000:\000\040\000T\000h\000e\000\040\000V\000e\000r\000d\000i\000c\000t\000\040\173\054\121\155\220\350\122\006\377\032\122\044\121\263}{}% 46
\BOOKMARK [2][-]{subsection.13.1}{\376\377\000S\000u\000m\000m\000a\000r\000y\000\040\000o\000f\000\040\000C\000o\000n\000v\000i\000c\000t\000i\000o\000n\000s\000\040\040\024\000\040\000O\000n\000e\000\040\000L\000i\000n\000e\000\040\000P\000e\000r\000\040\000A\000l\000g\000o\000r\000i\000t\000h\000m\000\040\116\000\133\241\116\000\122\044}{section.13}% 47
\BOOKMARK [2][-]{subsection.13.2}{\376\377\000T\000h\000e\000\040\000C\000e\000r\000c\000i\000s\000\040\000S\000c\000o\000r\000e\000\040\000R\000a\000n\000k\000i\000n\000g\000\040\040\024\000\040\000A\000l\000l\000\040\000A\000l\000g\000o\000r\000i\000t\000h\000m\000s\000\040\000C\000e\000r\000c\000i\000s\213\304\122\006\143\222\124\015}{section.13}% 48
\BOOKMARK [2][-]{subsection.13.3}{\376\377\000A\000n\000a\000l\000y\000s\000i\000s\000\040\000o\000f\000\040\000R\000a\000n\000k\000i\000n\000g\000s\000\040\143\222\124\015\122\006\147\220}{section.13}% 49
\BOOKMARK [2][-]{subsection.13.4}{\376\377\000W\000h\000a\000t\000\040\000E\000v\000e\000r\000y\000\040\000A\000l\000g\000o\000r\000i\000t\000h\000m\000\040\000L\000a\000c\000k\000s\000\040\040\024\000\040\000T\000h\000e\000\040\000S\000C\000X\000\040\000G\000a\000p\000\040\153\317\116\052\173\227\154\325\177\072\116\300\116\110}{section.13}% 50
\BOOKMARK [2][-]{subsection.13.5}{\376\377\000T\000h\000e\000\040\000A\000u\000d\000i\000t\000\040\000T\000a\000x\000o\000n\000o\000m\000y\000\040\040\024\000\040\000T\000h\000r\000e\000e\000\040\000E\000r\000a\000s\000,\000\040\000O\000n\000e\000\040\000F\000a\000i\000l\000u\000r\000e}{section.13}% 51
\BOOKMARK [2][-]{subsection.13.6}{\376\377\000C\000o\000m\000p\000l\000e\000t\000e\000\040\000V\000e\000r\000d\000i\000c\000t\000\040\000T\000a\000b\000l\000e\000\040\133\214\145\164\122\044\121\263\210\150}{section.13}% 52
\BOOKMARK [1][-]{section.14}{\376\377\000E\000p\000i\000l\000o\000g\000u\000e\000\040\040\024\000\040\000T\000h\000e\000\040\000P\000a\000t\000h\000\040\000F\000o\000r\000w\000a\000r\000d\000\040\134\076\130\360\040\024\040\024\122\115\217\333\116\113\215\357}{}% 53
\BOOKMARK [2][-]{subsection.14.1}{\376\377\000T\000h\000e\000\040\000F\000u\000n\000d\000a\000m\000e\000n\000t\000a\000l\000\040\000I\000n\000s\000i\000g\000h\000t\000\040\150\071\147\054\155\036\211\301}{section.14}% 54
\BOOKMARK [2][-]{subsection.14.2}{\376\377\000T\000h\000e\000\040\000S\000C\000X\000\040\000P\000r\000e\000s\000c\000r\000i\000p\000t\000i\000o\000n\000\040\040\024\000\040\000R\000e\000q\000u\000i\000r\000e\000d\000\040\000C\000o\000m\000p\000o\000n\000e\000n\000t\000s}{section.14}% 55
\BOOKMARK [2][-]{subsection.14.3}{\376\377\000T\000h\000e\000\040\000A\000r\000m\000s\000\040\000R\000a\000c\000e\000\040\000W\000e\000\040\000N\000e\000e\000d\000\040\142\021\116\354\227\000\211\201\166\204\121\233\131\007\172\336\215\133}{section.14}% 56
\BOOKMARK [2][-]{subsection.14.4}{\376\377\000T\000h\000e\000\040\000D\000a\000r\000k\000\040\000F\000o\000r\000e\000s\000t\000\040\000P\000r\000o\000t\000o\000c\000o\000l\000\040\236\321\146\227\150\356\147\227\123\117\213\256}{section.14}% 57
\BOOKMARK [2][-]{subsection.14.5}{\376\377\000F\000i\000n\000a\000l\000\040\000W\000o\000r\000d\000s\000\040\176\323\147\137\213\355}{section.14}% 58
\BOOKMARK [2][-]{subsection.14.6}{\376\377\000A\000p\000p\000e\000n\000d\000i\000x\000:\000\040\000Q\000u\000i\000c\000k\000\040\000R\000e\000f\000e\000r\000e\000n\000c\000e\000\040\040\024\000\040\000S\000C\000X\000\040\000A\000u\000d\000i\000t\000\040\000o\000f\000\040\000A\000l\000l\000\040\000A\000l\000g\000o\000r\000i\000t\000h\000m\000s\000\040\226\104\137\125\377\032\220\037\147\345\210\150}{section.14}% 59
