\BOOKMARK [1][-]{section.1}{\376\377\137\025\212\000\377\032\116\072\116\300\116\110\171\321\133\146\124\362\133\146\227\000\211\201\137\142\137\017\123\026}{}% 1
\BOOKMARK [2][-]{subsection.1.1}{\376\377\116\316\151\202\137\365\122\006\147\220\122\060\121\154\164\006\143\250\133\374}{section.1}% 2
\BOOKMARK [2][-]{subsection.1.2}{\376\377\000S\000C\000X\121\154\164\006\174\373\176\337\377\032\147\000\134\017\121\105\122\006\226\306}{section.1}% 3
\BOOKMARK [1][-]{section.2}{\376\377\171\321\133\146\121\161\213\306\133\232\164\006\377\032\000M\116\023\133\266\162\354\172\313\232\214\213\301\116\013\166\204\121\161\213\306\147\141\116\366}{}% 4
\BOOKMARK [2][-]{subsection.2.1}{\376\377\121\161\213\306\166\204\137\142\137\017\123\026\133\232\116\111}{section.2}% 5
\BOOKMARK [2][-]{subsection.2.2}{\376\377\200\001\133\236\116\272\133\232\164\006\040\024\040\024\162\354\172\313\213\332\133\236\116\023\133\266\166\204\121\161\213\306\145\066\145\133}{section.2}% 6
\BOOKMARK [2][-]{subsection.2.3}{\376\377\162\354\221\222\116\015\131\052\123\357\200\375\133\232\164\006\040\024\040\024\137\002\213\256\200\005\153\143\170\156\166\204\151\202\163\207}{section.2}% 7
\BOOKMARK [2][-]{subsection.2.4}{\376\377\121\161\213\306\142\020\172\313\166\204\000C\000h\000e\000r\000n\000o\000f\000f\150\300\232\214}{section.2}% 8
\BOOKMARK [1][-]{section.3}{\376\377\000K\000u\000h\000n\203\003\137\017\217\154\171\373\166\204\137\142\137\017\123\026\377\032\137\123\145\260\145\160\143\156\172\201\170\064\000F\000a\000n\000o\116\013\165\114}{}% 9
\BOOKMARK [2][-]{subsection.3.1}{\376\377\203\003\137\017\117\134\116\072\162\266\140\001\000-\116\023\133\266\221\115\177\156}{section.3}% 10
\BOOKMARK [2][-]{subsection.3.2}{\376\377\203\003\137\017\131\061\145\110\166\204\000F\000a\000n\000o\122\044\143\156}{section.3}% 11
\BOOKMARK [2][-]{subsection.3.3}{\376\377\203\003\137\017\217\154\171\373\166\204\220\037\163\207\116\016\116\015\123\357\220\032\176\246\140\047}{section.3}% 12
\BOOKMARK [1][-]{section.4}{\376\377\000P\000o\000p\000p\000e\000r\123\357\213\301\117\052\140\047\166\204\000S\000C\000X\162\110\377\032\130\360\171\360\137\305\230\173\130\360\146\016\123\357\210\253\232\214\213\301\166\204\120\107\213\276}{}% 13
\BOOKMARK [2][-]{subsection.4.1}{\376\377\123\357\213\301\117\052\140\047\166\204\220\073\217\221\126\360\130\203}{section.4}% 14
\BOOKMARK [2][-]{subsection.4.2}{\376\377\123\357\213\301\117\052\140\047\166\204\000S\000C\000X\122\044\143\156}{section.4}% 15
\BOOKMARK [2][-]{subsection.4.3}{\376\377\116\015\123\357\213\301\117\052\130\360\171\360\166\204\122\006\174\173\133\146}{section.4}% 16
\BOOKMARK [1][-]{section.5}{\376\377\171\321\133\146\131\015\163\260\123\161\147\072\166\204\000S\000C\000X\213\312\145\255\377\032\131\032\116\023\133\266\162\354\172\313\131\015\163\260\131\061\215\045\166\204\145\160\133\146}{}% 17
\BOOKMARK [2][-]{subsection.5.1}{\376\377\131\015\163\260\123\161\147\072\166\204\000S\000C\000X\137\142\137\017\123\026}{section.5}% 18
\BOOKMARK [2][-]{subsection.5.2}{\376\377\131\015\163\260\131\061\215\045\166\204\116\011\171\315\000S\000C\000X\152\041\137\017}{section.5}% 19
\BOOKMARK [2][-]{subsection.5.3}{\376\377\131\015\163\260\123\161\147\072\166\204\147\000\134\017\121\105\122\006\147\141\116\366}{section.5}% 20
\BOOKMARK [1][-]{section.6}{\376\377\133\232\164\006\217\271\165\114\116\016\213\332\133\236\146\264\121\373}{}% 21
\BOOKMARK [2][-]{subsection.6.1}{\376\377\116\023\133\266\162\354\172\313\140\047\120\107\213\276\166\204\135\051\156\203}{section.6}% 22
\BOOKMARK [2][-]{subsection.6.2}{\376\377\213\244\213\306\213\272\137\142\137\017\123\026\166\204\217\271\165\114\040\024\040\024\000G\000\366\000d\000e\000l\000-\000T\000u\000r\000i\000n\000g\226\064\137\161}{section.6}% 23
\BOOKMARK [1][-]{section.7}{\376\377\213\250\213\272\377\032\171\321\133\146\124\362\133\146\166\204\137\142\137\017\123\026\040\024\040\024\116\316\000S\000C\000X\121\372\123\321}{}% 24
\BOOKMARK [2][-]{subsection.7.1}{\376\377\126\333\116\052\133\232\164\006\166\204\166\370\116\222\121\163\174\373}{section.7}% 25
\BOOKMARK [2][-]{subsection.7.2}{\376\377\116\016\176\317\121\170\171\321\133\146\124\362\133\146\166\204\133\371\213\335}{section.7}% 26
\BOOKMARK [2][-]{subsection.7.3}{\376\377\200\001\133\236\116\272\133\232\164\006\116\016\162\354\221\222\116\015\131\052\123\357\200\375\133\232\164\006\166\204\124\362\133\146\141\017\116\111}{section.7}% 27
\BOOKMARK [2][-]{subsection.7.4}{\376\377\213\244\213\306\213\272\137\142\137\017\123\026\166\204\122\115\146\157\116\016\147\053\215\357}{section.7}% 28
