This is pdfTeX, Version 3.141592653-2.6-1.40.28 (MiKTeX 25.12) (preloaded format=pdflatex 2026.6.28)  30 JUN 2026 07:11
entering extended mode
 restricted \write18 enabled.
 %&-line parsing enabled.
**./main.tex
(main.tex
LaTeX2e <2025-11-01>
L3 programming layer <2025-12-24>
(C:\Users\admin\AppData\Local\Programs\MiKTeX\tex/latex/base\article.cls
Document Class: article 2025/01/22 v1.4n Standard LaTeX document class
(C:\Users\admin\AppData\Local\Programs\MiKTeX\tex/latex/base\size11.clo
File: size11.clo 2025/01/22 v1.4n Standard LaTeX file (size option)
)
\c@part=\count275
\c@section=\count276
\c@subsection=\count277
\c@subsubsection=\count278
\c@paragraph=\count279
\c@subparagraph=\count280
\c@figure=\count281
\c@table=\count282
\abovecaptionskip=\skip49
\belowcaptionskip=\skip50
\bibindent=\dimen148
)
(C:\Users\admin\AppData\Local\Programs\MiKTeX\tex/latex/ctex\ctex.sty
(C:\Users\admin\AppData\Local\Programs\MiKTeX\tex/latex/l3kernel\expl3.sty
Package: expl3 2025-12-24 L3 programming layer (loader) 

(C:\Users\admin\AppData\Local\Programs\MiKTeX\tex/latex/l3backend\l3backend-pdf
tex.def
File: l3backend-pdftex.def 2025-10-09 L3 backend support: PDF output (pdfTeX)
\l__color_backend_stack_int=\count283
))
Package: ctex 2022/07/14 v2.5.10 Chinese adapter in LaTeX (CTEX)

(C:\Users\admin\AppData\Local\Programs\MiKTeX\tex/latex/ctex\ctexhook.sty
Package: ctexhook 2022/07/14 v2.5.10 Document and package hooks (CTEX)
)
(C:\Users\admin\AppData\Local\Programs\MiKTeX\tex/latex/ctex\ctexpatch.sty
Package: ctexpatch 2022/07/14 v2.5.10 Patching commands (CTEX)
)
(C:\Users\admin\AppData\Local\Programs\MiKTeX\tex/latex/base\fix-cm.sty
Package: fix-cm 2020/11/24 v1.1t fixes to LaTeX

(C:\Users\admin\AppData\Local\Programs\MiKTeX\tex/latex/base\ts1enc.def
File: ts1enc.def 2001/06/05 v3.0e (jk/car/fm) Standard LaTeX file
LaTeX Font Info:    Redeclaring font encoding TS1 on input line 47.
LaTeX Encoding Info:    Redeclaring text command \capitalcedilla (encoding TS1)
 on input line 49.
LaTeX Encoding Info:    Redeclaring text command \capitalogonek (encoding TS1) 
on input line 52.
LaTeX Encoding Info:    Redeclaring text command \capitalgrave (encoding TS1) o
n input line 55.
LaTeX Encoding Info:    Redeclaring text command \capitalacute (encoding TS1) o
n input line 56.
LaTeX Encoding Info:    Redeclaring text command \capitalcircumflex (encoding T
S1) on input line 57.
LaTeX Encoding Info:    Redeclaring text command \capitaltilde (encoding TS1) o
n input line 58.
LaTeX Encoding Info:    Redeclaring text command \capitaldieresis (encoding TS1
) on input line 59.
LaTeX Encoding Info:    Redeclaring text command \capitalhungarumlaut (encoding
 TS1) on input line 60.
LaTeX Encoding Info:    Redeclaring text command \capitalring (encoding TS1) on
 input line 61.
LaTeX Encoding Info:    Redeclaring text command \capitalcaron (encoding TS1) o
n input line 62.
LaTeX Encoding Info:    Redeclaring text command \capitalbreve (encoding TS1) o
n input line 63.
LaTeX Encoding Info:    Redeclaring text command \capitalmacron (encoding TS1) 
on input line 64.
LaTeX Encoding Info:    Redeclaring text command \capitaldotaccent (encoding TS
1) on input line 65.
LaTeX Encoding Info:    Redeclaring text command \t (encoding TS1) on input lin
e 66.
LaTeX Encoding Info:    Redeclaring text command \capitaltie (encoding TS1) on 
input line 67.
LaTeX Encoding Info:    Redeclaring text command \newtie (encoding TS1) on inpu
t line 68.
LaTeX Encoding Info:    Redeclaring text command \capitalnewtie (encoding TS1) 
on input line 69.
LaTeX Encoding Info:    Redeclaring text symbol \textcapitalcompwordmark (encod
ing TS1) on input line 70.
LaTeX Encoding Info:    Redeclaring text symbol \textascendercompwordmark (enco
ding TS1) on input line 71.
LaTeX Encoding Info:    Redeclaring text symbol \textquotestraightbase (encodin
g TS1) on input line 72.
LaTeX Encoding Info:    Redeclaring text symbol \textquotestraightdblbase (enco
ding TS1) on input line 73.
LaTeX Encoding Info:    Redeclaring text symbol \texttwelveudash (encoding TS1)
 on input line 74.
LaTeX Encoding Info:    Redeclaring text symbol \textthreequartersemdash (encod
ing TS1) on input line 75.
LaTeX Encoding Info:    Redeclaring text symbol \textleftarrow (encoding TS1) o
n input line 76.
LaTeX Encoding Info:    Redeclaring text symbol \textrightarrow (encoding TS1) 
on input line 77.
LaTeX Encoding Info:    Redeclaring text symbol \textblank (encoding TS1) on in
put line 78.
LaTeX Encoding Info:    Redeclaring text symbol \textdollar (encoding TS1) on i
nput line 79.
LaTeX Encoding Info:    Redeclaring text symbol \textquotesingle (encoding TS1)
 on input line 80.
LaTeX Encoding Info:    Redeclaring text command \textasteriskcentered (encodin
g TS1) on input line 81.
LaTeX Encoding Info:    Redeclaring text symbol \textdblhyphen (encoding TS1) o
n input line 92.
LaTeX Encoding Info:    Redeclaring text symbol \textfractionsolidus (encoding 
TS1) on input line 93.
LaTeX Encoding Info:    Redeclaring text symbol \textzerooldstyle (encoding TS1
) on input line 94.
LaTeX Encoding Info:    Redeclaring text symbol \textoneoldstyle (encoding TS1)
 on input line 95.
LaTeX Encoding Info:    Redeclaring text symbol \texttwooldstyle (encoding TS1)
 on input line 96.
LaTeX Encoding Info:    Redeclaring text symbol \textthreeoldstyle (encoding TS
1) on input line 97.
LaTeX Encoding Info:    Redeclaring text symbol \textfouroldstyle (encoding TS1
) on input line 98.
LaTeX Encoding Info:    Redeclaring text symbol \textfiveoldstyle (encoding TS1
) on input line 99.
LaTeX Encoding Info:    Redeclaring text symbol \textsixoldstyle (encoding TS1)
 on input line 100.
LaTeX Encoding Info:    Redeclaring text symbol \textsevenoldstyle (encoding TS
1) on input line 101.
LaTeX Encoding Info:    Redeclaring text symbol \texteightoldstyle (encoding TS
1) on input line 102.
LaTeX Encoding Info:    Redeclaring text symbol \textnineoldstyle (encoding TS1
) on input line 103.
LaTeX Encoding Info:    Redeclaring text symbol \textlangle (encoding TS1) on i
nput line 104.
LaTeX Encoding Info:    Redeclaring text symbol \textminus (encoding TS1) on in
put line 105.
LaTeX Encoding Info:    Redeclaring text symbol \textrangle (encoding TS1) on i
nput line 106.
LaTeX Encoding Info:    Redeclaring text symbol \textmho (encoding TS1) on inpu
t line 107.
LaTeX Encoding Info:    Redeclaring text symbol \textbigcircle (encoding TS1) o
n input line 108.
LaTeX Encoding Info:    Redeclaring text command \textcircled (encoding TS1) on
 input line 109.
LaTeX Encoding Info:    Redeclaring text symbol \textohm (encoding TS1) on inpu
t line 115.
LaTeX Encoding Info:    Redeclaring text symbol \textlbrackdbl (encoding TS1) o
n input line 116.
LaTeX Encoding Info:    Redeclaring text symbol \textrbrackdbl (encoding TS1) o
n input line 117.
LaTeX Encoding Info:    Redeclaring text symbol \textuparrow (encoding TS1) on 
input line 118.
LaTeX Encoding Info:    Redeclaring text symbol \textdownarrow (encoding TS1) o
n input line 119.
LaTeX Encoding Info:    Redeclaring text symbol \textasciigrave (encoding TS1) 
on input line 120.
LaTeX Encoding Info:    Redeclaring text symbol \textborn (encoding TS1) on inp
ut line 121.
LaTeX Encoding Info:    Redeclaring text symbol \textdivorced (encoding TS1) on
 input line 122.
LaTeX Encoding Info:    Redeclaring text symbol \textdied (encoding TS1) on inp
ut line 123.
LaTeX Encoding Info:    Redeclaring text symbol \textleaf (encoding TS1) on inp
ut line 124.
LaTeX Encoding Info:    Redeclaring text symbol \textmarried (encoding TS1) on 
input line 125.
LaTeX Encoding Info:    Redeclaring text symbol \textmusicalnote (encoding TS1)
 on input line 126.
LaTeX Encoding Info:    Redeclaring text symbol \texttildelow (encoding TS1) on
 input line 127.
LaTeX Encoding Info:    Redeclaring text symbol \textdblhyphenchar (encoding TS
1) on input line 128.
LaTeX Encoding Info:    Redeclaring text symbol \textasciibreve (encoding TS1) 
on input line 129.
LaTeX Encoding Info:    Redeclaring text symbol \textasciicaron (encoding TS1) 
on input line 130.
LaTeX Encoding Info:    Redeclaring text symbol \textacutedbl (encoding TS1) on
 input line 131.
LaTeX Encoding Info:    Redeclaring text symbol \textgravedbl (encoding TS1) on
 input line 132.
LaTeX Encoding Info:    Redeclaring text symbol \textdagger (encoding TS1) on i
nput line 133.
LaTeX Encoding Info:    Redeclaring text symbol \textdaggerdbl (encoding TS1) o
n input line 134.
LaTeX Encoding Info:    Redeclaring text symbol \textbardbl (encoding TS1) on i
nput line 135.
LaTeX Encoding Info:    Redeclaring text symbol \textperthousand (encoding TS1)
 on input line 136.
LaTeX Encoding Info:    Redeclaring text symbol \textbullet (encoding TS1) on i
nput line 137.
LaTeX Encoding Info:    Redeclaring text symbol \textcelsius (encoding TS1) on 
input line 138.
LaTeX Encoding Info:    Redeclaring text symbol \textdollaroldstyle (encoding T
S1) on input line 139.
LaTeX Encoding Info:    Redeclaring text symbol \textcentoldstyle (encoding TS1
) on input line 140.
LaTeX Encoding Info:    Redeclaring text symbol \textflorin (encoding TS1) on i
nput line 141.
LaTeX Encoding Info:    Redeclaring text symbol \textcolonmonetary (encoding TS
1) on input line 142.
LaTeX Encoding Info:    Redeclaring text symbol \textwon (encoding TS1) on inpu
t line 143.
LaTeX Encoding Info:    Redeclaring text symbol \textnaira (encoding TS1) on in
put line 144.
LaTeX Encoding Info:    Redeclaring text symbol \textguarani (encoding TS1) on 
input line 145.
LaTeX Encoding Info:    Redeclaring text symbol \textpeso (encoding TS1) on inp
ut line 146.
LaTeX Encoding Info:    Redeclaring text symbol \textlira (encoding TS1) on inp
ut line 147.
LaTeX Encoding Info:    Redeclaring text symbol \textrecipe (encoding TS1) on i
nput line 148.
LaTeX Encoding Info:    Redeclaring text symbol \textinterrobang (encoding TS1)
 on input line 149.
LaTeX Encoding Info:    Redeclaring text symbol \textinterrobangdown (encoding 
TS1) on input line 150.
LaTeX Encoding Info:    Redeclaring text symbol \textdong (encoding TS1) on inp
ut line 151.
LaTeX Encoding Info:    Redeclaring text symbol \texttrademark (encoding TS1) o
n input line 152.
LaTeX Encoding Info:    Redeclaring text symbol \textpertenthousand (encoding T
S1) on input line 153.
LaTeX Encoding Info:    Redeclaring text symbol \textpilcrow (encoding TS1) on 
input line 154.
LaTeX Encoding Info:    Redeclaring text symbol \textbaht (encoding TS1) on inp
ut line 155.
LaTeX Encoding Info:    Redeclaring text symbol \textnumero (encoding TS1) on i
nput line 156.
LaTeX Encoding Info:    Redeclaring text symbol \textdiscount (encoding TS1) on
 input line 157.
LaTeX Encoding Info:    Redeclaring text symbol \textestimated (encoding TS1) o
n input line 158.
LaTeX Encoding Info:    Redeclaring text symbol \textopenbullet (encoding TS1) 
on input line 159.
LaTeX Encoding Info:    Redeclaring text symbol \textservicemark (encoding TS1)
 on input line 160.
LaTeX Encoding Info:    Redeclaring text symbol \textlquill (encoding TS1) on i
nput line 161.
LaTeX Encoding Info:    Redeclaring text symbol \textrquill (encoding TS1) on i
nput line 162.
LaTeX Encoding Info:    Redeclaring text symbol \textcent (encoding TS1) on inp
ut line 163.
LaTeX Encoding Info:    Redeclaring text symbol \textsterling (encoding TS1) on
 input line 164.
LaTeX Encoding Info:    Redeclaring text symbol \textcurrency (encoding TS1) on
 input line 165.
LaTeX Encoding Info:    Redeclaring text symbol \textyen (encoding TS1) on inpu
t line 166.
LaTeX Encoding Info:    Redeclaring text symbol \textbrokenbar (encoding TS1) o
n input line 167.
LaTeX Encoding Info:    Redeclaring text symbol \textsection (encoding TS1) on 
input line 168.
LaTeX Encoding Info:    Redeclaring text symbol \textasciidieresis (encoding TS
1) on input line 169.
LaTeX Encoding Info:    Redeclaring text symbol \textcopyright (encoding TS1) o
n input line 170.
LaTeX Encoding Info:    Redeclaring text symbol \textordfeminine (encoding TS1)
 on input line 171.
LaTeX Encoding Info:    Redeclaring text symbol \textcopyleft (encoding TS1) on
 input line 172.
LaTeX Encoding Info:    Redeclaring text symbol \textlnot (encoding TS1) on inp
ut line 173.
LaTeX Encoding Info:    Redeclaring text symbol \textcircledP (encoding TS1) on
 input line 174.
LaTeX Encoding Info:    Redeclaring text symbol \textregistered (encoding TS1) 
on input line 175.
LaTeX Encoding Info:    Redeclaring text symbol \textasciimacron (encoding TS1)
 on input line 176.
LaTeX Encoding Info:    Redeclaring text symbol \textdegree (encoding TS1) on i
nput line 177.
LaTeX Encoding Info:    Redeclaring text symbol \textpm (encoding TS1) on input
 line 178.
LaTeX Encoding Info:    Redeclaring text symbol \texttwosuperior (encoding TS1)
 on input line 179.
LaTeX Encoding Info:    Redeclaring text symbol \textthreesuperior (encoding TS
1) on input line 180.
LaTeX Encoding Info:    Redeclaring text symbol \textasciiacute (encoding TS1) 
on input line 181.
LaTeX Encoding Info:    Redeclaring text symbol \textmu (encoding TS1) on input
 line 182.
LaTeX Encoding Info:    Redeclaring text symbol \textparagraph (encoding TS1) o
n input line 183.
LaTeX Encoding Info:    Redeclaring text symbol \textperiodcentered (encoding T
S1) on input line 184.
LaTeX Encoding Info:    Redeclaring text symbol \textreferencemark (encoding TS
1) on input line 185.
LaTeX Encoding Info:    Redeclaring text symbol \textonesuperior (encoding TS1)
 on input line 186.
LaTeX Encoding Info:    Redeclaring text symbol \textordmasculine (encoding TS1
) on input line 187.
LaTeX Encoding Info:    Redeclaring text symbol \textsurd (encoding TS1) on inp
ut line 188.
LaTeX Encoding Info:    Redeclaring text symbol \textonequarter (encoding TS1) 
on input line 189.
LaTeX Encoding Info:    Redeclaring text symbol \textonehalf (encoding TS1) on 
input line 190.
LaTeX Encoding Info:    Redeclaring text symbol \textthreequarters (encoding TS
1) on input line 191.
LaTeX Encoding Info:    Redeclaring text symbol \texteuro (encoding TS1) on inp
ut line 192.
LaTeX Encoding Info:    Redeclaring text symbol \texttimes (encoding TS1) on in
put line 193.
LaTeX Encoding Info:    Redeclaring text symbol \textdiv (encoding TS1) on inpu
t line 194.
))
\l__ctex_tmp_int=\count284
\l__ctex_tmp_box=\box53
\l__ctex_tmp_dim=\dimen149
\g__ctex_section_depth_int=\count285
\g__ctex_font_size_int=\count286

(C:\Users\admin\AppData\Local\Programs\MiKTeX\tex/latex/ctex/config\ctexopts.cf
g
File: ctexopts.cfg 2022/07/14 v2.5.10 Option configuration file (CTEX)
)
(C:\Users\admin\AppData\Local\Programs\MiKTeX\tex/latex/ctex/engine\ctex-engine
-pdftex.def
File: ctex-engine-pdftex.def 2022/07/14 v2.5.10 (pdf)LaTeX adapter (CTEX)

(C:\Users\admin\AppData\Local\Programs\MiKTeX\tex/latex/cjk\CJKutf8.sty
Package: CJKutf8 2021/10/16 4.8.5

(C:\Users\admin\AppData\Local\Programs\MiKTeX\tex/generic/iftex\ifpdf.sty
Package: ifpdf 2019/10/25 v3.4 ifpdf legacy package. Use iftex instead.

(C:\Users\admin\AppData\Local\Programs\MiKTeX\tex/generic/iftex\iftex.sty
Package: iftex 2024/12/12 v1.0g TeX engine tests
))
(C:\Users\admin\AppData\Local\Programs\MiKTeX\tex/latex/base\inputenc.sty
Package: inputenc 2024/02/08 v1.3d Input encoding file
\inpenc@prehook=\toks17
\inpenc@posthook=\toks18
)
(C:\Users\admin\AppData\Local\Programs\MiKTeX\tex/latex/cjk\CJK.sty
Package: CJK 2021/10/16 4.8.5

(C:\Users\admin\AppData\Local\Programs\MiKTeX\tex/latex/cjk/mule\MULEenc.sty
Package: MULEenc 2021/10/16 4.8.5
)
(C:\Users\admin\AppData\Local\Programs\MiKTeX\tex/latex/cjk\CJK.enc
File: CJK.enc 2021/10/16 4.8.5
Now handling font encoding C00 ...
... no UTF-8 mapping file for font encoding C00
Now handling font encoding C05 ...
... no UTF-8 mapping file for font encoding C05
Now handling font encoding C09 ...
... no UTF-8 mapping file for font encoding C09
Now handling font encoding C10 ...
... no UTF-8 mapping file for font encoding C10
Now handling font encoding C20 ...
... no UTF-8 mapping file for font encoding C20
Now handling font encoding C19 ...
... no UTF-8 mapping file for font encoding C19
Now handling font encoding C40 ...
... no UTF-8 mapping file for font encoding C40
Now handling font encoding C42 ...
... no UTF-8 mapping file for font encoding C42
Now handling font encoding C43 ...
... no UTF-8 mapping file for font encoding C43
Now handling font encoding C50 ...
... no UTF-8 mapping file for font encoding C50
Now handling font encoding C52 ...
... no UTF-8 mapping file for font encoding C52
Now handling font encoding C49 ...
... no UTF-8 mapping file for font encoding C49
Now handling font encoding C60 ...
... no UTF-8 mapping file for font encoding C60
Now handling font encoding C61 ...
... no UTF-8 mapping file for font encoding C61
Now handling font encoding C63 ...
... no UTF-8 mapping file for font encoding C63
Now handling font encoding C64 ...
... no UTF-8 mapping file for font encoding C64
Now handling font encoding C65 ...
... no UTF-8 mapping file for font encoding C65
Now handling font encoding C70 ...
... no UTF-8 mapping file for font encoding C70
Now handling font encoding C31 ...
... no UTF-8 mapping file for font encoding C31
Now handling font encoding C32 ...
... no UTF-8 mapping file for font encoding C32
Now handling font encoding C33 ...
... no UTF-8 mapping file for font encoding C33
Now handling font encoding C34 ...
... no UTF-8 mapping file for font encoding C34
Now handling font encoding C35 ...
... no UTF-8 mapping file for font encoding C35
Now handling font encoding C36 ...
... no UTF-8 mapping file for font encoding C36
Now handling font encoding C37 ...
... no UTF-8 mapping file for font encoding C37
Now handling font encoding C80 ...
... no UTF-8 mapping file for font encoding C80
Now handling font encoding C81 ...
... no UTF-8 mapping file for font encoding C81
Now handling font encoding C01 ...
... no UTF-8 mapping file for font encoding C01
Now handling font encoding C11 ...
... no UTF-8 mapping file for font encoding C11
Now handling font encoding C21 ...
... no UTF-8 mapping file for font encoding C21
Now handling font encoding C41 ...
... no UTF-8 mapping file for font encoding C41
Now handling font encoding C62 ...
... no UTF-8 mapping file for font encoding C62
)
\CJK@indent=\box54
)
(C:\Users\admin\AppData\Local\Programs\MiKTeX\tex/latex/base\fontenc.sty
Package: fontenc 2025/07/18 v2.1d Standard LaTeX package
))
(C:\Users\admin\AppData\Local\Programs\MiKTeX\tex/latex/cjkpunct\CJKpunct.sty
Package: CJKpunct 2016/05/14 4.8.4
\CJKpunct@cnta=\count287
\CJKpunct@cntb=\count288
\CJKpunct@cntc=\count289
\CJKpunct@cntd=\count290
\CJKpunct@cnte=\count291
   defining Unicode char U+2018 (decimal 8216)
   defining Unicode char U+2019 (decimal 8217)
   defining Unicode char U+201C (decimal 8220)
   defining Unicode char U+201D (decimal 8221)
   defining Unicode char U+2014 (decimal 8212)
   defining Unicode char U+2026 (decimal 8230)

(C:\Users\admin\AppData\Local\Programs\MiKTeX\tex/latex/cjkpunct\CJKpunct.spa))
(C:\Users\admin\AppData\Local\Programs\MiKTeX\tex/latex/cjk\CJKspace.sty
Package: CJKspace 2021/10/16 3.8.0
)
(C:\Users\admin\AppData\Local\Programs\MiKTeX\tex/latex/cjk/UTF8\UTF8.bdg
File: UTF8.bdg 2021/10/16 4.8.5
)
(C:\Users\admin\AppData\Local\Programs\MiKTeX\tex/latex/ctex\ctexspa.def
File: ctexspa.def 2022/07/14 v2.5.10 Space info for CJKpunct (CTEX)
)
\ccwd=\dimen150
\l__ctex_ccglue_skip=\skip51
)
\l__ctex_ziju_dim=\dimen151

(C:\Users\admin\AppData\Local\Programs\MiKTeX\tex/latex/zhnumber\zhnumber.sty
Package: zhnumber 2022/07/14 v3.0 Typesetting numbers with Chinese glyphs
\l__zhnum_scale_int=\count292
\l__zhnum_tmp_int=\count293

(C:\Users\admin\AppData\Local\Programs\MiKTeX\tex/latex/zhnumber\zhnumber-utf8.
cfg
File: zhnumber-utf8.cfg 2022/07/14 v3.0 Chinese numerals with UTF8 encoding
))
(C:\Users\admin\AppData\Local\Programs\MiKTeX\tex/latex/ctex/scheme\ctex-scheme
-chinese.def
File: ctex-scheme-chinese.def 2022/07/14 v2.5.10 Chinese scheme for generic (CT
EX)

(C:\Users\admin\AppData\Local\Programs\MiKTeX\tex/latex/ctex/config\ctex-name-u
tf8.cfg
File: ctex-name-utf8.cfg 2022/07/14 v2.5.10 Caption with encoding UTF-8 (CTEX)
))
(C:\Users\admin\AppData\Local\Programs\MiKTeX\tex/latex/tools\indentfirst.sty
Package: indentfirst 2023/07/02 v1.03 Indent first paragraph (DPC)
)
(C:\Users\admin\AppData\Local\Programs\MiKTeX\tex/latex/ctex/fontset\ctex-fonts
et-windows.def
File: ctex-fontset-windows.def 2022/07/14 v2.5.10 Windows fonts definition (CTE
X)
))
(C:\Users\admin\AppData\Local\Programs\MiKTeX\tex/latex/ctex/config\ctex.cfg
File: ctex.cfg 2022/07/14 v2.5.10 Configuration file (CTEX)
)
! Undefined control sequence.
<recently read> \setCJKmainfont 
                                
l.12 \setCJKmainfont
                    {SimSun}[BoldFont=SimHei,ItalicFont=KaiTi]
The control sequence at the end of the top line
of your error message was never \def'ed. If you have
misspelled it (e.g., `\hobx'), type `I' and the correct
spelling (e.g., `I\hbox'). Otherwise just continue,
and I'll forget about whatever was undefined.


! LaTeX Error: Missing \begin{document}.

See the LaTeX manual or LaTeX Companion for explanation.
Type  H <return>  for immediate help.
 ...                                              
                                                  
l.12 \setCJKmainfont{S
                      imSun}[BoldFont=SimHei,ItalicFont=KaiTi]
You're in trouble here.  Try typing  <return>  to proceed.
If that doesn't work, type  X <return>  to quit.

! Undefined control sequence.
l.13 \setmainfont
                 {Times New Roman}
The control sequence at the end of the top line
of your error message was never \def'ed. If you have
misspelled it (e.g., `\hobx'), type `I' and the correct
spelling (e.g., `I\hbox'). Otherwise just continue,
and I'll forget about whatever was undefined.

(C:\Users\admin\AppData\Local\Programs\MiKTeX\tex/latex/amsmath\amsmath.sty
Package: amsmath 2025/07/09 v2.17z AMS math features
\@mathmargin=\skip52

For additional information on amsmath, use the `?' option.
(C:\Users\admin\AppData\Local\Programs\MiKTeX\tex/latex/amsmath\amstext.sty
Package: amstext 2024/11/17 v2.01 AMS text

(C:\Users\admin\AppData\Local\Programs\MiKTeX\tex/latex/amsmath\amsgen.sty
File: amsgen.sty 1999/11/30 v2.0 generic functions
\@emptytoks=\toks19
\ex@=\dimen152
))
(C:\Users\admin\AppData\Local\Programs\MiKTeX\tex/latex/amsmath\amsbsy.sty
Package: amsbsy 1999/11/29 v1.2d Bold Symbols
\pmbraise@=\dimen153
)
(C:\Users\admin\AppData\Local\Programs\MiKTeX\tex/latex/amsmath\amsopn.sty
Package: amsopn 2022/04/08 v2.04 operator names
)
\inf@bad=\count294
LaTeX Info: Redefining \frac on input line 233.
\uproot@=\count295
\leftroot@=\count296
LaTeX Info: Redefining \overline on input line 398.
LaTeX Info: Redefining \colon on input line 409.
\classnum@=\count297
\DOTSCASE@=\count298
LaTeX Info: Redefining \ldots on input line 495.
LaTeX Info: Redefining \dots on input line 498.
LaTeX Info: Redefining \cdots on input line 619.
\Mathstrutbox@=\box55
\strutbox@=\box56
LaTeX Info: Redefining \big on input line 721.
LaTeX Info: Redefining \Big on input line 722.
LaTeX Info: Redefining \bigg on input line 723.
LaTeX Info: Redefining \Bigg on input line 724.
\big@size=\dimen154
LaTeX Font Info:    Redeclaring font encoding OML on input line 742.
LaTeX Font Info:    Redeclaring font encoding OMS on input line 743.
\macc@depth=\count299
LaTeX Info: Redefining \bmod on input line 904.
LaTeX Info: Redefining \pmod on input line 909.
LaTeX Info: Redefining \smash on input line 939.
LaTeX Info: Redefining \relbar on input line 969.
LaTeX Info: Redefining \Relbar on input line 970.
\c@MaxMatrixCols=\count300
\dotsspace@=\muskip17
\c@parentequation=\count301
\dspbrk@lvl=\count302
\tag@help=\toks20
\row@=\count303
\column@=\count304
\maxfields@=\count305
\andhelp@=\toks21
\eqnshift@=\dimen155
\alignsep@=\dimen156
\tagshift@=\dimen157
\tagwidth@=\dimen158
\totwidth@=\dimen159
\lineht@=\dimen160
\@envbody=\toks22
\multlinegap=\skip53
\multlinetaggap=\skip54
\mathdisplay@stack=\toks23
LaTeX Info: Redefining \[ on input line 2950.
LaTeX Info: Redefining \] on input line 2951.
)
(C:\Users\admin\AppData\Local\Programs\MiKTeX\tex/latex/amsfonts\amssymb.sty
Package: amssymb 2013/01/14 v3.01 AMS font symbols

(C:\Users\admin\AppData\Local\Programs\MiKTeX\tex/latex/amsfonts\amsfonts.sty
Package: amsfonts 2013/01/14 v3.01 Basic AMSFonts support
\symAMSa=\mathgroup4
\symAMSb=\mathgroup5
LaTeX Font Info:    Redeclaring math symbol \hbar on input line 98.
LaTeX Font Info:    Overwriting math alphabet `\mathfrak' in version `bold'
(Font)                  U/euf/m/n --> U/euf/b/n on input line 106.
)) (C:\Users\admin\AppData\Local\Programs\MiKTeX\tex/latex/amscls\amsthm.sty
Package: amsthm 2020/05/29 v2.20.6
\thm@style=\toks24
\thm@bodyfont=\toks25
\thm@headfont=\toks26
\thm@notefont=\toks27
\thm@headpunct=\toks28
\thm@preskip=\skip55
\thm@postskip=\skip56
\thm@headsep=\skip57
\dth@everypar=\toks29
)
(C:\Users\admin\AppData\Local\Programs\MiKTeX\tex/latex/mathtools\mathtools.sty
Package: mathtools 2024/10/04 v1.31 mathematical typesetting tools
(C:\Users\admin\AppData\Local\Programs\MiKTeX\tex/latex/graphics\keyval.sty
Package: keyval 2022/05/29 v1.15 key=value parser (DPC)
\KV@toks@=\toks30
)
(C:\Users\admin\AppData\Local\Programs\MiKTeX\tex/latex/tools\calc.sty
Package: calc 2025/03/01 v4.3b Infix arithmetic (KKT,FJ)
\calc@Acount=\count306
\calc@Bcount=\count307
\calc@Adimen=\dimen161
\calc@Bdimen=\dimen162
\calc@Askip=\skip58
\calc@Bskip=\skip59
LaTeX Info: Redefining \setlength on input line 86.
LaTeX Info: Redefining \addtolength on input line 87.
\calc@Ccount=\count308
\calc@Cskip=\skip60
)
(C:\Users\admin\AppData\Local\Programs\MiKTeX\tex/latex/mathtools\mhsetup.sty
Package: mhsetup 2021/03/18 v1.4 programming setup (MH)
)
\g_MT_multlinerow_int=\count309
\l_MT_multwidth_dim=\dimen163
\origjot=\skip61
\l_MT_shortvdotswithinadjustabove_dim=\dimen164
\l_MT_shortvdotswithinadjustbelow_dim=\dimen165
\l_MT_above_intertext_sep=\dimen166
\l_MT_below_intertext_sep=\dimen167
\l_MT_above_shortintertext_sep=\dimen168
\l_MT_below_shortintertext_sep=\dimen169
\xmathstrut@box=\box57
\xmathstrut@dim=\dimen170
) (C:\Users\admin\AppData\Local\Programs\MiKTeX\tex/latex/tools\bm.sty
Package: bm 2025/10/21 v1.2g Bold Symbol Support (DPC/FMi)
\symboldoperators=\mathgroup6
\symboldletters=\mathgroup7
\symboldsymbols=\mathgroup8
Package bm Info: No bold for \OMX/cmex/m/n, using \pmb.
Package bm Info: No bold for \U/msa/m/n, using \pmb.
Package bm Info: No bold for \U/msb/m/n, using \pmb.
LaTeX Font Info:    Redeclaring math alphabet \mathbf on input line 149.
)
(C:\Users\admin\AppData\Local\Programs\MiKTeX\tex/latex/bbm\bbm.sty
Package: bbm 1999/03/15 V 1.2 provides fonts for set symbols - TH
LaTeX Font Info:    Overwriting math alphabet `\mathbbm' in version `bold'
(Font)                  U/bbm/m/n --> U/bbm/bx/n on input line 33.
LaTeX Font Info:    Overwriting math alphabet `\mathbbmss' in version `bold'
(Font)                  U/bbmss/m/n --> U/bbmss/bx/n on input line 35.
)
(C:\Users\admin\AppData\Local\Programs\MiKTeX\tex/latex/doublestroke\dsfont.sty
Package: dsfont 1995/08/01 v0.1 Double stroke roman fonts
)
\c@theorem=\count310
 (C:\Users\admin\AppData\Local\Programs\MiKTeX\tex/latex/geometry\geometry.sty
Package: geometry 2026/03/07 v6.0 Page Geometry
(C:\Users\admin\AppData\Local\Programs\MiKTeX\tex/generic/iftex\ifvtex.sty
Package: ifvtex 2019/10/25 v1.7 ifvtex legacy package. Use iftex instead.
)
\Gm@cnth=\count311
\Gm@cntv=\count312
\c@Gm@tempcnt=\count313
\Gm@bindingoffset=\dimen171
\Gm@wd@mp=\dimen172
\Gm@odd@mp=\dimen173
\Gm@even@mp=\dimen174
\Gm@layoutwidth=\dimen175
\Gm@layoutheight=\dimen176
\Gm@layouthoffset=\dimen177
\Gm@layoutvoffset=\dimen178
\Gm@dimlist=\toks31

(C:\Users\admin\AppData\Local\Programs\MiKTeX\tex/latex/geometry\geometry.cfg))
(C:\Users\admin\AppData\Local\Programs\MiKTeX\tex/latex/booktabs\booktabs.sty
Package: booktabs 2020/01/12 v1.61803398 Publication quality tables
\heavyrulewidth=\dimen179
\lightrulewidth=\dimen180
\cmidrulewidth=\dimen181
\belowrulesep=\dimen182
\belowbottomsep=\dimen183
\aboverulesep=\dimen184
\abovetopsep=\dimen185
\cmidrulesep=\dimen186
\cmidrulekern=\dimen187
\defaultaddspace=\dimen188
\@cmidla=\count314
\@cmidlb=\count315
\@aboverulesep=\dimen189
\@belowrulesep=\dimen190
\@thisruleclass=\count316
\@lastruleclass=\count317
\@thisrulewidth=\dimen191
)
(C:\Users\admin\AppData\Local\Programs\MiKTeX\tex/latex/graphics\graphicx.sty
Package: graphicx 2024/12/31 v1.2e Enhanced LaTeX Graphics (DPC,SPQR)

(C:\Users\admin\AppData\Local\Programs\MiKTeX\tex/latex/graphics\graphics.sty
Package: graphics 2024/08/06 v1.4g Standard LaTeX Graphics (DPC,SPQR)

(C:\Users\admin\AppData\Local\Programs\MiKTeX\tex/latex/graphics\trig.sty
Package: trig 2023/12/02 v1.11 sin cos tan (DPC)
)
(C:\Users\admin\AppData\Local\Programs\MiKTeX\tex/latex/graphics-cfg\graphics.c
fg
File: graphics.cfg 2016/06/04 v1.11 sample graphics configuration
)
Package graphics Info: Driver file: pdftex.def on input line 106.

(C:\Users\admin\AppData\Local\Programs\MiKTeX\tex/latex/graphics-def\pdftex.def
File: pdftex.def 2025/09/29 v1.2d Graphics/color driver for pdftex
))
\Gin@req@height=\dimen192
\Gin@req@width=\dimen193
)
(C:\Users\admin\AppData\Local\Programs\MiKTeX\tex/latex/hyperref\hyperref.sty
Package: hyperref 2025-07-12 v7.01o Hypertext links for LaTeX

(C:\Users\admin\AppData\Local\Programs\MiKTeX\tex/latex/kvsetkeys\kvsetkeys.sty
Package: kvsetkeys 2022-10-05 v1.19 Key value parser (HO)
)
(C:\Users\admin\AppData\Local\Programs\MiKTeX\tex/generic/kvdefinekeys\kvdefine
keys.sty
Package: kvdefinekeys 2019-12-19 v1.6 Define keys (HO)
)
(C:\Users\admin\AppData\Local\Programs\MiKTeX\tex/generic/pdfescape\pdfescape.s
ty
Package: pdfescape 2019/12/09 v1.15 Implements pdfTeX's escape features (HO)

(C:\Users\admin\AppData\Local\Programs\MiKTeX\tex/generic/ltxcmds\ltxcmds.sty
Package: ltxcmds 2023-12-04 v1.26 LaTeX kernel commands for general use (HO)
)
(C:\Users\admin\AppData\Local\Programs\MiKTeX\tex/generic/pdftexcmds\pdftexcmds
.sty
Package: pdftexcmds 2020-06-27 v0.33 Utility functions of pdfTeX for LuaTeX (HO
)

(C:\Users\admin\AppData\Local\Programs\MiKTeX\tex/generic/infwarerr\infwarerr.s
ty
Package: infwarerr 2019/12/03 v1.5 Providing info/warning/error messages (HO)
)
Package pdftexcmds Info: \pdf@primitive is available.
Package pdftexcmds Info: \pdf@ifprimitive is available.
Package pdftexcmds Info: \pdfdraftmode found.
))
(C:\Users\admin\AppData\Local\Programs\MiKTeX\tex/latex/hycolor\hycolor.sty
Package: hycolor 2020-01-27 v1.10 Color options for hyperref/bookmark (HO)
)
(C:\Users\admin\AppData\Local\Programs\MiKTeX\tex/latex/hyperref\nameref.sty
Package: nameref 2025-06-21 v2.57 Cross-referencing by name of section

(C:\Users\admin\AppData\Local\Programs\MiKTeX\tex/latex/refcount\refcount.sty
Package: refcount 2019/12/15 v3.6 Data extraction from label references (HO)
)
(C:\Users\admin\AppData\Local\Programs\MiKTeX\tex/generic/gettitlestring\gettit
lestring.sty
Package: gettitlestring 2019/12/15 v1.6 Cleanup title references (HO)

(C:\Users\admin\AppData\Local\Programs\MiKTeX\tex/latex/kvoptions\kvoptions.sty
Package: kvoptions 2022-06-15 v3.15 Key value format for package options (HO)
))
\c@section@level=\count318
)
(C:\Users\admin\AppData\Local\Programs\MiKTeX\tex/latex/etoolbox\etoolbox.sty
Package: etoolbox 2025/10/02 v2.5m e-TeX tools for LaTeX (JAW)
\etb@tempcnta=\count319
)
(C:\Users\admin\AppData\Local\Programs\MiKTeX\tex/generic/stringenc\stringenc.s
ty
Package: stringenc 2019/11/29 v1.12 Convert strings between diff. encodings (HO
)
)
\@linkdim=\dimen194
\Hy@linkcounter=\count320
\Hy@pagecounter=\count321
 (C:\Users\admin\AppData\Local\Programs\MiKTeX\tex/latex/hyperref\pd1enc.def
File: pd1enc.def 2025-07-12 v7.01o Hyperref: PDFDocEncoding definition (HO)
Now handling font encoding PD1 ...
... no UTF-8 mapping file for font encoding PD1
) (C:\Users\admin\AppData\Local\Programs\MiKTeX\tex/generic/intcalc\intcalc.sty
Package: intcalc 2019/12/15 v1.3 Expandable calculations with integers (HO)
)
\Hy@SavedSpaceFactor=\count322
 (C:\Users\admin\AppData\Local\Programs\MiKTeX\tex/latex/hyperref\puenc.def
File: puenc.def 2025-07-12 v7.01o Hyperref: PDF Unicode definition (HO)
Now handling font encoding PU ...
... no UTF-8 mapping file for font encoding PU
)
Package hyperref Info: Option `unicode' set `true' on input line 4066.
Package hyperref Info: Hyper figures OFF on input line 4195.
Package hyperref Info: Link nesting OFF on input line 4200.
Package hyperref Info: Hyper index ON on input line 4203.
Package hyperref Info: Plain pages OFF on input line 4210.
Package hyperref Info: Backreferencing OFF on input line 4215.
Package hyperref Info: Implicit mode ON; LaTeX internals redefined.
Package hyperref Info: Bookmarks ON on input line 4462.
\c@Hy@tempcnt=\count323

(C:\Users\admin\AppData\Local\Programs\MiKTeX\tex/latex/url\url.sty
\Urlmuskip=\muskip18
Package: url 2013/09/16  ver 3.4  Verb mode for urls, etc.
)
LaTeX Info: Redefining \url on input line 4801.
\XeTeXLinkMargin=\dimen195

(C:\Users\admin\AppData\Local\Programs\MiKTeX\tex/generic/bitset\bitset.sty
Package: bitset 2019/12/09 v1.3 Handle bit-vector datatype (HO)

(C:\Users\admin\AppData\Local\Programs\MiKTeX\tex/generic/bigintcalc\bigintcalc
.sty
Package: bigintcalc 2019/12/15 v1.5 Expandable calculations on big integers (HO
)
))
\Fld@menulength=\count324
\Field@Width=\dimen196
\Fld@charsize=\dimen197
Package hyperref Info: Hyper figures OFF on input line 6078.
Package hyperref Info: Link nesting OFF on input line 6083.
Package hyperref Info: Hyper index ON on input line 6086.
Package hyperref Info: backreferencing OFF on input line 6093.
Package hyperref Info: Link coloring OFF on input line 6098.
Package hyperref Info: Link coloring with OCG OFF on input line 6103.
Package hyperref Info: PDF/A mode OFF on input line 6108.
\Hy@abspage=\count325
\c@Item=\count326
\c@Hfootnote=\count327
)
Package hyperref Info: Driver (autodetected): hpdftex.

(C:\Users\admin\AppData\Local\Programs\MiKTeX\tex/latex/hyperref\hpdftex.def
File: hpdftex.def 2025-07-12 v7.01o Hyperref driver for pdfTeX
\Fld@listcount=\count328
\c@bookmark@seq@number=\count329

(C:\Users\admin\AppData\Local\Programs\MiKTeX\tex/latex/rerunfilecheck\rerunfil
echeck.sty
Package: rerunfilecheck 2025-06-21 v1.11 Rerun checks for auxiliary files (HO)

(C:\Users\admin\AppData\Local\Programs\MiKTeX\tex/generic/uniquecounter\uniquec
ounter.sty
Package: uniquecounter 2019/12/15 v1.4 Provide unlimited unique counter (HO)
)
Package uniquecounter Info: New unique counter `rerunfilecheck' on input line 2
84.
)
\Hy@SectionHShift=\skip62
)
(C:\Users\admin\AppData\Local\Programs\MiKTeX\tex/latex/enumitem\enumitem.sty
Package: enumitem 2025/02/06 v3.11 Customized lists
\labelindent=\skip63
\enit@outerparindent=\dimen198
\enit@toks=\toks32
\enit@inbox=\box58
\enit@count@id=\count330
\enitdp@description=\count331
)
(C:\Users\admin\AppData\Local\Programs\MiKTeX\tex/latex/cleveref\cleveref.sty
Package: cleveref 2018/03/27 v0.21.4 Intelligent cross-referencing
Package cleveref Info: `hyperref' support loaded on input line 2370.
LaTeX Info: Redefining \cref on input line 2370.
LaTeX Info: Redefining \Cref on input line 2370.
LaTeX Info: Redefining \crefrange on input line 2370.
LaTeX Info: Redefining \Crefrange on input line 2370.
LaTeX Info: Redefining \cpageref on input line 2370.
LaTeX Info: Redefining \Cpageref on input line 2370.
LaTeX Info: Redefining \cpagerefrange on input line 2370.
LaTeX Info: Redefining \Cpagerefrange on input line 2370.
LaTeX Info: Redefining \labelcref on input line 2370.
LaTeX Info: Redefining \labelcpageref on input line 2370.
Package cleveref Info: `amsthm' support loaded on input line 3026.
Package cleveref Info: always capitalise cross-reference names on input line 78
25.
Package cleveref Info: always capitalise cross-reference names on input line 78
52.
Package cleveref Info: no abbreviation of names on input line 7852.
)
==> First Aid for cleveref.sty applied!
(C:\Users\admin\AppData\Local\Programs\MiKTeX\tex/latex/cjk/UTF8\UTF8.enc
File: UTF8.enc 2021/10/16 4.8.5
)
(C:\Users\admin\AppData\Local\Programs\MiKTeX\tex/latex/cjk/UTF8\UTF8.chr
File: UTF8.chr 2021/10/16 4.8.5
)
(main.aux)
\openout1 = `main.aux'.

LaTeX Font Info:    Checking defaults for OML/cmm/m/it on input line 86.
LaTeX Font Info:    ... okay on input line 86.
LaTeX Font Info:    Checking defaults for OMS/cmsy/m/n on input line 86.
LaTeX Font Info:    ... okay on input line 86.
LaTeX Font Info:    Checking defaults for OT1/cmr/m/n on input line 86.
LaTeX Font Info:    ... okay on input line 86.
LaTeX Font Info:    Checking defaults for T1/cmr/m/n on input line 86.
LaTeX Font Info:    ... okay on input line 86.
LaTeX Font Info:    Checking defaults for TS1/cmr/m/n on input line 86.
LaTeX Font Info:    ... okay on input line 86.
LaTeX Font Info:    Checking defaults for OMX/cmex/m/n on input line 86.
LaTeX Font Info:    ... okay on input line 86.
LaTeX Font Info:    Checking defaults for U/cmr/m/n on input line 86.
LaTeX Font Info:    ... okay on input line 86.
LaTeX Font Info:    Checking defaults for C00/song/m/n on input line 86.
LaTeX Font Info:    ... okay on input line 86.
LaTeX Font Info:    Checking defaults for C05/song/m/n on input line 86.
LaTeX Font Info:    ... okay on input line 86.
LaTeX Font Info:    Checking defaults for C09/song/m/n on input line 86.
LaTeX Font Info:    ... okay on input line 86.
LaTeX Font Info:    Checking defaults for C10/song/m/n on input line 86.
LaTeX Font Info:    ... okay on input line 86.
LaTeX Font Info:    Checking defaults for C20/song/m/n on input line 86.
LaTeX Font Info:    ... okay on input line 86.
LaTeX Font Info:    Checking defaults for C19/song/m/n on input line 86.
LaTeX Font Info:    ... okay on input line 86.
LaTeX Font Info:    Checking defaults for C40/song/m/n on input line 86.
LaTeX Font Info:    ... okay on input line 86.
LaTeX Font Info:    Checking defaults for C42/song/m/n on input line 86.
LaTeX Font Info:    ... okay on input line 86.
LaTeX Font Info:    Checking defaults for C43/song/m/n on input line 86.
LaTeX Font Info:    ... okay on input line 86.
LaTeX Font Info:    Checking defaults for C50/song/m/n on input line 86.
LaTeX Font Info:    ... okay on input line 86.
LaTeX Font Info:    Checking defaults for C52/song/m/n on input line 86.
LaTeX Font Info:    ... okay on input line 86.
LaTeX Font Info:    Checking defaults for C49/song/m/n on input line 86.
LaTeX Font Info:    ... okay on input line 86.
LaTeX Font Info:    Checking defaults for C60/mj/m/n on input line 86.
LaTeX Font Info:    ... okay on input line 86.
LaTeX Font Info:    Checking defaults for C61/mj/m/n on input line 86.
LaTeX Font Info:    ... okay on input line 86.
LaTeX Font Info:    Checking defaults for C63/mj/m/n on input line 86.
LaTeX Font Info:    ... okay on input line 86.
LaTeX Font Info:    Checking defaults for C64/mj/m/n on input line 86.
LaTeX Font Info:    ... okay on input line 86.
LaTeX Font Info:    Checking defaults for C65/mj/m/n on input line 86.
LaTeX Font Info:    ... okay on input line 86.
LaTeX Font Info:    Checking defaults for C70/song/m/n on input line 86.
LaTeX Font Info:    ... okay on input line 86.
LaTeX Font Info:    Checking defaults for C31/song/m/n on input line 86.
LaTeX Font Info:    ... okay on input line 86.
LaTeX Font Info:    Checking defaults for C32/song/m/n on input line 86.
LaTeX Font Info:    ... okay on input line 86.
LaTeX Font Info:    Checking defaults for C33/song/m/n on input line 86.
LaTeX Font Info:    ... okay on input line 86.
LaTeX Font Info:    Checking defaults for C34/song/m/n on input line 86.
LaTeX Font Info:    ... okay on input line 86.
LaTeX Font Info:    Checking defaults for C35/song/m/n on input line 86.
LaTeX Font Info:    ... okay on input line 86.
LaTeX Font Info:    Checking defaults for C36/song/m/n on input line 86.
LaTeX Font Info:    ... okay on input line 86.
LaTeX Font Info:    Checking defaults for C37/song/m/n on input line 86.
LaTeX Font Info:    ... okay on input line 86.
LaTeX Font Info:    Checking defaults for C80/song/m/n on input line 86.
LaTeX Font Info:    ... okay on input line 86.
LaTeX Font Info:    Checking defaults for C81/song/m/n on input line 86.
LaTeX Font Info:    ... okay on input line 86.
LaTeX Font Info:    Checking defaults for C01/song/m/n on input line 86.
LaTeX Font Info:    ... okay on input line 86.
LaTeX Font Info:    Checking defaults for C11/song/m/n on input line 86.
LaTeX Font Info:    ... okay on input line 86.
LaTeX Font Info:    Checking defaults for C21/song/m/n on input line 86.
LaTeX Font Info:    ... okay on input line 86.
LaTeX Font Info:    Checking defaults for C41/song/m/n on input line 86.
LaTeX Font Info:    ... okay on input line 86.
LaTeX Font Info:    Checking defaults for C62/song/m/n on input line 86.
LaTeX Font Info:    ... okay on input line 86.
LaTeX Font Info:    Checking defaults for PD1/pdf/m/n on input line 86.
LaTeX Font Info:    ... okay on input line 86.
LaTeX Font Info:    Checking defaults for PU/pdf/m/n on input line 86.
LaTeX Font Info:    ... okay on input line 86.

*geometry* driver: auto-detecting
*geometry* detected driver: pdftex
*geometry* verbose mode - [ preamble ] result:
* driver: pdftex
* paper: a4paper
* layout: <same size as paper>
* layoutoffset:(h,v)=(0.0pt,0.0pt)
* modes: 
* h-part:(L,W,R)=(71.13188pt, 455.24411pt, 71.13188pt)
* v-part:(T,H,B)=(71.13188pt, 702.78308pt, 71.13188pt)
* \paperwidth=597.50787pt
* \paperheight=845.04684pt
* \textwidth=455.24411pt
* \textheight=702.78308pt
* \oddsidemargin=-1.1381pt
* \evensidemargin=-1.1381pt
* \topmargin=-38.1381pt
* \headheight=12.0pt
* \headsep=25.0pt
* \topskip=11.0pt
* \footskip=30.0pt
* \marginparwidth=50.0pt
* \marginparsep=10.0pt
* \columnsep=10.0pt
* \skip\footins=10.0pt plus 4.0pt minus 2.0pt
* \hoffset=0.0pt
* \voffset=0.0pt
* \mag=1000
* \@twocolumnfalse
* \@twosidefalse
* \@mparswitchfalse
* \@reversemarginfalse
* (1in=72.27pt=25.4mm, 1cm=28.453pt)


(C:\Users\admin\AppData\Local\Programs\MiKTeX\tex/context/base/mkii\supp-pdf.mk
ii
[Loading MPS to PDF converter (version 2006.09.02).]
\scratchcounter=\count332
\scratchdimen=\dimen199
\scratchbox=\box59
\nofMPsegments=\count333
\nofMParguments=\count334
\everyMPshowfont=\toks33
\MPscratchCnt=\count335
\MPscratchDim=\dimen256
\MPnumerator=\count336
\makeMPintoPDFobject=\count337
\everyMPtoPDFconversion=\toks34
)
(C:\Users\admin\AppData\Local\Programs\MiKTeX\tex/latex/epstopdf-pkg\epstopdf-b
ase.sty
Package: epstopdf-base 2020-01-24 v2.11 Base part for package epstopdf

(C:\Users\admin\AppData\Local\Programs\MiKTeX\tex/latex/grfext\grfext.sty
Package: grfext 2019/12/03 v1.3 Manage graphics extensions (HO)
)
Package epstopdf-base Info: Redefining graphics rule for `.eps' on input line 4
85.
Package grfext Info: Graphics extension search list:
(grfext)             [.pdf,.png,.jpg,.mps,.jpeg,.jbig2,.jb2,.PDF,.PNG,.JPG,.JPE
G,.JBIG2,.JB2,.eps]
(grfext)             \AppendGraphicsExtensions on input line 504.

(C:\Users\admin\AppData\Local\Programs\MiKTeX\tex/latex/00miktex\epstopdf-sys.c
fg
File: epstopdf-sys.cfg 2021/03/18 v2.0 Configuration of epstopdf for MiKTeX
))
Package hyperref Info: Link coloring OFF on input line 86.
 (main.out) (main.out)
\@outlinefile=\write3
\openout3 = `main.out'.


(C:\Users\admin\AppData\Local\Programs\MiKTeX\tex/generic/ctex/zhmap\ctex-zhmap
-windows.tex
File: ctex-zhmap-windows.tex 2022/07/14 v2.5.10 Windows font map loader for pdf
TeX and DVIPDFMx (CTEX)
{C:/Users/admin/AppData/Local/MiKTeX/fonts/map/pdftex/pdftex.map}{UGBK.sfd}{Uni
code.sfd}) [1

]
LaTeX Font Info:    Trying to load font information for C70+rm on input line 89
.

(C:\Users\admin\AppData\Local\Programs\MiKTeX\tex/latex/ctex/fd\c70rm.fd
File: c70rm.fd 2022/07/14 v2.5.10 Chinese font definition (CTEX)
)
Package CJKpunct Info: use punctuation spaces for family 'rm' with punctstyle (
quanjiao) on input line 89.
LaTeX Font Info:    Trying to load font information for U+msa on input line 89.


(C:\Users\admin\AppData\Local\Programs\MiKTeX\tex/latex/amsfonts\umsa.fd
File: umsa.fd 2013/01/14 v3.01 AMS symbols A
)
LaTeX Font Info:    Trying to load font information for U+msb on input line 89.


(C:\Users\admin\AppData\Local\Programs\MiKTeX\tex/latex/amsfonts\umsb.fd
File: umsb.fd 2013/01/14 v3.01 AMS symbols B
)
Overfull \hbox (10.90326pt too wide) in paragraph at lines 100--104
[]\C70/rm/bx/n/10/7b , \C70/rm/bx/n/10/4e ^^@ |\C70/rm/m/n/10/ff ^^H|\C70/rm/m/
n/10/79 č \C70/rm/m/n/10/5b f \C70/rm/m/n/10/51 q \C70/rm/m/n/10/8b Ų \C70/rm/m
/n/10/5b Ü \C70/rm/m/n/10/74 ^^F|\C70/rm/m/n/10/ff 	||^^L| \C70/rm/m/n/10/5b Ü 
\C70/rm/m/n/10/4e I$\OML/cmm/m/it/10 M$\C70/rm/m/n/10/4e ^^S \C70/rm/m/n/10/5b 
Č \C70/rm/m/n/10/72 ņ \C70/rm/m/n/10/7a ╦ \C70/rm/m/n/10/9a ī \C70/rm/m/n/10/8b
 ┴ \C70/rm/m/n/10/4e  \C70/rm/m/n/10/76 ä \C70/rm/m/n/10/51 q \C70/rm/m/n/10/8
b Ų \C70/rm/m/n/10/67 a \C70/rm/m/n/10/4e ÷|\C70/rm/m/n/10/ff ^^Z| \C70/rm/m/n/
10/5f S \C70/rm/m/n/10/4e ^^T ┼ \C70/rm/m/n/10/5f S\OT1/cmr/m/n/10 Chernoff-Hoe
ffding\C70/rm/m/n/10/63 ^^G
 []


Overfull \hbox (26.74205pt too wide) in paragraph at lines 100--104
\C70/rm/m/n/10/71 6 \C70/rm/m/n/10/65 6 [ \C70/rm/m/n/10/52 0 \C70/rm/m/n/10/77
 ^^_ \C70/rm/m/n/10/50 <|\C70/rm/m/n/10/ff ^^[| \C70/rm/m/n/10/8b ┴ \C70/rm/m/n
/10/66 ^^N \C70/rm/bx/n/10/72 ņ \C70/rm/bx/n/10/91 Æ \C70/rm/bx/n/10/4e ^^M \C7
0/rm/bx/n/10/59 * \C70/rm/bx/n/10/53 ’ \C70/rm/bx/n/10/80 ² \C70/rm/bx/n/10/5b 
Ü \C70/rm/bx/n/10/74 ^^F|\C70/rm/m/n/10/ff ^^Z| \C70/rm/m/n/10/5f S$\OML/cmm/m/
it/10 M$\C70/rm/m/n/10/51 E \C70/rm/m/n/10/52 ^^F \C70/rm/m/n/10/59 ' \C70/rm/m
/n/10/65 ÷|\C70/rm/m/n/10/ff ^^L| \C70/rm/m/n/10/53 U \C70/rm/m/n/10/4e * \C70/
rm/m/n/10/5f ^^B \C70/rm/m/n/10/8b « \C70/rm/m/n/10/80 ^^E \C70/rm/m/n/10/6b c 
\C70/rm/m/n/10/78 n \C70/rm/m/n/10/76 ä \C70/rm/m/n/10/69 é \C70/rm/m/n/10/73 ć
 \C70/rm/m/n/10/4e Õ$[]\OT1/cmr/m/n/10 (\OMS/cmsy/m/n/10 ^^@\OT1/cmr/m/n/10 2\O
ML/cmm/m/it/10 M\OT1/cmr/m/n/10 ^^A[])$\C70/rm/m/n/10/88 p
 []


Overfull \hbox (50.63705pt too wide) in paragraph at lines 116--120
[]\C70/rm/bx/n/10/7b , \C70/rm/bx/n/10/56 █ |\C70/rm/m/n/10/ff ^^H|\C70/rm/m/n/
10/59 ^^M \C70/rm/m/n/10/73 ░ \C70/rm/m/n/10/53 q \C70/rm/m/n/10/67 : \C70/rm/m
/n/10/76 ä\OT1/cmr/m/n/10 SCX\C70/rm/m/n/10/8b ╩ \C70/rm/m/n/10/65 Ł|\C70/rm/m/
n/10/ff 	||^^L| \C70/rm/m/n/10/8b ┴ \C70/rm/m/n/10/66 ^^N \C70/rm/m/n/10/59 ^^Z
 \C70/rm/m/n/10/4e ^^S \C70/rm/m/n/10/5b Č \C70/rm/m/n/10/72 ņ \C70/rm/m/n/10/7
a ╦ \C70/rm/m/n/10/59 ^^M \C70/rm/m/n/10/73 ░ \C70/rm/m/n/10/59 1 \C70/rm/m/n/1
0/8d % \C70/rm/m/n/10/76 ä \C70/rm/m/n/10/51 E \C70/rm/m/n/10/89 ü \C70/rm/m/n/
10/67 a \C70/rm/m/n/10/4e ÷|\C70/rm/m/n/10/ff ^^Z| \C70/rm/m/n/10/82 Õ \C70/rm/
m/n/10/72 ņ \C70/rm/m/n/10/7a ╦ \C70/rm/m/n/10/59 ^^M \C70/rm/m/n/10/73 ░ \C70/
rm/m/n/10/96 Ų$\OMS/cmsy/m/n/10 f\OML/cmm/m/it/10 E[]; [] ; E[]\OMS/cmsy/m/n/10
 g$\C70/rm/m/n/10/76 ä
 []


Overfull \hbox (10.5976pt too wide) in paragraph at lines 116--120
\C70/rm/m/n/10/62 Ģ \C70/rm/m/n/10/79 h \C70/rm/m/n/10/6a ! \C70/rm/m/n/10/5f ^
^O \C70/rm/m/n/10/6e ß \C70/rm/m/n/10/8d │ $[] \OMS/cmsy/m/n/10 ^^T \OT1/cmr/m/
n/10 0$ |\C70/rm/m/n/10/ff ^^H|\OT1/cmr/m/n/10 Chernoff\C70/rm/m/n/10/68 └ \C70
/rm/m/n/10/9a ī|\C70/rm/m/n/10/ff 	||^^L| \C70/rm/m/n/10/52 ^^Y \C70/rm/m/n/10/
53 ¤ \C70/rm/m/n/10/58 ­ \C70/rm/m/n/10/79 ­ \C70/rm/m/n/10/76 ä \C70/rm/m/n/10
/51 q \C70/rm/m/n/10/8b Ų \C70/rm/m/n/10/4e ^^M \C70/rm/m/n/10/62 ^^P \C70/rm/m
/n/10/7a ╦|\C70/rm/m/n/10/30 ^^B| \C70/rm/m/n/10/7e ┘ \C70/rm/m/n/10/51 · \C70/
rm/m/n/10/59 ^^M \C70/rm/m/n/10/73 ░ \C70/rm/m/n/10/59 1 \C70/rm/m/n/10/8d % \C
70/rm/m/n/10/76 ä \C70/rm/m/n/10/4e 	 \C70/rm/m/n/10/79 ═\OT1/cmr/m/n/10 SCX\C7
0/rm/m/n/10/6a !
 []

[2]
Package CJKpunct Info: use punctuation spaces for family 'zhkai' with punctstyl
e (quanjiao) on input line 168.

Overfull \hbox (20.8279pt too wide) in paragraph at lines 168--170
\C70/rm/bx/n/10.95/5b Ü \C70/rm/bx/n/10.95/4e I \OT1/cmr/bx/n/10.95 1.1 \OT1/cm
r/m/n/10.95 (\C70/rm/m/n/10.95/72 Č \C70/rm/m/n/10.95/60 ^^A \C70/rm/m/n/10.95/
7a z \C70/rm/m/n/10.95/95 ¶ |\C70/rm/m/n/10.95/20 ^^T||^^T| \C70/rm/m/n/10.95/7
9 č \C70/rm/m/n/10.95/5b f \C70/rm/m/n/10.95/58 ­ \C70/rm/m/n/10.95/79 ­ \C70/r
m/m/n/10.95/76 ä \C70/rm/m/n/10.95/53 ¤ \C70/rm/m/n/10.95/5b P \C70/rm/m/n/10.9
5/53 ^^V\OT1/cmr/m/n/10.95 )\OT1/cmr/bx/n/10.95 . \C70/rm/bx/it/10.95/79 č \C70
/rm/bx/it/10.95/5b f \C70/rm/m/it/10.95/77 Õ \C70/rm/m/it/10.95/8b Ų \C70/rm/m/
it/10.95/88 ½ \C70/rm/bx/it/10.95/79 ╗ \C70/rm/m/it/10.95/65 c \C70/rm/bx/it/10
.95/53 ^^V \C70/rm/m/it/10.95/4e : \C70/rm/m/it/10.95/72 Č \C70/rm/m/it/10.95/6
0 ^^A \C70/rm/bx/it/10.95/53 ¤ \C70/rm/bx/it/10.95/5b P \C70/rm/m/it/10.95/96 Ų
 \C70/rm/m/it/10.95/54 ^^H$\OMS/cmsy/m/n/10.95 S \OT1/cmr/m/n/10.95 = \OMS/cmsy
/m/n/10.95 f\OML/cmm/m/it/10.95 s[]; s[]; [] ; s[]\OMS/cmsy/m/n/10.95 g$|\C70/r
m/m/it/10.95/30 ^^B|
 []

[3]

Package hyperref Warning: Token not allowed in a PDF string (Unicode):
(hyperref)                removing `math shift' on input line 230.


Package hyperref Warning: Token not allowed in a PDF string (Unicode):
(hyperref)                removing `math shift' on input line 230.

[4]
Overfull \hbox (10.62233pt too wide) detected at line 311
[][][][][][]
 []

[5]
Overfull \hbox (3.08675pt too wide) in paragraph at lines 348--352
\C70/rm/m/n/10.95/68 < \C70/rm/m/n/10.95/4f ▌ \C70/rm/m/n/10.95/8b ┴|\C70/rm/m/
n/10.95/30 ^^B| \C70/rm/m/n/10.95/6b e \C70/rm/m/n/10.95/9a ż\OT1/cmr/m/n/10.95
 4\C70/rm/m/n/10.95/76 ä\OT1/cmr/m/n/10.95 Chernoff\C70/rm/m/n/10.95/5f b ^^O \
C70/rm/m/n/10.95/52 ) \C70/rm/m/n/10.95/75 ( \C70/rm/m/n/10.95/4e å\OT1/cmr/m/n
/10.95 Hoeffding\C70/rm/m/n/10.95/75 L \C70/rm/m/n/10.95/76 ä \C70/rm/m/n/10.95
/63 ^^G \C70/rm/m/n/10.95/65 p \C70/rm/m/n/10.95/7d ' \C70/rm/m/n/10.95/60 '|\C
70/rm/m/n/10.95/30 ^^B| \C70/rm/m/n/10.95/97 ^^@ \C70/rm/m/n/10.95/6c Ķ \C70/rm
/m/n/10.95/61 ^^O|\C70/rm/m/n/10.95/ff ^^Z| \C70/rm/m/n/10.95/6b d \C70/rm/m/n/
10.95/8b ┴ \C70/rm/m/n/10.95/66 ^^N \C70/rm/m/n/10.95/50 G \C70/rm/m/n/10.95/8b
 Š \C70/rm/m/n/10.95/51 H \C70/rm/m/n/10.95/9a ī$\U/msb/m/n/10.95 P\OT1/cmr/m/n
/10.95 (\OML/cmm/m/it/10.95 H[]\OT1/cmr/m/n/10.95 ) \OMS/cmsy/m/n/10.95 ^^Y
 []


Overfull \hbox (7.70808pt too wide) in paragraph at lines 378--380
[]\C70/rm/m/n/10.95/57 ( \C70/rm/m/n/10.95/96 ÷ \C70/rm/m/n/10.95/50 G \C70/rm/
m/n/10.95/8b Š$\OML/cmm/m/it/10.95 H[] \OT1/cmr/m/n/10.95 : ^^A[] \OMS/cmsy/m/n
/10.95 ^^T \OT1/cmr/m/n/10.95 0$ |\C70/rm/m/n/10.95/ff ^^H|\C70/rm/m/n/10.95/58
 ­ \C70/rm/m/n/10.95/79 ­ \C70/rm/m/n/10.95/97 ^ \C70/rm/m/n/10.95/77 ^^_|\C70/
rm/m/n/10.95/ff ^^L| \C70/rm/m/n/10.95/51 q \C70/rm/m/n/10.95/8b Ų \C70/rm/m/n/
10.95/4e ^^M \C70/rm/m/n/10.95/5e ö \C70/rm/m/n/10.95/62 ^^P \C70/rm/m/n/10.95/
7a ╦|\C70/rm/m/n/10.95/ff 	| \C70/rm/m/n/10.95/4e |\C70/rm/m/n/10.95/ff ^^L|  
$\OML/cmm/m/it/10.95 C[]\OT1/cmr/m/n/10.95 (\OML/cmm/m/it/10.95 s\OT1/cmr/m/n/1
0.95 )$\C70/rm/m/n/10.95/76 ä \C70/rm/m/n/10.95/67 ^^_ ^^[$\OMS/cmsy/m/n/10.95 
^^T \OT1/cmr/m/n/10.95 1\OML/cmm/m/it/10.95 =\OT1/cmr/m/n/10.95 2$|\C70/rm/m/n/
10.95/30 ^^B| \C70/rm/m/n/10.95/75 1\OT1/cmr/m/n/10.95 Hoeffding\C70/rm/m/n/10.
95/4e ^^M
 []

[6] [7] [8] [9]
Overfull \hbox (52.97403pt too wide) detected at line 629
[][][][][]\OT1/cmr/m/n/10.95 (\OML/cmm/m/it/10.95 M; \OT1/cmr/m/n/10.95 ^^A[]\O
ML/cmm/m/it/10.95 ; \OT1/cmr/m/n/10.95 ) = \U/msb/m/n/10.95 P[] [] \OMS/cmsy/m
/n/10.95 ^^U \OT1/cmr/m/n/10.95 1 \OMS/cmsy/m/n/10.95 ^^@ [] [] []
 []


Overfull \hbox (27.29298pt too wide) in paragraph at lines 642--646
\OT1/cmr/m/n/10.95 Quine\C70/rm/m/n/10.95/76 ä \C70/rm/m/n/10.95/89 Ń \C70/rm/m
/n/10.95/51 │ \C70/rm/m/n/10.95/65 ╣ \C70/rm/m/n/10.95/68 H |\C70/rm/m/n/10.95/
ff ^^H|\C70/rm/m/n/10.95/6b e \C70/rm/m/n/10.95/9a ż\OT1/cmr/m/n/10.95 3|\C70/r
m/m/n/10.95/ff 	| \C70/rm/m/n/10.95/76 ä\OT1/cmr/m/n/10.95 ``\C70/rm/m/n/10.95/
5b Ü \C70/rm/m/n/10.95/4f M\OT1/cmr/m/n/10.95 ''\C70/rm/m/n/10.95/67 : \C70/rm/
m/n/10.95/52 6 \C70/rm/m/n/10.95/66 / \C70/rm/m/n/10.95/4f ß \C70/rm/m/n/10.95/
60 o \C70/rm/m/n/10.95/8b ║ \C70/rm/m/n/10.95/4e 
 \C70/rm/m/n/10.95/53 ’ \C70/rm/m/n/10.95/80 ² \C70/rm/m/n/10.95/76 ä |\C70/rm/
m/n/10.95/ff ^^H|\C70/rm/m/n/10.95/90 ^^Z \C70/rm/m/n/10.95/8f Ū \C70/rm/m/n/10
.95/67 a \C70/rm/m/n/10.95/4e ÷ Æ \C70/rm/m/n/10.95/4f ß \C70/rm/m/n/10.95/60 o
$\OML/cmm/m/it/10.95 I\OT1/cmr/m/n/10.95 (\OML/cmm/m/it/10.95 Y\OT1/cmr/m/n/10.
95 ; \OML/cmm/m/it/10.95 A[] \OMS/cmsy/m/n/10.95 j \OML/cmm/m/it/10.95 S; \OMS/
cmsy/m/n/10.95 f\OML/cmm/m/it/10.95 A[]\OMS/cmsy/m/n/10.95 g[]\OT1/cmr/m/n/10.9
5 )$|\C70/rm/m/n/10.95/ff 	||^^L|
 []

[10] [11]
Overfull \hbox (19.20761pt too wide) in paragraph at lines 733--738
[]\C70/rm/bx/n/10.95/6a ! \C70/rm/bx/n/10.95/5f ^^O\OT1/cmr/bx/n/10.95 1 |\C70/
rm/bx/n/10.95/ff ^^H|\C70/rm/bx/n/10.95/8f ╣ \C70/rm/bx/n/10.95/96 E \C70/rm/bx
/n/10.95/53 ═ \C70/rm/bx/n/10.95/8f l|\C70/rm/bx/n/10.95/ff 	||^^Z| \C70/rm/m/n
/10.95/75 1 \C70/rm/m/n/10.95/5b Ü \C70/rm/m/n/10.95/4e I[]\OT1/cmr/m/n/10.95 5
.1[]|\C70/rm/m/n/10.95/ff ^^L| \C70/rm/m/n/10.95/59 ^^M \C70/rm/m/n/10.95/73 ░ 
\C70/rm/m/n/10.95/62 ^^P \C70/rm/m/n/10.95/52 ¤ \C70/rm/m/n/10.95/89 ü \C70/rm/
m/n/10.95/6c B $[] \OML/cmm/m/it/10.95 > \OT1/cmr/m/n/10.95 0$|\C70/rm/m/n/10.9
5/30 ^^B| \C70/rm/m/n/10.95/82 Õ \C70/rm/m/n/10.95/6b d \C70/rm/m/n/10.95/67 a 
\C70/rm/m/n/10.95/4e ÷ ^^M \C70/rm/m/n/10.95/6e ß \C70/rm/m/n/10.95/8d │|\C70/r
m/m/n/10.95/ff ^^L| \C70/rm/m/n/10.95/52 ^^Y$\OML/cmm/m/it/10.95 C[]\OT1/cmr/m/
n/10.95 (\OML/cmm/m/it/10.95 s\OT1/cmr/m/n/10.95 )$\C70/rm/m/n/10.95/4e ^^N$\OT
1/cmr/m/n/10.95 1\OML/cmm/m/it/10.95 =\OT1/cmr/m/n/10.95 2$\C70/rm/m/n/10.95/76
 ä
 []


Overfull \hbox (37.43454pt too wide) in paragraph at lines 761--763
[]\OT1/cmr/bx/n/10.95 [\C70/rm/bx/n/10.95/4e % \C70/rm/bx/n/10.95/68 < \C70/rm/
bx/n/10.95/8b ┴ \C70/rm/bx/n/10.95/66 ^^N\OT1/cmr/bx/n/10.95 ] \C70/rm/bx/n/10.
95/8b ┴ \C70/rm/bx/n/10.95/66 ^^N \C70/rm/bx/n/10.95/72 Č \C70/rm/bx/n/10.95/60
 ^^A|\C70/rm/bx/n/10.95/ff ^^Z| \C70/rm/bx/n/10.95/4e % \C70/rm/bx/n/10.95/68 <
|\C70/rm/bx/n/10.95/30 ^^B| \C70/rm/m/n/10.95/4e 	 \C70/rm/m/n/10.95/79 ═ \C70/
rm/m/n/10.95/6a ! \C70/rm/m/n/10.95/5f ^^O \C70/rm/m/n/10.95/76 ä \C70/rm/m/n/1
0.95/53 : \C70/rm/m/n/10.95/52 ^^F \C70/rm/m/n/10.95/57 · \C70/rm/m/n/10.95/4e 
Ä \C70/rm/m/n/10.95/7e Ž \C70/rm/m/n/10.95/9a ī \C70/rm/m/n/10.95/4f 0 \C70/rm/
m/n/10.95/8b Ī \C70/rm/m/n/10.95/91 Ž$[]$\C70/rm/m/n/10.95/76 ä \C70/rm/m/n/10.
95/88 L \C70/rm/m/n/10.95/4e :|\C70/rm/m/n/10.95/ff ^^L| \C70/rm/m/n/10.95/51 v
 \C70/rm/m/n/10.95/7e ▀ \C70/rm/m/n/10.95/8b Ī \C70/rm/m/n/10.95/60 ' \C70/rm/m
/n/10.95/8d ( \C70/rm/m/n/10.95/75 1\OT1/cmr/m/n/10.95 Hoeffding\C70/rm/m/n/10.
95/75 L
 []

[12] [13]
Overfull \hbox (0.70638pt too wide) in paragraph at lines 862--866
\C70/rm/m/n/10.95/96 Š|\C70/rm/m/n/10.95/ff ^^Z|  \OT1/cmr/m/n/10.95 SCX\C70/rm
/m/n/10.95/68 F \C70/rm/m/n/10.95/67 Č , \C70/rm/m/n/10.95/8e ½ \C70/rm/m/n/10.
95/66 / \C70/rm/m/n/10.95/4e ^^@ \C70/rm/m/n/10.95/7e ─ \C70/rm/m/n/10.95/5f b 
^^O \C70/rm/m/n/10.95/53 ^^V \C70/rm/m/n/10.95/76 ä \C70/rm/m/n/10.95/79 č \C70
/rm/m/n/10.95/5b f \C70/rm/m/n/10.95/58 ­ \C70/rm/m/n/10.95/79 ­|\C70/rm/m/n/10
.95/30 ^^B| \C70/rm/m/n/10.95/68 9 \C70/rm/m/n/10.95/63 n \C70/rm/m/n/10.95/5b 
Ü \C70/rm/m/n/10.95/74 ^^F[]\OT1/cmr/m/n/10.95 4.2[]|\C70/rm/m/n/10.95/ff ^^L| 
 \OT1/cmr/m/n/10.95 SCX\C70/rm/m/n/10.95/76 ä \C70/rm/m/n/10.95/58 ­ \C70/rm/m/
n/10.95/79 ­ \C70/rm/m/n/10.95/5f ┼ \C70/rm/m/n/10.95/98 { \C70/rm/m/n/10.95/58
 ­ \C70/rm/m/n/10.95/66 ^^N$\OT1/cmr/m/n/10.95 ^^A[]$\C70/rm/m/n/10.95/54 ī$\OM
S/cmsy/m/n/10.95 V$\C70/rm/m/n/10.95/62 M
 []


Overfull \hbox (17.26192pt too wide) in paragraph at lines 892--894
[]\C70/rm/bx/n/10.95/83 ^^C \C70/rm/bx/n/10.95/5f ^^O \C70/rm/bx/n/10.95/8f l \
C70/rm/bx/n/10.95/79 ¹ \C70/rm/bx/n/10.95/5b Ü \C70/rm/bx/n/10.95/74 ^^F |\C70/
rm/bx/n/10.95/ff ^^H|\TS1/cmr/bx/n/10.95 ¦\OT1/cmr/bx/n/10.95 3|\C70/rm/bx/n/10
.95/ff 	||^^Z| \C70/rm/m/n/10.95/5b Ü \C70/rm/m/n/10.95/4e I å \C70/rm/bx/n/10.
95/4f U \C70/rm/bx/n/10.95/65 ÷ \C70/rm/m/n/10.95/88 ½ \C70/rm/m/n/10.95/63 ź \
C70/rm/m/n/10.95/53 ū \C70/rm/m/n/10.95/76 ä \C70/rm/m/n/10.95/51 q \C70/rm/m/n
/10.95/8b Ų \C70/rm/m/n/10.95/5f ┼ \C70/rm/m/n/10.95/98 { \C70/rm/m/n/10.95/88 
½ \C70/rm/m/n/10.95/65 > \C70/rm/m/n/10.95/5f ^^C |\C70/rm/m/n/10.95/20 ^^T||^^
T|  \C70/rm/m/n/10.95/5f S \C70/rm/m/n/10.95/65 ░ p \C70/rm/m/n/10.95/63 n \C70
/rm/m/n/10.95/7a ü \C70/rm/m/n/10.95/78 4 \C70/rm/m/n/10.95/65 ń \C70/rm/m/n/10
.95/83 ^^C \C70/rm/m/n/10.95/5f ^^O \C70/rm/m/n/10.95/76 ä\OT1/cmr/m/n/10.95 Fa
no\C70/rm/m/n/10.95/4f ß
 []

[14]
Overfull \hbox (13.71982pt too wide) in paragraph at lines 900--902
[]\C70/rm/m/n/10.95/8f ┘ \C70/rm/m/n/10.95/56 █ \C70/rm/m/n/10.95/80 ^^E \C70/r
m/m/n/10.95/4e ^^M \C70/rm/m/n/10.95/66 / \C70/rm/m/n/10.95/72 ņ \C70/rm/m/n/10
.95/7a ╦ \C70/rm/m/n/10.95/76 ä \C70/rm/m/n/10.95/54 “ \C70/rm/m/n/10.95/5b f \
C70/rm/m/n/10.95/8b ║ \C70/rm/m/n/10.95/65 ć|\C70/rm/m/n/10.95/ff ^^L| \C70/rm/
m/n/10.95/80 ^^L \C70/rm/m/n/10.95/66 / \C70/rm/m/n/10.95/54 ^^L \C70/rm/m/n/10
.95/4e ^^@ * \C70/rm/m/n/10.95/5f b ^^O \C70/rm/m/n/10.95/7c ¹ \C70/rm/m/n/10.9
5/7e ▀ \C70/rm/m/n/10.95/76 ä \C70/rm/m/n/10.95/56 █ \C70/rm/m/n/10.95/4e * \C7
0/rm/m/n/10.95/63 © \C70/rm/m/n/10.95/8b ║|\C70/rm/m/n/10.95/30 ^^B| \C70/rm/m/
n/10.95/5b ā \C70/rm/m/n/10.95/4e ņ \C70/rm/m/n/10.95/51 q \C70/rm/m/n/10.95/54
 ^^L \C70/rm/m/n/10.95/76 ä \C70/rm/m/n/10.95/5e Ģ \C70/rm/m/n/10.95/5c B \C70/
rm/m/n/10.95/67 : \C70/rm/m/n/10.95/52 6 \C70/rm/m/n/10.95/66 /\OT1/cmr/m/n/10.
95 SCX\C70/rm/m/n/10.95/76 ä
 []


Underfull \hbox (badness 10000) in paragraph at lines 913--915
[]\C70/rm/m/n/10.95/58 ­ \C70/rm/m/n/10.95/79 ­ \C70/rm/m/n/10.95/5f ┼ \C70/rm/
m/n/10.95/98 { \C70/rm/m/n/10.95/58 ­ \C70/rm/m/n/10.95/66 ^^N$\OT1/cmr/m/n/10.
95 ^^A[]$\C70/rm/m/n/10.95/54 ī$\OMS/cmsy/m/n/10.95 V$
 []


Underfull \hbox (badness 1112) in paragraph at lines 915--915
[]\C70/rm/m/n/10.95/79 č \C70/rm/m/n/10.95/5b f \C70/rm/m/n/10.95/90 ^^Z \C70/r
m/m/n/10.95/8f Ū \C70/rm/m/n/10.95/5e 8 \C70/rm/m/n/10.95/89 ─ \C70/rm/m/n/10.9
5/79 č \C70/rm/m/n/10.95/5b f \C70/rm/m/n/10.95/54 ī \C70/rm/m/n/10.95/97 i \C7
0/rm/m/n/10.95/54 } \C70/rm/m/n/10.95/76 ä
 []


Underfull \hbox (badness 10000) in paragraph at lines 915--917
[]\C70/rm/m/n/10.95/83 ^^C \C70/rm/m/n/10.95/5f ^^O \C70/rm/m/n/10.95/8f l \C70
/rm/m/n/10.95/79 ¹ \OT1/cmr/m/n/10.95 = \C70/rm/m/n/10.95/65 ░ p \C70/rm/m/n/10
.95/63 n \C70/rm/m/n/10.95/7a ü
 []


Underfull \hbox (badness 4739) in paragraph at lines 919--919
[]\OT1/cmr/m/n/10.95 Condorcet\C70/rm/m/n/10.95/96 j \C70/rm/m/n/10.95/5b Ī \C7
0/rm/m/n/10.95/56 Ō
 []


Underfull \hbox (badness 10000) in paragraph at lines 920--920
[]\OT1/cmr/m/n/10.95 Feyerabend\C70/rm/m/n/10.95/8b ż Ų
 []


Underfull \hbox (badness 10000) in paragraph at lines 922--922
[]\OT1/cmr/m/n/10.95 IOANNIDIS
 []


Overfull \hbox (5.61292pt too wide) in paragraph at lines 936--942
\C70/rm/m/n/10.95/5f ^^B \C70/rm/m/n/10.95/8b « \C70/rm/m/n/10.95/80 ^^E \C70/r
m/m/n/10.95/67 ü \C70/rm/m/n/10.95/4e ^^M \C70/rm/m/n/10.95/53 ’ \C70/rm/m/n/10
.95/80 ² \C70/rm/m/n/10.95/6b c \C70/rm/m/n/10.95/78 n |\C70/rm/m/n/10.95/ff ^^
H|\C70/rm/m/n/10.95/4e : \C70/rm/m/n/10.95/79 č \C70/rm/m/n/10.95/5b f \C70/rm/
m/n/10.95/51 q \C70/rm/m/n/10.95/8b Ų \C70/rm/m/n/10.95/76 ä \C70/rm/m/n/10.95/
8b ż \C70/rm/m/n/10.95/77 Õ \C70/rm/m/n/10.95/67 C \C70/rm/m/n/10.95/5a ^^A \C7
0/rm/m/n/10.95/63 ą \C70/rm/m/n/10.95/4f ø \C70/rm/m/n/10.95/4e å \C70/rm/m/n/1
0.95/69 é \C70/rm/m/n/10.95/73 ć \C70/rm/m/n/10.95/60 ' \C70/rm/m/n/10.95/8f ® 
\C70/rm/m/n/10.95/62 ż|\C70/rm/m/n/10.95/ff 	||^^[|  \OT1/cmr/m/n/10.95 (ii) \C
70/rm/m/n/10.95/6b d \C70/rm/m/n/10.95/69 é \C70/rm/m/n/10.95/73 ć \C70/rm/m/n/
10.95/4e Õ$[]\OT1/cmr/m/n/10.95 (\OMS/cmsy/m/n/10.95 ^^@\OT1/cmr/m/n/10.95 2\OM
L/cmm/m/it/10.95 M\OT1/cmr/m/n/10.95 ^^A[])$\C70/rm/m/n/10.95/88 p
 []

[15] [16] [17] (main.aux)
 ***********
LaTeX2e <2025-11-01>
L3 programming layer <2022/07/14>
 ***********
Package rerunfilecheck Info: File `main.out' has not changed.
(rerunfilecheck)             Checksum: 9ABDD108A497F60684C18C93F44D1340;4593.
 ) 
Here is how much of TeX's memory you used:
 19782 strings out of 467870
 344028 string characters out of 5418355
 756745 words of memory out of 5000000
 47494 multiletter control sequences out of 15000+600000
 779149 words of font info for 595 fonts, out of 8000000 for 9000
 1141 hyphenation exceptions out of 8191
 78i,15n,92p,748b,720s stack positions out of 10000i,1000n,20000p,200000b,200000s
<C:/Windows/Fonts/simsun.ttc><C:/Windows/Fonts/simhei.ttf> <C:\Users\admin\Ap
pData\Local\MiKTeX\fonts/pk/ljfour/jknappen/ec/dpi657\tcbx1000.pk><C:/Windows/F
onts/simhei.ttf><C:/Windows/Fonts/simhei.ttf><C:/Windows/Fonts/simsun.ttc><C:/W
indows/Fonts/simhei.ttf><C:/Windows/Fonts/simhei.ttf><C:/Windows/Fonts/simhei.t
tf><C:/Windows/Fonts/simhei.ttf><C:/Windows/Fonts/simhei.ttf><C:/Windows/Fonts/
simkai.ttf><C:/Windows/Fonts/simhei.ttf><C:/Windows/Fonts/simhei.ttf><C:/Window
s/Fonts/simhei.ttf><C:/Windows/Fonts/simsun.ttc><C:/Windows/Fonts/simhei.ttf><C
:/Windows/Fonts/simsun.ttc><C:/Windows/Fonts/simsun.ttc><C:/Windows/Fonts/simhe
i.ttf><C:/Windows/Fonts/simkai.ttf><C:/Windows/Fonts/simkai.ttf><C:/Windows/Fon
ts/simhei.ttf><C:/Windows/Fonts/simhei.ttf><C:/Windows/Fonts/simsun.ttc><C:/Win
dows/Fonts/simkai.ttf> <C:\Users\admin\AppData\Local\MiKTeX\fonts/pk/ljfour/jkn
appen/ec/dpi657\tcrm1000.pk><C:/Windows/Fonts/simsun.ttc><C:/Windows/Fonts/simh
ei.ttf><C:/Windows/Fonts/simhei.ttf><C:/Windows/Fonts/simkai.ttf><C:/Windows/Fo
nts/simsun.ttc><C:/Windows/Fonts/simhei.ttf><C:/Windows/Fonts/simhei.ttf><C:/Wi
ndows/Fonts/simhei.ttf><C:/Windows/Fonts/simhei.ttf><C:/Windows/Fonts/simkai.tt
f><C:/Windows/Fonts/simkai.ttf><C:/Windows/Fonts/simsun.ttc><C:/Windows/Fonts/s
imhei.ttf><C:/Windows/Fonts/simhei.ttf><C:/Windows/Fonts/simkai.ttf><C:/Windows
/Fonts/simkai.ttf><C:/Windows/Fonts/simkai.ttf><C:/Windows/Fonts/simkai.ttf><C:
/Windows/Fonts/simkai.ttf><C:/Windows/Fonts/simkai.ttf><C:/Windows/Fonts/simkai
.ttf><C:/Windows/Fonts/simkai.ttf><C:/Windows/Fonts/simkai.ttf> <C:\Users\admin
\AppData\Local\MiKTeX\fonts/pk/ljfour/jknappen/ec/dpi657\tcti1000.pk><C:/Window
s/Fonts/simkai.ttf><C:/Windows/Fonts/simkai.ttf><C:/Windows/Fonts/simkai.ttf><C
:/Windows/Fonts/simkai.ttf><C:/Windows/Fonts/simkai.ttf><C:/Windows/Fonts/simka
i.ttf><C:/Windows/Fonts/simkai.ttf><C:/Windows/Fonts/simkai.ttf><C:/Windows/Fon
ts/simkai.ttf><C:/Windows/Fonts/simkai.ttf><C:/Windows/Fonts/simkai.ttf><C:/Win
dows/Fonts/simkai.ttf><C:/Windows/Fonts/simkai.ttf><C:/Windows/Fonts/simkai.ttf
><C:/Windows/Fonts/simkai.ttf><C:/Windows/Fonts/simkai.ttf><C:/Windows/Fonts/si
mkai.ttf><C:/Windows/Fonts/simkai.ttf><C:/Windows/Fonts/simkai.ttf><C:/Windows/
Fonts/simkai.ttf><C:/Windows/Fonts/simkai.ttf><C:/Windows/Fonts/simkai.ttf><C:/
Windows/Fonts/simkai.ttf><C:/Windows/Fonts/simkai.ttf><C:/Windows/Fonts/simkai.
ttf><C:/Windows/Fonts/simkai.ttf><C:/Windows/Fonts/simkai.ttf><C:/Windows/Fonts
/simkai.ttf><C:/Windows/Fonts/simkai.ttf><C:/Windows/Fonts/simkai.ttf><C:/Windo
ws/Fonts/simkai.ttf><C:/Windows/Fonts/simkai.ttf><C:/Windows/Fonts/simkai.ttf><
C:/Windows/Fonts/simkai.ttf><C:/Windows/Fonts/simkai.ttf><C:/Windows/Fonts/simk
ai.ttf><C:/Windows/Fonts/simkai.ttf><C:/Windows/Fonts/simkai.ttf><C:/Windows/Fo
nts/simkai.ttf><C:/Windows/Fonts/simkai.ttf><C:/Windows/Fonts/simkai.ttf><C:/Wi
ndows/Fonts/simkai.ttf><C:/Windows/Fonts/simkai.ttf><C:/Windows/Fonts/simkai.tt
f><C:/Windows/Fonts/simkai.ttf><C:/Windows/Fonts/simkai.ttf><C:/Windows/Fonts/s
imkai.ttf><C:/Windows/Fonts/simkai.ttf><C:/Windows/Fonts/simkai.ttf><C:/Windows
/Fonts/simkai.ttf><C:/Windows/Fonts/simkai.ttf><C:/Windows/Fonts/simhei.ttf><C:
/Windows/Fonts/simhei.ttf><C:/Windows/Fonts/simhei.ttf><C:/Windows/Fonts/simhei
.ttf><C:/Windows/Fonts/simhei.ttf><C:/Windows/Fonts/simhei.ttf><C:/Windows/Font
s/simhei.ttf><C:/Windows/Fonts/simsun.ttc><C:/Windows/Fonts/simhei.ttf><C:/Wind
ows/Fonts/simhei.ttf><C:/Windows/Fonts/simhei.ttf><C:/Windows/Fonts/simhei.ttf>
<C:/Windows/Fonts/simsun.ttc><C:/Windows/Fonts/simsun.ttc><C:/Windows/Fonts/sim
sun.ttc><C:/Windows/Fonts/simhei.ttf><C:/Windows/Fonts/simhei.ttf><C:/Windows/F
onts/simhei.ttf><C:/Windows/Fonts/simhei.ttf><C:/Windows/Fonts/simhei.ttf><C:/W
indows/Fonts/simhei.ttf><C:/Windows/Fonts/simhei.ttf><C:/Windows/Fonts/simhei.t
tf> <C:\Users\admin\AppData\Local\MiKTeX\fonts/pk/ljfour/jknappen/ec/dpi600\tcr
m0600.pk><C:/Windows/Fonts/simsun.ttc><C:/Windows/Fonts/simsun.ttc><C:/Windows/
Fonts/simhei.ttf><C:/Windows/Fonts/simhei.ttf><C:/Windows/Fonts/simsun.ttc><C:/
Windows/Fonts/simhei.ttf><C:/Windows/Fonts/simsun.ttc><C:/Windows/Fonts/simsun.
ttc><C:/Windows/Fonts/simsun.ttc><C:/Windows/Fonts/simsun.ttc><C:/Windows/Fonts
/simhei.ttf><C:/Windows/Fonts/simhei.ttf><C:/Windows/Fonts/simsun.ttc><C:/Windo
ws/Fonts/simsun.ttc><C:/Windows/Fonts/simsun.ttc><C:/Windows/Fonts/simsun.ttc><
C:/Windows/Fonts/simsun.ttc><C:/Windows/Fonts/simsun.ttc><C:/Windows/Fonts/sims
un.ttc><C:/Windows/Fonts/simsun.ttc><C:/Windows/Fonts/simsun.ttc><C:/Windows/Fo
nts/simsun.ttc><C:/Windows/Fonts/simhei.ttf><C:/Windows/Fonts/simhei.ttf><C:/Wi
ndows/Fonts/simhei.ttf><C:/Windows/Fonts/simsun.ttc><C:/Windows/Fonts/simsun.tt
c><C:/Windows/Fonts/simhei.ttf><C:/Windows/Fonts/simhei.ttf><C:/Windows/Fonts/s
imsun.ttc><C:/Windows/Fonts/simsun.ttc><C:/Windows/Fonts/simsun.ttc><C:/Windows
/Fonts/simhei.ttf><C:/Windows/Fonts/simsun.ttc><C:/Windows/Fonts/simsun.ttc><C:
/Windows/Fonts/simsun.ttc><C:/Windows/Fonts/simsun.ttc><C:/Windows/Fonts/simsun
.ttc><C:/Windows/Fonts/simsun.ttc><C:/Windows/Fonts/simsun.ttc><C:/Windows/Font
s/simsun.ttc><C:/Windows/Fonts/simhei.ttf><C:/Windows/Fonts/simsun.ttc><C:/Wind
ows/Fonts/simsun.ttc><C:/Windows/Fonts/simsun.ttc><C:/Windows/Fonts/simsun.ttc>
<C:/Windows/Fonts/simsun.ttc><C:/Windows/Fonts/simsun.ttc><C:/Windows/Fonts/sim
sun.ttc><C:/Windows/Fonts/simsun.ttc><C:/Windows/Fonts/simsun.ttc><C:/Windows/F
onts/simsun.ttc><C:/Windows/Fonts/simsun.ttc><C:/Windows/Fonts/simsun.ttc><C:/W
indows/Fonts/simsun.ttc><C:/Windows/Fonts/simsun.ttc><C:/Windows/Fonts/simsun.t
tc><C:/Windows/Fonts/simsun.ttc><C:/Windows/Fonts/simsun.ttc><C:/Windows/Fonts/
simsun.ttc><C:/Windows/Fonts/simsun.ttc><C:/Windows/Fonts/simsun.ttc><C:/Window
s/Fonts/simsun.ttc><C:/Windows/Fonts/simsun.ttc><C:/Windows/Fonts/simsun.ttc><C
:/Windows/Fonts/simsun.ttc><C:/Windows/Fonts/simsun.ttc><C:/Windows/Fonts/simsu
n.ttc><C:/Windows/Fonts/simhei.ttf><C:/Windows/Fonts/simhei.ttf><C:/Windows/Fon
ts/simsun.ttc><C:/Windows/Fonts/simsun.ttc><C:/Windows/Fonts/simsun.ttc> <C:\Us
ers\admin\AppData\Local\MiKTeX\fonts/pk/ljfour/jknappen/ec/dpi600\tcrm0800.pk><
C:/Windows/Fonts/simsun.ttc><C:/Windows/Fonts/simsun.ttc><C:/Windows/Fonts/sims
un.ttc><C:/Windows/Fonts/simsun.ttc><C:/Windows/Fonts/simsun.ttc><C:/Windows/Fo
nts/simhei.ttf><C:/Windows/Fonts/simhei.ttf><C:/Windows/Fonts/simhei.ttf><C:/Wi
ndows/Fonts/simhei.ttf><C:/Windows/Fonts/simhei.ttf><C:/Windows/Fonts/simhei.tt
f><C:/Windows/Fonts/simhei.ttf><C:/Windows/Fonts/simhei.ttf><C:/Windows/Fonts/s
imhei.ttf><C:/Windows/Fonts/simhei.ttf><C:/Users/admin/AppData/Local/Programs/M
iKTeX/fonts/type1/public/amsfonts/cm/cmbx10.pfb><C:/Users/admin/AppData/Local/P
rograms/MiKTeX/fonts/type1/public/amsfonts/cm/cmbx12.pfb><C:/Users/admin/AppDat
a/Local/Programs/MiKTeX/fonts/type1/public/amsfonts/cm/cmbx8.pfb><C:/Users/admi
n/AppData/Local/Programs/MiKTeX/fonts/type1/public/amsfonts/cm/cmbxti10.pfb><C:
/Users/admin/AppData/Local/Programs/MiKTeX/fonts/type1/public/amsfonts/cm/cmex1
0.pfb><C:/Users/admin/AppData/Local/Programs/MiKTeX/fonts/type1/public/amsfonts
/cm/cmmi10.pfb><C:/Users/admin/AppData/Local/Programs/MiKTeX/fonts/type1/public
/amsfonts/cm/cmmi12.pfb><C:/Users/admin/AppData/Local/Programs/MiKTeX/fonts/typ
e1/public/amsfonts/cm/cmmi6.pfb><C:/Users/admin/AppData/Local/Programs/MiKTeX/f
onts/type1/public/amsfonts/cm/cmmi7.pfb><C:/Users/admin/AppData/Local/Programs/
MiKTeX/fonts/type1/public/amsfonts/cm/cmmi8.pfb><C:/Users/admin/AppData/Local/P
rograms/MiKTeX/fonts/type1/public/amsfonts/cm/cmr10.pfb><C:/Users/admin/AppData
/Local/Programs/MiKTeX/fonts/type1/public/amsfonts/cm/cmr12.pfb><C:/Users/admin
/AppData/Local/Programs/MiKTeX/fonts/type1/public/amsfonts/cm/cmr6.pfb><C:/User
s/admin/AppData/Local/Programs/MiKTeX/fonts/type1/public/amsfonts/cm/cmr7.pfb><
C:/Users/admin/AppData/Local/Programs/MiKTeX/fonts/type1/public/amsfonts/cm/cmr
8.pfb><C:/Users/admin/AppData/Local/Programs/MiKTeX/fonts/type1/public/amsfonts
/cm/cmr9.pfb><C:/Users/admin/AppData/Local/Programs/MiKTeX/fonts/type1/public/a
msfonts/cm/cmsy10.pfb><C:/Users/admin/AppData/Local/Programs/MiKTeX/fonts/type1
/public/amsfonts/cm/cmsy5.pfb><C:/Users/admin/AppData/Local/Programs/MiKTeX/fon
ts/type1/public/amsfonts/cm/cmsy6.pfb><C:/Users/admin/AppData/Local/Programs/Mi
KTeX/fonts/type1/public/amsfonts/cm/cmsy7.pfb><C:/Users/admin/AppData/Local/Pro
grams/MiKTeX/fonts/type1/public/amsfonts/cm/cmsy8.pfb><C:/Users/admin/AppData/L
ocal/Programs/MiKTeX/fonts/type1/public/amsfonts/cm/cmti10.pfb><C:/Users/admin/
AppData/Local/Programs/MiKTeX/fonts/type1/public/amsfonts/cm/cmti12.pfb><C:/Use
rs/admin/AppData/Local/Programs/MiKTeX/fonts/type1/public/amsfonts/cm/cmti7.pfb
><C:/Users/admin/AppData/Local/Programs/MiKTeX/fonts/type1/public/amsfonts/cm/c
mti8.pfb><C:/Users/admin/AppData/Local/Programs/MiKTeX/fonts/type1/public/amsfo
nts/cm/cmtt10.pfb><C:/Users/admin/AppData/Local/Programs/MiKTeX/fonts/type1/pub
lic/amsfonts/cm/cmtt9.pfb><C:/Users/admin/AppData/Local/Programs/MiKTeX/fonts/t
ype1/public/amsfonts/symbols/msam10.pfb><C:/Users/admin/AppData/Local/Programs/
MiKTeX/fonts/type1/public/amsfonts/symbols/msbm10.pfb>
Output written on main.pdf (17 pages, 1539777 bytes).
PDF statistics:
 1456 PDF objects out of 1728 (max. 8388607)
 163 named destinations out of 1000 (max. 500000)
 537 words of extra memory for PDF output out of 10000 (max. 10000000)

