\BOOKMARK [1][-]{section.1}{\376\377\000I\000n\000t\000r\000o\000d\000u\000c\000t\000i\000o\000n}{}% 1
\BOOKMARK [1][-]{section.2}{\376\377\000F\000o\000r\000m\000a\000l\000i\000z\000a\000t\000i\000o\000n\000\040\000o\000f\000\040\000P\000s\000e\000u\000d\000o\000p\000o\000t\000e\000n\000t\000i\000a\000l\000\040\000D\000i\000s\000t\000i\000l\000l\000a\000t\000i\000o\000n\000\040\122\277\121\375\145\160\204\270\231\217\166\204\137\142\137\017\123\026}{}% 2
\BOOKMARK [2][-]{subsection.2.1}{\376\377\000S\000t\000a\000t\000e\000-\000C\000o\000n\000d\000i\000t\000i\000o\000n\000e\000d\000\040\000L\000e\000a\000r\000n\000i\000n\000g\000\040\000P\000r\000o\000b\000l\000e\000m\000\040\162\266\140\001\147\141\116\366\133\146\116\140\225\356\230\230}{section.2}% 3
\BOOKMARK [2][-]{subsection.2.2}{\376\377\000D\000i\000s\000t\000i\000l\000l\000a\000t\000i\000o\000n\000\040\000E\000r\000r\000o\000r\000\040\000D\000e\000c\000o\000m\000p\000o\000s\000i\000t\000i\000o\000n}{section.2}% 4
\BOOKMARK [1][-]{section.3}{\376\377\000S\000C\000X\000\040\000D\000e\000t\000e\000c\000t\000i\000o\000n\000\040\000G\000u\000a\000r\000a\000n\000t\000e\000e\000\040\000f\000o\000r\000\040\000D\000i\000s\000t\000i\000l\000l\000a\000t\000i\000o\000n\000\040\000E\000r\000r\000o\000r\000s\000\040\204\270\231\217\213\357\135\356\166\204\000S\000C\000X\150\300\155\113\117\335\213\301}{}% 5
\BOOKMARK [2][-]{subsection.3.1}{\376\377\000F\000o\000r\000m\000a\000l\000\040\000S\000e\000t\000u\000p}{section.3}% 6
\BOOKMARK [2][-]{subsection.3.2}{\376\377\000D\000e\000t\000e\000c\000t\000i\000o\000n\000\040\000G\000u\000a\000r\000a\000n\000t\000e\000e}{section.3}% 7
\BOOKMARK [1][-]{section.4}{\376\377\000U\000n\000i\000d\000e\000n\000t\000i\000f\000i\000a\000b\000i\000l\000i\000t\000y\000\040\000o\000f\000\040\000E\000r\000r\000o\000r\000\040\000S\000o\000u\000r\000c\000e\000s\000\040\213\357\135\356\156\220\166\204\116\015\123\357\217\250\213\306\140\047}{}% 8
\BOOKMARK [2][-]{subsection.4.1}{\376\377\000A\000p\000p\000l\000i\000c\000a\000t\000i\000o\000n\000\040\000o\000f\000\040\000t\000h\000e\000\040\000H\000o\000n\000e\000s\000t\000\040\000A\000g\000e\000n\000t\000\040\000T\000h\000e\000o\000r\000e\000m}{section.4}% 9
\BOOKMARK [2][-]{subsection.4.2}{\376\377\000O\000b\000s\000e\000r\000v\000a\000t\000i\000o\000n\000a\000l\000\040\000E\000q\000u\000i\000v\000a\000l\000e\000n\000c\000e}{section.4}% 10
\BOOKMARK [1][-]{section.5}{\376\377\000C\000e\000r\000c\000i\000s\000\040\000S\000c\000o\000r\000e\000\040\000f\000o\000r\000\040\000P\000s\000e\000u\000d\000o\000p\000o\000t\000e\000n\000t\000i\000a\000l\000\040\000L\000i\000b\000r\000a\000r\000i\000e\000s\000\040\117\052\122\277\136\223\166\204\000C\000e\000r\000c\000i\000s\213\304\122\006}{}% 11
\BOOKMARK [2][-]{subsection.5.1}{\376\377\000D\000e\000f\000i\000n\000i\000t\000i\000o\000n\000s}{section.5}% 12
\BOOKMARK [1][-]{section.6}{\376\377\000M\000u\000l\000t\000i\000-\000E\000x\000p\000e\000r\000t\000\040\000A\000r\000c\000h\000i\000t\000e\000c\000t\000u\000r\000e\000\040\000w\000i\000t\000h\000\040\000Y\000a\000j\000i\000e\000\040\000C\000o\000n\000s\000e\000n\000s\000u\000s\000\040\131\032\116\023\133\266\147\266\147\204\116\016\000Y\000a\000j\000i\000e\121\161\213\306}{}% 13
\BOOKMARK [2][-]{subsection.6.1}{\376\377\000A\000r\000c\000h\000i\000t\000e\000c\000t\000u\000r\000e}{section.6}% 14
\BOOKMARK [2][-]{subsection.6.2}{\376\377\000Y\000a\000j\000i\000e\000\040\000C\000o\000n\000s\000e\000n\000s\000u\000s\000\040\000f\000o\000r\000\040\000E\000l\000e\000m\000e\000n\000t\000-\000S\000p\000e\000c\000i\000f\000i\000c\000\040\000F\000a\000i\000l\000u\000r\000e\000\040\000D\000e\000t\000e\000c\000t\000i\000o\000n}{section.6}% 15
\BOOKMARK [1][-]{section.7}{\376\377\000S\000i\000t\000u\000s\000\040\000E\000n\000c\000o\000d\000i\000n\000g\000\040\000f\000o\000r\000\040\000C\000r\000y\000s\000t\000a\000l\000\040\000S\000t\000r\000u\000c\000t\000u\000r\000e\000s\000\040\000S\000i\000t\000u\000s\146\166\117\123\176\323\147\204\177\026\170\001}{}% 16
\BOOKMARK [2][-]{subsection.7.1}{\376\377\000E\000n\000c\000o\000d\000i\000n\000g\000\040\000D\000e\000f\000i\000n\000i\000t\000i\000o\000n}{section.7}% 17
\BOOKMARK [2][-]{subsection.7.2}{\376\377\000C\000o\000n\000n\000e\000c\000t\000i\000o\000n\000\040\000t\000o\000\040\000P\000s\000e\000u\000d\000o\000p\000o\000t\000e\000n\000t\000i\000a\000l\000\040\000D\000i\000s\000t\000i\000l\000l\000a\000t\000i\000o\000n}{section.7}% 18
\BOOKMARK [1][-]{section.8}{\376\377\000E\000x\000p\000e\000r\000i\000m\000e\000n\000t\000a\000l\000\040\000P\000r\000o\000t\000o\000c\000o\000l\000\040\133\236\232\214\123\117\213\256}{}% 19
\BOOKMARK [2][-]{subsection.8.1}{\376\377\000B\000e\000n\000c\000h\000m\000a\000r\000k\000\040\000S\000u\000i\000t\000e}{section.8}% 20
\BOOKMARK [2][-]{subsection.8.2}{\376\377\000E\000l\000e\000m\000e\000n\000t\000\040\000C\000o\000v\000e\000r\000a\000g\000e}{section.8}% 21
\BOOKMARK [2][-]{subsection.8.3}{\376\377\000D\000i\000s\000t\000i\000l\000l\000a\000t\000i\000o\000n\000\040\000P\000r\000o\000t\000o\000c\000o\000l}{section.8}% 22
\BOOKMARK [2][-]{subsection.8.4}{\376\377\000S\000t\000a\000t\000i\000s\000t\000i\000c\000a\000l\000\040\000R\000e\000p\000o\000r\000t\000i\000n\000g}{section.8}% 23
\BOOKMARK [1][-]{section.9}{\376\377\000D\000i\000s\000c\000u\000s\000s\000i\000o\000n\000\040\213\250\213\272}{}% 24
\BOOKMARK [2][-]{subsection.9.1}{\376\377\000R\000e\000l\000a\000t\000i\000o\000n\000s\000h\000i\000p\000\040\000t\000o\000\040\000E\000x\000i\000s\000t\000i\000n\000g\000\040\000M\000e\000t\000h\000o\000d\000s}{section.9}% 25
\BOOKMARK [2][-]{subsection.9.2}{\376\377\000L\000i\000m\000i\000t\000a\000t\000i\000o\000n\000s\000\040\134\100\226\120\140\047}{section.9}% 26
\BOOKMARK [2][-]{subsection.9.3}{\376\377\000P\000a\000t\000h\000\040\000t\000o\000\040\000F\000u\000l\000l\000\040\000N\000e\000u\000r\000a\000l\000\040\000D\000F\000T\000\040\220\032\124\021\133\214\145\164\171\136\176\317\000D\000F\000T\166\204\215\357\137\204}{section.9}% 27
\BOOKMARK [1][-]{appendix.A}{\376\377\000C\000o\000m\000p\000l\000e\000t\000e\000\040\000D\000e\000r\000i\000v\000a\000t\000i\000o\000n\000\040\000o\000f\000\040\000E\000r\000r\000o\000r\000\040\000D\000e\000c\000o\000m\000p\000o\000s\000i\000t\000i\000o\000n\000\040\000B\000o\000u\000n\000d}{}% 28
\BOOKMARK [1][-]{appendix.B}{\376\377\000Y\000a\000j\000i\000e\000\040\000E\000q\000u\000i\000l\000i\000b\000r\000i\000u\000m\000\040\000F\000o\000r\000m\000a\000l\000\040\000D\000e\000r\000i\000v\000a\000t\000i\000o\000n}{}% 29
\BOOKMARK [1][-]{appendix.C}{\376\377\000C\000o\000r\000r\000e\000l\000a\000t\000i\000o\000n\000\040\000E\000s\000t\000i\000m\000a\000t\000i\000o\000n\000\040\000f\000o\000r\000\040\000M\000e\000f\000f}{}% 30
