\BOOKMARK [1][-]{section.1}{\376\377\000I\000n\000t\000r\000o\000d\000u\000c\000t\000i\000o\000n\000\040\137\025\212\000}{}% 1
\BOOKMARK [1][-]{section.2}{\376\377\000F\000o\000r\000m\000a\000l\000i\000z\000a\000t\000i\000o\000n\000:\000\040\000M\000e\000d\000i\000c\000a\000l\000\040\000D\000i\000a\000g\000n\000o\000s\000i\000s\000\040\000a\000s\000\040\000M\000u\000l\000t\000i\000-\000E\000x\000p\000e\000r\000t\000\040\000A\000u\000d\000i\000t\000\040\123\073\133\146\213\312\145\255\117\134\116\072\131\032\116\023\133\266\133\241\213\241\166\204\137\142\137\017\123\026}{}% 2
\BOOKMARK [2][-]{subsection.2.1}{\376\377\000P\000a\000t\000i\000e\000n\000t\000,\000\040\000D\000i\000s\000e\000a\000s\000e\000,\000\040\000a\000n\000d\000\040\000D\000i\000a\000g\000n\000o\000s\000i\000s\000\040\140\243\200\005\060\001\165\276\165\305\116\016\213\312\145\255}{section.2}% 3
\BOOKMARK [2][-]{subsection.2.2}{\376\377\000P\000h\000y\000s\000i\000c\000i\000a\000n\000s\000\040\000a\000s\000\040\000E\000x\000p\000e\000r\000t\000s\000\040\123\073\136\010\123\163\116\023\133\266}{section.2}% 4
\BOOKMARK [2][-]{subsection.2.3}{\376\377\000D\000i\000a\000g\000n\000o\000s\000t\000i\000c\000\040\000M\000o\000d\000a\000l\000i\000t\000i\000e\000s\000\040\213\312\145\255\152\041\140\001}{section.2}% 5
\BOOKMARK [1][-]{section.3}{\376\377\000A\000s\000s\000u\000m\000p\000t\000i\000o\000n\000s\000\040\120\107\213\276}{}% 6
\BOOKMARK [1][-]{section.4}{\376\377\000T\000h\000e\000o\000r\000e\000m\000\040\0001\000:\000\040\000M\000u\000l\000t\000i\000-\000P\000h\000y\000s\000i\000c\000i\000a\000n\000\040\000M\000i\000s\000d\000i\000a\000g\000n\000o\000s\000i\000s\000\040\000D\000e\000t\000e\000c\000t\000i\000o\000n\000\040\133\232\164\006\0001\377\032\131\032\123\073\136\010\213\357\213\312\150\300\155\113\133\232\164\006}{}% 7
\BOOKMARK [1][-]{section.5}{\376\377\000T\000h\000e\000o\000r\000e\000m\000\040\0002\000:\000\040\000M\000u\000l\000t\000i\000-\000M\000o\000d\000a\000l\000\040\000E\000x\000p\000e\000r\000t\000\040\000C\000o\000n\000s\000e\000n\000s\000u\000s\000\040\133\232\164\006\0002\377\032\131\032\152\041\140\001\116\023\133\266\121\161\213\306\133\232\164\006}{}% 8
\BOOKMARK [1][-]{section.6}{\376\377\000T\000h\000e\000o\000r\000e\000m\000\040\0003\000:\000\040\000F\000a\000l\000s\000e\000\040\000N\000e\000g\000a\000t\000i\000v\000e\000\040\000v\000s\000.\000\040\000R\000a\000r\000e\000\040\000D\000i\000s\000e\000a\000s\000e\000\040\000U\000n\000i\000d\000e\000n\000t\000i\000f\000i\000a\000b\000i\000l\000i\000t\000y\000\040\133\232\164\006\0003\377\032\120\107\226\064\140\047\116\016\177\125\211\301\165\305\116\015\123\357\217\250\213\306\133\232\164\006}{}% 9
\BOOKMARK [1][-]{section.7}{\376\377\000T\000h\000e\000\040\000Y\000a\000j\000i\000e\000\040\000P\000r\000o\000t\000o\000c\000o\000l\000\040\000f\000o\000r\000\040\000M\000u\000l\000t\000i\000-\000P\000h\000y\000s\000i\000c\000i\000a\000n\000\040\000C\000o\000n\000s\000e\000n\000s\000u\000s\000\040\131\032\123\073\136\010\121\161\213\306\000Y\000a\000j\000i\000e\123\117\213\256}{}% 10
\BOOKMARK [2][-]{subsection.7.1}{\376\377\000P\000r\000o\000t\000o\000c\000o\000l\000\040\000D\000e\000f\000i\000n\000i\000t\000i\000o\000n}{section.7}% 11
\BOOKMARK [2][-]{subsection.7.2}{\376\377\000D\000i\000s\000a\000g\000r\000e\000e\000m\000e\000n\000t\000\040\000R\000e\000s\000o\000l\000u\000t\000i\000o\000n\000\040\122\006\153\147\211\343\121\263}{section.7}% 12
\BOOKMARK [1][-]{section.8}{\376\377\000T\000h\000e\000\040\000C\000e\000r\000c\000i\000s\000\040\000D\000i\000a\000g\000n\000o\000s\000t\000i\000c\000\040\000Q\000u\000a\000l\000i\000t\000y\000\040\000S\000c\000o\000r\000e\000\040\000C\000e\000r\000c\000i\000s\213\312\145\255\215\050\221\317\213\304\122\006}{}% 13
\BOOKMARK [1][-]{section.9}{\376\377\000C\000l\000i\000n\000i\000c\000a\000l\000\040\000A\000p\000p\000l\000i\000c\000a\000t\000i\000o\000n\000s\000\040\000a\000n\000d\000\040\000C\000a\000s\000e\000\040\000S\000t\000u\000d\000i\000e\000s\000\040\116\064\136\212\136\224\165\050\116\016\150\110\117\213\122\006\147\220}{}% 14
\BOOKMARK [2][-]{subsection.9.1}{\376\377\000T\000u\000m\000o\000r\000\040\000B\000o\000a\000r\000d\000\040\000F\000o\000r\000m\000a\000l\000i\000z\000a\000t\000i\000o\000n\000\040\200\277\166\044\131\324\124\130\117\032\137\142\137\017\123\026}{section.9}% 15
\BOOKMARK [2][-]{subsection.9.2}{\376\377\000S\000e\000c\000o\000n\000d\000\040\000O\000p\000i\000n\000i\000o\000n\000\040\000Q\000u\000a\000n\000t\000i\000f\000i\000c\000a\000t\000i\000o\000n\000\040\173\054\116\214\213\312\165\227\141\017\211\301\221\317\123\026}{section.9}% 16
\BOOKMARK [2][-]{subsection.9.3}{\376\377\000S\000c\000r\000e\000e\000n\000i\000n\000g\000\040\000F\000a\000l\000s\000e\000\040\000P\000o\000s\000i\000t\000i\000v\000e\000s\000\040\000v\000s\000.\000\040\000R\000a\000r\000e\000\040\000D\000i\000s\000e\000a\000s\000e\000\040\173\133\147\345\120\107\226\063\140\047\116\016\177\125\211\301\165\305}{section.9}% 17
\BOOKMARK [2][-]{subsection.9.4}{\376\377\000A\000I\000-\000A\000s\000s\000i\000s\000t\000e\000d\000\040\000D\000i\000a\000g\000n\000o\000s\000i\000s\000\040\000U\000n\000d\000e\000r\000\040\000S\000C\000X\000\040\000A\000u\000d\000i\000t\000\040\000A\000I\217\205\122\251\213\312\145\255\166\204\000S\000C\000X\133\241\213\241}{section.9}% 18
\BOOKMARK [2][-]{subsection.9.5}{\376\377\000T\000e\000l\000e\000m\000e\000d\000i\000c\000i\000n\000e\000\040\000a\000n\000d\000\040\000D\000i\000s\000t\000r\000i\000b\000u\000t\000e\000d\000\040\000D\000i\000a\000g\000n\000o\000s\000i\000s\000\040\217\334\172\013\123\073\165\227\116\016\122\006\136\003\137\017\213\312\145\255}{section.9}% 19
\BOOKMARK [1][-]{section.10}{\376\377\000E\000x\000p\000e\000r\000i\000m\000e\000n\000t\000a\000l\000\040\000P\000r\000o\000t\000o\000c\000o\000l\000\040\000a\000n\000d\000\040\000E\000m\000p\000i\000r\000i\000c\000a\000l\000\040\000V\000a\000l\000i\000d\000a\000t\000i\000o\000n\000\040\133\236\232\214\123\117\213\256\116\016\133\236\213\301\232\214\213\301}{}% 20
\BOOKMARK [2][-]{subsection.10.1}{\376\377\000D\000a\000t\000a\000\040\000R\000e\000q\000u\000i\000r\000e\000m\000e\000n\000t\000s}{section.10}% 21
\BOOKMARK [2][-]{subsection.10.2}{\376\377\000V\000a\000l\000i\000d\000a\000t\000i\000o\000n\000\040\000M\000e\000t\000r\000i\000c\000s}{section.10}% 22
\BOOKMARK [2][-]{subsection.10.3}{\376\377\000C\000o\000r\000r\000e\000l\000a\000t\000i\000o\000n\000\040\000E\000s\000t\000i\000m\000a\000t\000i\000o\000n\000\040\000P\000r\000o\000t\000o\000c\000o\000l\000\040\166\370\121\163\140\047\117\060\213\241\123\117\213\256}{section.10}% 23
\BOOKMARK [1][-]{section.11}{\376\377\000L\000i\000m\000i\000t\000a\000t\000i\000o\000n\000s\000\040\000a\000n\000d\000\040\000A\000s\000s\000u\000m\000p\000t\000i\000o\000n\000\040\000V\000e\000r\000i\000f\000i\000c\000a\000t\000i\000o\000n\000\040\134\100\226\120\140\047\116\016\120\107\213\276\232\214\213\301}{}% 24
\BOOKMARK [1][-]{section.12}{\376\377\000D\000i\000s\000c\000u\000s\000s\000i\000o\000n\000\040\213\250\213\272}{}% 25
\BOOKMARK [2][-]{subsection.12.1}{\376\377\000W\000h\000y\000\040\000M\000e\000d\000i\000c\000i\000n\000e\000\040\000H\000a\000s\000\040\000M\000u\000l\000t\000i\000-\000E\000x\000p\000e\000r\000t\000\040\000I\000n\000t\000u\000i\000t\000i\000o\000n\000\040\000B\000u\000t\000\040\000N\000o\000\040\000F\000o\000r\000m\000a\000l\000\040\000T\000h\000e\000o\000r\000y}{section.12}% 26
\BOOKMARK [2][-]{subsection.12.2}{\376\377\000T\000h\000e\000\040\000S\000p\000r\000i\000n\000g\000\040\000P\000e\000r\000m\000a\000n\000e\000n\000t\000\040\000M\000e\000m\000o\000r\000y\000\040\000i\000n\000\040\000M\000e\000d\000i\000c\000i\000n\000e\000\040\123\073\133\146\116\055\166\204\000S\000p\000r\000i\000n\000g\154\070\116\105\213\260\137\306}{section.12}% 27
\BOOKMARK [2][-]{subsection.12.3}{\376\377\000T\000h\000e\000\040\000C\000o\000s\000t\000\040\000o\000f\000\040\000M\000u\000l\000t\000i\000-\000E\000x\000p\000e\000r\000t\000\040\000D\000i\000a\000g\000n\000o\000s\000i\000s\000\040\131\032\116\023\133\266\213\312\145\255\166\204\176\317\155\116\142\020\147\054}{section.12}% 28
\BOOKMARK [2][-]{subsection.12.4}{\376\377\000R\000e\000g\000u\000l\000a\000t\000o\000r\000y\000\040\000I\000m\000p\000l\000i\000c\000a\000t\000i\000o\000n\000s\000\040\166\321\173\241\141\017\116\111}{section.12}% 29
\BOOKMARK [1][-]{section.13}{\376\377\000R\000e\000l\000a\000t\000e\000d\000\040\000W\000o\000r\000k\000\040\166\370\121\163\135\345\117\134}{}% 30
\BOOKMARK [1][-]{section.14}{\376\377\000C\000o\000n\000c\000l\000u\000s\000i\000o\000n\000\040\176\323\213\272}{}% 31
