This is XeTeX, Version 3.141592653-2.6-0.999997 (MiKTeX 25.12) (preloaded format=xelatex 2026.6.30)  30 JUN 2026 19:11
entering extended mode
 restricted \write18 enabled.
 %&-line parsing enabled.
**./main.tex
(main.tex
LaTeX2e <2025-11-01>
L3 programming layer <2025-12-24>
(C:\Users\admin\AppData\Local\Programs\MiKTeX\tex/latex/base\article.cls
Document Class: article 2025/01/22 v1.4n Standard LaTeX document class
(C:\Users\admin\AppData\Local\Programs\MiKTeX\tex/latex/base\size11.clo
File: size11.clo 2025/01/22 v1.4n Standard LaTeX file (size option)
)
\c@part=\count271
\c@section=\count272
\c@subsection=\count273
\c@subsubsection=\count274
\c@paragraph=\count275
\c@subparagraph=\count276
\c@figure=\count277
\c@table=\count278
\abovecaptionskip=\skip49
\belowcaptionskip=\skip50
\bibindent=\dimen148
)
(C:\Users\admin\AppData\Local\Programs\MiKTeX\tex/latex/fontspec\fontspec.sty
(C:\Users\admin\AppData\Local\Programs\MiKTeX\tex/latex/l3packages/xparse\xpars
e.sty
(C:\Users\admin\AppData\Local\Programs\MiKTeX\tex/latex/l3kernel\expl3.sty
Package: expl3 2025-12-24 L3 programming layer (loader) 

(C:\Users\admin\AppData\Local\Programs\MiKTeX\tex/latex/l3backend\l3backend-xet
ex.def
File: l3backend-xetex.def 2025-10-09 L3 backend support: XeTeX
\g__graphics_track_int=\count279
\g__pdfannot_backend_int=\count280
\g__pdfannot_backend_link_int=\count281
))
Package: xparse 2025-10-09 L3 Experimental document command parser
)
Package: fontspec 2025/09/29 v2.9g Font selection for XeLaTeX and LuaLaTeX

(C:\Users\admin\AppData\Local\Programs\MiKTeX\tex/latex/fontspec\fontspec-xetex
.sty
Package: fontspec-xetex 2025/09/29 v2.9g Font selection for XeLaTeX and LuaLaTe
X
\l__fontspec_script_int=\count282
\l__fontspec_language_int=\count283
\l__fontspec_strnum_int=\count284
\l__fontspec_tmp_int=\count285
\l__fontspec_tmpa_int=\count286
\l__fontspec_tmpb_int=\count287
\l__fontspec_tmpc_int=\count288
\l__fontspec_em_int=\count289
\l__fontspec_emdef_int=\count290
\l__fontspec_strong_int=\count291
\l__fontspec_strongdef_int=\count292
\l__fontspec_tmpa_dim=\dimen149
\l__fontspec_tmpb_dim=\dimen150
\l__fontspec_tmpc_dim=\dimen151
 (C:\Users\admin\AppData\Local\Programs\MiKTeX\tex/latex/base\fontenc.sty
Package: fontenc 2025/07/18 v2.1d Standard LaTeX package
)
(C:\Users\admin\AppData\Local\Programs\MiKTeX\tex/latex/fontspec\fontspec.cfg))
) (C:\Users\admin\AppData\Local\Programs\MiKTeX\tex/latex/amsmath\amsmath.sty
Package: amsmath 2025/07/09 v2.17z AMS math features
\@mathmargin=\skip51

For additional information on amsmath, use the `?' option.
(C:\Users\admin\AppData\Local\Programs\MiKTeX\tex/latex/amsmath\amstext.sty
Package: amstext 2024/11/17 v2.01 AMS text

(C:\Users\admin\AppData\Local\Programs\MiKTeX\tex/latex/amsmath\amsgen.sty
File: amsgen.sty 1999/11/30 v2.0 generic functions
\@emptytoks=\toks17
\ex@=\dimen152
))
(C:\Users\admin\AppData\Local\Programs\MiKTeX\tex/latex/amsmath\amsbsy.sty
Package: amsbsy 1999/11/29 v1.2d Bold Symbols
\pmbraise@=\dimen153
)
(C:\Users\admin\AppData\Local\Programs\MiKTeX\tex/latex/amsmath\amsopn.sty
Package: amsopn 2022/04/08 v2.04 operator names
)
\inf@bad=\count293
LaTeX Info: Redefining \frac on input line 233.
\uproot@=\count294
\leftroot@=\count295
LaTeX Info: Redefining \overline on input line 398.
LaTeX Info: Redefining \colon on input line 409.
\classnum@=\count296
\DOTSCASE@=\count297
LaTeX Info: Redefining \ldots on input line 495.
LaTeX Info: Redefining \dots on input line 498.
LaTeX Info: Redefining \cdots on input line 619.
\Mathstrutbox@=\box53
\strutbox@=\box54
LaTeX Info: Redefining \big on input line 721.
LaTeX Info: Redefining \Big on input line 722.
LaTeX Info: Redefining \bigg on input line 723.
LaTeX Info: Redefining \Bigg on input line 724.
\big@size=\dimen154
LaTeX Font Info:    Redeclaring font encoding OML on input line 742.
LaTeX Font Info:    Redeclaring font encoding OMS on input line 743.
\macc@depth=\count298
LaTeX Info: Redefining \bmod on input line 904.
LaTeX Info: Redefining \pmod on input line 909.
LaTeX Info: Redefining \smash on input line 939.
LaTeX Info: Redefining \relbar on input line 969.
LaTeX Info: Redefining \Relbar on input line 970.
\c@MaxMatrixCols=\count299
\dotsspace@=\muskip17
\c@parentequation=\count300
\dspbrk@lvl=\count301
\tag@help=\toks18
\row@=\count302
\column@=\count303
\maxfields@=\count304
\andhelp@=\toks19
\eqnshift@=\dimen155
\alignsep@=\dimen156
\tagshift@=\dimen157
\tagwidth@=\dimen158
\totwidth@=\dimen159
\lineht@=\dimen160
\@envbody=\toks20
\multlinegap=\skip52
\multlinetaggap=\skip53
\mathdisplay@stack=\toks21
LaTeX Info: Redefining \[ on input line 2950.
LaTeX Info: Redefining \] on input line 2951.
)
(C:\Users\admin\AppData\Local\Programs\MiKTeX\tex/latex/amsfonts\amssymb.sty
Package: amssymb 2013/01/14 v3.01 AMS font symbols

(C:\Users\admin\AppData\Local\Programs\MiKTeX\tex/latex/amsfonts\amsfonts.sty
Package: amsfonts 2013/01/14 v3.01 Basic AMSFonts support
\symAMSa=\mathgroup4
\symAMSb=\mathgroup5
LaTeX Font Info:    Redeclaring math symbol \hbar on input line 98.
LaTeX Font Info:    Overwriting math alphabet `\mathfrak' in version `bold'
(Font)                  U/euf/m/n --> U/euf/b/n on input line 106.
)) (C:\Users\admin\AppData\Local\Programs\MiKTeX\tex/latex/amscls\amsthm.sty
Package: amsthm 2020/05/29 v2.20.6
\thm@style=\toks22
\thm@bodyfont=\toks23
\thm@headfont=\toks24
\thm@notefont=\toks25
\thm@headpunct=\toks26
\thm@preskip=\skip54
\thm@postskip=\skip55
\thm@headsep=\skip56
\dth@everypar=\toks27
)
(C:\Users\admin\AppData\Local\Programs\MiKTeX\tex/latex/mathtools\mathtools.sty
Package: mathtools 2024/10/04 v1.31 mathematical typesetting tools
(C:\Users\admin\AppData\Local\Programs\MiKTeX\tex/latex/graphics\keyval.sty
Package: keyval 2022/05/29 v1.15 key=value parser (DPC)
\KV@toks@=\toks28
)
(C:\Users\admin\AppData\Local\Programs\MiKTeX\tex/latex/tools\calc.sty
Package: calc 2025/03/01 v4.3b Infix arithmetic (KKT,FJ)
\calc@Acount=\count305
\calc@Bcount=\count306
\calc@Adimen=\dimen161
\calc@Bdimen=\dimen162
\calc@Askip=\skip57
\calc@Bskip=\skip58
LaTeX Info: Redefining \setlength on input line 86.
LaTeX Info: Redefining \addtolength on input line 87.
\calc@Ccount=\count307
\calc@Cskip=\skip59
)
(C:\Users\admin\AppData\Local\Programs\MiKTeX\tex/latex/mathtools\mhsetup.sty
Package: mhsetup 2021/03/18 v1.4 programming setup (MH)
)
\g_MT_multlinerow_int=\count308
\l_MT_multwidth_dim=\dimen163
\origjot=\skip60
\l_MT_shortvdotswithinadjustabove_dim=\dimen164
\l_MT_shortvdotswithinadjustbelow_dim=\dimen165
\l_MT_above_intertext_sep=\dimen166
\l_MT_below_intertext_sep=\dimen167
\l_MT_above_shortintertext_sep=\dimen168
\l_MT_below_shortintertext_sep=\dimen169
\xmathstrut@box=\box55
\xmathstrut@dim=\dimen170
) (C:\Users\admin\AppData\Local\Programs\MiKTeX\tex/latex/tools\bm.sty
Package: bm 2025/10/21 v1.2g Bold Symbol Support (DPC/FMi)
\symboldoperators=\mathgroup6
\symboldletters=\mathgroup7
\symboldsymbols=\mathgroup8
Package bm Info: No bold for \OMX/cmex/m/n, using \pmb.
Package bm Info: No bold for \U/msa/m/n, using \pmb.
Package bm Info: No bold for \U/msb/m/n, using \pmb.
LaTeX Font Info:    Redeclaring math alphabet \mathbf on input line 149.
)
(C:\Users\admin\AppData\Local\Programs\MiKTeX\tex/latex/graphics\graphicx.sty
Package: graphicx 2024/12/31 v1.2e Enhanced LaTeX Graphics (DPC,SPQR)

(C:\Users\admin\AppData\Local\Programs\MiKTeX\tex/latex/graphics\graphics.sty
Package: graphics 2024/08/06 v1.4g Standard LaTeX Graphics (DPC,SPQR)

(C:\Users\admin\AppData\Local\Programs\MiKTeX\tex/latex/graphics\trig.sty
Package: trig 2023/12/02 v1.11 sin cos tan (DPC)
)
(C:\Users\admin\AppData\Local\Programs\MiKTeX\tex/latex/graphics-cfg\graphics.c
fg
File: graphics.cfg 2016/06/04 v1.11 sample graphics configuration
)
Package graphics Info: Driver file: xetex.def on input line 106.

(C:\Users\admin\AppData\Local\Programs\MiKTeX\tex/latex/graphics-def\xetex.def
File: xetex.def 2025/11/01 v5.0p Graphics/color driver for xetex
))
\Gin@req@height=\dimen171
\Gin@req@width=\dimen172
) (C:\Users\admin\AppData\Local\Programs\MiKTeX\tex/latex/xcolor\xcolor.sty
Package: xcolor 2024/09/29 v3.02 LaTeX color extensions (UK)

(C:\Users\admin\AppData\Local\Programs\MiKTeX\tex/latex/graphics-cfg\color.cfg
File: color.cfg 2016/01/02 v1.6 sample color configuration
)
Package xcolor Info: Driver file: xetex.def on input line 274.
(C:\Users\admin\AppData\Local\Programs\MiKTeX\tex/latex/graphics\mathcolor.ltx)
Package xcolor Info: Model `cmy' substituted by `cmy0' on input line 1349.
Package xcolor Info: Model `RGB' extended on input line 1365.
Package xcolor Info: Model `HTML' substituted by `rgb' on input line 1367.
Package xcolor Info: Model `Hsb' substituted by `hsb' on input line 1368.
Package xcolor Info: Model `tHsb' substituted by `hsb' on input line 1369.
Package xcolor Info: Model `HSB' substituted by `hsb' on input line 1370.
Package xcolor Info: Model `Gray' substituted by `gray' on input line 1371.
Package xcolor Info: Model `wave' substituted by `hsb' on input line 1372.
) (C:\Users\admin\AppData\Local\Programs\MiKTeX\tex/latex/hyperref\hyperref.sty
Package: hyperref 2025-07-12 v7.01o Hypertext links for LaTeX
(C:\Users\admin\AppData\Local\Programs\MiKTeX\tex/generic/iftex\iftex.sty
Package: iftex 2024/12/12 v1.0g TeX engine tests
)
(C:\Users\admin\AppData\Local\Programs\MiKTeX\tex/latex/kvsetkeys\kvsetkeys.sty
Package: kvsetkeys 2022-10-05 v1.19 Key value parser (HO)
)
(C:\Users\admin\AppData\Local\Programs\MiKTeX\tex/generic/kvdefinekeys\kvdefine
keys.sty
Package: kvdefinekeys 2019-12-19 v1.6 Define keys (HO)
)
(C:\Users\admin\AppData\Local\Programs\MiKTeX\tex/generic/pdfescape\pdfescape.s
ty
Package: pdfescape 2019/12/09 v1.15 Implements pdfTeX's escape features (HO)

(C:\Users\admin\AppData\Local\Programs\MiKTeX\tex/generic/ltxcmds\ltxcmds.sty
Package: ltxcmds 2023-12-04 v1.26 LaTeX kernel commands for general use (HO)
)
(C:\Users\admin\AppData\Local\Programs\MiKTeX\tex/generic/pdftexcmds\pdftexcmds
.sty
Package: pdftexcmds 2020-06-27 v0.33 Utility functions of pdfTeX for LuaTeX (HO
)

(C:\Users\admin\AppData\Local\Programs\MiKTeX\tex/generic/infwarerr\infwarerr.s
ty
Package: infwarerr 2019/12/03 v1.5 Providing info/warning/error messages (HO)
)
Package pdftexcmds Info: \pdf@primitive is available.
Package pdftexcmds Info: \pdf@ifprimitive is available.
Package pdftexcmds Info: \pdfdraftmode not found.
))
(C:\Users\admin\AppData\Local\Programs\MiKTeX\tex/latex/hycolor\hycolor.sty
Package: hycolor 2020-01-27 v1.10 Color options for hyperref/bookmark (HO)
)
(C:\Users\admin\AppData\Local\Programs\MiKTeX\tex/latex/hyperref\nameref.sty
Package: nameref 2025-06-21 v2.57 Cross-referencing by name of section

(C:\Users\admin\AppData\Local\Programs\MiKTeX\tex/latex/refcount\refcount.sty
Package: refcount 2019/12/15 v3.6 Data extraction from label references (HO)
)
(C:\Users\admin\AppData\Local\Programs\MiKTeX\tex/generic/gettitlestring\gettit
lestring.sty
Package: gettitlestring 2019/12/15 v1.6 Cleanup title references (HO)

(C:\Users\admin\AppData\Local\Programs\MiKTeX\tex/latex/kvoptions\kvoptions.sty
Package: kvoptions 2022-06-15 v3.15 Key value format for package options (HO)
))
\c@section@level=\count309
)
(C:\Users\admin\AppData\Local\Programs\MiKTeX\tex/latex/etoolbox\etoolbox.sty
Package: etoolbox 2025/10/02 v2.5m e-TeX tools for LaTeX (JAW)
\etb@tempcnta=\count310
)
(C:\Users\admin\AppData\Local\Programs\MiKTeX\tex/generic/stringenc\stringenc.s
ty
Package: stringenc 2019/11/29 v1.12 Convert strings between diff. encodings (HO
)
)
\@linkdim=\dimen173
\Hy@linkcounter=\count311
\Hy@pagecounter=\count312
 (C:\Users\admin\AppData\Local\Programs\MiKTeX\tex/latex/hyperref\pd1enc.def
File: pd1enc.def 2025-07-12 v7.01o Hyperref: PDFDocEncoding definition (HO)
) (C:\Users\admin\AppData\Local\Programs\MiKTeX\tex/generic/intcalc\intcalc.sty
Package: intcalc 2019/12/15 v1.3 Expandable calculations with integers (HO)
)
\Hy@SavedSpaceFactor=\count313
 (C:\Users\admin\AppData\Local\Programs\MiKTeX\tex/latex/hyperref\puenc.def
File: puenc.def 2025-07-12 v7.01o Hyperref: PDF Unicode definition (HO)
)
Package hyperref Info: Hyper figures OFF on input line 4195.
Package hyperref Info: Link nesting OFF on input line 4200.
Package hyperref Info: Hyper index ON on input line 4203.
Package hyperref Info: Plain pages OFF on input line 4210.
Package hyperref Info: Backreferencing OFF on input line 4215.
Package hyperref Info: Implicit mode ON; LaTeX internals redefined.
Package hyperref Info: Bookmarks ON on input line 4462.
\c@Hy@tempcnt=\count314

(C:\Users\admin\AppData\Local\Programs\MiKTeX\tex/latex/url\url.sty
\Urlmuskip=\muskip18
Package: url 2013/09/16  ver 3.4  Verb mode for urls, etc.
)
LaTeX Info: Redefining \url on input line 4801.
\XeTeXLinkMargin=\dimen174

(C:\Users\admin\AppData\Local\Programs\MiKTeX\tex/generic/bitset\bitset.sty
Package: bitset 2019/12/09 v1.3 Handle bit-vector datatype (HO)

(C:\Users\admin\AppData\Local\Programs\MiKTeX\tex/generic/bigintcalc\bigintcalc
.sty
Package: bigintcalc 2019/12/15 v1.5 Expandable calculations on big integers (HO
)
))
\Fld@menulength=\count315
\Field@Width=\dimen175
\Fld@charsize=\dimen176
Package hyperref Info: Hyper figures OFF on input line 6078.
Package hyperref Info: Link nesting OFF on input line 6083.
Package hyperref Info: Hyper index ON on input line 6086.
Package hyperref Info: backreferencing OFF on input line 6093.
Package hyperref Info: Link coloring OFF on input line 6098.
Package hyperref Info: Link coloring with OCG OFF on input line 6103.
Package hyperref Info: PDF/A mode OFF on input line 6108.
\Hy@abspage=\count316
\c@Item=\count317
\c@Hfootnote=\count318
)
Package hyperref Info: Driver (autodetected): hxetex.

(C:\Users\admin\AppData\Local\Programs\MiKTeX\tex/latex/hyperref\hxetex.def
File: hxetex.def 2025-07-12 v7.01o Hyperref driver for XeTeX
\pdfm@box=\box56
\c@Hy@AnnotLevel=\count319
\HyField@AnnotCount=\count320
\Fld@listcount=\count321
\c@bookmark@seq@number=\count322

(C:\Users\admin\AppData\Local\Programs\MiKTeX\tex/latex/rerunfilecheck\rerunfil
echeck.sty
Package: rerunfilecheck 2025-06-21 v1.11 Rerun checks for auxiliary files (HO)

(C:\Users\admin\AppData\Local\Programs\MiKTeX\tex/generic/uniquecounter\uniquec
ounter.sty
Package: uniquecounter 2019/12/15 v1.4 Provide unlimited unique counter (HO)
)
Package uniquecounter Info: New unique counter `rerunfilecheck' on input line 2
84.
)
\Hy@SectionHShift=\skip61
)
(C:\Users\admin\AppData\Local\Programs\MiKTeX\tex/latex/geometry\geometry.sty
Package: geometry 2026/03/07 v6.0 Page Geometry

(C:\Users\admin\AppData\Local\Programs\MiKTeX\tex/generic/iftex\ifvtex.sty
Package: ifvtex 2019/10/25 v1.7 ifvtex legacy package. Use iftex instead.
)
\Gm@cnth=\count323
\Gm@cntv=\count324
\c@Gm@tempcnt=\count325
\Gm@bindingoffset=\dimen177
\Gm@wd@mp=\dimen178
\Gm@odd@mp=\dimen179
\Gm@even@mp=\dimen180
\Gm@layoutwidth=\dimen181
\Gm@layoutheight=\dimen182
\Gm@layouthoffset=\dimen183
\Gm@layoutvoffset=\dimen184
\Gm@dimlist=\toks29

(C:\Users\admin\AppData\Local\Programs\MiKTeX\tex/latex/geometry\geometry.cfg))
(C:\Users\admin\AppData\Local\Programs\MiKTeX\tex/latex/enumitem\enumitem.sty
Package: enumitem 2025/02/06 v3.11 Customized lists
\labelindent=\skip62
\enit@outerparindent=\dimen185
\enit@toks=\toks30
\enit@inbox=\box57
\enit@count@id=\count326
\enitdp@description=\count327
)
(C:\Users\admin\AppData\Local\Programs\MiKTeX\tex/latex/booktabs\booktabs.sty
Package: booktabs 2020/01/12 v1.61803398 Publication quality tables
\heavyrulewidth=\dimen186
\lightrulewidth=\dimen187
\cmidrulewidth=\dimen188
\belowrulesep=\dimen189
\belowbottomsep=\dimen190
\aboverulesep=\dimen191
\abovetopsep=\dimen192
\cmidrulesep=\dimen193
\cmidrulekern=\dimen194
\defaultaddspace=\dimen195
\@cmidla=\count328
\@cmidlb=\count329
\@aboverulesep=\dimen196
\@belowrulesep=\dimen197
\@thisruleclass=\count330
\@lastruleclass=\count331
\@thisrulewidth=\dimen198
)
(C:\Users\admin\AppData\Local\Programs\MiKTeX\tex/latex/multirow\multirow.sty
Package: multirow 2024/11/12 v2.9 Span multiple rows of a table
\multirow@colwidth=\skip63
\multirow@cntb=\count332
\multirow@dima=\skip64
\bigstrutjot=\dimen199
)
(C:\Users\admin\AppData\Local\Programs\MiKTeX\tex/latex/tools\array.sty
Package: array 2025/09/25 v2.6n Tabular extension package (FMi)
\col@sep=\dimen256
\ar@mcellbox=\box58
\extrarowheight=\dimen257
\NC@list=\toks31
\extratabsurround=\skip65
\backup@length=\skip66
\ar@cellbox=\box59
)
(C:\Users\admin\AppData\Local\Programs\MiKTeX\tex/latex/algorithms\algorithm.st
y
Invalid UTF-8 byte or sequence at line 11 replaced by U+FFFD.
Package: algorithm 2009/08/24 v0.1 Document Style `algorithm' - floating enviro
nment
 (C:\Users\admin\AppData\Local\Programs\MiKTeX\tex/latex/float\float.sty
Package: float 2001/11/08 v1.3d Float enhancements (AL)
\c@float@type=\count333
\float@exts=\toks32
\float@box=\box60
\@float@everytoks=\toks33
\@floatcapt=\box61
)
(C:\Users\admin\AppData\Local\Programs\MiKTeX\tex/latex/base\ifthen.sty
Package: ifthen 2024/03/16 v1.1e Standard LaTeX ifthen package (DPC)
)
\@float@every@algorithm=\toks34
\c@algorithm=\count334
)
(C:\Users\admin\AppData\Local\Programs\MiKTeX\tex/latex/algorithmicx\algpseudoc
ode.sty
Package: algpseudocode 

(C:\Users\admin\AppData\Local\Programs\MiKTeX\tex/latex/algorithmicx\algorithmi
cx.sty
Package: algorithmicx 2005/04/27 v1.2 Algorithmicx

Document Style algorithmicx 1.2 - a greatly improved `algorithmic' style
\c@ALG@line=\count335
\c@ALG@rem=\count336
\c@ALG@nested=\count337
\ALG@tlm=\skip67
\ALG@thistlm=\skip68
\c@ALG@Lnr=\count338
\c@ALG@blocknr=\count339
\c@ALG@storecount=\count340
\c@ALG@tmpcounter=\count341
\ALG@tmplength=\skip69
)
Document Style - pseudocode environments for use with the `algorithmicx' style
) (C:\Users\admin\AppData\Local\Programs\MiKTeX\tex/xelatex/xecjk\xeCJK.sty
Package: xeCJK 2022/08/05 v3.9.1 Typesetting CJK scripts with XeLaTeX

(C:\Users\admin\AppData\Local\Programs\MiKTeX\tex/latex/ctex\ctexhook.sty
Package: ctexhook 2022/07/14 v2.5.10 Document and package hooks (CTEX)
)
(C:\Users\admin\AppData\Local\Programs\MiKTeX\tex/latex/l3packages/xtemplate\xt
emplate.sty
Package: xtemplate 2025-10-09 L3 Experimental prototype document functions
)
\l__xeCJK_tmp_int=\count342
\l__xeCJK_tmp_box=\box62
\l__xeCJK_tmp_dim=\dimen258
\l__xeCJK_tmp_skip=\skip70
\g__xeCJK_space_factor_int=\count343
\l__xeCJK_begin_int=\count344
\l__xeCJK_end_int=\count345
\c__xeCJK_CJK_class_int=\XeTeXcharclass1
\c__xeCJK_FullLeft_class_int=\XeTeXcharclass2
\c__xeCJK_FullRight_class_int=\XeTeXcharclass3
\c__xeCJK_HalfLeft_class_int=\XeTeXcharclass4
\c__xeCJK_HalfRight_class_int=\XeTeXcharclass5
\c__xeCJK_NormalSpace_class_int=\XeTeXcharclass6
\c__xeCJK_CM_class_int=\XeTeXcharclass7
\c__xeCJK_HangulJamo_class_int=\XeTeXcharclass8
\l__xeCJK_last_skip=\skip71
\c__xeCJK_none_node=\count346
\g__xeCJK_node_int=\count347
\c__xeCJK_CJK_node_dim=\dimen259
\c__xeCJK_CJK-space_node_dim=\dimen260
\c__xeCJK_default_node_dim=\dimen261
\c__xeCJK_CJK-widow_node_dim=\dimen262
\c__xeCJK_normalspace_node_dim=\dimen263
\c__xeCJK_default-space_node_skip=\skip72
\l__xeCJK_ccglue_skip=\skip73
\l__xeCJK_ecglue_skip=\skip74
\l__xeCJK_punct_kern_skip=\skip75
\l__xeCJK_indent_box=\box63
\l__xeCJK_last_penalty_int=\count348
\l__xeCJK_last_bound_dim=\dimen264
\l__xeCJK_last_kern_dim=\dimen265
\l__xeCJK_widow_penalty_int=\count349

LaTeX template Info: Declaring template type 'xeCJK/punctuation' taking 0
(template)           argument(s) on line 2396.

\l__xeCJK_fixed_punct_width_dim=\dimen266
\l__xeCJK_mixed_punct_width_dim=\dimen267
\l__xeCJK_middle_punct_width_dim=\dimen268
\l__xeCJK_fixed_margin_width_dim=\dimen269
\l__xeCJK_mixed_margin_width_dim=\dimen270
\l__xeCJK_middle_margin_width_dim=\dimen271
\l__xeCJK_bound_punct_width_dim=\dimen272
\l__xeCJK_bound_margin_width_dim=\dimen273
\l__xeCJK_margin_minimum_dim=\dimen274
\l__xeCJK_kerning_total_width_dim=\dimen275
\l__xeCJK_same_align_margin_dim=\dimen276
\l__xeCJK_different_align_margin_dim=\dimen277
\l__xeCJK_kerning_margin_width_dim=\dimen278
\l__xeCJK_kerning_margin_minimum_dim=\dimen279
\l__xeCJK_bound_dim=\dimen280
\l__xeCJK_reverse_bound_dim=\dimen281
\l__xeCJK_margin_dim=\dimen282
\l__xeCJK_minimum_bound_dim=\dimen283
\l__xeCJK_kerning_margin_dim=\dimen284
\g__xeCJK_family_int=\count350
\l__xeCJK_fam_int=\count351
\g__xeCJK_fam_allocation_int=\count352
\l__xeCJK_verb_case_int=\count353
\l__xeCJK_verb_exspace_skip=\skip76

(C:\Users\admin\AppData\Local\Programs\MiKTeX\tex/xelatex/xecjk\xeCJK.cfg
File: xeCJK.cfg 2022/08/05 v3.9.1 Configuration file for xeCJK package
))

Package fontspec Info: 
(fontspec)             Could not resolve font "SimSun/BI" (it probably doesn't
(fontspec)             exist).


Package fontspec Info: 
(fontspec)             Could not resolve font "SimSun/B" (it probably doesn't
(fontspec)             exist).


Package fontspec Info: 
(fontspec)             Could not resolve font "SimSun/I" (it probably doesn't
(fontspec)             exist).


Package fontspec Info: 
(fontspec)             Font family 'SimSun(0)' created for font 'SimSun' with
(fontspec)             options [Script={CJK}].
(fontspec)              
(fontspec)              This font family consists of the following NFSS
(fontspec)             series/shapes:
(fontspec)              
(fontspec)             - 'normal' (m/n) with NFSS spec.:
(fontspec)             <->"SimSun/OT:script=hani;language=dflt;"

\c@theorem=\count354

(main.aux)
\openout1 = `main.aux'.

LaTeX Font Info:    Checking defaults for OML/cmm/m/it on input line 98.
LaTeX Font Info:    ... okay on input line 98.
LaTeX Font Info:    Checking defaults for OMS/cmsy/m/n on input line 98.
LaTeX Font Info:    ... okay on input line 98.
LaTeX Font Info:    Checking defaults for OT1/cmr/m/n on input line 98.
LaTeX Font Info:    ... okay on input line 98.
LaTeX Font Info:    Checking defaults for T1/cmr/m/n on input line 98.
LaTeX Font Info:    ... okay on input line 98.
LaTeX Font Info:    Checking defaults for TS1/cmr/m/n on input line 98.
LaTeX Font Info:    ... okay on input line 98.
LaTeX Font Info:    Checking defaults for TU/lmr/m/n on input line 98.
LaTeX Font Info:    ... okay on input line 98.
LaTeX Font Info:    Checking defaults for OMX/cmex/m/n on input line 98.
LaTeX Font Info:    ... okay on input line 98.
LaTeX Font Info:    Checking defaults for U/cmr/m/n on input line 98.
LaTeX Font Info:    ... okay on input line 98.
LaTeX Font Info:    Checking defaults for PD1/pdf/m/n on input line 98.
LaTeX Font Info:    ... okay on input line 98.
LaTeX Font Info:    Checking defaults for PU/pdf/m/n on input line 98.
LaTeX Font Info:    ... okay on input line 98.

Package fontspec Info: 
(fontspec)             Adjusting the maths setup (use [no-math] to avoid
(fontspec)             this).

\symlegacymaths=\mathgroup9
LaTeX Font Info:    Overwriting symbol font `legacymaths' in version `bold'
(Font)                  OT1/cmr/m/n --> OT1/cmr/bx/n on input line 98.
LaTeX Font Info:    Redeclaring math accent \acute on input line 98.
LaTeX Font Info:    Redeclaring math accent \grave on input line 98.
LaTeX Font Info:    Redeclaring math accent \ddot on input line 98.
LaTeX Font Info:    Redeclaring math accent \tilde on input line 98.
LaTeX Font Info:    Redeclaring math accent \bar on input line 98.
LaTeX Font Info:    Redeclaring math accent \breve on input line 98.
LaTeX Font Info:    Redeclaring math accent \check on input line 98.
LaTeX Font Info:    Redeclaring math accent \hat on input line 98.
LaTeX Font Info:    Redeclaring math accent \dot on input line 98.
LaTeX Font Info:    Redeclaring math accent \mathring on input line 98.
LaTeX Font Info:    Redeclaring math symbol \Gamma on input line 98.
LaTeX Font Info:    Redeclaring math symbol \Delta on input line 98.
LaTeX Font Info:    Redeclaring math symbol \Theta on input line 98.
LaTeX Font Info:    Redeclaring math symbol \Lambda on input line 98.
LaTeX Font Info:    Redeclaring math symbol \Xi on input line 98.
LaTeX Font Info:    Redeclaring math symbol \Pi on input line 98.
LaTeX Font Info:    Redeclaring math symbol \Sigma on input line 98.
LaTeX Font Info:    Redeclaring math symbol \Upsilon on input line 98.
LaTeX Font Info:    Redeclaring math symbol \Phi on input line 98.
LaTeX Font Info:    Redeclaring math symbol \Psi on input line 98.
LaTeX Font Info:    Redeclaring math symbol \Omega on input line 98.
LaTeX Font Info:    Redeclaring math symbol \mathdollar on input line 98.
LaTeX Font Info:    Redeclaring symbol font `operators' on input line 98.
LaTeX Font Info:    Encoding `OT1' has changed to `TU' for symbol font
(Font)              `operators' in the math version `normal' on input line 98.
LaTeX Font Info:    Overwriting symbol font `operators' in version `normal'
(Font)                  OT1/cmr/m/n --> TU/lmr/m/n on input line 98.
LaTeX Font Info:    Encoding `OT1' has changed to `TU' for symbol font
(Font)              `operators' in the math version `bold' on input line 98.
LaTeX Font Info:    Overwriting symbol font `operators' in version `bold'
(Font)                  OT1/cmr/bx/n --> TU/lmr/m/n on input line 98.
LaTeX Font Info:    Overwriting symbol font `operators' in version `normal'
(Font)                  TU/lmr/m/n --> TU/lmr/m/n on input line 98.
LaTeX Font Info:    Overwriting math alphabet `\mathit' in version `normal'
(Font)                  OT1/cmr/m/it --> TU/lmr/m/it on input line 98.
LaTeX Font Info:    Overwriting math alphabet `\mathbf' in version `normal'
(Font)                  OT1/cmr/bx/n --> TU/lmr/b/n on input line 98.
LaTeX Font Info:    Overwriting math alphabet `\mathsf' in version `normal'
(Font)                  OT1/cmss/m/n --> TU/lmss/m/n on input line 98.
LaTeX Font Info:    Overwriting math alphabet `\mathtt' in version `normal'
(Font)                  OT1/cmtt/m/n --> TU/lmtt/m/n on input line 98.
LaTeX Font Info:    Overwriting symbol font `operators' in version `bold'
(Font)                  TU/lmr/m/n --> TU/lmr/b/n on input line 98.
LaTeX Font Info:    Overwriting math alphabet `\mathit' in version `bold'
(Font)                  OT1/cmr/bx/it --> TU/lmr/b/it on input line 98.
LaTeX Font Info:    Overwriting math alphabet `\mathsf' in version `bold'
(Font)                  OT1/cmss/bx/n --> TU/lmss/b/n on input line 98.
LaTeX Font Info:    Overwriting math alphabet `\mathtt' in version `bold'
(Font)                  OT1/cmtt/m/n --> TU/lmtt/b/n on input line 98.
Package hyperref Info: Link coloring OFF on input line 98.
\@outlinefile=\write3
\openout3 = `main.out'.



Package hyperref Warning: Rerun to get /PageLabels entry.

*geometry* driver: auto-detecting
*geometry* detected driver: xetex
*geometry* verbose mode - [ preamble ] result:
* driver: xetex
* paper: a4paper
* layout: <same size as paper>
* layoutoffset:(h,v)=(0.0pt,0.0pt)
* modes: 
* h-part:(L,W,R)=(72.26999pt, 452.9679pt, 72.26999pt)
* v-part:(T,H,B)=(72.26999pt, 700.50687pt, 72.26999pt)
* \paperwidth=597.50787pt
* \paperheight=845.04684pt
* \textwidth=452.9679pt
* \textheight=700.50687pt
* \oddsidemargin=0.0pt
* \evensidemargin=0.0pt
* \topmargin=-37.0pt
* \headheight=12.0pt
* \headsep=25.0pt
* \topskip=11.0pt
* \footskip=30.0pt
* \marginparwidth=50.0pt
* \marginparsep=10.0pt
* \columnsep=10.0pt
* \skip\footins=10.0pt plus 4.0pt minus 2.0pt
* \hoffset=0.0pt
* \voffset=0.0pt
* \mag=1000
* \@twocolumnfalse
* \@twosidefalse
* \@mparswitchfalse
* \@reversemarginfalse
* (1in=72.27pt=25.4mm, 1cm=28.453pt)

LaTeX Font Info:    Trying to load font information for U+msa on input line 100
.
(C:\Users\admin\AppData\Local\Programs\MiKTeX\tex/latex/amsfonts\umsa.fd
File: umsa.fd 2013/01/14 v3.01 AMS symbols A
)
LaTeX Font Info:    Trying to load font information for U+msb on input line 100
.

(C:\Users\admin\AppData\Local\Programs\MiKTeX\tex/latex/amsfonts\umsb.fd
File: umsb.fd 2013/01/14 v3.01 AMS symbols B
)

LaTeX Font Warning: Font shape `TU/SimSun(0)/b/n' undefined
(Font)              using `TU/SimSun(0)/m/n' instead on input line 102.

[1

]

LaTeX Warning: Citation `SCX2025' on page 2 undefined on input line 122.


LaTeX Warning: Reference `sec:formalization' on page 2 undefined on input line 
127.


Package xeCJK Warning: Unknown CJK family `\CJKsfdefault' is being ignored.
(xeCJK)                
(xeCJK)                Try to use `\setCJKsansfont[<...>]{<...>}' to define
(xeCJK)                it.


LaTeX Warning: Reference `thm:consensus_detection' on page 2 undefined on input
 line 130.


LaTeX Warning: Reference `thm:discrepancy_unident' on page 2 undefined on input
 line 131.


LaTeX Warning: Reference `thm:observer_detection' on page 2 undefined on input 
line 132.


LaTeX Warning: Reference `sec:protocol' on page 2 undefined on input line 134.


LaTeX Font Warning: Font shape `TU/lmr/bx/sc' undefined
(Font)              using `TU/lmr/bx/n' instead on input line 135.


LaTeX Warning: Reference `sec:cercis' on page 2 undefined on input line 135.


LaTeX Warning: Reference `sec:spring' on page 2 undefined on input line 136.


LaTeX Warning: Reference `sec:applications' on page 2 undefined on input line 1
37.


LaTeX Warning: Reference `sec:discussion' on page 2 undefined on input line 138
.

[2]
! Undefined control sequence.
l.185 where $\varepsilon^{(m)} \in \Z
                                     ^K$ is the method-specific counting err...
The control sequence at the end of the top line
of your error message was never \def'ed. If you have
misspelled it (e.g., `\hobx'), type `I' and the correct
spelling (e.g., `I\hbox'). Otherwise just continue,
and I'll forget about whatever was undefined.


LaTeX Font Warning: Font shape `TU/SimSun(0)/b/it' undefined
(Font)              using `TU/SimSun(0)/b/n' instead on input line 187.

! Undefined control sequence.
l.197 ...D}_m(0, \Sigma_m), \quad \Sigma_m = \diag
                                                  (\sigma_{m,1}^2, \ldots, \...
The control sequence at the end of the top line
of your error message was never \def'ed. If you have
misspelled it (e.g., `\hobx'), type `I' and the correct
spelling (e.g., `I\hbox'). Otherwise just continue,
and I'll forget about whatever was undefined.

[3]

LaTeX Warning: Reference `sec:discussion' on page 4 undefined on input line 200
.

! Undefined control sequence.
l.207     \rho_{m,m'}^{(k)} = \Corr
                                   (\varepsilon_k^{(m)}, \varepsilon_k^{(m')}).
The control sequence at the end of the top line
of your error message was never \def'ed. If you have
misspelled it (e.g., `\hobx'), type `I' and the correct
spelling (e.g., `I\hbox'). Otherwise just continue,
and I'll forget about whatever was undefined.

[4]

LaTeX Warning: Reference `thm:discrepancy_unident' on page 5 undefined on input
 line 299.


Overfull \hbox (6.8714pt too wide) in paragraph at lines 304--305
[][]\TU/lmr/bx/sc/10.95 Assumption 2.16 \TU/lmr/m/n/10.95 (A9: Hash-Commitment 
Publication \TU/SimSun(0)/m/n/10.95 哈 希 承 诺 发 布\TU/lmr/m/n/10.95 )\TU/lmr/bx/sc
/10.95 . []\TU/lmr/m/n/10.95 Each counting method’s
 []

[5]

LaTeX Warning: Reference `ass:A1' on page 6 undefined on input line 323.


LaTeX Warning: Reference `ass:A3' on page 6 undefined on input line 323.


LaTeX Warning: Reference `ass:A6' on page 6 undefined on input line 323.


LaTeX Warning: Reference `sec:protocol' on page 6 undefined on input line 332.

! Double subscript.
l.334 ...{\Yajie} = \sum_{m=1}^{M} w_m \method{m}_
                                                  k(B) = \nu_k + \sum_{m=1}^...
I treat `x_1_2' essentially like `x_1{}_2'.


LaTeX Warning: Reference `ass:A6' on page 6 undefined on input line 337.


LaTeX Warning: Reference `ass:A2' on page 6 undefined on input line 352.


LaTeX Warning: Reference `ass:A1' on page 6 undefined on input line 364.

[6]

LaTeX Warning: Reference `eq:single_detection' on page 7 undefined on input lin
e 370.


LaTeX Warning: Reference `ass:A7' on page 7 undefined on input line 372.


LaTeX Warning: Reference `ass:A1' on page 7 undefined on input line 384.


LaTeX Warning: Reference `ass:A3' on page 7 undefined on input line 384.


LaTeX Warning: Reference `ass:A6' on page 7 undefined on input line 384.


LaTeX Warning: Reference `ass:A7' on page 7 undefined on input line 384.


LaTeX Warning: Reference `lem:single_candidate' on page 7 undefined on input li
ne 393.


LaTeX Warning: Reference `eq:single_detection' on page 7 undefined on input lin
e 393.


LaTeX Warning: Reference `ass:A4' on page 7 undefined on input line 395.


LaTeX Warning: Reference `ass:A5' on page 7 undefined on input line 395.

[7]

LaTeX Warning: Reference `eq:detection_theorem' on page 8 undefined on input li
ne 419.


Overfull \hbox (8.97598pt too wide) in paragraph at lines 421--422
[]\TU/lmr/bx/sc/10.95 Step 5: Asymptotic certainty. \TU/lmr/m/n/10.95 For fixed
 $\OML/cmm/m/it/10.95 ^^N[] > \OT1/cmr/m/n/10.95 ^^A[]$ \TU/lmr/m/n/10.95 and $
[]$, as $\OML/cmm/m/it/10.95 M[] \OMS/cmsy/m/n/10.95 ! 1$\TU/lmr/m/n/10.95 , $\
U/msb/m/n/10.95 P\OT1/cmr/m/n/10.95 ([]) \OMS/cmsy/m/n/10.95 !
 []


LaTeX Warning: Reference `ass:A7' on page 8 undefined on input line 423.


LaTeX Warning: Reference `ass:A7' on page 8 undefined on input line 423.


LaTeX Warning: Reference `thm:consensus_detection' on page 8 undefined on input
 line 438.

[8]

LaTeX Warning: Reference `ass:A1' on page 9 undefined on input line 478.


LaTeX Warning: Reference `ass:A3' on page 9 undefined on input line 478.


LaTeX Warning: Reference `ass:A8' on page 9 undefined on input line 478.

[9] [10]

LaTeX Warning: Reference `thm:discrepancy_unident' on page 11 undefined on inpu
t line 547.


LaTeX Warning: Reference `ass:A7' on page 11 undefined on input line 547.


LaTeX Warning: Reference `thm:consensus_detection' on page 11 undefined on inpu
t line 555.


LaTeX Font Warning: Font shape `TU/lmr/m/scit' undefined
(Font)              using `TU/lmr/m/scsl' instead on input line 566.


LaTeX Font Warning: Font shape `TU/lmr/m/scit' undefined
(Font)              using `TU/lmr/m/scsl' instead on input line 566.


LaTeX Warning: Reference `ass:A7' on page 11 undefined on input line 566.


LaTeX Warning: Reference `ass:A4' on page 11 undefined on input line 583.


LaTeX Warning: Reference `ass:A5' on page 11 undefined on input line 583.


LaTeX Warning: Reference `ass:A9' on page 11 undefined on input line 583.

[11]

LaTeX Warning: Reference `ass:A5' on page 12 undefined on input line 588.


LaTeX Warning: Reference `ass:A4' on page 12 undefined on input line 592.


LaTeX Warning: Reference `ass:A5' on page 12 undefined on input line 592.


LaTeX Warning: Reference `eq:observer_detection_theorem' on page 12 undefined o
n input line 605.


Overfull \hbox (6.81128pt too wide) in paragraph at lines 607--608
[]\TU/lmr/bx/sc/10.95 Step 4: Required observer count. \TU/lmr/m/n/10.95 For ta
rget confidence $\OT1/cmr/m/n/10.95 1 \OMS/cmsy/m/n/10.95 ^^@ \OML/cmm/m/it/10.
95 ^^L$\TU/lmr/m/n/10.95 , solving $\OT1/cmr/m/n/10.95 1 \OMS/cmsy/m/n/10.95 ^^
@ []\OT1/cmr/m/n/10.95 (\OMS/cmsy/m/n/10.95 ^^@\OT1/cmr/m/n/10.95 2\OML/cmm/m/i
t/10.95 K^^K[]\OT1/cmr/m/n/10.95 ) \OMS/cmsy/m/n/10.95 ^^U
 []


LaTeX Warning: Reference `thm:consensus_detection' on page 12 undefined on inpu
t line 632.


LaTeX Warning: Reference `thm:observer_detection' on page 12 undefined on input
 line 632.

[12]

LaTeX Warning: Reference `thm:consensus_detection' on page 13 undefined on inpu
t line 658.


LaTeX Warning: Reference `thm:discrepancy_unident' on page 13 undefined on inpu
t line 658.


LaTeX Warning: Reference `thm:observer_detection' on page 13 undefined on input
 line 658.


LaTeX Font Warning: Font shape `TU/lmr/m/scit' undefined
(Font)              using `TU/lmr/m/scsl' instead on input line 664.


LaTeX Font Warning: Font shape `TU/lmr/m/scit' undefined
(Font)              using `TU/lmr/m/scsl' instead on input line 666.


LaTeX Font Warning: Font shape `TU/lmr/m/scit' undefined
(Font)              using `TU/lmr/m/scsl' instead on input line 674.


LaTeX Font Warning: Font shape `TU/lmr/m/scit' undefined
(Font)              using `TU/lmr/m/scsl' instead on input line 676.


LaTeX Font Warning: Font shape `TU/lmr/m/scit' undefined
(Font)              using `TU/lmr/m/scsl' instead on input line 676.

! Double subscript.
l.676 ..., R\}} w_{m,k}^{\Yajie} \cdot \method{m}_
                                                  k(B),
I treat `x_1_2' essentially like `x_1{}_2'.


LaTeX Font Warning: Font shape `TU/lmr/m/scit' undefined
(Font)              using `TU/lmr/m/scsl' instead on input line 681.


LaTeX Font Warning: Font shape `TU/lmr/m/scit' undefined
(Font)              using `TU/lmr/m/scsl' instead on input line 684.


LaTeX Font Warning: Font shape `TU/lmr/m/scit' undefined
(Font)              using `TU/lmr/m/scsl' instead on input line 684.


LaTeX Font Warning: Font shape `TU/lmr/m/scit' undefined
(Font)              using `TU/lmr/m/scsl' instead on input line 684.


LaTeX Font Warning: Font shape `TU/lmr/m/scit' undefined
(Font)              using `TU/lmr/m/scsl' instead on input line 684.

[13]

LaTeX Warning: Reference `ass:A2' on page 14 undefined on input line 689.


LaTeX Warning: Reference `ass:A6' on page 14 undefined on input line 689.


LaTeX Font Warning: Font shape `TU/lmr/m/scit' undefined
(Font)              using `TU/lmr/m/scsl' instead on input line 689.


LaTeX Font Warning: Font shape `TU/lmr/m/scit' undefined
(Font)              using `TU/lmr/m/scsl' instead on input line 689.


LaTeX Font Warning: Font shape `TU/lmr/m/scit' undefined
(Font)              using `TU/lmr/m/scsl' instead on input line 689.

! Double subscript.
l.689 ..._k^{\Yajie}) \leq \min_m \Var(\method{m}_
                                                  k) / 3$, achieving a $\sqr...
I treat `x_1_2' essentially like `x_1{}_2'.

! Double subscript.
l.693 ... variance is $\Var(\sum_m w_m \method{m}_
                                                  k) = \sum_m w_m^2 \sigma_{...
I treat `x_1_2' essentially like `x_1{}_2'.


LaTeX Warning: Reference `eq:yajie_weight_election' on page 14 undefined on inp
ut line 693.


Overfull \hbox (29.63646pt too wide) in paragraph at lines 692--694
[]$\U/msa/m/n/10.95 ^^C$ \TU/lmr/bx/sc/10.95 [Partial Proof]\TU/lmr/m/n/10.95 F
or uncorrelated methods, the variance is $[]\OT1/cmr/m/n/10.95 ([][] \OML/cmm/m
/it/10.95 w[][][][]\OT1/cmr/m/n/10.95 ) = [][] \OML/cmm/m/it/10.95 w[]^^[[]$\TU
/lmr/m/n/10.95 .
 []

Package hyperref Info: bookmark level for unknown algorithm defaults to 0 on in
put line 699.
! Double subscript.
l.712 ...R}, \delta_{ER} \gets \max_k |\method{m}_
                                                  k(B) - \method{m'}_k(B)|$
I treat `x_1_2' essentially like `x_1{}_2'.

! Double subscript.
l.712 ...ts \max_k |\method{m}_k(B) - \method{m'}_
                                                  k(B)|$
I treat `x_1_2' essentially like `x_1{}_2'.


LaTeX Warning: Reference `eq:yajie_weight_election' on page 14 undefined on inp
ut line 714.


LaTeX Warning: Reference `eq:yajie_se' on page 14 undefined on input line 716.


LaTeX Warning: Reference `eq:total_detection' on page 14 undefined on input lin
e 717.


Package xeCJK Warning: Unknown CJK family `\CJKttdefault' is being ignored.
(xeCJK)                
(xeCJK)                Try to use `\setCJKmonofont[<...>]{<...>}' to define
(xeCJK)                it.


LaTeX Warning: Reference `ass:A7' on page 14 undefined on input line 721.


LaTeX Warning: Reference `ass:A1' on page 14 undefined on input line 743.


LaTeX Warning: Reference `ass:A10' on page 14 undefined on input line 743.


LaTeX Font Warning: Font shape `TU/lmr/m/scit' undefined
(Font)              using `TU/lmr/m/scsl' instead on input line 743.


LaTeX Warning: Reference `eq:total_detection' on page 14 undefined on input lin
e 745.


LaTeX Font Warning: Font shape `TU/lmr/m/scit' undefined
(Font)              using `TU/lmr/m/scsl' instead on input line 746.


LaTeX Warning: Reference `eq:detection_theorem' on page 14 undefined on input l
ine 752.


LaTeX Warning: Reference `eq:total_detection' on page 14 undefined on input lin
e 752.


LaTeX Warning: Citation `SCX2025' on page 14 undefined on input line 760.


LaTeX Font Warning: Font shape `TU/lmr/m/scit' undefined
(Font)              using `TU/lmr/m/scsl' instead on input line 767.


Overfull \hbox (137.5878pt too wide) detected at line 774
[][][]\OML/cmm/m/it/10.95 Q\OT1/cmr/m/n/10.95 (\OMS/cmsy/m/n/10.95 E\OT1/cmr/m/
n/10.95 ) = \OMS/cmsy/m/n/10.95 ^^@[] []  \OT1/cmr/m/n/10.95 +  []  +  [] []\OM
L/cmm/m/it/10.95 ;
 []

[14] [15]
Overfull \hbox (35.51552pt too wide) in paragraph at lines 806--816
 [][] 
 []


LaTeX Font Warning: Font shape `TU/lmr/m/scit' undefined
(Font)              using `TU/lmr/m/scsl' instead on input line 820.


LaTeX Warning: Citation `SCX2025' on page 16 undefined on input line 828.


LaTeX Font Warning: Font shape `TU/lmr/m/scit' undefined
(Font)              using `TU/lmr/m/scsl' instead on input line 842.

[16]

LaTeX Font Warning: Font shape `TU/lmr/m/scit' undefined
(Font)              using `TU/lmr/m/scsl' instead on input line 847.


LaTeX Warning: Reference `ass:A10' on page 17 undefined on input line 856.


LaTeX Warning: Reference `thm:observer_detection' on page 17 undefined on input
 line 865.


Overfull \hbox (2.67615pt too wide) in paragraph at lines 864--866
[]$\OMS/cmsy/m/n/10.95 ^^E$ \TU/lmr/bx/sc/10.95 [Proof Sketch]\TU/lmr/m/n/10.95
 The \TU/lmr/m/sc/10.95 Spring \TU/lmr/m/n/10.95 mechanism is a stochastic appr
oximation (Robbins-Monro)
 []


LaTeX Font Warning: Font shape `TU/lmr/m/scit' undefined
(Font)              using `TU/lmr/m/scsl' instead on input line 870.

[17]

LaTeX Warning: Reference `prop:spring_electoral' on page 18 undefined on input 
line 918.


LaTeX Warning: Reference `def:Meff' on page 18 undefined on input line 942.

[18]

LaTeX Warning: Citation `Lindeman2012RLA' on page 19 undefined on input line 95
9.


LaTeX Warning: Citation `Mebane2008' on page 19 undefined on input line 961.


LaTeX Warning: Citation `BeberScacco2012' on page 19 undefined on input line 96
1.


LaTeX Warning: Reference `thm:consensus_detection' on page 19 undefined on inpu
t line 961.


LaTeX Warning: Reference `thm:observer_detection' on page 19 undefined on input
 line 963.

[19]

LaTeX Warning: Citation `Arrow1951' on page 20 undefined on input line 965.


LaTeX Warning: Citation `Gibbard1973' on page 20 undefined on input line 965.


LaTeX Warning: Citation `Satterthwaite1975' on page 20 undefined on input line 
965.


LaTeX Warning: Reference `thm:discrepancy_unident' on page 20 undefined on inpu
t line 975.


LaTeX Warning: Reference `ass:A8' on page 20 undefined on input line 975.


LaTeX Warning: Reference `ass:A6' on page 20 undefined on input line 977.


LaTeX Warning: Reference `ass:A4' on page 20 undefined on input line 981.


LaTeX Warning: Reference `ass:A9' on page 20 undefined on input line 985.

[20]

LaTeX Warning: Reference `ass:A7' on page 21 undefined on input line 989.


LaTeX Warning: Reference `ass:A9' on page 21 undefined on input line 999.


LaTeX Warning: Reference `thm:observer_detection' on page 21 undefined on input
 line 1000.

[21]

LaTeX Warning: Reference `thm:consensus_detection' on page 22 undefined on inpu
t line 1015.


LaTeX Warning: Reference `thm:discrepancy_unident' on page 22 undefined on inpu
t line 1016.


LaTeX Warning: Reference `thm:observer_detection' on page 22 undefined on input
 line 1017.


LaTeX Warning: Reference `alg:certification' on page 22 undefined on input line
 1020.


LaTeX Warning: Reference `eq:cercis_electoral' on page 22 undefined on input li
ne 1020.


LaTeX Warning: Reference `sec:spring' on page 22 undefined on input line 1020.

[22] [23] (main.aux)
 ***********
LaTeX2e <2025-11-01>
L3 programming layer <2022/08/05>
 ***********


LaTeX Font Warning: Some font shapes were not available, defaults substituted.


LaTeX Warning: There were undefined references.


LaTeX Warning: Label(s) may have changed. Rerun to get cross-references right.


Package rerunfilecheck Warning: File `main.out' has changed.
(rerunfilecheck)                Rerun to get outlines right
(rerunfilecheck)                or use package `bookmark'.

Package rerunfilecheck Info: Checksums for `main.out':
(rerunfilecheck)             Before: <no file>
(rerunfilecheck)             After:  9CDE2184B2720C7A43AFA23E1ECEB6D3;7833.
 ) 
Here is how much of TeX's memory you used:
 16399 strings out of 402986
 320128 string characters out of 5448503
 800408 words of memory out of 5000000
 44870 multiletter control sequences out of 15000+600000
 643322 words of font info for 139 fonts, out of 8000000 for 9000
 1348 hyphenation exceptions out of 8191
 73i,13n,92p,2554b,650s stack positions out of 10000i,1000n,20000p,200000b,200000s

Output written on main.pdf (23 pages).
