\BOOKMARK [1][-]{section.1}{\376\377\000I\000n\000t\000r\000o\000d\000u\000c\000t\000i\000o\000n\000\040\137\025\212\000}{}% 1
\BOOKMARK [1][-]{section.2}{\376\377\000F\000o\000r\000m\000a\000l\000i\000z\000a\000t\000i\000o\000n\000:\000\040\000E\000l\000e\000c\000t\000o\000r\000a\000l\000\040\000T\000a\000b\000u\000l\000a\000t\000i\000o\000n\000\040\000a\000s\000\040\000M\000u\000l\000t\000i\000-\000M\000e\000t\000h\000o\000d\000\040\000V\000e\000r\000i\000f\000i\000c\000a\000t\000i\000o\000n\000\040\220\011\116\076\213\241\171\150\117\134\116\072\131\032\145\271\154\325\232\214\213\301}{}% 2
\BOOKMARK [2][-]{subsection.2.1}{\376\377\000T\000h\000e\000\040\000V\000o\000t\000e\000\040\000C\000o\000u\000n\000t\000\040\000S\000p\000a\000c\000e\000\040\213\241\171\150\172\172\225\364}{section.2}% 3
\BOOKMARK [2][-]{subsection.2.2}{\376\377\000C\000o\000u\000n\000t\000i\000n\000g\000\040\000M\000e\000t\000h\000o\000d\000s\000\040\000a\000s\000\040\000A\000u\000d\000i\000t\000o\000r\000s\000\040\213\241\171\150\145\271\154\325\117\134\116\072\133\241\213\241\200\005}{section.2}% 4
\BOOKMARK [2][-]{subsection.2.3}{\376\377\000O\000b\000s\000e\000r\000v\000e\000r\000\040\000C\000o\000m\000m\000u\000n\000i\000t\000y\000\040\211\302\133\337\200\005\171\076\123\072}{section.2}% 5
\BOOKMARK [2][-]{subsection.2.4}{\376\377\000A\000s\000s\000u\000m\000p\000t\000i\000o\000n\000s\000\040\120\107\213\276}{section.2}% 6
\BOOKMARK [1][-]{section.3}{\376\377\000T\000h\000e\000o\000r\000e\000m\000\040\0001\000:\000\040\000M\000u\000l\000t\000i\000-\000M\000e\000t\000h\000o\000d\000\040\000C\000o\000n\000s\000e\000n\000s\000u\000s\000\040\000D\000e\000t\000e\000c\000t\000i\000o\000n\000\040\131\032\145\271\154\325\121\161\213\306\150\300\155\113}{}% 7
\BOOKMARK [2][-]{subsection.3.1}{\376\377\000D\000e\000t\000e\000c\000t\000i\000o\000n\000\040\000P\000r\000o\000b\000a\000b\000i\000l\000i\000t\000y\000\040\000L\000e\000m\000m\000a}{section.3}% 8
\BOOKMARK [2][-]{subsection.3.2}{\376\377\000T\000h\000e\000\040\000C\000o\000n\000s\000e\000n\000s\000u\000s\000\040\000D\000e\000t\000e\000c\000t\000i\000o\000n\000\040\000T\000h\000e\000o\000r\000e\000m}{section.3}% 9
\BOOKMARK [1][-]{section.4}{\376\377\000T\000h\000e\000o\000r\000e\000m\000\040\0002\000:\000\040\000D\000i\000s\000c\000r\000e\000p\000a\000n\000c\000y\000\040\000S\000o\000u\000r\000c\000e\000\040\000U\000n\000i\000d\000e\000n\000t\000i\000f\000i\000a\000b\000i\000l\000i\000t\000y\000\040\135\356\137\002\147\145\156\220\116\015\123\357\217\250\213\306\140\047}{}% 10
\BOOKMARK [2][-]{subsection.4.1}{\376\377\000T\000h\000e\000\040\000D\000i\000s\000c\000r\000e\000p\000a\000n\000c\000y\000\040\000D\000e\000c\000o\000m\000p\000o\000s\000i\000t\000i\000o\000n\000\040\000M\000o\000d\000e\000l}{section.4}% 11
\BOOKMARK [2][-]{subsection.4.2}{\376\377\000T\000h\000e\000o\000r\000e\000m\000\040\000S\000t\000a\000t\000e\000m\000e\000n\000t\000\040\000a\000n\000d\000\040\000P\000r\000o\000o\000f}{section.4}% 12
\BOOKMARK [1][-]{section.5}{\376\377\000T\000h\000e\000o\000r\000e\000m\000\040\0003\000:\000\040\000O\000b\000s\000e\000r\000v\000e\000r\000\040\000C\000o\000m\000m\000u\000n\000i\000t\000y\000\040\000D\000e\000t\000e\000c\000t\000i\000o\000n\000\040\000P\000o\000w\000e\000r\000\040\211\302\133\337\200\005\171\076\123\072\150\300\155\113\122\233}{}% 13
\BOOKMARK [2][-]{subsection.5.1}{\376\377\000T\000h\000e\000\040\000O\000b\000s\000e\000r\000v\000e\000r\000\040\000D\000e\000t\000e\000c\000t\000i\000o\000n\000\040\000M\000o\000d\000e\000l}{section.5}% 14
\BOOKMARK [2][-]{subsection.5.2}{\376\377\000T\000h\000e\000o\000r\000e\000m\000\040\000S\000t\000a\000t\000e\000m\000e\000n\000t\000\040\000a\000n\000d\000\040\000P\000r\000o\000o\000f}{section.5}% 15
\BOOKMARK [1][-]{section.6}{\376\377\000M\000u\000l\000t\000i\000-\000M\000e\000t\000h\000o\000d\000\040\000Y\000a\000j\000i\000e\000\040\000C\000e\000r\000t\000i\000f\000i\000c\000a\000t\000i\000o\000n\000\040\000P\000r\000o\000t\000o\000c\000o\000l\000\040\131\032\145\271\154\325\000Y\000a\000j\000i\000e\213\244\213\301\123\117\213\256}{}% 16
\BOOKMARK [2][-]{subsection.6.1}{\376\377\000Y\000a\000j\000i\000e\000\040\000C\000o\000n\000s\000e\000n\000s\000u\000s\000\040\000f\000o\000r\000\040\000V\000o\000t\000e\000\040\000T\000a\000b\000u\000l\000a\000t\000i\000o\000n\000\040\213\241\171\150\166\204\000Y\000a\000j\000i\000e\121\161\213\306}{section.6}% 17
\BOOKMARK [2][-]{subsection.6.2}{\376\377\000T\000h\000e\000\040\000C\000e\000r\000t\000i\000f\000i\000c\000a\000t\000i\000o\000n\000\040\000P\000r\000o\000t\000o\000c\000o\000l}{section.6}% 18
\BOOKMARK [1][-]{section.7}{\376\377\000C\000e\000r\000c\000i\000s\000\040\000E\000l\000e\000c\000t\000o\000r\000a\000l\000\040\000I\000n\000t\000e\000g\000r\000i\000t\000y\000\040\000S\000c\000o\000r\000e\000\040\220\011\116\076\213\332\117\341\000C\000e\000r\000c\000i\000s\213\304\122\006}{}% 19
\BOOKMARK [1][-]{section.8}{\376\377\000S\000p\000r\000i\000n\000g\000\040\000G\000a\000t\000i\000n\000g\000\040\000f\000o\000r\000\040\000E\000l\000e\000c\000t\000o\000r\000a\000l\000\040\000I\000r\000r\000e\000g\000u\000l\000a\000r\000i\000t\000y\000\040\000D\000e\000t\000e\000c\000t\000i\000o\000n\000\040\220\011\116\076\137\002\136\070\150\300\155\113\166\204\000S\000p\000r\000i\000n\000g\225\350\143\247}{}% 20
\BOOKMARK [1][-]{section.9}{\376\377\000S\000p\000e\000c\000i\000f\000i\000c\000\040\000F\000o\000r\000m\000a\000l\000\040\000A\000p\000p\000l\000i\000c\000a\000t\000i\000o\000n\000s\000\040\121\167\117\123\137\142\137\017\123\026\136\224\165\050}{}% 21
\BOOKMARK [2][-]{subsection.9.1}{\376\377\000P\000r\000e\000c\000i\000n\000c\000t\000-\000L\000e\000v\000e\000l\000\040\000T\000a\000b\000u\000l\000a\000t\000i\000o\000n\000\040\220\011\123\072\176\247\213\241\171\150}{section.9}% 22
\BOOKMARK [2][-]{subsection.9.2}{\376\377\000M\000a\000i\000l\000-\000I\000n\000\040\000B\000a\000l\000l\000o\000t\000\040\000P\000r\000o\000c\000e\000s\000s\000i\000n\000g\000\040\220\256\133\304\220\011\171\150\131\004\164\006}{section.9}% 23
\BOOKMARK [2][-]{subsection.9.3}{\376\377\000M\000u\000l\000t\000i\000-\000J\000u\000r\000i\000s\000d\000i\000c\000t\000i\000o\000n\000\040\000R\000e\000s\000u\000l\000t\000\040\000A\000g\000g\000r\000e\000g\000a\000t\000i\000o\000n\000\040\131\032\217\226\123\072\176\323\147\234\154\107\140\073}{section.9}% 24
\BOOKMARK [2][-]{subsection.9.4}{\376\377\000O\000b\000s\000e\000r\000v\000e\000r\000\040\000A\000c\000c\000e\000s\000s\000\040\000a\000s\000\040\000a\000\040\000C\000o\000n\000t\000i\000n\000u\000o\000u\000s\000\040\000V\000a\000r\000i\000a\000b\000l\000e\000\040\211\302\133\337\200\005\213\277\225\356\117\134\116\072\217\336\176\355\123\330\221\317}{section.9}% 25
\BOOKMARK [1][-]{section.10}{\376\377\000D\000i\000s\000c\000u\000s\000s\000i\000o\000n\000\040\213\250\213\272}{}% 26
\BOOKMARK [2][-]{subsection.10.1}{\376\377\000R\000e\000l\000a\000t\000i\000o\000n\000s\000h\000i\000p\000\040\000t\000o\000\040\000E\000x\000i\000s\000t\000i\000n\000g\000\040\000E\000l\000e\000c\000t\000o\000r\000a\000l\000\040\000I\000n\000t\000e\000g\000r\000i\000t\000y\000\040\000F\000r\000a\000m\000e\000w\000o\000r\000k\000s\000\040\116\016\163\260\147\011\220\011\116\076\213\332\117\341\150\106\147\266\166\204\121\163\174\373}{section.10}% 27
\BOOKMARK [2][-]{subsection.10.2}{\376\377\000H\000o\000n\000e\000s\000t\000\040\000L\000i\000m\000i\000t\000a\000t\000i\000o\000n\000s\000\040\213\332\133\236\134\100\226\120\140\047}{section.10}% 28
\BOOKMARK [2][-]{subsection.10.3}{\376\377\000F\000u\000t\000u\000r\000e\000\040\000D\000i\000r\000e\000c\000t\000i\000o\000n\000s\000\040\147\052\147\145\145\271\124\021}{section.10}% 29
\BOOKMARK [1][-]{section.11}{\376\377\000C\000o\000n\000c\000l\000u\000s\000i\000o\000n\000\040\176\323\213\272}{}% 30
