This is pdfTeX, Version 3.141592653-2.6-1.40.28 (MiKTeX 25.12) (preloaded format=pdflatex 2026.6.28)  28 JUN 2026 17:52
entering extended mode
 restricted \write18 enabled.
 file:line:error style messages enabled.
 %&-line parsing enabled.
**./main.tex
(main.tex
LaTeX2e <2025-11-01>
L3 programming layer <2025-12-24>
(C:\Users\admin\AppData\Local\Programs\MiKTeX\tex/latex/revtex\revtex4-2.cls
Document Class: revtex4-2 2022/06/05 4.2f (https://journals.aps.org/revtex/ for
 documentation)
 Copyright (c) 2019 American Physical Society.
 mailto:revtex@aps.org
 Licensed under the LPPL:
http://www.ctan.org/tex-archive/macros/latex/base/lppl.txt
 Arthur Ogawa <arthur_ogawa at sbcglobal dot net>
 Based on work by David Carlisle <david at dcarlisle.demon.co.uk>
 Version (4.2d--4.2f): Modified by Mark Doyle and Phelype Oleinik
 .
ltxutil[2022/06/05 4.2f utilities package (portions licensed from W. E. Baxter 
web at superscript.com)]
LaTeX Info: Redefining \@centercr on input line 356.
Class revtex4-2 Info: Repairing hyperref-unfriendly LaTeX definition of \mpfoot
note on input line 492.
Class revtex4-2 Info: Repairing broken LateX \@sect on input line 814.
\intertabularlinepenalty=\count275
\@tbpen=\count276
\@arstrutbox@hline=\box53
Class revtex4-2 Info: Repairing broken LaTeX \@xbitor on input line 1845.
Class revtex4-2 Info: Making \typeout \long on input line 2110.
ltxfront[2022/06/05 4.2f frontmatter package (AO,DPC,MD)]
\c@affil=\count277
\c@collab=\count278
\absbox=\box54
ltxgrid[2022/06/05 4.2f page grid package (portions licensed from W. E. Baxter 
web at superscript.com)]
\c@linecount=\count279
\output@latex=\toks17
\box@size@1=\box55
\box@size@2=\box56
\@protection@box=\box57
\@topmark@saved=\toks18
\footins@saved=\box58
\footins@recovered=\box59
\column@recovered=\box60
\pagesofar=\box61
\footsofar=\box62
\pagegrid@col=\count280
Class revtex4-2 Info: Overriding \@vspace, \@vspacer, \@no@pgbk, \@newline, and
 \\  on input line 5676.
\c@part=\count281
\c@section=\count282
\c@subsection=\count283
\c@subsubsection=\count284
\c@paragraph=\count285
\c@subparagraph=\count286
\abovecaptionskip=\skip49
\belowcaptionskip=\skip50
\c@figure=\count287
\fbox@1=\box63
\c@table=\count288
\fbox@2=\box64
\c@video=\count289
\fbox@4=\box65
\@bibdataout=\write3
\widetext@top=\box66
\widetext@bot=\box67
Class revtex4-2 Info: Selecting society aps on input line 7669.
(C:\Users\admin\AppData\Local\Programs\MiKTeX\tex/latex/revtex\aps4-2.rtx
File: aps4-2 2022/06/05 4.2f (https://journals.aps.org/revtex/ for documentatio
n)
Class revtex4-2 Info: RevTeX society APS selected on input line 40.
)
Class revtex4-2 Info: Selecting journal prb on input line 7671.
Class revtex4-2 Info: APS journal PRB selected on input line 7672.


Class revtex4-2 Warning: No type size specified, using default 10.

(C:\Users\admin\AppData\Local\Programs\MiKTeX\tex/latex/revtex\aps10pt4-2.rtx
File: aps10pt4-2 2022/06/05 4.2f (https://journals.aps.org/revtex/ for document
ation)
Class revtex4-2 Info: RevTeX pointsize 10pt selected on input line 39.
)
(C:\Users\admin\AppData\Local\Programs\MiKTeX\tex/latex/textcase\textcase.sty
Package: textcase 2025/02/16 v1.05 Text only upper/lower case changing (DPC)
Package textcase Info: Defining Legacy names on input line 20.
)
(C:\Users\admin\AppData\Local\Programs\MiKTeX\tex/latex/url\url.sty
\Urlmuskip=\muskip17
Package: url 2013/09/16  ver 3.4  Verb mode for urls, etc.
)
(C:\Users\admin\AppData\Local\Programs\MiKTeX\tex/latex/natbib\natbib.sty
Package: natbib 2010/09/13 8.31b (PWD, AO)
\bibhang=\skip51
\bibsep=\skip52
LaTeX Info: Redefining \cite on input line 694.
\c@NAT@ctr=\count290
)
Class revtex4-2 Info: Repairing natbib's \BibitemShut on input line 7676.

(C:\Users\admin\AppData\Local\Programs\MiKTeX\tex/latex/revtex\revsymb4-2.sty
Package: revsymb4-2 2022/06/05 4.2f (https://journals.aps.org/revtex/ for docum
entation)
LaTeX Info: Redefining \REV@mathfrak on input line 128.
)) (C:\Users\admin\AppData\Local\Programs\MiKTeX\tex/latex/amsmath\amsmath.sty
Package: amsmath 2025/07/09 v2.17z AMS math features
\@mathmargin=\skip53

For additional information on amsmath, use the `?' option.
(C:\Users\admin\AppData\Local\Programs\MiKTeX\tex/latex/amsmath\amstext.sty
Package: amstext 2024/11/17 v2.01 AMS text

(C:\Users\admin\AppData\Local\Programs\MiKTeX\tex/latex/amsmath\amsgen.sty
File: amsgen.sty 1999/11/30 v2.0 generic functions
\@emptytoks=\toks19
\ex@=\dimen148
)
LaTeX Info: Redefining \text on input line 28.
)
(C:\Users\admin\AppData\Local\Programs\MiKTeX\tex/latex/amsmath\amsbsy.sty
Package: amsbsy 1999/11/29 v1.2d Bold Symbols
\pmbraise@=\dimen149
)
(C:\Users\admin\AppData\Local\Programs\MiKTeX\tex/latex/amsmath\amsopn.sty
Package: amsopn 2022/04/08 v2.04 operator names
)
\inf@bad=\count291
LaTeX Info: Redefining \frac on input line 233.
\uproot@=\count292
\leftroot@=\count293
LaTeX Info: Redefining \overline on input line 398.
LaTeX Info: Redefining \colon on input line 409.
\classnum@=\count294
\DOTSCASE@=\count295
LaTeX Info: Redefining \ldots on input line 495.
LaTeX Info: Redefining \dots on input line 498.
LaTeX Info: Redefining \cdots on input line 619.
\Mathstrutbox@=\box68
\strutbox@=\box69
LaTeX Info: Redefining \big on input line 721.
LaTeX Info: Redefining \Big on input line 722.
LaTeX Info: Redefining \bigg on input line 723.
LaTeX Info: Redefining \Bigg on input line 724.
\big@size=\dimen150
LaTeX Font Info:    Redeclaring font encoding OML on input line 742.
LaTeX Font Info:    Redeclaring font encoding OMS on input line 743.
\macc@depth=\count296
LaTeX Info: Redefining \bmod on input line 904.
LaTeX Info: Redefining \pmod on input line 909.
LaTeX Info: Redefining \smash on input line 939.
LaTeX Info: Redefining \relbar on input line 969.
LaTeX Info: Redefining \Relbar on input line 970.
\c@MaxMatrixCols=\count297
\dotsspace@=\muskip18
\c@parentequation=\count298
\dspbrk@lvl=\count299
\tag@help=\toks20
\row@=\count300
\column@=\count301
\maxfields@=\count302
\andhelp@=\toks21
\eqnshift@=\dimen151
\alignsep@=\dimen152
\tagshift@=\dimen153
\tagwidth@=\dimen154
\totwidth@=\dimen155
\lineht@=\dimen156
\@envbody=\toks22
\multlinegap=\skip54
\multlinetaggap=\skip55
\mathdisplay@stack=\toks23
LaTeX Info: Redefining \[ on input line 2950.
LaTeX Info: Redefining \] on input line 2951.
)
(C:\Users\admin\AppData\Local\Programs\MiKTeX\tex/latex/amsfonts\amssymb.sty
Package: amssymb 2013/01/14 v3.01 AMS font symbols

(C:\Users\admin\AppData\Local\Programs\MiKTeX\tex/latex/amsfonts\amsfonts.sty
Package: amsfonts 2013/01/14 v3.01 Basic AMSFonts support
\symAMSa=\mathgroup4
\symAMSb=\mathgroup5
LaTeX Font Info:    Redeclaring math symbol \hbar on input line 98.
LaTeX Font Info:    Overwriting math alphabet `\mathfrak' in version `bold'
(Font)                  U/euf/m/n --> U/euf/b/n on input line 106.
LaTeX Info: Redefining \frak on input line 111.
LaTeX Info: Redefining \Bbb on input line 113.
)) (C:\Users\admin\AppData\Local\Programs\MiKTeX\tex/latex/graphics\graphicx.st
y
Package: graphicx 2024/12/31 v1.2e Enhanced LaTeX Graphics (DPC,SPQR)

(C:\Users\admin\AppData\Local\Programs\MiKTeX\tex/latex/graphics\keyval.sty
Package: keyval 2022/05/29 v1.15 key=value parser (DPC)
\KV@toks@=\toks24
)
(C:\Users\admin\AppData\Local\Programs\MiKTeX\tex/latex/graphics\graphics.sty
Package: graphics 2024/08/06 v1.4g Standard LaTeX Graphics (DPC,SPQR)

(C:\Users\admin\AppData\Local\Programs\MiKTeX\tex/latex/graphics\trig.sty
Package: trig 2023/12/02 v1.11 sin cos tan (DPC)
)
(C:\Users\admin\AppData\Local\Programs\MiKTeX\tex/latex/graphics-cfg\graphics.c
fg
File: graphics.cfg 2016/06/04 v1.11 sample graphics configuration
)
Package graphics Info: Driver file: pdftex.def on input line 106.

(C:\Users\admin\AppData\Local\Programs\MiKTeX\tex/latex/graphics-def\pdftex.def
File: pdftex.def 2025/09/29 v1.2d Graphics/color driver for pdftex
))
\Gin@req@height=\dimen157
\Gin@req@width=\dimen158
) (C:\Users\admin\AppData\Local\Programs\MiKTeX\tex/latex/xcolor\xcolor.sty
Package: xcolor 2024/09/29 v3.02 LaTeX color extensions (UK)

(C:\Users\admin\AppData\Local\Programs\MiKTeX\tex/latex/graphics-cfg\color.cfg
File: color.cfg 2016/01/02 v1.6 sample color configuration
)
Package xcolor Info: Driver file: pdftex.def on input line 274.
(C:\Users\admin\AppData\Local\Programs\MiKTeX\tex/latex/graphics\mathcolor.ltx)
Package xcolor Info: Model `cmy' substituted by `cmy0' on input line 1349.
Package xcolor Info: Model `hsb' substituted by `rgb' on input line 1353.
Package xcolor Info: Model `RGB' extended on input line 1365.
Package xcolor Info: Model `HTML' substituted by `rgb' on input line 1367.
Package xcolor Info: Model `Hsb' substituted by `hsb' on input line 1368.
Package xcolor Info: Model `tHsb' substituted by `hsb' on input line 1369.
Package xcolor Info: Model `HSB' substituted by `hsb' on input line 1370.
Package xcolor Info: Model `Gray' substituted by `gray' on input line 1371.
Package xcolor Info: Model `wave' substituted by `hsb' on input line 1372.
) (C:\Users\admin\AppData\Local\Programs\MiKTeX\tex/latex/graphics\dvipsnam.def
File: dvipsnam.def 2016/06/17 v3.0m Driver-dependent file (DPC,SPQR)
) (C:\Users\admin\AppData\Local\Programs\MiKTeX\tex/latex/booktabs\booktabs.sty
Package: booktabs 2020/01/12 v1.61803398 Publication quality tables
\heavyrulewidth=\dimen159
\lightrulewidth=\dimen160
\cmidrulewidth=\dimen161
\belowrulesep=\dimen162
\belowbottomsep=\dimen163
\aboverulesep=\dimen164
\abovetopsep=\dimen165
\cmidrulesep=\dimen166
\cmidrulekern=\dimen167
\defaultaddspace=\dimen168
\@cmidla=\count303
\@cmidlb=\count304
\@aboverulesep=\dimen169
\@belowrulesep=\dimen170
\@thisruleclass=\count305
\@lastruleclass=\count306
\@thisrulewidth=\dimen171
) (C:\Users\admin\AppData\Local\Programs\MiKTeX\tex/latex/multirow\multirow.sty
Package: multirow 2024/11/12 v2.9 Span multiple rows of a table
\multirow@colwidth=\skip56
\multirow@cntb=\count307
\multirow@dima=\skip57
\bigstrutjot=\dimen172
) (C:\Users\admin\AppData\Local\Programs\MiKTeX\tex/latex/float\float.sty
Package: float 2001/11/08 v1.3d Float enhancements (AL)
\c@float@type=\count308
\float@exts=\toks25
\float@box=\box70
\@float@everytoks=\toks26
\@floatcapt=\box71
)
(C:\Users\admin\AppData\Local\Programs\MiKTeX\tex/latex/hyperref\hyperref.sty
Package: hyperref 2025-07-12 v7.01o Hypertext links for LaTeX

(C:\Users\admin\AppData\Local\Programs\MiKTeX\tex/generic/iftex\iftex.sty
Package: iftex 2024/12/12 v1.0g TeX engine tests
)
(C:\Users\admin\AppData\Local\Programs\MiKTeX\tex/latex/kvsetkeys\kvsetkeys.sty
Package: kvsetkeys 2022-10-05 v1.19 Key value parser (HO)
)
(C:\Users\admin\AppData\Local\Programs\MiKTeX\tex/generic/kvdefinekeys\kvdefine
keys.sty
Package: kvdefinekeys 2019-12-19 v1.6 Define keys (HO)
)
(C:\Users\admin\AppData\Local\Programs\MiKTeX\tex/generic/pdfescape\pdfescape.s
ty
Package: pdfescape 2019/12/09 v1.15 Implements pdfTeX's escape features (HO)

(C:\Users\admin\AppData\Local\Programs\MiKTeX\tex/generic/ltxcmds\ltxcmds.sty
Package: ltxcmds 2023-12-04 v1.26 LaTeX kernel commands for general use (HO)
)
(C:\Users\admin\AppData\Local\Programs\MiKTeX\tex/generic/pdftexcmds\pdftexcmds
.sty
Package: pdftexcmds 2020-06-27 v0.33 Utility functions of pdfTeX for LuaTeX (HO
)

(C:\Users\admin\AppData\Local\Programs\MiKTeX\tex/generic/infwarerr\infwarerr.s
ty
Package: infwarerr 2019/12/03 v1.5 Providing info/warning/error messages (HO)
)
Package pdftexcmds Info: \pdf@primitive is available.
Package pdftexcmds Info: \pdf@ifprimitive is available.
Package pdftexcmds Info: \pdfdraftmode found.
))
(C:\Users\admin\AppData\Local\Programs\MiKTeX\tex/latex/hycolor\hycolor.sty
Package: hycolor 2020-01-27 v1.10 Color options for hyperref/bookmark (HO)
)
(C:\Users\admin\AppData\Local\Programs\MiKTeX\tex/latex/hyperref\nameref.sty
Package: nameref 2025-06-21 v2.57 Cross-referencing by name of section

(C:\Users\admin\AppData\Local\Programs\MiKTeX\tex/latex/refcount\refcount.sty
Package: refcount 2019/12/15 v3.6 Data extraction from label references (HO)
)
(C:\Users\admin\AppData\Local\Programs\MiKTeX\tex/generic/gettitlestring\gettit
lestring.sty
Package: gettitlestring 2019/12/15 v1.6 Cleanup title references (HO)

(C:\Users\admin\AppData\Local\Programs\MiKTeX\tex/latex/kvoptions\kvoptions.sty
Package: kvoptions 2022-06-15 v3.15 Key value format for package options (HO)
))

Package nameref Warning: The definition of \label has changed! 
(nameref)                Check your packages! 
(nameref)                Replacing it with the kernel definition on input line 
149.

\c@section@level=\count309
) (C:\Users\admin\AppData\Local\Programs\MiKTeX\tex/latex/etoolbox\etoolbox.sty
Package: etoolbox 2025/10/02 v2.5m e-TeX tools for LaTeX (JAW)
\etb@tempcnta=\count310
)
(C:\Users\admin\AppData\Local\Programs\MiKTeX\tex/generic/stringenc\stringenc.s
ty
Package: stringenc 2019/11/29 v1.12 Convert strings between diff. encodings (HO
)
)
\@linkdim=\dimen173
\Hy@linkcounter=\count311
\Hy@pagecounter=\count312
 (C:\Users\admin\AppData\Local\Programs\MiKTeX\tex/latex/hyperref\pd1enc.def
File: pd1enc.def 2025-07-12 v7.01o Hyperref: PDFDocEncoding definition (HO)
Now handling font encoding PD1 ...
... no UTF-8 mapping file for font encoding PD1
) (C:\Users\admin\AppData\Local\Programs\MiKTeX\tex/generic/intcalc\intcalc.sty
Package: intcalc 2019/12/15 v1.3 Expandable calculations with integers (HO)
)
\Hy@SavedSpaceFactor=\count313
 (C:\Users\admin\AppData\Local\Programs\MiKTeX\tex/latex/hyperref\puenc.def
File: puenc.def 2025-07-12 v7.01o Hyperref: PDF Unicode definition (HO)
Now handling font encoding PU ...
... no UTF-8 mapping file for font encoding PU
)
Package hyperref Info: Hyper figures OFF on input line 4195.
Package hyperref Info: Link nesting OFF on input line 4200.
Package hyperref Info: Hyper index ON on input line 4203.
Package hyperref Info: Plain pages OFF on input line 4210.
Package hyperref Info: Backreferencing OFF on input line 4215.
Package hyperref Info: Implicit mode ON; LaTeX internals redefined.
Package hyperref Info: Bookmarks ON on input line 4462.
LaTeX Info: Redefining \href on input line 4712.
\c@Hy@tempcnt=\count314
LaTeX Info: Redefining \url on input line 4801.
\XeTeXLinkMargin=\dimen174

(C:\Users\admin\AppData\Local\Programs\MiKTeX\tex/generic/bitset\bitset.sty
Package: bitset 2019/12/09 v1.3 Handle bit-vector datatype (HO)

(C:\Users\admin\AppData\Local\Programs\MiKTeX\tex/generic/bigintcalc\bigintcalc
.sty
Package: bigintcalc 2019/12/15 v1.5 Expandable calculations on big integers (HO
)
))
\Fld@menulength=\count315
\Field@Width=\dimen175
\Fld@charsize=\dimen176
Package hyperref Info: Hyper figures OFF on input line 6078.
Package hyperref Info: Link nesting OFF on input line 6083.
Package hyperref Info: Hyper index ON on input line 6086.
Package hyperref Info: backreferencing OFF on input line 6093.
Package hyperref Info: Link coloring OFF on input line 6098.
Package hyperref Info: Link coloring with OCG OFF on input line 6103.
Package hyperref Info: PDF/A mode OFF on input line 6108.
\Hy@abspage=\count316
\c@Item=\count317
\c@Hfootnote=\count318
)
Package hyperref Info: Driver (autodetected): hpdftex.

(C:\Users\admin\AppData\Local\Programs\MiKTeX\tex/latex/hyperref\hpdftex.def
File: hpdftex.def 2025-07-12 v7.01o Hyperref driver for pdfTeX
\Fld@listcount=\count319
\c@bookmark@seq@number=\count320

(C:\Users\admin\AppData\Local\Programs\MiKTeX\tex/latex/rerunfilecheck\rerunfil
echeck.sty
Package: rerunfilecheck 2025-06-21 v1.11 Rerun checks for auxiliary files (HO)

(C:\Users\admin\AppData\Local\Programs\MiKTeX\tex/generic/uniquecounter\uniquec
ounter.sty
Package: uniquecounter 2019/12/15 v1.4 Provide unlimited unique counter (HO)
)
Package uniquecounter Info: New unique counter `rerunfilecheck' on input line 2
84.
)
\Hy@SectionHShift=\skip58
)
(C:\Users\admin\AppData\Local\Programs\MiKTeX\tex/latex/siunitx\siunitx.sty
Package: siunitx 2026-05-15 v3.5.5 A comprehensive (SI) units package
\l__siunitx_number_uncert_offset_int=\count321
\l__siunitx_number_exponent_fixed_int=\count322
\l__siunitx_number_min_decimal_int=\count323
\l__siunitx_number_min_integer_int=\count324
\l__siunitx_number_round_precision_int=\count325
\l__siunitx_number_lower_threshold_int=\count326
\l__siunitx_number_upper_threshold_int=\count327
\l__siunitx_number_group_first_int=\count328
\l__siunitx_number_group_size_int=\count329
\l__siunitx_number_group_min_int=\count330
\l__siunitx_number_group_minimum_int=\count331
\l__siunitx_compound_count_int=\count332

(C:\Users\admin\AppData\Local\Programs\MiKTeX\tex/latex/translations\translatio
ns.sty
Package: translations 2022/02/05 v1.12 internationalization of LaTeX2e packages
 (CN)
)
\l__siunitx_table_tmp_box=\box72
\l__siunitx_table_tmp_dim=\dimen177
\l__siunitx_table_column_width_dim=\dimen178
\l__siunitx_table_integer_box=\box73
\l__siunitx_table_decimal_box=\box74
\l__siunitx_table_uncert_box=\box75
\l__siunitx_table_before_box=\box76
\l__siunitx_table_after_box=\box77
\l__siunitx_table_before_dim=\dimen179
\l__siunitx_table_carry_dim=\dimen180
\l__siunitx_unit_tmp_int=\count333
\l__siunitx_unit_position_int=\count334
\l__siunitx_unit_total_int=\count335
\l__siunitx_sexagesimal_tmp_dim=\dimen181
\l__siunitx_sexagesimal_marker_box=\box78
\l__siunitx_sexagesimal_unit_box=\box79
 (C:\Users\admin\AppData\Local\Programs\MiKTeX\tex/latex/tools\array.sty
Package: array 2025/09/25 v2.6n Tabular extension package (FMi)
\col@sep=\dimen182
\ar@mcellbox=\box80
\extrarowheight=\dimen183
\NC@list=\toks27
\extratabsurround=\skip59
\backup@length=\skip60
\ar@cellbox=\box81
)) (C:\Users\admin\AppData\Local\Programs\MiKTeX\tex/latex/tools\bm.sty
Package: bm 2025/10/21 v1.2g Bold Symbol Support (DPC/FMi)
\symboldoperators=\mathgroup6
\symboldletters=\mathgroup7
\symboldsymbols=\mathgroup8
Package bm Info: No bold for \OMX/cmex/m/n, using \pmb.
Package bm Info: No bold for \U/msa/m/n, using \pmb.
Package bm Info: No bold for \U/msb/m/n, using \pmb.
LaTeX Font Info:    Redeclaring math alphabet \mathbf on input line 149.
LaTeX Info: Redefining \bm on input line 219.
)
(C:\Users\admin\AppData\Local\Programs\MiKTeX\tex/latex/comment\comment.sty
\CommentStream=\write4

Excluding comment 'comment')
(C:\Users\admin\AppData\Local\Programs\MiKTeX\tex/latex/enumitem\enumitem.sty
Package: enumitem 2025/02/06 v3.11 Customized lists
\labelindent=\skip61
\enit@outerparindent=\dimen184
\enit@toks=\toks28
\enit@inbox=\box82
\enit@count@id=\count336
\enitdp@description=\count337
)
(C:\Users\admin\AppData\Local\Programs\MiKTeX\tex/latex/threeparttable\threepar
ttable.sty
Package: threeparttable 2003/06/13  v 3.0
\@tempboxb=\box83
)
Class revtex4-2 Info: Unrecognized array package. Please update this document c
lass! (Proceeding with fingers crossed.) on input line 31.


Class revtex4-2 Warning: Repair the float package.

Class revtex4-2 Info: cite was not loaded (OK!) on input line 31.
Class revtex4-2 Info: mcite was not loaded (OK!) on input line 31.
Class revtex4-2 Info: multicol was not loaded (OK!) on input line 31.
Package translations Info: No language package found. I am going to use `englis
h' as default language. on input line 31.

(C:\Users\admin\AppData\Local\Programs\MiKTeX\tex/latex/l3backend\l3backend-pdf
tex.def
File: l3backend-pdftex.def 2025-10-09 L3 backend support: PDF output (pdfTeX)
\l__color_backend_stack_int=\count338
) (main.aux)
\openout1 = `main.aux'.

LaTeX Font Info:    Checking defaults for OML/cmm/m/it on input line 31.
LaTeX Font Info:    ... okay on input line 31.
LaTeX Font Info:    Checking defaults for OMS/cmsy/m/n on input line 31.
LaTeX Font Info:    ... okay on input line 31.
LaTeX Font Info:    Checking defaults for OT1/cmr/m/n on input line 31.
LaTeX Font Info:    ... okay on input line 31.
LaTeX Font Info:    Checking defaults for T1/cmr/m/n on input line 31.
LaTeX Font Info:    ... okay on input line 31.
LaTeX Font Info:    Checking defaults for TS1/cmr/m/n on input line 31.
LaTeX Font Info:    ... okay on input line 31.
LaTeX Font Info:    Checking defaults for OMX/cmex/m/n on input line 31.
LaTeX Font Info:    ... okay on input line 31.
LaTeX Font Info:    Checking defaults for U/cmr/m/n on input line 31.
LaTeX Font Info:    ... okay on input line 31.
LaTeX Font Info:    Checking defaults for PD1/pdf/m/n on input line 31.
LaTeX Font Info:    ... okay on input line 31.
LaTeX Font Info:    Checking defaults for PU/pdf/m/n on input line 31.
LaTeX Font Info:    ... okay on input line 31.

(C:\Users\admin\AppData\Local\Programs\MiKTeX\tex/context/base/mkii\supp-pdf.mk
ii
[Loading MPS to PDF converter (version 2006.09.02).]
\scratchcounter=\count339
\scratchdimen=\dimen185
\scratchbox=\box84
\nofMPsegments=\count340
\nofMParguments=\count341
\everyMPshowfont=\toks29
\MPscratchCnt=\count342
\MPscratchDim=\dimen186
\MPnumerator=\count343
\makeMPintoPDFobject=\count344
\everyMPtoPDFconversion=\toks30
)
(C:\Users\admin\AppData\Local\Programs\MiKTeX\tex/latex/epstopdf-pkg\epstopdf-b
ase.sty
Package: epstopdf-base 2020-01-24 v2.11 Base part for package epstopdf
Package epstopdf-base Info: Redefining graphics rule for `.eps' on input line 4
85.

(C:\Users\admin\AppData\Local\Programs\MiKTeX\tex/latex/00miktex\epstopdf-sys.c
fg
File: epstopdf-sys.cfg 2021/03/18 v2.0 Configuration of epstopdf for MiKTeX
))
Package hyperref Info: Link coloring OFF on input line 31.
 (main.out) (main.out)
\@outlinefile=\write5
\openout5 = `main.out'.


(C:\Users\admin\AppData\Local\Programs\MiKTeX\tex/latex/translations/dicts\tran
slations-basic-dictionary-english.trsl
File: translations-basic-dictionary-english.trsl (english translation file `tra
nslations-basic-dictionary')
)
Package translations Info: loading dictionary `translations-basic-dictionary' f
or `english'. on input line 31.
Class revtex4-2 Info: Taking \maketitle back from hyperref on input line 31.
\openout3 = `mainNotes.bib'.

LaTeX Font Info:    Trying to load font information for U+msa on input line 41.


(C:\Users\admin\AppData\Local\Programs\MiKTeX\tex/latex/amsfonts\umsa.fd
File: umsa.fd 2013/01/14 v3.01 AMS symbols A
)
LaTeX Font Info:    Trying to load font information for U+msb on input line 41.


(C:\Users\admin\AppData\Local\Programs\MiKTeX\tex/latex/amsfonts\umsb.fd
File: umsb.fd 2013/01/14 v3.01 AMS symbols B
)

Class revtex4-2 Warning: Assuming \noaffiliation for authors.


Package hyperref Warning: Token not allowed in a PDF string (Unicode):
(hyperref)                removing `\\' on input line 44.

main.tex:44: Missing $ inserted.
<inserted text> 
                $
l.44 \maketitle
               
I've inserted a begin-math/end-math symbol since I think
you left one out. Proceed, with fingers crossed.

main.tex:44: Extra }, or forgotten $.
<recently read> \egroup 
                        
l.44 \maketitle
               
I've deleted a group-closing symbol because it seems to be
spurious, as in `$x}$'. But perhaps the } is legitimate and
you forgot something else, as in `\hbox{$x}'. In such cases
the way to recover is to insert both the forgotten and the
deleted material, e.g., by typing `I$}'.

main.tex:44: Missing $ inserted.
<inserted text> 
                $
l.44 \maketitle
               
I've inserted something that you may have forgotten.
(See the <inserted text> above.)
With luck, this will get me unwedged. But if you
really didn't forget anything, try typing `2' now; then
my insertion and my current dilemma will both disappear.

main.tex:44: Missing } inserted.
<inserted text> 
                }
l.44 \maketitle
               
I've inserted something that you may have forgotten.
(See the <inserted text> above.)
With luck, this will get me unwedged. But if you
really didn't forget anything, try typing `2' now; then
my insertion and my current dilemma will both disappear.

[1{C:/Users/admin/AppData/Local/MiKTeX/fonts/map/pdftex/pdftex.map}] [2]
[3] [4] [5] [6] [7] [8]

LaTeX Warning: File `figures/fig4_gauge_tradeoff.pdf' not found on input line 4
68.


main.tex:468: Package pdftex.def Error: File `figures/fig4_gauge_tradeoff.pdf' 
not found: using draft setting.

See the pdftex.def package documentation for explanation.
Type  H <return>  for immediate help.
 ...                                              
                                                  
l.468 ...mnwidth]{figures/fig4_gauge_tradeoff.pdf}
                                                  
Try typing  <return>  to proceed.
If that doesn't work, type  X <return>  to quit.

[9] [10]

LaTeX Warning: File `figures/fig2_elastic_comparison.pdf' not found on input li
ne 550.


main.tex:550: Package pdftex.def Error: File `figures/fig2_elastic_comparison.p
df' not found: using draft setting.

See the pdftex.def package documentation for explanation.
Type  H <return>  for immediate help.
 ...                                              
                                                  
l.550 ...dth]{figures/fig2_elastic_comparison.pdf}
                                                  
Try typing  <return>  to proceed.
If that doesn't work, type  X <return>  to quit.

[11] [12] [13] [14]
Overfull \hbox (32.75102pt too wide) in paragraph at lines 681--682
\OT1/cmr/m/n/10 coefficient-level gauge free-dom, en-ergy ref-er-ence am-bi-gu-
ity, species-shift mis-align-ment, and resid-ual mean-ing incompatibility---
 []

[15]
No file main.bbl.
[16] [17] (main.aux)
 ***********
LaTeX2e <2025-11-01>
L3 programming layer <2025-12-24>
 ***********
Package rerunfilecheck Info: File `main.out' has not changed.
(rerunfilecheck)             Checksum: 2D4F876F4015A4B8833706BC9D182D6F;9830.
 ) 
Here is how much of TeX's memory you used:
 17290 strings out of 467870
 328716 string characters out of 5418355
 736280 words of memory out of 5000000
 45824 multiletter control sequences out of 15000+600000
 639091 words of font info for 82 fonts, out of 8000000 for 9000
 1141 hyphenation exceptions out of 8191
 75i,10n,84p,2465b,1181s stack positions out of 10000i,1000n,20000p,200000b,200000s
 <C:\Users\admin\AppData\Local\MiKTeX\fonts/pk/ljfour/jknappen/ec/dpi600\tcrm
1000.pk><C:/Users/admin/AppData/Local/Programs/MiKTeX/fonts/type1/public/amsfon
ts/cm/cmbx10.pfb><C:/Users/admin/AppData/Local/Programs/MiKTeX/fonts/type1/publ
ic/amsfonts/cm/cmbx12.pfb><C:/Users/admin/AppData/Local/Programs/MiKTeX/fonts/t
ype1/public/amsfonts/cm/cmbx9.pfb><C:/Users/admin/AppData/Local/Programs/MiKTeX
/fonts/type1/public/amsfonts/cm/cmex10.pfb><C:/Users/admin/AppData/Local/Progra
ms/MiKTeX/fonts/type1/public/amsfonts/cm/cmmi10.pfb><C:/Users/admin/AppData/Loc
al/Programs/MiKTeX/fonts/type1/public/amsfonts/cm/cmmi5.pfb><C:/Users/admin/App
Data/Local/Programs/MiKTeX/fonts/type1/public/amsfonts/cm/cmmi6.pfb><C:/Users/a
dmin/AppData/Local/Programs/MiKTeX/fonts/type1/public/amsfonts/cm/cmmi7.pfb><C:
/Users/admin/AppData/Local/Programs/MiKTeX/fonts/type1/public/amsfonts/cm/cmmi9
.pfb><C:/Users/admin/AppData/Local/Programs/MiKTeX/fonts/type1/public/amsfonts/
cm/cmr10.pfb><C:/Users/admin/AppData/Local/Programs/MiKTeX/fonts/type1/public/a
msfonts/cm/cmr6.pfb><C:/Users/admin/AppData/Local/Programs/MiKTeX/fonts/type1/p
ublic/amsfonts/cm/cmr7.pfb><C:/Users/admin/AppData/Local/Programs/MiKTeX/fonts/
type1/public/amsfonts/cm/cmr9.pfb><C:/Users/admin/AppData/Local/Programs/MiKTeX
/fonts/type1/public/amsfonts/cm/cmsy10.pfb><C:/Users/admin/AppData/Local/Progra
ms/MiKTeX/fonts/type1/public/amsfonts/cm/cmsy6.pfb><C:/Users/admin/AppData/Loca
l/Programs/MiKTeX/fonts/type1/public/amsfonts/cm/cmsy7.pfb><C:/Users/admin/AppD
ata/Local/Programs/MiKTeX/fonts/type1/public/amsfonts/cm/cmsy9.pfb><C:/Users/ad
min/AppData/Local/Programs/MiKTeX/fonts/type1/public/amsfonts/cm/cmti10.pfb><C:
/Users/admin/AppData/Local/Programs/MiKTeX/fonts/type1/public/amsfonts/cm/cmti9
.pfb><C:/Users/admin/AppData/Local/Programs/MiKTeX/fonts/type1/public/amsfonts/
cm/cmtt10.pfb><C:/Users/admin/AppData/Local/Programs/MiKTeX/fonts/type1/public/
amsfonts/cm/cmtt9.pfb>
Output written on main.pdf (17 pages, 406443 bytes).
PDF statistics:
 557 PDF objects out of 1000 (max. 8388607)
 161 named destinations out of 1000 (max. 500000)
 385 words of extra memory for PDF output out of 10000 (max. 10000000)

