\BOOKMARK [0][-]{section*.2}{\376\377\000C\000o\000n\000s\000i\000s\000t\000e\000n\000c\000y\000-\000C\000o\000n\000s\000t\000r\000a\000i\000n\000e\000d\000\040\000E\000x\000p\000e\000r\000t\000\040\000M\000e\000r\000g\000i\000n\000g\000\040\000f\000o\000r\000\040\000T\000r\000a\000n\000s\000f\000e\000r\000a\000b\000l\000e\000\040\000A\000C\000E\000\040\000\040\000M\000a\000c\000h\000i\000n\000e\000-\000L\000e\000a\000r\000n\000e\000d\000\040\000I\000n\000t\000e\000r\000a\000t\000o\000m\000i\000c\000\040\000P\000o\000t\000e\000n\000t\000i\000a\000l\000s}{}% 2
\BOOKMARK [1][-]{section*.1}{\376\377\000A\000b\000s\000t\000r\000a\000c\000t}{section*.2}% 1
\BOOKMARK [1][-]{section*.3}{\376\377\000I\000n\000t\000r\000o\000d\000u\000c\000t\000i\000o\000n}{section*.2}% 3
\BOOKMARK [1][-]{section*.4}{\376\377\000P\000r\000o\000b\000l\000e\000m\000\040\000S\000e\000t\000t\000i\000n\000g\000:\000\040\000E\000x\000p\000e\000r\000t\000\040\000P\000o\000t\000e\000n\000t\000i\000a\000l\000\040\000M\000e\000r\000g\000i\000n\000g}{section*.2}% 4
\BOOKMARK [2][-]{section*.5}{\376\377\000D\000e\000f\000i\000n\000i\000t\000i\000o\000n\000\040\000o\000f\000\040\000E\000x\000p\000e\000r\000t\000\040\000A\000C\000E\000\040\000P\000o\000t\000e\000n\000t\000i\000a\000l\000s}{section*.4}% 5
\BOOKMARK [2][-]{section*.6}{\376\377\000M\000e\000r\000g\000i\000n\000g\000\040\000O\000b\000j\000e\000c\000t\000i\000v\000e}{section*.4}% 6
\BOOKMARK [2][-]{section*.7}{\376\377\000F\000o\000r\000m\000a\000l\000\040\000O\000b\000j\000e\000c\000t\000i\000v\000e\000\040\000w\000i\000t\000h\000\040\000N\000o\000-\000F\000o\000r\000g\000e\000t\000t\000i\000n\000g\000\040\000C\000o\000n\000s\000t\000r\000a\000i\000n\000t}{section*.4}% 7
\BOOKMARK [1][-]{section*.8}{\376\377\000G\000a\000u\000g\000e\000\040\000A\000m\000b\000i\000g\000u\000i\000t\000y\000\040\000a\000n\000d\000\040\000R\000e\000s\000o\000l\000u\000t\000i\000o\000n}{section*.2}% 8
\BOOKMARK [2][-]{section*.9}{\376\377\000T\000h\000e\000\040\000G\000a\000u\000g\000e\000\040\000F\000r\000e\000e\000d\000o\000m\000\040\000i\000n\000\040\000S\000h\000a\000r\000e\000d\000-\000C\000o\000r\000r\000e\000c\000t\000i\000o\000n\000\040\000A\000C\000E}{section*.8}% 9
\BOOKMARK [2][-]{section*.10}{\376\377\000W\000h\000y\000\040\000S\000o\000f\000t\000\040\000C\000o\000n\000s\000t\000r\000a\000i\000n\000t\000\040\000F\000a\000i\000l\000s\000:\000\040\000G\000r\000a\000d\000i\000e\000n\000t\000\040\000C\000o\000m\000p\000e\000t\000i\000t\000i\000o\000n\000\040\000A\000n\000a\000l\000y\000s\000i\000s}{section*.8}% 10
\BOOKMARK [2][-]{section*.11}{\376\377\000P\000o\000s\000t\000-\000h\000o\000c\000\040\000O\000r\000t\000h\000o\000g\000o\000n\000a\000l\000\040\000P\000r\000o\000j\000e\000c\000t\000i\000o\000n\000\040\000f\000o\000r\000\040\000E\000x\000a\000c\000t\000\040\000G\000a\000u\000g\000e\000\040\000F\000i\000x\000i\000n\000g}{section*.8}% 11
\BOOKMARK [2][-]{section*.12}{\376\377\000P\000h\000y\000s\000i\000c\000a\000l\000\040\000I\000n\000t\000e\000r\000p\000r\000e\000t\000a\000t\000i\000o\000n\000\040\000o\000f\000\040\000t\000h\000e\000\040\000C\000h\000o\000s\000e\000n\000\040\000G\000a\000u\000g\000e}{section*.8}% 12
\BOOKMARK [1][-]{section*.13}{\376\377\000E\000n\000e\000r\000g\000y\000\040\000R\000e\000f\000e\000r\000e\000n\000c\000e\000\040\000a\000n\000d\000\040\000S\000p\000e\000c\000i\000e\000s\000-\000S\000h\000i\000f\000t\000\040\000A\000l\000i\000g\000n\000m\000e\000n\000t}{section*.2}% 13
\BOOKMARK [2][-]{section*.14}{\376\377\000W\000h\000y\000\040\000F\000o\000r\000c\000e\000\040\000T\000r\000a\000i\000n\000i\000n\000g\000\040\000I\000g\000n\000o\000r\000e\000s\000\040\000t\000h\000e\000\040\000E\000n\000e\000r\000g\000y\000\040\000Z\000e\000r\000o}{section*.13}% 14
\BOOKMARK [2][-]{section*.15}{\376\377\000S\000p\000e\000c\000i\000e\000s\000-\000S\000h\000i\000f\000t\000\040\000A\000m\000b\000i\000g\000u\000i\000t\000y}{section*.13}% 15
\BOOKMARK [2][-]{section*.16}{\376\377\000A\000l\000i\000g\000n\000m\000e\000n\000t\000\040\000P\000r\000o\000t\000o\000c\000o\000l}{section*.13}% 16
\BOOKMARK [1][-]{section*.17}{\376\377\000R\000e\000s\000i\000d\000u\000a\000l\000\040\000E\000x\000p\000e\000r\000t\000\040\000M\000e\000r\000g\000i\000n\000g\000\040\000F\000r\000a\000m\000e\000w\000o\000r\000k}{section*.2}% 17
\BOOKMARK [2][-]{section*.18}{\376\377\000P\000i\000p\000e\000l\000i\000n\000e\000\040\000O\000v\000e\000r\000v\000i\000e\000w}{section*.17}% 18
\BOOKMARK [2][-]{section*.19}{\376\377\000R\000e\000s\000i\000d\000u\000a\000l\000\040\000C\000o\000n\000s\000t\000r\000u\000c\000t\000i\000o\000n}{section*.17}% 19
\BOOKMARK [2][-]{section*.20}{\376\377\000N\000o\000-\000F\000o\000r\000g\000e\000t\000t\000i\000n\000g\000\040\000G\000u\000a\000r\000a\000n\000t\000e\000e}{section*.17}% 20
\BOOKMARK [1][-]{section*.21}{\376\377\000E\000x\000p\000e\000r\000i\000m\000e\000n\000t\000a\000l\000\040\000V\000a\000l\000i\000d\000a\000t\000i\000o\000n}{section*.2}% 21
\BOOKMARK [2][-]{section*.22}{\376\377\000N\000a\000i\000v\000e\000\040\000M\000e\000r\000g\000e\000\040\000P\000r\000o\000d\000u\000c\000e\000s\000\040\000P\000h\000y\000s\000i\000c\000a\000l\000\040\000E\000r\000r\000o\000r\000s\000\040\000\050\000M\0001\000\051}{section*.21}% 22
\BOOKMARK [3][-]{section*.23}{\376\377\000E\000x\000p\000e\000r\000i\000m\000e\000n\000t\000a\000l\000\040\000D\000e\000s\000i\000g\000n}{section*.22}% 23
\BOOKMARK [3][-]{section*.24}{\376\377\000E\000x\000p\000e\000c\000t\000e\000d\000\040\000F\000a\000i\000l\000u\000r\000e\000\040\000M\000e\000c\000h\000a\000n\000i\000s\000m}{section*.22}% 24
\BOOKMARK [3][-]{section*.25}{\376\377\000E\000x\000p\000e\000c\000t\000e\000d\000\040\000Q\000u\000a\000n\000t\000i\000t\000a\000t\000i\000v\000e\000\040\000I\000m\000p\000a\000c\000t}{section*.22}% 25
\BOOKMARK [2][-]{section*.26}{\376\377\000D\000o\000m\000a\000i\000n\000\040\000A\000c\000c\000u\000r\000a\000c\000y\000\040\000P\000r\000e\000s\000e\000r\000v\000a\000t\000i\000o\000n\000\040\000\050\000M\0002\000\051}{section*.21}% 26
\BOOKMARK [3][-]{section*.27}{\376\377\000A\000l\000N\000\040\000D\000o\000m\000a\000i\000n\000\040\000A\000c\000c\000u\000r\000a\000c\000y}{section*.26}% 27
\BOOKMARK [3][-]{section*.28}{\376\377\000N\000o\000-\000F\000o\000r\000g\000e\000t\000t\000i\000n\000g\000\040\000D\000e\000m\000o\000n\000s\000t\000r\000a\000t\000i\000o\000n}{section*.26}% 28
\BOOKMARK [2][-]{section*.29}{\376\377\000P\000h\000y\000s\000i\000c\000a\000l\000\040\000P\000r\000o\000p\000e\000r\000t\000y\000\040\000V\000a\000l\000i\000d\000a\000t\000i\000o\000n}{section*.21}% 29
\BOOKMARK [3][-]{section*.30}{\376\377\000M\000u\000l\000t\000i\000-\000S\000e\000e\000d\000\040\000S\000t\000a\000t\000i\000s\000t\000i\000c\000s}{section*.29}% 30
\BOOKMARK [3][-]{section*.31}{\376\377\000E\000l\000a\000s\000t\000i\000c\000\040\000C\000o\000n\000s\000t\000a\000n\000t\000s}{section*.29}% 31
\BOOKMARK [3][-]{section*.32}{\376\377\000E\000q\000u\000a\000t\000i\000o\000n\000\040\000o\000f\000\040\000S\000t\000a\000t\000e}{section*.29}% 32
\BOOKMARK [3][-]{section*.33}{\376\377\000P\000h\000o\000n\000o\000n\000\040\000F\000o\000r\000c\000e\000\040\000A\000c\000c\000u\000r\000a\000c\000y}{section*.29}% 33
\BOOKMARK [3][-]{section*.34}{\376\377\000G\000a\000u\000g\000e\000\040\000V\000i\000o\000l\000a\000t\000i\000o\000n\000\040\000V\000a\000l\000i\000d\000a\000t\000i\000o\000n}{section*.29}% 34
\BOOKMARK [2][-]{section*.35}{\376\377\000F\000a\000i\000r\000\040\000B\000a\000s\000e\000l\000i\000n\000e\000\040\000C\000o\000m\000p\000a\000r\000i\000s\000o\000n}{section*.21}% 35
\BOOKMARK [2][-]{section*.36}{\376\377\000P\000l\000a\000n\000n\000e\000d\000\040\000E\000x\000p\000e\000r\000i\000m\000e\000n\000t\000s\000\040\000\050\000M\0003\040\023\000M\0005\000\051}{section*.21}% 36
\BOOKMARK [1][-]{section*.37}{\376\377\000D\000i\000s\000c\000u\000s\000s\000i\000o\000n}{section*.2}% 37
\BOOKMARK [2][-]{section*.38}{\376\377\000G\000a\000u\000g\000e\000\040\000F\000i\000x\000i\000n\000g\000\040\000a\000s\000\040\000a\000\040\000P\000r\000e\000r\000e\000q\000u\000i\000s\000i\000t\000e\000\040\000f\000o\000r\000\040\000M\000o\000d\000u\000l\000a\000r\000\040\000M\000L\000I\000P\000s}{section*.37}% 38
\BOOKMARK [2][-]{section*.39}{\376\377\000W\000h\000y\000\040\000t\000h\000e\000\040\000N\000a\000i\000v\000e\000\040\000M\000e\000r\000g\000e\000\040\000F\000a\000i\000l\000s}{section*.37}% 39
\BOOKMARK [2][-]{section*.40}{\376\377\000T\000o\000w\000a\000r\000d\000\040\000R\000e\000u\000s\000a\000b\000l\000e\000\040\000P\000o\000t\000e\000n\000t\000i\000a\000l\000\040\000L\000i\000b\000r\000a\000r\000i\000e\000s}{section*.37}% 40
\BOOKMARK [2][-]{section*.41}{\376\377\000L\000i\000m\000i\000t\000a\000t\000i\000o\000n\000s}{section*.37}% 41
\BOOKMARK [2][-]{section*.42}{\376\377\000R\000e\000l\000a\000t\000i\000o\000n\000s\000h\000i\000p\000\040\000t\000o\000\040\000P\000r\000i\000o\000r\000\040\000W\000o\000r\000k}{section*.37}% 42
\BOOKMARK [1][-]{section*.43}{\376\377\000C\000o\000n\000c\000l\000u\000s\000i\000o\000n}{section*.2}% 43
\BOOKMARK [1][-]{section*.44}{\376\377\000A\000c\000k\000n\000o\000w\000l\000e\000d\000g\000m\000e\000n\000t\000s}{section*.2}% 44
\BOOKMARK [1][-]{section*.45}{\376\377\000R\000e\000f\000e\000r\000e\000n\000c\000e\000s}{section*.2}% 45
\BOOKMARK [1][-]{section*.46}{\376\377\000A\000c\000k\000n\000o\000w\000l\000e\000d\000g\000m\000e\000n\000t\000s}{section*.2}% 46
\BOOKMARK [1][-]{section*.47}{\376\377\000I\000n\000t\000e\000l\000l\000e\000c\000t\000u\000a\000l\000\040\000P\000r\000o\000p\000e\000r\000t\000y\000\040\000S\000t\000a\000t\000e\000m\000e\000n\000t}{section*.2}% 47
\BOOKMARK [1][-]{section*.48}{\376\377\000C\000o\000m\000p\000e\000t\000i\000n\000g\000\040\000I\000n\000t\000e\000r\000e\000s\000t\000s}{section*.2}% 48
