This is XeTeX, Version 3.141592653-2.6-0.999997 (MiKTeX 25.12) (preloaded format=xelatex 2026.6.28)  29 JUN 2026 16:39
entering extended mode
 restricted \write18 enabled.
 %&-line parsing enabled.
**G:/Xiaogan_Supercomputing_data/SCX/paper/arxiv/scx_review/main.tex
(G:/Xiaogan_Supercomputing_data/SCX/paper/arxiv/scx_review/main.tex
LaTeX2e <2025-11-01>
L3 programming layer <2025-12-24>
(C:\Users\admin\AppData\Local\Programs\MiKTeX\tex/latex/base\article.cls
Document Class: article 2025/01/22 v1.4n Standard LaTeX document class
(C:\Users\admin\AppData\Local\Programs\MiKTeX\tex/latex/base\size10.clo
File: size10.clo 2025/01/22 v1.4n Standard LaTeX file (size option)
)
\c@part=\count271
\c@section=\count272
\c@subsection=\count273
\c@subsubsection=\count274
\c@paragraph=\count275
\c@subparagraph=\count276
\c@figure=\count277
\c@table=\count278
\abovecaptionskip=\skip49
\belowcaptionskip=\skip50
\bibindent=\dimen148
)
(C:\Users\admin\AppData\Local\Programs\MiKTeX\tex/latex/base\inputenc.sty
Package: inputenc 2024/02/08 v1.3d Input encoding file
\inpenc@prehook=\toks17
\inpenc@posthook=\toks18


Package inputenc Warning: inputenc package ignored with utf8 based engines.

) (C:\Users\admin\AppData\Local\Programs\MiKTeX\tex/latex/amsmath\amsmath.sty
Package: amsmath 2025/07/09 v2.17z AMS math features
\@mathmargin=\skip51

For additional information on amsmath, use the `?' option.
(C:\Users\admin\AppData\Local\Programs\MiKTeX\tex/latex/amsmath\amstext.sty
Package: amstext 2024/11/17 v2.01 AMS text

(C:\Users\admin\AppData\Local\Programs\MiKTeX\tex/latex/amsmath\amsgen.sty
File: amsgen.sty 1999/11/30 v2.0 generic functions
\@emptytoks=\toks19
\ex@=\dimen149
))
(C:\Users\admin\AppData\Local\Programs\MiKTeX\tex/latex/amsmath\amsbsy.sty
Package: amsbsy 1999/11/29 v1.2d Bold Symbols
\pmbraise@=\dimen150
)
(C:\Users\admin\AppData\Local\Programs\MiKTeX\tex/latex/amsmath\amsopn.sty
Package: amsopn 2022/04/08 v2.04 operator names
)
\inf@bad=\count279
LaTeX Info: Redefining \frac on input line 233.
\uproot@=\count280
\leftroot@=\count281
LaTeX Info: Redefining \overline on input line 398.
LaTeX Info: Redefining \colon on input line 409.
\classnum@=\count282
\DOTSCASE@=\count283
LaTeX Info: Redefining \ldots on input line 495.
LaTeX Info: Redefining \dots on input line 498.
LaTeX Info: Redefining \cdots on input line 619.
\Mathstrutbox@=\box53
\strutbox@=\box54
LaTeX Info: Redefining \big on input line 721.
LaTeX Info: Redefining \Big on input line 722.
LaTeX Info: Redefining \bigg on input line 723.
LaTeX Info: Redefining \Bigg on input line 724.
\big@size=\dimen151
LaTeX Font Info:    Redeclaring font encoding OML on input line 742.
LaTeX Font Info:    Redeclaring font encoding OMS on input line 743.
\macc@depth=\count284
LaTeX Info: Redefining \bmod on input line 904.
LaTeX Info: Redefining \pmod on input line 909.
LaTeX Info: Redefining \smash on input line 939.
LaTeX Info: Redefining \relbar on input line 969.
LaTeX Info: Redefining \Relbar on input line 970.
\c@MaxMatrixCols=\count285
\dotsspace@=\muskip17
\c@parentequation=\count286
\dspbrk@lvl=\count287
\tag@help=\toks20
\row@=\count288
\column@=\count289
\maxfields@=\count290
\andhelp@=\toks21
\eqnshift@=\dimen152
\alignsep@=\dimen153
\tagshift@=\dimen154
\tagwidth@=\dimen155
\totwidth@=\dimen156
\lineht@=\dimen157
\@envbody=\toks22
\multlinegap=\skip52
\multlinetaggap=\skip53
\mathdisplay@stack=\toks23
LaTeX Info: Redefining \[ on input line 2950.
LaTeX Info: Redefining \] on input line 2951.
)
(C:\Users\admin\AppData\Local\Programs\MiKTeX\tex/latex/amsfonts\amssymb.sty
Package: amssymb 2013/01/14 v3.01 AMS font symbols

(C:\Users\admin\AppData\Local\Programs\MiKTeX\tex/latex/amsfonts\amsfonts.sty
Package: amsfonts 2013/01/14 v3.01 Basic AMSFonts support
\symAMSa=\mathgroup4
\symAMSb=\mathgroup5
LaTeX Font Info:    Redeclaring math symbol \hbar on input line 98.
LaTeX Font Info:    Overwriting math alphabet `\mathfrak' in version `bold'
(Font)                  U/euf/m/n --> U/euf/b/n on input line 106.
)) (C:\Users\admin\AppData\Local\Programs\MiKTeX\tex/latex/amscls\amsthm.sty
Package: amsthm 2020/05/29 v2.20.6
\thm@style=\toks24
\thm@bodyfont=\toks25
\thm@headfont=\toks26
\thm@notefont=\toks27
\thm@headpunct=\toks28
\thm@preskip=\skip54
\thm@postskip=\skip55
\thm@headsep=\skip56
\dth@everypar=\toks29
)
(C:\Users\admin\AppData\Local\Programs\MiKTeX\tex/latex/graphics\graphicx.sty
Package: graphicx 2024/12/31 v1.2e Enhanced LaTeX Graphics (DPC,SPQR)

(C:\Users\admin\AppData\Local\Programs\MiKTeX\tex/latex/graphics\keyval.sty
Package: keyval 2022/05/29 v1.15 key=value parser (DPC)
\KV@toks@=\toks30
)
(C:\Users\admin\AppData\Local\Programs\MiKTeX\tex/latex/graphics\graphics.sty
Package: graphics 2024/08/06 v1.4g Standard LaTeX Graphics (DPC,SPQR)

(C:\Users\admin\AppData\Local\Programs\MiKTeX\tex/latex/graphics\trig.sty
Package: trig 2023/12/02 v1.11 sin cos tan (DPC)
)
(C:\Users\admin\AppData\Local\Programs\MiKTeX\tex/latex/graphics-cfg\graphics.c
fg
File: graphics.cfg 2016/06/04 v1.11 sample graphics configuration
)
Package graphics Info: Driver file: xetex.def on input line 106.

(C:\Users\admin\AppData\Local\Programs\MiKTeX\tex/latex/graphics-def\xetex.def
File: xetex.def 2025/11/01 v5.0p Graphics/color driver for xetex
))
\Gin@req@height=\dimen158
\Gin@req@width=\dimen159
)
(C:\Users\admin\AppData\Local\Programs\MiKTeX\tex/latex/geometry\geometry.sty
Package: geometry 2026/03/07 v6.0 Page Geometry

(C:\Users\admin\AppData\Local\Programs\MiKTeX\tex/generic/iftex\ifvtex.sty
Package: ifvtex 2019/10/25 v1.7 ifvtex legacy package. Use iftex instead.

(C:\Users\admin\AppData\Local\Programs\MiKTeX\tex/generic/iftex\iftex.sty
Package: iftex 2024/12/12 v1.0g TeX engine tests
))
\Gm@cnth=\count291
\Gm@cntv=\count292
\c@Gm@tempcnt=\count293
\Gm@bindingoffset=\dimen160
\Gm@wd@mp=\dimen161
\Gm@odd@mp=\dimen162
\Gm@even@mp=\dimen163
\Gm@layoutwidth=\dimen164
\Gm@layoutheight=\dimen165
\Gm@layouthoffset=\dimen166
\Gm@layoutvoffset=\dimen167
\Gm@dimlist=\toks31

(C:\Users\admin\AppData\Local\Programs\MiKTeX\tex/latex/geometry\geometry.cfg))
(C:\Users\admin\AppData\Local\Programs\MiKTeX\tex/latex/hyperref\hyperref.sty
Package: hyperref 2025-07-12 v7.01o Hypertext links for LaTeX

(C:\Users\admin\AppData\Local\Programs\MiKTeX\tex/latex/kvsetkeys\kvsetkeys.sty
Package: kvsetkeys 2022-10-05 v1.19 Key value parser (HO)
)
(C:\Users\admin\AppData\Local\Programs\MiKTeX\tex/generic/kvdefinekeys\kvdefine
keys.sty
Package: kvdefinekeys 2019-12-19 v1.6 Define keys (HO)
)
(C:\Users\admin\AppData\Local\Programs\MiKTeX\tex/generic/pdfescape\pdfescape.s
ty
Package: pdfescape 2019/12/09 v1.15 Implements pdfTeX's escape features (HO)

(C:\Users\admin\AppData\Local\Programs\MiKTeX\tex/generic/ltxcmds\ltxcmds.sty
Package: ltxcmds 2023-12-04 v1.26 LaTeX kernel commands for general use (HO)
)
(C:\Users\admin\AppData\Local\Programs\MiKTeX\tex/generic/pdftexcmds\pdftexcmds
.sty
Package: pdftexcmds 2020-06-27 v0.33 Utility functions of pdfTeX for LuaTeX (HO
)

(C:\Users\admin\AppData\Local\Programs\MiKTeX\tex/generic/infwarerr\infwarerr.s
ty
Package: infwarerr 2019/12/03 v1.5 Providing info/warning/error messages (HO)
)
Package pdftexcmds Info: \pdf@primitive is available.
Package pdftexcmds Info: \pdf@ifprimitive is available.
Package pdftexcmds Info: \pdfdraftmode not found.
))
(C:\Users\admin\AppData\Local\Programs\MiKTeX\tex/latex/hycolor\hycolor.sty
Package: hycolor 2020-01-27 v1.10 Color options for hyperref/bookmark (HO)
)
(C:\Users\admin\AppData\Local\Programs\MiKTeX\tex/latex/hyperref\nameref.sty
Package: nameref 2025-06-21 v2.57 Cross-referencing by name of section

(C:\Users\admin\AppData\Local\Programs\MiKTeX\tex/latex/refcount\refcount.sty
Package: refcount 2019/12/15 v3.6 Data extraction from label references (HO)
)
(C:\Users\admin\AppData\Local\Programs\MiKTeX\tex/generic/gettitlestring\gettit
lestring.sty
Package: gettitlestring 2019/12/15 v1.6 Cleanup title references (HO)

(C:\Users\admin\AppData\Local\Programs\MiKTeX\tex/latex/kvoptions\kvoptions.sty
Package: kvoptions 2022-06-15 v3.15 Key value format for package options (HO)
))
\c@section@level=\count294
)
(C:\Users\admin\AppData\Local\Programs\MiKTeX\tex/latex/etoolbox\etoolbox.sty
Package: etoolbox 2025/10/02 v2.5m e-TeX tools for LaTeX (JAW)
\etb@tempcnta=\count295
)
(C:\Users\admin\AppData\Local\Programs\MiKTeX\tex/generic/stringenc\stringenc.s
ty
Package: stringenc 2019/11/29 v1.12 Convert strings between diff. encodings (HO
)
)
\@linkdim=\dimen168
\Hy@linkcounter=\count296
\Hy@pagecounter=\count297
 (C:\Users\admin\AppData\Local\Programs\MiKTeX\tex/latex/hyperref\pd1enc.def
File: pd1enc.def 2025-07-12 v7.01o Hyperref: PDFDocEncoding definition (HO)
) (C:\Users\admin\AppData\Local\Programs\MiKTeX\tex/generic/intcalc\intcalc.sty
Package: intcalc 2019/12/15 v1.3 Expandable calculations with integers (HO)
)
\Hy@SavedSpaceFactor=\count298
 (C:\Users\admin\AppData\Local\Programs\MiKTeX\tex/latex/hyperref\puenc.def
File: puenc.def 2025-07-12 v7.01o Hyperref: PDF Unicode definition (HO)
)
Package hyperref Info: Hyper figures OFF on input line 4195.
Package hyperref Info: Link nesting OFF on input line 4200.
Package hyperref Info: Hyper index ON on input line 4203.
Package hyperref Info: Plain pages OFF on input line 4210.
Package hyperref Info: Backreferencing OFF on input line 4215.
Package hyperref Info: Implicit mode ON; LaTeX internals redefined.
Package hyperref Info: Bookmarks ON on input line 4462.
\c@Hy@tempcnt=\count299

(C:\Users\admin\AppData\Local\Programs\MiKTeX\tex/latex/url\url.sty
\Urlmuskip=\muskip18
Package: url 2013/09/16  ver 3.4  Verb mode for urls, etc.
)
LaTeX Info: Redefining \url on input line 4801.
\XeTeXLinkMargin=\dimen169

(C:\Users\admin\AppData\Local\Programs\MiKTeX\tex/generic/bitset\bitset.sty
Package: bitset 2019/12/09 v1.3 Handle bit-vector datatype (HO)

(C:\Users\admin\AppData\Local\Programs\MiKTeX\tex/generic/bigintcalc\bigintcalc
.sty
Package: bigintcalc 2019/12/15 v1.5 Expandable calculations on big integers (HO
)
))
\Fld@menulength=\count300
\Field@Width=\dimen170
\Fld@charsize=\dimen171
Package hyperref Info: Hyper figures OFF on input line 6078.
Package hyperref Info: Link nesting OFF on input line 6083.
Package hyperref Info: Hyper index ON on input line 6086.
Package hyperref Info: backreferencing OFF on input line 6093.
Package hyperref Info: Link coloring OFF on input line 6098.
Package hyperref Info: Link coloring with OCG OFF on input line 6103.
Package hyperref Info: PDF/A mode OFF on input line 6108.
\Hy@abspage=\count301
\c@Item=\count302
\c@Hfootnote=\count303
)
Package hyperref Info: Driver (autodetected): hxetex.

(C:\Users\admin\AppData\Local\Programs\MiKTeX\tex/latex/hyperref\hxetex.def
File: hxetex.def 2025-07-12 v7.01o Hyperref driver for XeTeX
\pdfm@box=\box55
\c@Hy@AnnotLevel=\count304
\HyField@AnnotCount=\count305
\Fld@listcount=\count306
\c@bookmark@seq@number=\count307

(C:\Users\admin\AppData\Local\Programs\MiKTeX\tex/latex/rerunfilecheck\rerunfil
echeck.sty
Package: rerunfilecheck 2025-06-21 v1.11 Rerun checks for auxiliary files (HO)

(C:\Users\admin\AppData\Local\Programs\MiKTeX\tex/generic/uniquecounter\uniquec
ounter.sty
Package: uniquecounter 2019/12/15 v1.4 Provide unlimited unique counter (HO)
)
Package uniquecounter Info: New unique counter `rerunfilecheck' on input line 2
84.
)
\Hy@SectionHShift=\skip57
)
(C:\Users\admin\AppData\Local\Programs\MiKTeX\tex/latex/booktabs\booktabs.sty
Package: booktabs 2020/01/12 v1.61803398 Publication quality tables
\heavyrulewidth=\dimen172
\lightrulewidth=\dimen173
\cmidrulewidth=\dimen174
\belowrulesep=\dimen175
\belowbottomsep=\dimen176
\aboverulesep=\dimen177
\abovetopsep=\dimen178
\cmidrulesep=\dimen179
\cmidrulekern=\dimen180
\defaultaddspace=\dimen181
\@cmidla=\count308
\@cmidlb=\count309
\@aboverulesep=\dimen182
\@belowrulesep=\dimen183
\@thisruleclass=\count310
\@lastruleclass=\count311
\@thisrulewidth=\dimen184
)
(C:\Users\admin\AppData\Local\Programs\MiKTeX\tex/latex/microtype\microtype.sty
Package: microtype 2026/03/01 v3.2d Micro-typographical refinements (RS)
\MT@toks=\toks32
\MT@tempbox=\box56
\MT@count=\count312
LaTeX Info: Redefining \noprotrusionifhmode on input line 1084.
LaTeX Info: Redefining \leftprotrusion on input line 1085.
\MT@prot@toks=\toks33
LaTeX Info: Redefining \rightprotrusion on input line 1104.
LaTeX Info: Redefining \textls on input line 1449.
\MT@outer@kern=\dimen185
LaTeX Info: Redefining \microtypecontext on input line 2053.
LaTeX Info: Redefining \textmicrotypecontext on input line 2070.
\MT@listname@count=\count313

(C:\Users\admin\AppData\Local\Programs\MiKTeX\tex/latex/microtype\microtype-xet
ex.def
File: microtype-xetex.def 2026/03/01 v3.2d Definitions specific to xetex (RS)
LaTeX Info: Redefining \lsstyle on input line 443.
LaTeX Info: Redefining \lslig on input line 451.
\MT@outer@space=\skip58
)
Package microtype Info: Loading configuration file microtype.cfg.

(C:\Users\admin\AppData\Local\Programs\MiKTeX\tex/latex/microtype\microtype.cfg
File: microtype.cfg 2026/03/01 v3.2d microtype main configuration file (RS)
)
LaTeX Info: Redefining \microtypesetup on input line 3065.
) (C:\Users\admin\AppData\Local\Programs\MiKTeX\tex/latex/xcolor\xcolor.sty
Package: xcolor 2024/09/29 v3.02 LaTeX color extensions (UK)

(C:\Users\admin\AppData\Local\Programs\MiKTeX\tex/latex/graphics-cfg\color.cfg
File: color.cfg 2016/01/02 v1.6 sample color configuration
)
Package xcolor Info: Driver file: xetex.def on input line 274.
(C:\Users\admin\AppData\Local\Programs\MiKTeX\tex/latex/graphics\mathcolor.ltx)
Package xcolor Info: Model `cmy' substituted by `cmy0' on input line 1349.
Package xcolor Info: Model `RGB' extended on input line 1365.
Package xcolor Info: Model `HTML' substituted by `rgb' on input line 1367.
Package xcolor Info: Model `Hsb' substituted by `hsb' on input line 1368.
Package xcolor Info: Model `tHsb' substituted by `hsb' on input line 1369.
Package xcolor Info: Model `HSB' substituted by `hsb' on input line 1370.
Package xcolor Info: Model `Gray' substituted by `gray' on input line 1371.
Package xcolor Info: Model `wave' substituted by `hsb' on input line 1372.
) (C:\Users\admin\AppData\Local\Programs\MiKTeX\tex/latex/enumitem\enumitem.sty
Package: enumitem 2025/02/06 v3.11 Customized lists
\labelindent=\skip59
\enit@outerparindent=\dimen186
\enit@toks=\toks34
\enit@inbox=\box57
\enit@count@id=\count314
\enitdp@description=\count315
) (C:\Users\admin\AppData\Local\Programs\MiKTeX\tex/latex/caption\caption.sty
Package: caption 2023/08/05 v3.6o Customizing captions (AR)

(C:\Users\admin\AppData\Local\Programs\MiKTeX\tex/latex/caption\caption3.sty
Package: caption3 2023/07/31 v2.4d caption3 kernel (AR)
\caption@tempdima=\dimen187
\captionmargin=\dimen188
\caption@leftmargin=\dimen189
\caption@rightmargin=\dimen190
\caption@width=\dimen191
\caption@indent=\dimen192
\caption@parindent=\dimen193
\caption@hangindent=\dimen194
Package caption Info: Standard document class detected.
)
\c@caption@flags=\count316
\c@continuedfloat=\count317
Package caption Info: hyperref package is loaded.
)
(C:\Users\admin\AppData\Local\Programs\MiKTeX\tex/latex/caption\subcaption.sty
Package: subcaption 2023/07/28 v1.6b Sub-captions (AR)
Package caption Info: New subtype `subfigure' on input line 238.
\c@subfigure=\count318
Package caption Info: New subtype `subtable' on input line 238.
\c@subtable=\count319
) (C:\Users\admin\AppData\Local\Programs\MiKTeX\tex/latex/framed\framed.sty
Package: framed 2011/10/22 v 0.96: framed or shaded text with page breaks
\OuterFrameSep=\skip60
\fb@frw=\dimen195
\fb@frh=\dimen196
\FrameRule=\dimen197
\FrameSep=\dimen198
)
\c@theorem=\count320
\c@proposition=\count321
\c@definition=\count322
\c@remark=\count323

(C:\Users\admin\AppData\Local\Programs\MiKTeX\tex/latex/l3backend\l3backend-xet
ex.def
File: l3backend-xetex.def 2025-10-09 L3 backend support: XeTeX
\g__graphics_track_int=\count324
\g__pdfannot_backend_int=\count325
\g__pdfannot_backend_link_int=\count326
) (G:/Xiaogan_Supercomputing_data\SCX\paper\arxiv\scx_review\main.aux)
\openout1 = `main.aux'.

LaTeX Font Info:    Checking defaults for OML/cmm/m/it on input line 48.
LaTeX Font Info:    ... okay on input line 48.
LaTeX Font Info:    Checking defaults for OMS/cmsy/m/n on input line 48.
LaTeX Font Info:    ... okay on input line 48.
LaTeX Font Info:    Checking defaults for OT1/cmr/m/n on input line 48.
LaTeX Font Info:    ... okay on input line 48.
LaTeX Font Info:    Checking defaults for T1/cmr/m/n on input line 48.
LaTeX Font Info:    ... okay on input line 48.
LaTeX Font Info:    Checking defaults for TS1/cmr/m/n on input line 48.
LaTeX Font Info:    ... okay on input line 48.
LaTeX Font Info:    Checking defaults for TU/lmr/m/n on input line 48.
LaTeX Font Info:    ... okay on input line 48.
LaTeX Font Info:    Checking defaults for OMX/cmex/m/n on input line 48.
LaTeX Font Info:    ... okay on input line 48.
LaTeX Font Info:    Checking defaults for U/cmr/m/n on input line 48.
LaTeX Font Info:    ... okay on input line 48.
LaTeX Font Info:    Checking defaults for PD1/pdf/m/n on input line 48.
LaTeX Font Info:    ... okay on input line 48.
LaTeX Font Info:    Checking defaults for PU/pdf/m/n on input line 48.
LaTeX Font Info:    ... okay on input line 48.

*geometry* driver: auto-detecting
*geometry* detected driver: xetex
*geometry* verbose mode - [ preamble ] result:
* driver: xetex
* paper: <default>
* layout: <same size as paper>
* layoutoffset:(h,v)=(0.0pt,0.0pt)
* modes: 
* h-part:(L,W,R)=(65.04256pt, 484.20988pt, 65.04256pt)
* v-part:(T,H,B)=(65.04256pt, 664.88487pt, 65.04256pt)
* \paperwidth=614.295pt
* \paperheight=794.96999pt
* \textwidth=484.20988pt
* \textheight=664.88487pt
* \oddsidemargin=-7.22743pt
* \evensidemargin=-7.22743pt
* \topmargin=-44.22743pt
* \headheight=12.0pt
* \headsep=25.0pt
* \topskip=10.0pt
* \footskip=30.0pt
* \marginparwidth=4.0pt
* \marginparsep=10.0pt
* \columnsep=10.0pt
* \skip\footins=9.0pt plus 4.0pt minus 2.0pt
* \hoffset=0.0pt
* \voffset=0.0pt
* \mag=1000
* \@twocolumntrue
* \@twosidefalse
* \@mparswitchfalse
* \@reversemarginfalse
* (1in=72.27pt=25.4mm, 1cm=28.453pt)

Package hyperref Info: Link coloring OFF on input line 48.
(G:/Xiaogan_Supercomputing_data\SCX\paper\arxiv\scx_review\main.out)
(G:/Xiaogan_Supercomputing_data\SCX\paper\arxiv\scx_review\main.out)
\@outlinefile=\write3
\openout3 = `main.out'.

LaTeX Info: Redefining \microtypecontext on input line 48.
Package microtype Info: Applying patch `item' on input line 48.
Package microtype Info: Applying patch `toc' on input line 48.
Package microtype Info: Applying patch `eqnum' on input line 48.
Package microtype Info: Applying patch `footnote' on input line 48.
Package microtype Info: Applying patch `verbatim' on input line 48.
LaTeX Info: Redefining \microtypesetup on input line 48.
Package microtype Info: Character protrusion enabled (level 2).
Package microtype Info: Using default protrusion set `alltext'.
Package microtype Info: No adjustment of tracking.
Package microtype Info: No adjustment of spacing.
Package microtype Info: No adjustment of kerning.

(C:\Users\admin\AppData\Local\Programs\MiKTeX\tex/latex/microtype\mt-LatinModer
nRoman.cfg
File: mt-LatinModernRoman.cfg 2026/02/26 v1.2 microtype config. file: Latin Mod
ern Roman (RS)
)
Package caption Info: Begin \AtBeginDocument code.
Package caption Info: End \AtBeginDocument code.

(C:\Users\admin\AppData\Local\Programs\MiKTeX\tex/latex/microtype\mt-cmr.cfg
File: mt-cmr.cfg 2013/05/19 v2.2 microtype config. file: Computer Modern Roman 
(RS)
)
LaTeX Font Info:    Trying to load font information for U+msa on input line 67.


(C:\Users\admin\AppData\Local\Programs\MiKTeX\tex/latex/amsfonts\umsa.fd
File: umsa.fd 2013/01/14 v3.01 AMS symbols A
)
(C:\Users\admin\AppData\Local\Programs\MiKTeX\tex/latex/microtype\mt-msa.cfg
File: mt-msa.cfg 2006/02/04 v1.1 microtype config. file: AMS symbols (a) (RS)
)
LaTeX Font Info:    Trying to load font information for U+msb on input line 67.


(C:\Users\admin\AppData\Local\Programs\MiKTeX\tex/latex/amsfonts\umsb.fd
File: umsb.fd 2013/01/14 v3.01 AMS symbols B
)
(C:\Users\admin\AppData\Local\Programs\MiKTeX\tex/latex/microtype\mt-msb.cfg
File: mt-msb.cfg 2005/06/01 v1.0 microtype config. file: AMS symbols (b) (RS)
)

LaTeX Warning: Citation `paperIII' on page 1 undefined on input line 73.


LaTeX Warning: Citation `paperIV' on page 1 undefined on input line 73.


LaTeX Warning: Citation `paperIII' on page 1 undefined on input line 73.


LaTeX Warning: Citation `paperI' on page 1 undefined on input line 92.


LaTeX Warning: Citation `paperII' on page 1 undefined on input line 92.


LaTeX Warning: Citation `paperIII' on page 1 undefined on input line 92.


LaTeX Warning: Citation `paperIV' on page 1 undefined on input line 92.

[1


]

LaTeX Warning: Citation `paperI' on page 2 undefined on input line 101.


LaTeX Warning: Citation `theorems_unified' on page 2 undefined on input line 10
1.


LaTeX Warning: Citation `paperI' on page 2 undefined on input line 109.


Underfull \hbox (badness 7907) in paragraph at lines 131--132
[]\TU/lmr/m/n/10 These assumptions are not merely technical
 []


LaTeX Warning: Citation `paperI' on page 2 undefined on input line 139.

[2]
Underfull \hbox (badness 1852) in paragraph at lines 152--152
[]\TU/lmr/bx/n/12 Minimax Optimality with Exact
 []


LaTeX Warning: Citation `paperI' on page 3 undefined on input line 157.


LaTeX Warning: Citation `theorems_unified' on page 3 undefined on input line 17
0.


LaTeX Warning: Citation `paperI' on page 3 undefined on input line 178.


LaTeX Warning: Citation `engineering_guide' on page 3 undefined on input line 2
04.


LaTeX Warning: Citation `deep_math' on page 3 undefined on input line 210.


LaTeX Warning: Citation `lecam1986' on page 3 undefined on input line 214.

[3]

LaTeX Warning: Citation `hoe73' on page 4 undefined on input line 218.


Underfull \hbox (badness 1789) in paragraph at lines 218--219
\TU/lmr/m/n/10 symmetric group $\OML/cmm/m/it/10 S[]$ \TU/lmr/m/n/10 acts on th
e expert ensem-
 []


LaTeX Warning: Citation `teicher1963' on page 4 undefined on input line 234.

[4]

LaTeX Warning: Citation `scxlife' on page 5 undefined on input line 250.


Underfull \hbox (badness 3271) in paragraph at lines 255--256
[]\TU/lmr/bx/n/10 Drug-likeness assessment\TU/lmr/m/n/10 : Lipinski, Veber,
 []


LaTeX Warning: Citation `drug_state' on page 5 undefined on input line 259.


LaTeX Warning: Citation `targetome_top10' on page 5 undefined on input line 262
.


LaTeX Warning: Citation `targetome_top10' on page 5 undefined on input line 262
.


Underfull \hbox (badness 1454) in paragraph at lines 262--263
 []\TU/lmr/bx/n/10 Case study: DrugBank targetome TOP-10
 []


LaTeX Warning: Citation `paperII' on page 5 undefined on input line 264.


Underfull \hbox (badness 2197) in paragraph at lines 264--265
[]\TU/lmr/m/n/10 The four-layer pipeline naturally embodies the
 []


Underfull \hbox (badness 4266) in paragraph at lines 267--268
 []\TU/lmr/bx/n/10 Limitations.[] \TU/lmr/m/n/10 The deep learning DTI predicto
r
 []


LaTeX Warning: Citation `medmnist' on page 5 undefined on input line 274.


LaTeX Warning: Citation `scxlife' on page 5 undefined on input line 274.


LaTeX Warning: Citation `noise_module' on page 5 undefined on input line 277.


Underfull \hbox (badness 3557) in paragraph at lines 277--278
 []\TU/lmr/bx/n/10 SCX-Noise: DermaMNIST and controlled
 []


LaTeX Warning: Citation `paperIII' on page 5 undefined on input line 279.


LaTeX Warning: Citation `routing_module' on page 5 undefined on input line 282.



Underfull \hbox (badness 4621) in paragraph at lines 282--283
\TU/lmr/m/n/10 (8-class blood cell classification), the SCX Ex-
 []

[5]

LaTeX Warning: Citation `compress_module' on page 6 undefined on input line 285
.


Underfull \hbox (badness 2600) in paragraph at lines 300--301
\TU/lmr/m/n/10 significant potential in genomics and proteomics,
 []


Underfull \hbox (badness 1038) in paragraph at lines 300--301
\TU/lmr/m/n/10 ery using protein language model embeddings for
 []


Underfull \hbox (badness 1005) in paragraph at lines 300--301
\TU/lmr/m/n/10 identifying structurally or functionally relevant re-
 []


Underfull \hbox (badness 1226) in paragraph at lines 309--309
[]\TU/lmr/bx/n/12 Machine-Learned Interatomic Po-
 []


LaTeX Warning: Citation `paperIV' on page 6 undefined on input line 313.


LaTeX Warning: Citation `paperIII' on page 6 undefined on input line 313.


LaTeX Warning: Citation `paperIII' on page 6 undefined on input line 321.


LaTeX Warning: Citation `paperIV' on page 6 undefined on input line 321.


LaTeX Warning: Citation `paperII' on page 6 undefined on input line 323.


LaTeX Warning: Citation `paperIII' on page 6 undefined on input line 323.


LaTeX Warning: Citation `paperIII' on page 6 undefined on input line 325.

[6]
Underfull \hbox (badness 10000) in paragraph at lines 335--336
 []\TU/lmr/bx/n/10 Proposed/theoretical.[] \TU/lmr/m/n/10 SCX for manufacturing

 []


Underfull \hbox (badness 1418) in paragraph at lines 335--336
\TU/lmr/m/n/10 quality control applies to multi-sensor production
 []


Underfull \hbox (badness 5064) in paragraph at lines 373--374
 []\TU/lmr/bx/n/10 SCX adaptation.[] \TU/lmr/m/n/10 State discovery on domain-
 []

[7]
Underfull \hbox (badness 10000) in paragraph at lines 395--396
 []\TU/lmr/bx/n/10 SCX adaptation.[] \TU/lmr/m/n/10 State discovery on CNN
 []


Underfull \hbox (badness 4673) in paragraph at lines 395--396
\TU/lmr/m/n/10 penultimate-layer features identifies visual states
 []


LaTeX Warning: Citation `paperIII' on page 8 undefined on input line 398.


LaTeX Warning: Citation `paperI' on page 8 undefined on input line 398.


LaTeX Warning: Citation `paperII' on page 8 undefined on input line 400.


LaTeX Warning: Citation `paperI' on page 8 undefined on input line 402.


LaTeX Warning: Citation `engineering_guide' on page 8 undefined on input line 4
05.


Underfull \hbox (badness 1436) in paragraph at lines 405--406
 []\TU/lmr/bx/n/10 ImageNet-scale considerations.[] \TU/lmr/m/n/10 Applying SCX

 []


Underfull \hbox (badness 2781) in paragraph at lines 414--415
[]\TU/lmr/m/n/10 State discovery on sentence embeddings (from
 []


Underfull \hbox (badness 1087) in paragraph at lines 414--415
\TU/lmr/m/n/10 BERT, T5, or similar encoders) identifies linguis-
 []


LaTeX Warning: Citation `paperV' on page 8 undefined on input line 417.


Underfull \hbox (badness 1454) in paragraph at lines 424--425
 []\TU/lmr/bx/n/10 Proposed/theoretical.[] \TU/lmr/m/n/10 RL faces a unique dat
a
 []

[8]

LaTeX Warning: Citation `theorems_unified' on page 9 undefined on input line 42
6.


Underfull \hbox (badness 1168) in paragraph at lines 450--451
 []\TU/lmr/bx/n/10 Problem statement.[] \TU/lmr/m/n/10 Trajectory prediction da
ta
 []


Underfull \hbox (badness 10000) in paragraph at lines 464--465
[]\TU/lmr/m/n/10 Regulatory documentation of data-cleaning
 []

[9]

LaTeX Warning: Reference `sec:drug' on page 10 undefined on input line 491.


Underfull \hbox (badness 5288) in paragraph at lines 498--499
 []\TU/lmr/bx/n/10 Cryo-EM particle picking.[] \TU/lmr/m/n/10 Cryo-electron mi-

 []


LaTeX Warning: Citation `paperII' on page 10 undefined on input line 547.

[10]
Underfull \hbox (badness 1092) in paragraph at lines 557--558
[]\TU/lmr/bx/n/10 Optimal exploration\TU/lmr/m/n/10 : Experts develop state-
 []


LaTeX Warning: Citation `paperII' on page 11 undefined on input line 568.


LaTeX Warning: Citation `paperIII' on page 11 undefined on input line 568.


Underfull \hbox (badness 10000) in paragraph at lines 605--605
\TU/lmr/bx/n/14.4 Networks as Hierarchical
 []

[11]

LaTeX Warning: Citation `montufar2014' on page 12 undefined on input line 612.


LaTeX Warning: Citation `sabour2017capsules' on page 12 undefined on input line
 614.


LaTeX Warning: Citation `jordan1994hierarchical' on page 12 undefined on input 
line 614.


LaTeX Warning: Citation `kontschieder2015deep' on page 12 undefined on input li
ne 614.


LaTeX Warning: Citation `lundberg2017shap' on page 12 undefined on input line 6
24.


LaTeX Warning: Citation `ribeiro2016lime' on page 12 undefined on input line 62
4.

[12]
Overfull \hbox (5.0pt too wide) in paragraph at lines 657--658
 [] 
 []


Underfull \hbox (badness 2653) in paragraph at lines 675--676
[]\TU/lmr/m/n/10 Liu, T. \TU/lmr/m/it/10 et al. \TU/lmr/m/n/10 BindingDB: a web
-accessible
 []

[13] [14

] (G:/Xiaogan_Supercomputing_data\SCX\paper\arxiv\scx_review\main.aux)
 ***********
LaTeX2e <2025-11-01>
L3 programming layer <2025-12-24>
 ***********


LaTeX Warning: There were undefined references.

Package rerunfilecheck Info: File `main.out' has not changed.
(rerunfilecheck)             Checksum: C0BD6D35010B19A142CB5FB091DCB044;10402.
 ) 
Here is how much of TeX's memory you used:
 14189 strings out of 402986
 224496 string characters out of 5448503
 707489 words of memory out of 5000000
 42723 multiletter control sequences out of 15000+600000
 637621 words of font info for 91 fonts, out of 8000000 for 9000
 1348 hyphenation exceptions out of 8191
 72i,9n,79p,1731b,463s stack positions out of 10000i,1000n,20000p,200000b,200000s

Output written on G:/Xiaogan_Supercomputing_data\SCX\paper\arxiv\scx_review\mai
n.pdf (14 pages).
