\BOOKMARK [1][-]{section.1}{\376\377\000E\000x\000t\000e\000n\000d\000e\000d\000\040\000E\000x\000p\000e\000r\000i\000m\000e\000n\000t\000a\000l\000\040\000R\000e\000s\000u\000l\000t\000s}{}% 1
\BOOKMARK [2][-]{subsection.1.1}{\376\377\000A\000l\000N\000\040\000M\000L\000I\000P\000:\000\040\000D\000e\000t\000a\000i\000l\000e\000d\000\040\000P\000e\000r\000-\000S\000t\000a\000t\000e\000\040\000P\000e\000r\000f\000o\000r\000m\000a\000n\000c\000e}{section.1}% 2
\BOOKMARK [2][-]{subsection.1.2}{\376\377\000C\000I\000F\000A\000R\000-\0001\0000\000:\000\040\000F\000u\000l\000l\000\040\000N\000o\000i\000s\000e\000\040\000R\000a\000t\000e\000\040\000S\000w\000e\000e\000p}{section.1}% 3
\BOOKMARK [2][-]{subsection.1.3}{\376\377\000D\000e\000r\000m\000a\000M\000N\000I\000S\000T\000:\000\040\000W\000e\000a\000k\000\040\000F\000e\000a\000t\000u\000r\000e\000\040\000R\000e\000g\000i\000m\000e}{section.1}% 4
\BOOKMARK [2][-]{subsection.1.4}{\376\377\000D\000r\000u\000g\000B\000a\000n\000k\000:\000\040\000T\000a\000b\000u\000l\000a\000r\000\040\000D\000o\000m\000a\000i\000n\000\040\000D\000e\000t\000a\000i\000l\000s}{section.1}% 5
\BOOKMARK [1][-]{section.2}{\376\377\000A\000b\000l\000a\000t\000i\000o\000n\000\040\000S\000t\000u\000d\000i\000e\000s}{}% 6
\BOOKMARK [2][-]{subsection.2.1}{\376\377\000V\000a\000r\000i\000a\000t\000i\000o\000n\000\040\000i\000n\000\040\000N\000u\000m\000b\000e\000r\000\040\000o\000f\000\040\000E\000x\000p\000e\000r\000t\000s\000\040\000M}{section.2}% 7
\BOOKMARK [2][-]{subsection.2.2}{\376\377\000V\000a\000r\000i\000a\000t\000i\000o\000n\000\040\000i\000n\000\040\000N\000u\000m\000b\000e\000r\000\040\000o\000f\000\040\000S\000t\000a\000t\000e\000s\000\040\000K\000S}{section.2}% 8
\BOOKMARK [1][-]{section.3}{\376\377\000C\000o\000m\000p\000a\000r\000i\000s\000o\000n\000\040\000w\000i\000t\000h\000\040\000A\000l\000t\000e\000r\000n\000a\000t\000i\000v\000e\000\040\000C\000l\000e\000a\000n\000i\000n\000g\000\040\000M\000e\000t\000h\000o\000d\000s}{}% 9
\BOOKMARK [2][-]{subsection.3.1}{\376\377\000M\000e\000t\000h\000o\000d\000s\000\040\000C\000o\000m\000p\000a\000r\000e\000d}{section.3}% 10
\BOOKMARK [2][-]{subsection.3.2}{\376\377\000M\000a\000i\000n\000\040\000C\000o\000m\000p\000a\000r\000i\000s\000o\000n}{section.3}% 11
\BOOKMARK [2][-]{subsection.3.3}{\376\377\000S\000C\000X\000\040\000A\000b\000l\000a\000t\000i\000o\000n\000:\000\040\000W\000i\000t\000h\000\040\000a\000n\000d\000\040\000W\000i\000t\000h\000o\000u\000t\000\040\000T\000w\000o\000-\000L\000a\000y\000e\000r\000\040\000D\000i\000s\000c\000o\000v\000e\000r\000y}{section.3}% 12
\BOOKMARK [1][-]{section.4}{\376\377\000I\000m\000p\000l\000e\000m\000e\000n\000t\000a\000t\000i\000o\000n\000\040\000D\000e\000t\000a\000i\000l\000s\000\040\000a\000n\000d\000\040\000H\000y\000p\000e\000r\000p\000a\000r\000a\000m\000e\000t\000e\000r\000s}{}% 13
\BOOKMARK [2][-]{subsection.4.1}{\376\377\000S\000o\000f\000t\000w\000a\000r\000e\000\040\000a\000n\000d\000\040\000H\000a\000r\000d\000w\000a\000r\000e}{section.4}% 14
\BOOKMARK [2][-]{subsection.4.2}{\376\377\000S\000C\000X\000\040\000H\000y\000p\000e\000r\000p\000a\000r\000a\000m\000e\000t\000e\000r\000s}{section.4}% 15
\BOOKMARK [2][-]{subsection.4.3}{\376\377\000E\000x\000p\000e\000r\000t\000\040\000T\000r\000a\000i\000n\000i\000n\000g\000\040\000P\000r\000o\000t\000o\000c\000o\000l\000s}{section.4}% 16
\BOOKMARK [2][-]{subsection.4.4}{\376\377\000N\000o\000i\000s\000e\000\040\000I\000n\000j\000e\000c\000t\000i\000o\000n\000\040\000P\000r\000o\000t\000o\000c\000o\000l}{section.4}% 17
\BOOKMARK [2][-]{subsection.4.5}{\376\377\000C\000o\000n\000s\000i\000s\000t\000e\000n\000c\000y\000\040\000S\000c\000o\000r\000e\000\040\000C\000a\000l\000i\000b\000r\000a\000t\000i\000o\000n}{section.4}% 18
\BOOKMARK [2][-]{subsection.4.6}{\376\377\000C\000o\000m\000p\000u\000t\000a\000t\000i\000o\000n\000a\000l\000\040\000C\000o\000s\000t\000\040\000S\000u\000m\000m\000a\000r\000y}{section.4}% 19
\BOOKMARK [2][-]{subsection.4.7}{\376\377\000D\000a\000t\000a\000\040\000a\000n\000d\000\040\000C\000o\000d\000e\000\040\000A\000v\000a\000i\000l\000a\000b\000i\000l\000i\000t\000y}{section.4}% 20
\BOOKMARK [2][-]{subsection.4.8}{\376\377\000C\000r\000o\000s\000s\000-\000R\000e\000f\000e\000r\000e\000n\000c\000e\000s\000\040\000t\000o\000\040\000C\000o\000m\000p\000a\000n\000i\000o\000n\000\040\000P\000a\000p\000e\000r\000s}{section.4}% 21
